{
    "97854af4-c469-11ec-a295-e45f01827912": {
        "activationId": "97854af4-c469-11ec-a295-e45f01827912",
        "message": "{\"message1\": \"hmmm 2022-04-25 07:30:55.765654495 +0000 UTC m=+20.128247889 development\"}",
        "client_info": {
            "elapsed_time": 23.188023805618286,
            "blocking": true
        }
    },
    "9780d852-c469-11ec-9168-e45f01827912": {
        "activationId": "9780d852-c469-11ec-9168-e45f01827912",
        "message": "{\"message1\": \"hmmm 2022-04-25 07:30:56.117012239 +0000 UTC m=+20.126815441 development\"}",
        "client_info": {
            "elapsed_time": 23.3281888961792,
            "blocking": true
        }
    },
    "978047f2-c469-11ec-a1e1-e45f01827912": {
        "activationId": "978047f2-c469-11ec-a1e1-e45f01827912",
        "message": "{\"message1\": \"hmmm 2022-04-25 07:30:56.015028239 +0000 UTC m=+20.133839041 development\"}",
        "client_info": {
            "elapsed_time": 23.361670970916748,
            "blocking": true
        }
    },
    "97863f36-c469-11ec-932b-e45f01827912": {
        "activationId": "97863f36-c469-11ec-932b-e45f01827912",
        "message": "{\"message1\": \"hmmm 2022-04-25 07:30:56.569786176 +0000 UTC m=+20.088616385 development\"}",
        "client_info": {
            "elapsed_time": 23.94763994216919,
            "blocking": true
        }
    },
    "9781714a-c469-11ec-b196-e45f01827912": {
        "activationId": "9781714a-c469-11ec-b196-e45f01827912",
        "message": "{\"message1\": \"hmmm 2022-04-25 07:30:55.997949983 +0000 UTC m=+20.100150577 development\"}",
        "client_info": {
            "elapsed_time": 23.26077699661255,
            "blocking": true
        }
    },
    "97896c7e-c469-11ec-ae5d-e45f01827912": {
        "activationId": "97896c7e-c469-11ec-ae5d-e45f01827912",
        "message": "{\"message1\": \"hmmm 2022-04-25 07:30:55.837979679 +0000 UTC m=+20.129638977 development\"}",
        "client_info": {
            "elapsed_time": 23.1894850730896,
            "blocking": true
        }
    },
    "client_info": {
        "start_time": "1650871833.2493088",
        "end_time": "1650871857.197821",
        "total_elapsed_time": "23.948512077331543"
    }
}