{
    "abd2ae34-c469-11ec-b65f-e45f01827912": {
        "activationId": "abd2ae34-c469-11ec-b65f-e45f01827912",
        "message": "{\"message1\": \"hmmm 2022-04-25 07:31:30.406803424 +0000 UTC m=+20.191891089 development\"}",
        "client_info": {
            "elapsed_time": 23.76618003845215,
            "blocking": true
        }
    },
    "abdd83cc-c469-11ec-bfeb-e45f01827912": {
        "activationId": "abdd83cc-c469-11ec-bfeb-e45f01827912",
        "message": "{\"message1\": \"hmmm 2022-04-25 07:31:30.222377744 +0000 UTC m=+20.107670673 development\"}",
        "client_info": {
            "elapsed_time": 23.758748054504395,
            "blocking": true
        }
    },
    "abd34eb6-c469-11ec-a620-e45f01827912": {
        "activationId": "abd34eb6-c469-11ec-a620-e45f01827912",
        "message": "{\"message1\": \"hmmm 2022-04-25 07:31:30.379947168 +0000 UTC m=+20.109758609 development\"}",
        "client_info": {
            "elapsed_time": 23.86092209815979,
            "blocking": true
        }
    },
    "abd87936-c469-11ec-9e03-e45f01827912": {
        "activationId": "abd87936-c469-11ec-9e03-e45f01827912",
        "message": "{\"message1\": \"hmmm 2022-04-25 07:31:30.222164239 +0000 UTC m=+20.184357937 development\"}",
        "client_info": {
            "elapsed_time": 23.68275475502014,
            "blocking": true
        }
    },
    "abde9c12-c469-11ec-a413-e45f01827912": {
        "activationId": "abde9c12-c469-11ec-a413-e45f01827912",
        "message": "{\"message1\": \"hmmm 2022-04-25 07:31:31.081985071 +0000 UTC m=+20.098851697 development\"}",
        "client_info": {
            "elapsed_time": 23.991420030593872,
            "blocking": true
        }
    },
    "abdb906c-c469-11ec-b355-e45f01827912": {
        "activationId": "abdb906c-c469-11ec-b355-e45f01827912",
        "message": "{\"message1\": \"hmmm 2022-04-25 07:31:29.930651231 +0000 UTC m=+20.124330833 development\"}",
        "client_info": {
            "elapsed_time": 23.33035111427307,
            "blocking": true
        }
    },
    "abd5b2aa-c469-11ec-a90f-e45f01827912": {
        "activationId": "abd5b2aa-c469-11ec-a90f-e45f01827912",
        "message": "{\"message1\": \"hmmm 2022-04-25 07:31:30.198786 +0000 UTC m=+20.215327873 development\"}",
        "client_info": {
            "elapsed_time": 23.67328405380249,
            "blocking": true
        }
    },
    "client_info": {
        "start_time": "1650871867.331872",
        "end_time": "1650871891.324366",
        "total_elapsed_time": "23.992494106292725"
    }
}