{
    "d4ce2282-c469-11ec-bfd1-e45f01827912": {
        "activationId": "d4ce2282-c469-11ec-bfd1-e45f01827912",
        "message": "{\"message1\": \"hmmm 2022-04-25 07:32:40.264967503 +0000 UTC m=+20.111996241 development\"}",
        "client_info": {
            "elapsed_time": 24.771703958511353,
            "blocking": true
        }
    },
    "d4be9146-c469-11ec-a49c-e45f01827912": {
        "activationId": "d4be9146-c469-11ec-a49c-e45f01827912",
        "message": "{\"message1\": \"hmmm 2022-04-25 07:32:39.14665816 +0000 UTC m=+20.438864609 development\"}",
        "client_info": {
            "elapsed_time": 23.542888879776,
            "blocking": true
        }
    },
    "d4cad794-c469-11ec-b4de-e45f01827912": {
        "activationId": "d4cad794-c469-11ec-b4de-e45f01827912",
        "message": "{\"message1\": \"hmmm 2022-04-25 07:32:40.258484191 +0000 UTC m=+20.109973745 development\"}",
        "client_info": {
            "elapsed_time": 24.62661576271057,
            "blocking": true
        }
    },
    "d4c13964-c469-11ec-b255-e45f01827912": {
        "activationId": "d4c13964-c469-11ec-b255-e45f01827912",
        "message": "{\"message1\": \"hmmm 2022-04-25 07:32:39.779070144 +0000 UTC m=+20.114360817 development\"}",
        "client_info": {
            "elapsed_time": 24.379961013793945,
            "blocking": true
        }
    },
    "d4c355c8-c469-11ec-9138-e45f01827912": {
        "activationId": "d4c355c8-c469-11ec-9138-e45f01827912",
        "message": "{\"message1\": \"hmmm 2022-04-25 07:32:40.1385508 +0000 UTC m=+20.134613377 development\"}",
        "client_info": {
            "elapsed_time": 24.58337712287903,
            "blocking": true
        }
    },
    "d4cb7136-c469-11ec-a30c-e45f01827912": {
        "activationId": "d4cb7136-c469-11ec-a30c-e45f01827912",
        "message": "{\"message1\": \"hmmm 2022-04-25 07:32:39.987754255 +0000 UTC m=+20.107461089 development\"}",
        "client_info": {
            "elapsed_time": 24.36080312728882,
            "blocking": true
        }
    },
    "d4b74e5e-c469-11ec-9b7b-e45f01827912": {
        "activationId": "d4b74e5e-c469-11ec-9b7b-e45f01827912",
        "message": "{\"message1\": \"hmmm 2022-04-25 07:32:38.75737928 +0000 UTC m=+20.169457217 development\"}",
        "client_info": {
            "elapsed_time": 23.0374698638916,
            "blocking": true
        }
    },
    "d4bbf2f6-c469-11ec-b728-e45f01827912": {
        "activationId": "d4bbf2f6-c469-11ec-b728-e45f01827912",
        "message": "{\"message1\": \"hmmm 2022-04-25 07:32:40.207561968 +0000 UTC m=+20.106538209 development\"}",
        "client_info": {
            "elapsed_time": 24.700743913650513,
            "blocking": true
        }
    },
    "d4b80808-c469-11ec-aeaf-e45f01827912": {
        "activationId": "d4b80808-c469-11ec-aeaf-e45f01827912",
        "message": "{\"message1\": \"hmmm 2022-04-25 07:32:38.9949636 +0000 UTC m=+20.335846305 development\"}",
        "client_info": {
            "elapsed_time": 23.37100076675415,
            "blocking": true
        }
    },
    "client_info": {
        "start_time": "1650871935.884971",
        "end_time": "1650871960.657058",
        "total_elapsed_time": "24.77208709716797"
    }
}