{
    "55f30f58-c46a-11ec-a3c1-e45f01827912": {
        "activationId": "55f30f58-c46a-11ec-a3c1-e45f01827912",
        "message": "{\"message1\": \"hmmm 2022-04-25 07:36:16.767293344 +0000 UTC m=+20.107412577 development\"}",
        "client_info": {
            "elapsed_time": 25.038957834243774,
            "blocking": true
        }
    },
    "55fca586-c46a-11ec-9a9a-e45f01827912": {
        "activationId": "55fca586-c46a-11ec-9a9a-e45f01827912",
        "message": "{\"message1\": \"hmmm 2022-04-25 07:36:15.65701168 +0000 UTC m=+20.103963169 development\"}",
        "client_info": {
            "elapsed_time": 23.09482216835022,
            "blocking": true
        }
    },
    "55ee8bf4-c46a-11ec-a937-e45f01827912": {
        "activationId": "55ee8bf4-c46a-11ec-a937-e45f01827912",
        "message": "{\"message1\": \"hmmm 2022-04-25 07:36:15.677195952 +0000 UTC m=+20.108930353 development\"}",
        "client_info": {
            "elapsed_time": 23.09410786628723,
            "blocking": true
        }
    },
    "55ef1d30-c46a-11ec-8f88-e45f01827912": {
        "activationId": "55ef1d30-c46a-11ec-8f88-e45f01827912",
        "message": "{\"message1\": \"hmmm 2022-04-25 07:36:15.578995183 +0000 UTC m=+20.081238865 development\"}",
        "client_info": {
            "elapsed_time": 23.602946996688843,
            "blocking": true
        }
    },
    "55fb69c8-c46a-11ec-9d8c-e45f01827912": {
        "activationId": "55fb69c8-c46a-11ec-9d8c-e45f01827912",
        "message": "{\"message1\": \"hmmm 2022-04-25 07:36:17.6273884 +0000 UTC m=+20.088210065 development\"}",
        "client_info": {
            "elapsed_time": 25.90727686882019,
            "blocking": true
        }
    },
    "55f5052e-c46a-11ec-8dac-e45f01827912": {
        "activationId": "55f5052e-c46a-11ec-8dac-e45f01827912",
        "message": "{\"message1\": \"hmmm 2022-04-25 07:36:16.803311903 +0000 UTC m=+20.107339521 development\"}",
        "client_info": {
            "elapsed_time": 24.99268388748169,
            "blocking": true
        }
    },
    "560abe14-c46a-11ec-97b7-e45f01827912": {
        "activationId": "560abe14-c46a-11ec-97b7-e45f01827912",
        "message": "{\"message1\": \"hmmm 2022-04-25 07:36:18.64426768 +0000 UTC m=+20.087679745 development\"}",
        "client_info": {
            "elapsed_time": 26.833750009536743,
            "blocking": true
        }
    },
    "560867fe-c46a-11ec-8df4-e45f01827912": {
        "activationId": "560867fe-c46a-11ec-8df4-e45f01827912",
        "message": "{\"message1\": \"hmmm 2022-04-25 07:36:20.853878991 +0000 UTC m=+20.113024161 development\"}",
        "client_info": {
            "elapsed_time": 28.980350971221924,
            "blocking": true
        }
    },
    "55f44166-c46a-11ec-a066-e45f01827912": {
        "activationId": "55f44166-c46a-11ec-a066-e45f01827912",
        "message": "{\"message1\": \"hmmm 2022-04-25 07:36:16.745147167 +0000 UTC m=+20.107396785 development\"}",
        "client_info": {
            "elapsed_time": 25.016077995300293,
            "blocking": true
        }
    },
    "56051a18-c46a-11ec-b577-e45f01827912": {
        "activationId": "56051a18-c46a-11ec-b577-e45f01827912",
        "message": "{\"message1\": \"hmmm 2022-04-25 07:36:16.762384607 +0000 UTC m=+20.099404817 development\"}",
        "client_info": {
            "elapsed_time": 24.992114782333374,
            "blocking": true
        }
    },
    "5600de3a-c46a-11ec-a87d-e45f01827912": {
        "activationId": "5600de3a-c46a-11ec-a87d-e45f01827912",
        "message": "{\"message1\": \"hmmm 2022-04-25 07:36:20.791879455 +0000 UTC m=+20.099464065 development\"}",
        "client_info": {
            "elapsed_time": 29.03437089920044,
            "blocking": true
        }
    },
    "56054010-c46a-11ec-93c5-e45f01827912": {
        "activationId": "56054010-c46a-11ec-93c5-e45f01827912",
        "message": "{\"message1\": \"hmmm 2022-04-25 07:36:17.63815848 +0000 UTC m=+20.090582913 development\"}",
        "client_info": {
            "elapsed_time": 25.92558789253235,
            "blocking": true
        }
    },
    "56003ff2-c46a-11ec-8e60-e45f01827912": {
        "activationId": "56003ff2-c46a-11ec-8e60-e45f01827912",
        "message": "{\"message1\": \"hmmm 2022-04-25 07:36:20.773146015 +0000 UTC m=+20.134370945 development\"}",
        "client_info": {
            "elapsed_time": 28.921369075775146,
            "blocking": true
        }
    },
    "56100a7c-c46a-11ec-8d48-e45f01827912": {
        "activationId": "56100a7c-c46a-11ec-8d48-e45f01827912",
        "message": "{\"message1\": \"hmmm 2022-04-25 07:36:18.633931519 +0000 UTC m=+20.089977665 development\"}",
        "client_info": {
            "elapsed_time": 26.832324028015137,
            "blocking": true
        }
    },
    "560b6b0c-c46a-11ec-8a83-e45f01827912": {
        "activationId": "560b6b0c-c46a-11ec-8a83-e45f01827912",
        "message": "{\"message1\": \"hmmm 2022-04-25 07:36:20.770254288 +0000 UTC m=+20.098938161 development\"}",
        "client_info": {
            "elapsed_time": 28.970545053482056,
            "blocking": true
        }
    },
    "client_info": {
        "start_time": "1650872152.7169752",
        "end_time": "1650872181.752893",
        "total_elapsed_time": "29.03591775894165"
    }
}