{
    "f9c8e44ea8f046ac88e44ea8f056ac90": {
        "message": "Hello  My  Nice World Sleep For long time",
        "raw": "{'activationId': 'f9c8e44ea8f046ac88e44ea8f056ac90', 'annotations': [{'key': 'path', 'value': 'guest/helloworld'}, {'key': 'waitTime', 'value': 5291}, {'key': 'kind', 'value': 'blackbox'}, {'key': 'limits', 'value': {'concurrency': 1, 'logs': 10, 'memory': 128, 'timeout': 60000}}, {'key': 'initTime', 'value': 425}], 'duration': 20477, 'end': 1650870182934, 'logs': [], 'name': 'helloworld', 'namespace': 'guest', 'publish': False, 'response': {'result': {'message': 'Hello  My  Nice World Sleep For long time'}, 'status': 'success', 'success': True}, 'start': 1650870162457, 'subject': 'guest', 'version': '0.0.1'}",
        "activationId": "f9c8e44ea8f046ac88e44ea8f056ac90",
        "client_info": {
            "elapsed_time": 25.966265201568604,
            "blocking": true
        }
    },
    "bb216e310b8842f4a16e310b8812f4e0": {
        "message": "Hello  My  Nice World Sleep For long time",
        "raw": "{'activationId': 'bb216e310b8842f4a16e310b8812f4e0', 'annotations': [{'key': 'path', 'value': 'guest/helloworld'}, {'key': 'waitTime', 'value': 5176}, {'key': 'kind', 'value': 'blackbox'}, {'key': 'limits', 'value': {'concurrency': 1, 'logs': 10, 'memory': 128, 'timeout': 60000}}, {'key': 'initTime', 'value': 371}], 'duration': 20431, 'end': 1650870182789, 'logs': [], 'name': 'helloworld', 'namespace': 'guest', 'publish': False, 'response': {'result': {'message': 'Hello  My  Nice World Sleep For long time'}, 'status': 'success', 'success': True}, 'start': 1650870162358, 'subject': 'guest', 'version': '0.0.1'}",
        "activationId": "bb216e310b8842f4a16e310b8812f4e0",
        "client_info": {
            "elapsed_time": 25.82478904724121,
            "blocking": true
        }
    },
    "a907982c21ce478587982c21ce27859c": {
        "message": "Hello  My  Nice World Sleep For long time",
        "raw": "{'activationId': 'a907982c21ce478587982c21ce27859c', 'annotations': [{'key': 'path', 'value': 'guest/helloworld'}, {'key': 'waitTime', 'value': 4742}, {'key': 'kind', 'value': 'blackbox'}, {'key': 'limits', 'value': {'concurrency': 1, 'logs': 10, 'memory': 128, 'timeout': 60000}}, {'key': 'initTime', 'value': 757}], 'duration': 20793, 'end': 1650870182743, 'logs': [], 'name': 'helloworld', 'namespace': 'guest', 'publish': False, 'response': {'result': {'message': 'Hello  My  Nice World Sleep For long time'}, 'status': 'success', 'success': True}, 'start': 1650870161950, 'subject': 'guest', 'version': '0.0.1'}",
        "activationId": "a907982c21ce478587982c21ce27859c",
        "client_info": {
            "elapsed_time": 25.787888288497925,
            "blocking": true
        }
    },
    "35fca4e464a440debca4e464a480de27": {
        "message": "Hello  My  Nice World Sleep For long time",
        "raw": "{'activationId': '35fca4e464a440debca4e464a480de27', 'annotations': [{'key': 'path', 'value': 'guest/helloworld'}, {'key': 'waitTime', 'value': 5244}, {'key': 'kind', 'value': 'blackbox'}, {'key': 'limits', 'value': {'concurrency': 1, 'logs': 10, 'memory': 128, 'timeout': 60000}}, {'key': 'initTime', 'value': 402}], 'duration': 20438, 'end': 1650870182971, 'logs': [], 'name': 'helloworld', 'namespace': 'guest', 'publish': False, 'response': {'result': {'message': 'Hello  My  Nice World Sleep For long time'}, 'status': 'success', 'success': True}, 'start': 1650870162533, 'subject': 'guest', 'version': '0.0.1'}",
        "activationId": "35fca4e464a440debca4e464a480de27",
        "client_info": {
            "elapsed_time": 25.994535207748413,
            "blocking": true
        }
    },
    "a9825506048047a38255060480b7a310": {
        "message": "Hello  My  Nice World Sleep For long time",
        "raw": "{'activationId': 'a9825506048047a38255060480b7a310', 'annotations': [{'key': 'path', 'value': 'guest/helloworld'}, {'key': 'waitTime', 'value': 4972}, {'key': 'kind', 'value': 'blackbox'}, {'key': 'limits', 'value': {'concurrency': 1, 'logs': 10, 'memory': 128, 'timeout': 60000}}, {'key': 'initTime', 'value': 547}], 'duration': 20574, 'end': 1650870182744, 'logs': [], 'name': 'helloworld', 'namespace': 'guest', 'publish': False, 'response': {'result': {'message': 'Hello  My  Nice World Sleep For long time'}, 'status': 'success', 'success': True}, 'start': 1650870162170, 'subject': 'guest', 'version': '0.0.1'}",
        "activationId": "a9825506048047a38255060480b7a310",
        "client_info": {
            "elapsed_time": 25.789154052734375,
            "blocking": true
        }
    },
    "1a60c4715bfb48d5a0c4715bfb68d5c3": {
        "message": "Hello  My  Nice World Sleep For long time",
        "raw": "{'activationId': '1a60c4715bfb48d5a0c4715bfb68d5c3', 'annotations': [{'key': 'path', 'value': 'guest/helloworld'}, {'key': 'waitTime', 'value': 5562}, {'key': 'kind', 'value': 'blackbox'}, {'key': 'limits', 'value': {'concurrency': 1, 'logs': 10, 'memory': 128, 'timeout': 60000}}, {'key': 'initTime', 'value': 266}], 'duration': 20311, 'end': 1650870183076, 'logs': [], 'name': 'helloworld', 'namespace': 'guest', 'publish': False, 'response': {'result': {'message': 'Hello  My  Nice World Sleep For long time'}, 'status': 'success', 'success': True}, 'start': 1650870162765, 'subject': 'guest', 'version': '0.0.1'}",
        "activationId": "1a60c4715bfb48d5a0c4715bfb68d5c3",
        "client_info": {
            "elapsed_time": 26.135428190231323,
            "blocking": true
        }
    },
    "03ba05e03018441eba05e03018441ee3": {
        "message": "Hello  My  Nice World Sleep For long time",
        "raw": "{'activationId': '03ba05e03018441eba05e03018441ee3', 'annotations': [{'key': 'path', 'value': 'guest/helloworld'}, {'key': 'waitTime', 'value': 5620}, {'key': 'kind', 'value': 'blackbox'}, {'key': 'limits', 'value': {'concurrency': 1, 'logs': 10, 'memory': 128, 'timeout': 60000}}, {'key': 'initTime', 'value': 209}], 'duration': 20257, 'end': 1650870183088, 'logs': [], 'name': 'helloworld', 'namespace': 'guest', 'publish': False, 'response': {'result': {'message': 'Hello  My  Nice World Sleep For long time'}, 'status': 'success', 'success': True}, 'start': 1650870162831, 'subject': 'guest', 'version': '0.0.1'}",
        "activationId": "03ba05e03018441eba05e03018441ee3",
        "client_info": {
            "elapsed_time": 26.117429971694946,
            "blocking": true
        }
    },
    "client_info": {
        "start_time": "1650870156.874107",
        "end_time": "1650870183.013833",
        "total_elapsed_time": "26.139726161956787"
    }
}