{
    "8adb0b066ba24d7d9b0b066ba26d7d02": {
        "message": "Hello  My  Nice World Sleep For long time",
        "raw": "{'activationId': '8adb0b066ba24d7d9b0b066ba26d7d02', 'annotations': [{'key': 'limits', 'value': {'concurrency': 1, 'logs': 10, 'memory': 128, 'timeout': 60000}}, {'key': 'path', 'value': 'guest/helloworld'}, {'key': 'kind', 'value': 'blackbox'}, {'key': 'waitTime', 'value': 28071}], 'duration': 20052, 'end': 1650870683300, 'logs': [], 'name': 'helloworld', 'namespace': 'guest', 'publish': False, 'response': {'result': {'message': 'Hello  My  Nice World Sleep For long time'}, 'status': 'success', 'success': True}, 'start': 1650870663248, 'subject': 'guest', 'version': '0.0.1'}",
        "activationId": "8adb0b066ba24d7d9b0b066ba26d7d02",
        "client_info": {
            "elapsed_time": 48.531652212142944,
            "blocking": true
        }
    },
    "0a201d4a109a4404a01d4a109a840414": {
        "message": "Hello  My  Nice World Sleep For long time",
        "raw": "{'activationId': '0a201d4a109a4404a01d4a109a840414', 'annotations': [{'key': 'limits', 'value': {'concurrency': 1, 'logs': 10, 'memory': 128, 'timeout': 60000}}, {'key': 'path', 'value': 'guest/helloworld'}, {'key': 'kind', 'value': 'blackbox'}, {'key': 'waitTime', 'value': 28130}], 'duration': 20053, 'end': 1650870683364, 'logs': [], 'name': 'helloworld', 'namespace': 'guest', 'publish': False, 'response': {'result': {'message': 'Hello  My  Nice World Sleep For long time'}, 'status': 'success', 'success': True}, 'start': 1650870663311, 'subject': 'guest', 'version': '0.0.1'}",
        "activationId": "0a201d4a109a4404a01d4a109a840414",
        "client_info": {
            "elapsed_time": 48.532657861709595,
            "blocking": true
        }
    },
    "4d3e5726829647debe5726829627ded9": {
        "message": "Hello  My  Nice World Sleep For long time",
        "raw": "{'activationId': '4d3e5726829647debe5726829627ded9', 'annotations': [{'key': 'path', 'value': 'guest/helloworld'}, {'key': 'waitTime', 'value': 7806}, {'key': 'kind', 'value': 'blackbox'}, {'key': 'limits', 'value': {'concurrency': 1, 'logs': 10, 'memory': 128, 'timeout': 60000}}, {'key': 'initTime', 'value': 372}], 'duration': 20421, 'end': 1650870663398, 'logs': [], 'name': 'helloworld', 'namespace': 'guest', 'publish': False, 'response': {'result': {'message': 'Hello  My  Nice World Sleep For long time'}, 'status': 'success', 'success': True}, 'start': 1650870642977, 'subject': 'guest', 'version': '0.0.1'}",
        "activationId": "4d3e5726829647debe5726829627ded9",
        "client_info": {
            "elapsed_time": 28.54102611541748,
            "blocking": true
        }
    },
    "12163d9814ed4243963d9814edc24360": {
        "message": "Hello  My  Nice World Sleep For long time",
        "raw": "{'activationId': '12163d9814ed4243963d9814edc24360', 'annotations': [{'key': 'limits', 'value': {'concurrency': 1, 'logs': 10, 'memory': 128, 'timeout': 60000}}, {'key': 'path', 'value': 'guest/helloworld'}, {'key': 'kind', 'value': 'blackbox'}, {'key': 'waitTime', 'value': 27835}], 'duration': 20033, 'end': 1650870683048, 'logs': [], 'name': 'helloworld', 'namespace': 'guest', 'publish': False, 'response': {'result': {'message': 'Hello  My  Nice World Sleep For long time'}, 'status': 'success', 'success': True}, 'start': 1650870663015, 'subject': 'guest', 'version': '0.0.1'}",
        "activationId": "12163d9814ed4243963d9814edc24360",
        "client_info": {
            "elapsed_time": 48.18393802642822,
            "blocking": true
        }
    },
    "c5b6b8618a35470fb6b8618a35270f95": {
        "message": "Hello  My  Nice World Sleep For long time",
        "raw": "{'activationId': 'c5b6b8618a35470fb6b8618a35270f95', 'annotations': [{'key': 'limits', 'value': {'concurrency': 1, 'logs': 10, 'memory': 128, 'timeout': 60000}}, {'key': 'path', 'value': 'guest/helloworld'}, {'key': 'kind', 'value': 'blackbox'}, {'key': 'waitTime', 'value': 28255}], 'duration': 20108, 'end': 1650870683531, 'logs': [], 'name': 'helloworld', 'namespace': 'guest', 'publish': False, 'response': {'result': {'message': 'Hello  My  Nice World Sleep For long time'}, 'status': 'success', 'success': True}, 'start': 1650870663423, 'subject': 'guest', 'version': '0.0.1'}",
        "activationId": "c5b6b8618a35470fb6b8618a35270f95",
        "client_info": {
            "elapsed_time": 48.74089598655701,
            "blocking": true
        }
    },
    "8c2972b3c29d4cbba972b3c29d3cbb89": {
        "message": "Hello  My  Nice World Sleep For long time",
        "raw": "{'activationId': '8c2972b3c29d4cbba972b3c29d3cbb89', 'annotations': [{'key': 'path', 'value': 'guest/helloworld'}, {'key': 'waitTime', 'value': 7300}, {'key': 'kind', 'value': 'blackbox'}, {'key': 'limits', 'value': {'concurrency': 1, 'logs': 10, 'memory': 128, 'timeout': 60000}}, {'key': 'initTime', 'value': 696}], 'duration': 20736, 'end': 1650870663221, 'logs': [], 'name': 'helloworld', 'namespace': 'guest', 'publish': False, 'response': {'result': {'message': 'Hello  My  Nice World Sleep For long time'}, 'status': 'success', 'success': True}, 'start': 1650870642485, 'subject': 'guest', 'version': '0.0.1'}",
        "activationId": "8c2972b3c29d4cbba972b3c29d3cbb89",
        "client_info": {
            "elapsed_time": 28.35253667831421,
            "blocking": true
        }
    },
    "fe026d36932046a8826d36932096a8ec": {
        "message": "Hello  My  Nice World Sleep For long time",
        "raw": "{'activationId': 'fe026d36932046a8826d36932096a8ec', 'annotations': [{'key': 'limits', 'value': {'concurrency': 1, 'logs': 10, 'memory': 128, 'timeout': 60000}}, {'key': 'path', 'value': 'guest/helloworld'}, {'key': 'kind', 'value': 'blackbox'}, {'key': 'waitTime', 'value': 27694}], 'duration': 20027, 'end': 1650870682898, 'logs': [], 'name': 'helloworld', 'namespace': 'guest', 'publish': False, 'response': {'result': {'message': 'Hello  My  Nice World Sleep For long time'}, 'status': 'success', 'success': True}, 'start': 1650870662871, 'subject': 'guest', 'version': '0.0.1'}",
        "activationId": "fe026d36932046a8826d36932096a8ec",
        "client_info": {
            "elapsed_time": 48.11713790893555,
            "blocking": true
        }
    },
    "4e830fb061dd43b8830fb061dde3b8e6": {
        "message": "Hello  My  Nice World Sleep For long time",
        "raw": "{'activationId': '4e830fb061dd43b8830fb061dde3b8e6', 'annotations': [{'key': 'path', 'value': 'guest/helloworld'}, {'key': 'waitTime', 'value': 6571}, {'key': 'kind', 'value': 'blackbox'}, {'key': 'limits', 'value': {'concurrency': 1, 'logs': 10, 'memory': 128, 'timeout': 60000}}, {'key': 'initTime', 'value': 1012}], 'duration': 21059, 'end': 1650870662833, 'logs': [], 'name': 'helloworld', 'namespace': 'guest', 'publish': False, 'response': {'result': {'message': 'Hello  My  Nice World Sleep For long time'}, 'status': 'success', 'success': True}, 'start': 1650870641774, 'subject': 'guest', 'version': '0.0.1'}",
        "activationId": "4e830fb061dd43b8830fb061dde3b8e6",
        "client_info": {
            "elapsed_time": 27.969259023666382,
            "blocking": true
        }
    },
    "3f6140c722424ca0a140c72242cca015": {
        "message": "Hello  My  Nice World Sleep For long time",
        "raw": "{'activationId': '3f6140c722424ca0a140c72242cca015', 'annotations': [{'key': 'path', 'value': 'guest/helloworld'}, {'key': 'waitTime', 'value': 7247}, {'key': 'kind', 'value': 'blackbox'}, {'key': 'limits', 'value': {'concurrency': 1, 'logs': 10, 'memory': 128, 'timeout': 60000}}, {'key': 'initTime', 'value': 850}], 'duration': 20883, 'end': 1650870663313, 'logs': [], 'name': 'helloworld', 'namespace': 'guest', 'publish': False, 'response': {'result': {'message': 'Hello  My  Nice World Sleep For long time'}, 'status': 'success', 'success': True}, 'start': 1650870642430, 'subject': 'guest', 'version': '0.0.1'}",
        "activationId": "3f6140c722424ca0a140c72242cca015",
        "client_info": {
            "elapsed_time": 28.445762157440186,
            "blocking": true
        }
    },
    "e27ba2e7ecc44ccbbba2e7ecc48ccb3f": {
        "message": "Hello  My  Nice World Sleep For long time",
        "raw": "{'activationId': 'e27ba2e7ecc44ccbbba2e7ecc48ccb3f', 'annotations': [{'key': 'path', 'value': 'guest/helloworld'}, {'key': 'waitTime', 'value': 7507}, {'key': 'kind', 'value': 'blackbox'}, {'key': 'limits', 'value': {'concurrency': 1, 'logs': 10, 'memory': 128, 'timeout': 60000}}, {'key': 'initTime', 'value': 515}], 'duration': 20556, 'end': 1650870663290, 'logs': [], 'name': 'helloworld', 'namespace': 'guest', 'publish': False, 'response': {'result': {'message': 'Hello  My  Nice World Sleep For long time'}, 'status': 'success', 'success': True}, 'start': 1650870642734, 'subject': 'guest', 'version': '0.0.1'}",
        "activationId": "e27ba2e7ecc44ccbbba2e7ecc48ccb3f",
        "client_info": {
            "elapsed_time": 28.412253379821777,
            "blocking": true
        }
    },
    "b5bd597414ae46eebd597414aea6eefa": {
        "message": "Hello  My  Nice World Sleep For long time",
        "raw": "{'activationId': 'b5bd597414ae46eebd597414aea6eefa', 'annotations': [{'key': 'limits', 'value': {'concurrency': 1, 'logs': 10, 'memory': 128, 'timeout': 60000}}, {'key': 'path', 'value': 'guest/helloworld'}, {'key': 'kind', 'value': 'blackbox'}, {'key': 'waitTime', 'value': 27793}], 'duration': 20027, 'end': 1650870683014, 'logs': [], 'name': 'helloworld', 'namespace': 'guest', 'publish': False, 'response': {'result': {'message': 'Hello  My  Nice World Sleep For long time'}, 'status': 'success', 'success': True}, 'start': 1650870662987, 'subject': 'guest', 'version': '0.0.1'}",
        "activationId": "b5bd597414ae46eebd597414aea6eefa",
        "client_info": {
            "elapsed_time": 48.13513803482056,
            "blocking": true
        }
    },
    "f9d46a2c4f7f4d72946a2c4f7fad72ae": {
        "message": "Hello  My  Nice World Sleep For long time",
        "raw": "{'activationId': 'f9d46a2c4f7f4d72946a2c4f7fad72ae', 'annotations': [{'key': 'path', 'value': 'guest/helloworld'}, {'key': 'waitTime', 'value': 6735}, {'key': 'kind', 'value': 'blackbox'}, {'key': 'limits', 'value': {'concurrency': 1, 'logs': 10, 'memory': 128, 'timeout': 60000}}, {'key': 'initTime', 'value': 999}], 'duration': 21030, 'end': 1650870662959, 'logs': [], 'name': 'helloworld', 'namespace': 'guest', 'publish': False, 'response': {'result': {'message': 'Hello  My  Nice World Sleep For long time'}, 'status': 'success', 'success': True}, 'start': 1650870641929, 'subject': 'guest', 'version': '0.0.1'}",
        "activationId": "f9d46a2c4f7f4d72946a2c4f7fad72ae",
        "client_info": {
            "elapsed_time": 28.081955909729004,
            "blocking": true
        }
    },
    "e0c5a6e50f0c4be985a6e50f0c5be974": {
        "message": "Hello  My  Nice World Sleep For long time",
        "raw": "{'activationId': 'e0c5a6e50f0c4be985a6e50f0c5be974', 'annotations': [{'key': 'limits', 'value': {'concurrency': 1, 'logs': 10, 'memory': 128, 'timeout': 60000}}, {'key': 'path', 'value': 'guest/helloworld'}, {'key': 'kind', 'value': 'blackbox'}, {'key': 'waitTime', 'value': 28145}], 'duration': 20033, 'end': 1650870683385, 'logs': [], 'name': 'helloworld', 'namespace': 'guest', 'publish': False, 'response': {'result': {'message': 'Hello  My  Nice World Sleep For long time'}, 'status': 'success', 'success': True}, 'start': 1650870663352, 'subject': 'guest', 'version': '0.0.1'}",
        "activationId": "e0c5a6e50f0c4be985a6e50f0c5be974",
        "client_info": {
            "elapsed_time": 48.530149936676025,
            "blocking": true
        }
    },
    "8be7144b59be4c34a7144b59be6c3466": {
        "message": "Hello  My  Nice World Sleep For long time",
        "raw": "{'activationId': '8be7144b59be4c34a7144b59be6c3466', 'annotations': [{'key': 'path', 'value': 'guest/helloworld'}, {'key': 'waitTime', 'value': 7583}, {'key': 'kind', 'value': 'blackbox'}, {'key': 'limits', 'value': {'concurrency': 1, 'logs': 10, 'memory': 128, 'timeout': 60000}}, {'key': 'initTime', 'value': 504}], 'duration': 20580, 'end': 1650870663375, 'logs': [], 'name': 'helloworld', 'namespace': 'guest', 'publish': False, 'response': {'result': {'message': 'Hello  My  Nice World Sleep For long time'}, 'status': 'success', 'success': True}, 'start': 1650870642795, 'subject': 'guest', 'version': '0.0.1'}",
        "activationId": "8be7144b59be4c34a7144b59be6c3466",
        "client_info": {
            "elapsed_time": 28.497451066970825,
            "blocking": true
        }
    },
    "828d9f7b46fa4c018d9f7b46faec0136": {
        "message": "Hello  My  Nice World Sleep For long time",
        "raw": "{'activationId': '828d9f7b46fa4c018d9f7b46faec0136', 'annotations': [{'key': 'path', 'value': 'guest/helloworld'}, {'key': 'waitTime', 'value': 7020}, {'key': 'kind', 'value': 'blackbox'}, {'key': 'limits', 'value': {'concurrency': 1, 'logs': 10, 'memory': 128, 'timeout': 60000}}, {'key': 'initTime', 'value': 687}], 'duration': 20731, 'end': 1650870662963, 'logs': [], 'name': 'helloworld', 'namespace': 'guest', 'publish': False, 'response': {'result': {'message': 'Hello  My  Nice World Sleep For long time'}, 'status': 'success', 'success': True}, 'start': 1650870642232, 'subject': 'guest', 'version': '0.0.1'}",
        "activationId": "828d9f7b46fa4c018d9f7b46faec0136",
        "client_info": {
            "elapsed_time": 28.078893184661865,
            "blocking": true
        }
    },
    "bd3e3e37000a4de7be3e37000aade78f": {
        "message": "Hello  My  Nice World Sleep For long time",
        "raw": "{'activationId': 'bd3e3e37000a4de7be3e37000aade78f', 'annotations': [{'key': 'limits', 'value': {'concurrency': 1, 'logs': 10, 'memory': 128, 'timeout': 60000}}, {'key': 'path', 'value': 'guest/helloworld'}, {'key': 'kind', 'value': 'blackbox'}, {'key': 'waitTime', 'value': 28088}], 'duration': 20184, 'end': 1650870683625, 'logs': [], 'name': 'helloworld', 'namespace': 'guest', 'publish': False, 'response': {'result': {'message': 'Hello  My  Nice World Sleep For long time'}, 'status': 'success', 'success': True}, 'start': 1650870663441, 'subject': 'guest', 'version': '0.0.1'}",
        "activationId": "bd3e3e37000a4de7be3e37000aade78f",
        "client_info": {
            "elapsed_time": 48.74432992935181,
            "blocking": true
        }
    },
    "client_info": {
        "start_time": "1650870634.7249432",
        "end_time": "1650870683.500531",
        "total_elapsed_time": "48.77558779716492"
    }
}