{
    "291005b8-c46a-11ec-8284-e45f01827912": {
        "activationId": "291005b8-c46a-11ec-8284-e45f01827912",
        "message": "{\"message1\": \"hmmm 2022-04-25 07:35:02.681562384 +0000 UTC m=+20.103494001 development\"}",
        "client_info": {
            "elapsed_time": 26.135842084884644,
            "blocking": true
        }
    },
    "2916745c-c46a-11ec-9c65-e45f01827912": {
        "activationId": "2916745c-c46a-11ec-9c65-e45f01827912",
        "message": "{\"message1\": \"hmmm 2022-04-25 07:35:02.442427807 +0000 UTC m=+20.102599697 development\"}",
        "client_info": {
            "elapsed_time": 26.078123807907104,
            "blocking": true
        }
    },
    "291791de-c46a-11ec-8b6c-e45f01827912": {
        "activationId": "291791de-c46a-11ec-8b6c-e45f01827912",
        "message": "{\"message1\": \"hmmm 2022-04-25 07:35:01.22039904 +0000 UTC m=+20.392409617 development\"}",
        "client_info": {
            "elapsed_time": 24.127282857894897,
            "blocking": true
        }
    },
    "291dd454-c46a-11ec-84fb-e45f01827912": {
        "activationId": "291dd454-c46a-11ec-84fb-e45f01827912",
        "message": "{\"message1\": \"hmmm 2022-04-25 07:35:01.042294976 +0000 UTC m=+20.187596881 development\"}",
        "client_info": {
            "elapsed_time": 23.698391914367676,
            "blocking": true
        }
    },
    "29110206-c46a-11ec-8ecb-e45f01827912": {
        "activationId": "29110206-c46a-11ec-8ecb-e45f01827912",
        "message": "{\"message1\": \"hmmm 2022-04-25 07:35:00.94966008 +0000 UTC m=+20.124364017 development\"}",
        "client_info": {
            "elapsed_time": 23.647916078567505,
            "blocking": true
        }
    },
    "291ae99c-c46a-11ec-8679-e45f01827912": {
        "activationId": "291ae99c-c46a-11ec-8679-e45f01827912",
        "message": "{\"message1\": \"hmmm 2022-04-25 07:35:02.808122911 +0000 UTC m=+20.111916673 development\"}",
        "client_info": {
            "elapsed_time": 25.460115909576416,
            "blocking": true
        }
    },
    "29108b3c-c46a-11ec-ab07-e45f01827912": {
        "activationId": "29108b3c-c46a-11ec-ab07-e45f01827912",
        "message": "{\"message1\": \"hmmm 2022-04-25 07:35:01.051215856 +0000 UTC m=+20.125375489 development\"}",
        "client_info": {
            "elapsed_time": 23.72747778892517,
            "blocking": true
        }
    },
    "2921d6c6-c46a-11ec-996c-e45f01827912": {
        "activationId": "2921d6c6-c46a-11ec-996c-e45f01827912",
        "message": "{\"message1\": \"hmmm 2022-04-25 07:35:00.879381407 +0000 UTC m=+20.131732417 development\"}",
        "client_info": {
            "elapsed_time": 23.69825291633606,
            "blocking": true
        }
    },
    "291e48d0-c46a-11ec-9123-e45f01827912": {
        "activationId": "291e48d0-c46a-11ec-9123-e45f01827912",
        "message": "{\"message1\": \"hmmm 2022-04-25 07:35:02.605465888 +0000 UTC m=+20.223536353 development\"}",
        "client_info": {
            "elapsed_time": 26.10434889793396,
            "blocking": true
        }
    },
    "292d7cd8-c46a-11ec-be45-e45f01827912": {
        "activationId": "292d7cd8-c46a-11ec-be45-e45f01827912",
        "message": "{\"message1\": \"hmmm 2022-04-25 07:35:02.668966159 +0000 UTC m=+20.135007345 development\"}",
        "client_info": {
            "elapsed_time": 26.078493118286133,
            "blocking": true
        }
    },
    "2930ace6-c46a-11ec-b3f7-e45f01827912": {
        "activationId": "2930ace6-c46a-11ec-b3f7-e45f01827912",
        "message": "{\"message1\": \"hmmm 2022-04-25 07:35:02.707522992 +0000 UTC m=+20.180596993 development\"}",
        "client_info": {
            "elapsed_time": 26.077921152114868,
            "blocking": true
        }
    },
    "29201cf0-c46a-11ec-9d72-e45f01827912": {
        "activationId": "29201cf0-c46a-11ec-9d72-e45f01827912",
        "message": "{\"message1\": \"hmmm 2022-04-25 07:35:02.726533279 +0000 UTC m=+20.156763569 development\"}",
        "client_info": {
            "elapsed_time": 26.078402996063232,
            "blocking": true
        }
    },
    "29294bd6-c46a-11ec-a82f-e45f01827912": {
        "activationId": "29294bd6-c46a-11ec-a82f-e45f01827912",
        "message": "{\"message1\": \"hmmm 2022-04-25 07:35:02.280324992 +0000 UTC m=+20.132530769 development\"}",
        "client_info": {
            "elapsed_time": 25.55014395713806,
            "blocking": true
        }
    },
    "client_info": {
        "start_time": "1650872077.4388669",
        "end_time": "1650872103.575098",
        "total_elapsed_time": "26.136231184005737"
    }
}