{
    "84306ee6143846afb06ee61438b6af39": {
        "message": "Hello  My  Nice World Sleep For long time",
        "raw": "{'activationId': '84306ee6143846afb06ee61438b6af39', 'annotations': [{'key': 'path', 'value': 'guest/helloworld'}, {'key': 'waitTime', 'value': 6230}, {'key': 'kind', 'value': 'blackbox'}, {'key': 'limits', 'value': {'concurrency': 1, 'logs': 10, 'memory': 128, 'timeout': 60000}}, {'key': 'initTime', 'value': 431}], 'duration': 20458, 'end': 1650870256644, 'logs': [], 'name': 'helloworld', 'namespace': 'guest', 'publish': False, 'response': {'result': {'message': 'Hello  My  Nice World Sleep For long time'}, 'status': 'success', 'success': True}, 'start': 1650870236186, 'subject': 'guest', 'version': '0.0.1'}",
        "activationId": "84306ee6143846afb06ee61438b6af39",
        "client_info": {
            "elapsed_time": 26.93343186378479,
            "blocking": true
        }
    },
    "b406b33846d0449086b33846d0b490ef": {
        "message": "Hello  My  Nice World Sleep For long time",
        "raw": "{'activationId': 'b406b33846d0449086b33846d0b490ef', 'annotations': [{'key': 'path', 'value': 'guest/helloworld'}, {'key': 'waitTime', 'value': 5990}, {'key': 'kind', 'value': 'blackbox'}, {'key': 'limits', 'value': {'concurrency': 1, 'logs': 10, 'memory': 128, 'timeout': 60000}}, {'key': 'initTime', 'value': 659}], 'duration': 20703, 'end': 1650870256644, 'logs': [], 'name': 'helloworld', 'namespace': 'guest', 'publish': False, 'response': {'result': {'message': 'Hello  My  Nice World Sleep For long time'}, 'status': 'success', 'success': True}, 'start': 1650870235941, 'subject': 'guest', 'version': '0.0.1'}",
        "activationId": "b406b33846d0449086b33846d0b490ef",
        "client_info": {
            "elapsed_time": 26.925711154937744,
            "blocking": true
        }
    },
    "4d4a0f5c4dfd4a058a0f5c4dfd9a05c0": {
        "message": "Hello  My  Nice World Sleep For long time",
        "raw": "{'activationId': '4d4a0f5c4dfd4a058a0f5c4dfd9a05c0', 'annotations': [{'key': 'limits', 'value': {'concurrency': 1, 'logs': 10, 'memory': 128, 'timeout': 60000}}, {'key': 'path', 'value': 'guest/helloworld'}, {'key': 'kind', 'value': 'blackbox'}, {'key': 'waitTime', 'value': 26272}], 'duration': 20010, 'end': 1650870276232, 'logs': [], 'name': 'helloworld', 'namespace': 'guest', 'publish': False, 'response': {'result': {'message': 'Hello  My  Nice World Sleep For long time'}, 'status': 'success', 'success': True}, 'start': 1650870256222, 'subject': 'guest', 'version': '0.0.1'}",
        "activationId": "4d4a0f5c4dfd4a058a0f5c4dfd9a05c0",
        "client_info": {
            "elapsed_time": 46.506380796432495,
            "blocking": true
        }
    },
    "307bb4d36a0945b1bbb4d36a0965b138": {
        "message": "Hello  My  Nice World Sleep For long time",
        "raw": "{'activationId': '307bb4d36a0945b1bbb4d36a0965b138', 'annotations': [{'key': 'path', 'value': 'guest/helloworld'}, {'key': 'waitTime', 'value': 6271}, {'key': 'kind', 'value': 'blackbox'}, {'key': 'limits', 'value': {'concurrency': 1, 'logs': 10, 'memory': 128, 'timeout': 60000}}, {'key': 'initTime', 'value': 437}], 'duration': 20466, 'end': 1650870256688, 'logs': [], 'name': 'helloworld', 'namespace': 'guest', 'publish': False, 'response': {'result': {'message': 'Hello  My  Nice World Sleep For long time'}, 'status': 'success', 'success': True}, 'start': 1650870236222, 'subject': 'guest', 'version': '0.0.1'}",
        "activationId": "307bb4d36a0945b1bbb4d36a0965b138",
        "client_info": {
            "elapsed_time": 26.969636917114258,
            "blocking": true
        }
    },
    "09d684a98e644fe49684a98e641fe4c1": {
        "message": "Hello  My  Nice World Sleep For long time",
        "raw": "{'activationId': '09d684a98e644fe49684a98e641fe4c1', 'annotations': [{'key': 'path', 'value': 'guest/helloworld'}, {'key': 'waitTime', 'value': 6352}, {'key': 'kind', 'value': 'blackbox'}, {'key': 'limits', 'value': {'concurrency': 1, 'logs': 10, 'memory': 128, 'timeout': 60000}}, {'key': 'initTime', 'value': 429}], 'duration': 20479, 'end': 1650870256783, 'logs': [], 'name': 'helloworld', 'namespace': 'guest', 'publish': False, 'response': {'result': {'message': 'Hello  My  Nice World Sleep For long time'}, 'status': 'success', 'success': True}, 'start': 1650870236304, 'subject': 'guest', 'version': '0.0.1'}",
        "activationId": "09d684a98e644fe49684a98e641fe4c1",
        "client_info": {
            "elapsed_time": 27.05724811553955,
            "blocking": true
        }
    },
    "40ceb81d7d7546f38eb81d7d75b6f32b": {
        "message": "Hello  My  Nice World Sleep For long time",
        "raw": "{'activationId': '40ceb81d7d7546f38eb81d7d75b6f32b', 'annotations': [{'key': 'path', 'value': 'guest/helloworld'}, {'key': 'waitTime', 'value': 5980}, {'key': 'kind', 'value': 'blackbox'}, {'key': 'limits', 'value': {'concurrency': 1, 'logs': 10, 'memory': 128, 'timeout': 60000}}, {'key': 'initTime', 'value': 622}], 'duration': 20683, 'end': 1650870256623, 'logs': [], 'name': 'helloworld', 'namespace': 'guest', 'publish': False, 'response': {'result': {'message': 'Hello  My  Nice World Sleep For long time'}, 'status': 'success', 'success': True}, 'start': 1650870235940, 'subject': 'guest', 'version': '0.0.1'}",
        "activationId": "40ceb81d7d7546f38eb81d7d75b6f32b",
        "client_info": {
            "elapsed_time": 26.89359211921692,
            "blocking": true
        }
    },
    "bedd1bcc8baa4d479d1bcc8baa2d4708": {
        "message": "Hello  My  Nice World Sleep For long time",
        "raw": "{'activationId': 'bedd1bcc8baa4d479d1bcc8baa2d4708', 'annotations': [{'key': 'path', 'value': 'guest/helloworld'}, {'key': 'waitTime', 'value': 6067}, {'key': 'kind', 'value': 'blackbox'}, {'key': 'limits', 'value': {'concurrency': 1, 'logs': 10, 'memory': 128, 'timeout': 60000}}, {'key': 'initTime', 'value': 616}], 'duration': 20649, 'end': 1650870256714, 'logs': [], 'name': 'helloworld', 'namespace': 'guest', 'publish': False, 'response': {'result': {'message': 'Hello  My  Nice World Sleep For long time'}, 'status': 'success', 'success': True}, 'start': 1650870236065, 'subject': 'guest', 'version': '0.0.1'}",
        "activationId": "bedd1bcc8baa4d479d1bcc8baa2d4708",
        "client_info": {
            "elapsed_time": 27.021623134613037,
            "blocking": true
        }
    },
    "9be5c9fb47884a49a5c9fb47886a4977": {
        "message": "Hello  My  Nice World Sleep For long time",
        "raw": "{'activationId': '9be5c9fb47884a49a5c9fb47886a4977', 'annotations': [{'key': 'path', 'value': 'guest/helloworld'}, {'key': 'waitTime', 'value': 5080}, {'key': 'kind', 'value': 'blackbox'}, {'key': 'limits', 'value': {'concurrency': 1, 'logs': 10, 'memory': 128, 'timeout': 60000}}, {'key': 'initTime', 'value': 1148}], 'duration': 21165, 'end': 1650870256205, 'logs': [], 'name': 'helloworld', 'namespace': 'guest', 'publish': False, 'response': {'result': {'message': 'Hello  My  Nice World Sleep For long time'}, 'status': 'success', 'success': True}, 'start': 1650870235040, 'subject': 'guest', 'version': '0.0.1'}",
        "activationId": "9be5c9fb47884a49a5c9fb47886a4977",
        "client_info": {
            "elapsed_time": 26.54769992828369,
            "blocking": true
        }
    },
    "76da4a2560974be29a4a256097abe279": {
        "message": "Hello  My  Nice World Sleep For long time",
        "raw": "{'activationId': '76da4a2560974be29a4a256097abe279', 'annotations': [{'key': 'path', 'value': 'guest/helloworld'}, {'key': 'waitTime', 'value': 5850}, {'key': 'kind', 'value': 'blackbox'}, {'key': 'limits', 'value': {'concurrency': 1, 'logs': 10, 'memory': 128, 'timeout': 60000}}, {'key': 'initTime', 'value': 786}], 'duration': 20831, 'end': 1650870256651, 'logs': [], 'name': 'helloworld', 'namespace': 'guest', 'publish': False, 'response': {'result': {'message': 'Hello  My  Nice World Sleep For long time'}, 'status': 'success', 'success': True}, 'start': 1650870235820, 'subject': 'guest', 'version': '0.0.1'}",
        "activationId": "76da4a2560974be29a4a256097abe279",
        "client_info": {
            "elapsed_time": 26.922467708587646,
            "blocking": true
        }
    },
    "client_info": {
        "start_time": "1650870229.6114078",
        "end_time": "1650870276.1184971",
        "total_elapsed_time": "46.507089376449585"
    }
}