{
    "05e12d3663c54057a12d3663c5005785": {
        "message": "Hello  My  Nice World Sleep For long time",
        "raw": "{'activationId': '05e12d3663c54057a12d3663c5005785', 'annotations': [{'key': 'path', 'value': 'guest/helloworld'}, {'key': 'waitTime', 'value': 2766}, {'key': 'kind', 'value': 'blackbox'}, {'key': 'limits', 'value': {'concurrency': 1, 'logs': 10, 'memory': 128, 'timeout': 60000}}, {'key': 'initTime', 'value': 149}], 'duration': 20165, 'end': 1650870009198, 'logs': [], 'name': 'helloworld', 'namespace': 'guest', 'publish': False, 'response': {'result': {'message': 'Hello  My  Nice World Sleep For long time'}, 'status': 'success', 'success': True}, 'start': 1650869989033, 'subject': 'guest', 'version': '0.0.1'}",
        "activationId": "05e12d3663c54057a12d3663c5005785",
        "client_info": {
            "elapsed_time": 23.083529949188232,
            "blocking": true
        }
    },
    "0b2d244c73bc4707ad244c73bcc7070c": {
        "message": "Hello  My  Nice World Sleep For long time",
        "raw": "{'activationId': '0b2d244c73bc4707ad244c73bcc7070c', 'annotations': [{'key': 'path', 'value': 'guest/helloworld'}, {'key': 'waitTime', 'value': 2681}, {'key': 'kind', 'value': 'blackbox'}, {'key': 'limits', 'value': {'concurrency': 1, 'logs': 10, 'memory': 128, 'timeout': 60000}}, {'key': 'initTime', 'value': 180}], 'duration': 20207, 'end': 1650870009120, 'logs': [], 'name': 'helloworld', 'namespace': 'guest', 'publish': False, 'response': {'result': {'message': 'Hello  My  Nice World Sleep For long time'}, 'status': 'success', 'success': True}, 'start': 1650869988913, 'subject': 'guest', 'version': '0.0.1'}",
        "activationId": "0b2d244c73bc4707ad244c73bcc7070c",
        "client_info": {
            "elapsed_time": 22.998790979385376,
            "blocking": true
        }
    },
    "client_info": {
        "start_time": "1650869986.024408",
        "end_time": "1650870009.10868",
        "total_elapsed_time": "23.084271907806396"
    }
}