{
    "3eb17208-c46a-11ec-a9dd-e45f01827912": {
        "activationId": "3eb17208-c46a-11ec-a9dd-e45f01827912",
        "message": "{\"message1\": \"hmmm 2022-04-25 07:35:37.677615487 +0000 UTC m=+20.093945617 development\"}",
        "client_info": {
            "elapsed_time": 24.183288097381592,
            "blocking": true
        }
    },
    "3ec07ac8-c46a-11ec-aae3-e45f01827912": {
        "activationId": "3ec07ac8-c46a-11ec-aae3-e45f01827912",
        "message": "{\"message1\": \"hmmm 2022-04-25 07:35:38.682823104 +0000 UTC m=+20.100010225 development\"}",
        "client_info": {
            "elapsed_time": 25.538377285003662,
            "blocking": true
        }
    },
    "3eb60ffc-c46a-11ec-97c4-e45f01827912": {
        "activationId": "3eb60ffc-c46a-11ec-97c4-e45f01827912",
        "message": "{\"message1\": \"hmmm 2022-04-25 07:35:41.649028943 +0000 UTC m=+20.109737393 development\"}",
        "client_info": {
            "elapsed_time": 28.86192798614502,
            "blocking": true
        }
    },
    "3ebc8206-c46a-11ec-8527-e45f01827912": {
        "activationId": "3ebc8206-c46a-11ec-8527-e45f01827912",
        "message": "{\"message1\": \"hmmm 2022-04-25 07:35:39.713520272 +0000 UTC m=+20.097766657 development\"}",
        "client_info": {
            "elapsed_time": 26.57549786567688,
            "blocking": true
        }
    },
    "3eac6f1a-c46a-11ec-a7a4-e45f01827912": {
        "activationId": "3eac6f1a-c46a-11ec-a7a4-e45f01827912",
        "message": "{\"message1\": \"hmmm 2022-04-25 07:35:40.755636351 +0000 UTC m=+20.103745681 development\"}",
        "client_info": {
            "elapsed_time": 27.278733015060425,
            "blocking": true
        }
    },
    "3ebc3422-c46a-11ec-a8c1-e45f01827912": {
        "activationId": "3ebc3422-c46a-11ec-a8c1-e45f01827912",
        "message": "{\"message1\": \"hmmm 2022-04-25 07:35:40.737060559 +0000 UTC m=+20.088536625 development\"}",
        "client_info": {
            "elapsed_time": 27.2782781124115,
            "blocking": true
        }
    },
    "3eb14918-c46a-11ec-88f1-e45f01827912": {
        "activationId": "3eb14918-c46a-11ec-88f1-e45f01827912",
        "message": "{\"message1\": \"hmmm 2022-04-25 07:35:36.641029264 +0000 UTC m=+20.110918177 development\"}",
        "client_info": {
            "elapsed_time": 23.094134092330933,
            "blocking": true
        }
    },
    "3ead0d8a-c46a-11ec-8d92-e45f01827912": {
        "activationId": "3ead0d8a-c46a-11ec-8d92-e45f01827912",
        "message": "{\"message1\": \"hmmm 2022-04-25 07:35:37.695399312 +0000 UTC m=+20.093620593 development\"}",
        "client_info": {
            "elapsed_time": 24.182225227355957,
            "blocking": true
        }
    },
    "3eb880c0-c46a-11ec-814e-e45f01827912": {
        "activationId": "3eb880c0-c46a-11ec-814e-e45f01827912",
        "message": "{\"message1\": \"hmmm 2022-04-25 07:35:37.682311423 +0000 UTC m=+20.098866753 development\"}",
        "client_info": {
            "elapsed_time": 24.0502769947052,
            "blocking": true
        }
    },
    "3eb590ea-c46a-11ec-9293-e45f01827912": {
        "activationId": "3eb590ea-c46a-11ec-9293-e45f01827912",
        "message": "{\"message1\": \"hmmm 2022-04-25 07:35:40.764748176 +0000 UTC m=+20.106585073 development\"}",
        "client_info": {
            "elapsed_time": 27.278178930282593,
            "blocking": true
        }
    },
    "3ec66f78-c46a-11ec-b212-e45f01827912": {
        "activationId": "3ec66f78-c46a-11ec-b212-e45f01827912",
        "message": "{\"message1\": \"hmmm 2022-04-25 07:35:38.697800016 +0000 UTC m=+20.095856049 development\"}",
        "client_info": {
            "elapsed_time": 25.56232500076294,
            "blocking": true
        }
    },
    "3ed7a5ea-c46a-11ec-a63d-e45f01827912": {
        "activationId": "3ed7a5ea-c46a-11ec-a63d-e45f01827912",
        "message": "{\"message1\": \"hmmm 2022-04-25 07:35:38.675893599 +0000 UTC m=+20.083461681 development\"}",
        "client_info": {
            "elapsed_time": 25.705713748931885,
            "blocking": true
        }
    },
    "3ecf1196-c46a-11ec-9568-e45f01827912": {
        "activationId": "3ecf1196-c46a-11ec-9568-e45f01827912",
        "message": "{\"message1\": \"hmmm 2022-04-25 07:35:36.626709072 +0000 UTC m=+20.099580321 development\"}",
        "client_info": {
            "elapsed_time": 23.09350824356079,
            "blocking": true
        }
    },
    "3ecd7444-c46a-11ec-84b5-e45f01827912": {
        "activationId": "3ecd7444-c46a-11ec-84b5-e45f01827912",
        "message": "{\"message1\": \"hmmm 2022-04-25 07:35:41.649307823 +0000 UTC m=+20.110646033 development\"}",
        "client_info": {
            "elapsed_time": 28.831859827041626,
            "blocking": true
        }
    },
    "client_info": {
        "start_time": "1650872113.7156842",
        "end_time": "1650872142.578443",
        "total_elapsed_time": "28.86275887489319"
    }
}