{
    "8ad4314df61d49e794314df61d99e7d0": {
        "message": "Hello  My  Nice World Sleep For long time",
        "raw": "{'activationId': '8ad4314df61d49e794314df61d99e7d0', 'annotations': [{'key': 'path', 'value': 'guest/helloworld'}, {'key': 'waitTime', 'value': 7282}, {'key': 'kind', 'value': 'blackbox'}, {'key': 'limits', 'value': {'concurrency': 1, 'logs': 10, 'memory': 128, 'timeout': 60000}}, {'key': 'initTime', 'value': 626}], 'duration': 20665, 'end': 1650870604405, 'logs': [], 'name': 'helloworld', 'namespace': 'guest', 'publish': False, 'response': {'result': {'message': 'Hello  My  Nice World Sleep For long time'}, 'status': 'success', 'success': True}, 'start': 1650870583740, 'subject': 'guest', 'version': '0.0.1'}",
        "activationId": "8ad4314df61d49e794314df61d99e7d0",
        "client_info": {
            "elapsed_time": 28.40569496154785,
            "blocking": true
        }
    },
    "8f2a82d1bdff4183aa82d1bdffd18375": {
        "message": "Hello  My  Nice World Sleep For long time",
        "raw": "{'activationId': '8f2a82d1bdff4183aa82d1bdffd18375', 'annotations': [{'key': 'limits', 'value': {'concurrency': 1, 'logs': 10, 'memory': 128, 'timeout': 60000}}, {'key': 'path', 'value': 'guest/helloworld'}, {'key': 'kind', 'value': 'blackbox'}, {'key': 'waitTime', 'value': 27984}], 'duration': 20055, 'end': 1650870624502, 'logs': [], 'name': 'helloworld', 'namespace': 'guest', 'publish': False, 'response': {'result': {'message': 'Hello  My  Nice World Sleep For long time'}, 'status': 'success', 'success': True}, 'start': 1650870604447, 'subject': 'guest', 'version': '0.0.1'}",
        "activationId": "8f2a82d1bdff4183aa82d1bdffd18375",
        "client_info": {
            "elapsed_time": 48.475637912750244,
            "blocking": true
        }
    },
    "bb7028ce00f74145b028ce00f7c145e9": {
        "message": "Hello  My  Nice World Sleep For long time",
        "raw": "{'activationId': 'bb7028ce00f74145b028ce00f7c145e9', 'annotations': [{'key': 'path', 'value': 'guest/helloworld'}, {'key': 'waitTime', 'value': 7693}, {'key': 'kind', 'value': 'blackbox'}, {'key': 'limits', 'value': {'concurrency': 1, 'logs': 10, 'memory': 128, 'timeout': 60000}}, {'key': 'initTime', 'value': 452}], 'duration': 20483, 'end': 1650870604634, 'logs': [], 'name': 'helloworld', 'namespace': 'guest', 'publish': False, 'response': {'result': {'message': 'Hello  My  Nice World Sleep For long time'}, 'status': 'success', 'success': True}, 'start': 1650870584151, 'subject': 'guest', 'version': '0.0.1'}",
        "activationId": "bb7028ce00f74145b028ce00f7c145e9",
        "client_info": {
            "elapsed_time": 28.59709906578064,
            "blocking": true
        }
    },
    "81f0d1167dca4ec1b0d1167dca3ec152": {
        "message": "Hello  My  Nice World Sleep For long time",
        "raw": "{'activationId': '81f0d1167dca4ec1b0d1167dca3ec152', 'annotations': [{'key': 'limits', 'value': {'concurrency': 1, 'logs': 10, 'memory': 128, 'timeout': 60000}}, {'key': 'path', 'value': 'guest/helloworld'}, {'key': 'kind', 'value': 'blackbox'}, {'key': 'waitTime', 'value': 27545}], 'duration': 20038, 'end': 1650870624041, 'logs': [], 'name': 'helloworld', 'namespace': 'guest', 'publish': False, 'response': {'result': {'message': 'Hello  My  Nice World Sleep For long time'}, 'status': 'success', 'success': True}, 'start': 1650870604003, 'subject': 'guest', 'version': '0.0.1'}",
        "activationId": "81f0d1167dca4ec1b0d1167dca3ec152",
        "client_info": {
            "elapsed_time": 48.00168180465698,
            "blocking": true
        }
    },
    "ed4d58dc177f4ec48d58dc177f7ec41c": {
        "message": "Hello  My  Nice World Sleep For long time",
        "raw": "{'activationId': 'ed4d58dc177f4ec48d58dc177f7ec41c', 'annotations': [{'key': 'path', 'value': 'guest/helloworld'}, {'key': 'waitTime', 'value': 7720}, {'key': 'kind', 'value': 'blackbox'}, {'key': 'limits', 'value': {'concurrency': 1, 'logs': 10, 'memory': 128, 'timeout': 60000}}, {'key': 'initTime', 'value': 440}], 'duration': 20490, 'end': 1650870604687, 'logs': [], 'name': 'helloworld', 'namespace': 'guest', 'publish': False, 'response': {'result': {'message': 'Hello  My  Nice World Sleep For long time'}, 'status': 'success', 'success': True}, 'start': 1650870584197, 'subject': 'guest', 'version': '0.0.1'}",
        "activationId": "ed4d58dc177f4ec48d58dc177f7ec41c",
        "client_info": {
            "elapsed_time": 28.647231817245483,
            "blocking": true
        }
    },
    "c0c9e04ac62b4b9289e04ac62b0b92ad": {
        "message": "Hello  My  Nice World Sleep For long time",
        "raw": "{'activationId': 'c0c9e04ac62b4b9289e04ac62b0b92ad', 'annotations': [{'key': 'limits', 'value': {'concurrency': 1, 'logs': 10, 'memory': 128, 'timeout': 60000}}, {'key': 'path', 'value': 'guest/helloworld'}, {'key': 'kind', 'value': 'blackbox'}, {'key': 'waitTime', 'value': 27962}], 'duration': 20030, 'end': 1650870624450, 'logs': [], 'name': 'helloworld', 'namespace': 'guest', 'publish': False, 'response': {'result': {'message': 'Hello  My  Nice World Sleep For long time'}, 'status': 'success', 'success': True}, 'start': 1650870604420, 'subject': 'guest', 'version': '0.0.1'}",
        "activationId": "c0c9e04ac62b4b9289e04ac62b0b92ad",
        "client_info": {
            "elapsed_time": 48.47317099571228,
            "blocking": true
        }
    },
    "0d591ca36d3548a5991ca36d3598a5df": {
        "message": "Hello  My  Nice World Sleep For long time",
        "raw": "{'activationId': '0d591ca36d3548a5991ca36d3598a5df', 'annotations': [{'key': 'path', 'value': 'guest/helloworld'}, {'key': 'waitTime', 'value': 6975}, {'key': 'kind', 'value': 'blackbox'}, {'key': 'limits', 'value': {'concurrency': 1, 'logs': 10, 'memory': 128, 'timeout': 60000}}, {'key': 'initTime', 'value': 480}], 'duration': 20517, 'end': 1650870603973, 'logs': [], 'name': 'helloworld', 'namespace': 'guest', 'publish': False, 'response': {'result': {'message': 'Hello  My  Nice World Sleep For long time'}, 'status': 'success', 'success': True}, 'start': 1650870583456, 'subject': 'guest', 'version': '0.0.1'}",
        "activationId": "0d591ca36d3548a5991ca36d3598a5df",
        "client_info": {
            "elapsed_time": 27.935553789138794,
            "blocking": true
        }
    },
    "0f5399ed90ca45379399ed90cad53761": {
        "message": "Hello  My  Nice World Sleep For long time",
        "raw": "{'activationId': '0f5399ed90ca45379399ed90cad53761', 'annotations': [{'key': 'path', 'value': 'guest/helloworld'}, {'key': 'waitTime', 'value': 6929}, {'key': 'kind', 'value': 'blackbox'}, {'key': 'limits', 'value': {'concurrency': 1, 'logs': 10, 'memory': 128, 'timeout': 60000}}, {'key': 'initTime', 'value': 641}], 'duration': 20675, 'end': 1650870604075, 'logs': [], 'name': 'helloworld', 'namespace': 'guest', 'publish': False, 'response': {'result': {'message': 'Hello  My  Nice World Sleep For long time'}, 'status': 'success', 'success': True}, 'start': 1650870583400, 'subject': 'guest', 'version': '0.0.1'}",
        "activationId": "0f5399ed90ca45379399ed90cad53761",
        "client_info": {
            "elapsed_time": 28.036382913589478,
            "blocking": true
        }
    },
    "c65bcb847d3340519bcb847d33b0513c": {
        "message": "Hello  My  Nice World Sleep For long time",
        "raw": "{'activationId': 'c65bcb847d3340519bcb847d33b0513c', 'annotations': [{'key': 'path', 'value': 'guest/helloworld'}, {'key': 'waitTime', 'value': 7233}, {'key': 'kind', 'value': 'blackbox'}, {'key': 'limits', 'value': {'concurrency': 1, 'logs': 10, 'memory': 128, 'timeout': 60000}}, {'key': 'initTime', 'value': 834}], 'duration': 20860, 'end': 1650870604568, 'logs': [], 'name': 'helloworld', 'namespace': 'guest', 'publish': False, 'response': {'result': {'message': 'Hello  My  Nice World Sleep For long time'}, 'status': 'success', 'success': True}, 'start': 1650870583708, 'subject': 'guest', 'version': '0.0.1'}",
        "activationId": "c65bcb847d3340519bcb847d33b0513c",
        "client_info": {
            "elapsed_time": 28.517062187194824,
            "blocking": true
        }
    },
    "8b48e92cc165485488e92cc165a8542c": {
        "message": "Hello  My  Nice World Sleep For long time",
        "raw": "{'activationId': '8b48e92cc165485488e92cc165a8542c', 'annotations': [{'key': 'limits', 'value': {'concurrency': 1, 'logs': 10, 'memory': 128, 'timeout': 60000}}, {'key': 'path', 'value': 'guest/helloworld'}, {'key': 'kind', 'value': 'blackbox'}, {'key': 'waitTime', 'value': 27625}], 'duration': 20039, 'end': 1650870624131, 'logs': [], 'name': 'helloworld', 'namespace': 'guest', 'publish': False, 'response': {'result': {'message': 'Hello  My  Nice World Sleep For long time'}, 'status': 'success', 'success': True}, 'start': 1650870604092, 'subject': 'guest', 'version': '0.0.1'}",
        "activationId": "8b48e92cc165485488e92cc165a8542c",
        "client_info": {
            "elapsed_time": 48.08098483085632,
            "blocking": true
        }
    },
    "ac568ac3beb841ff968ac3beb881ffcc": {
        "message": "Hello  My  Nice World Sleep For long time",
        "raw": "{'activationId': 'ac568ac3beb841ff968ac3beb881ffcc', 'annotations': [{'key': 'limits', 'value': {'concurrency': 1, 'logs': 10, 'memory': 128, 'timeout': 60000}}, {'key': 'path', 'value': 'guest/helloworld'}, {'key': 'kind', 'value': 'blackbox'}, {'key': 'waitTime', 'value': 27459}], 'duration': 20036, 'end': 1650870623974, 'logs': [], 'name': 'helloworld', 'namespace': 'guest', 'publish': False, 'response': {'result': {'message': 'Hello  My  Nice World Sleep For long time'}, 'status': 'success', 'success': True}, 'start': 1650870603938, 'subject': 'guest', 'version': '0.0.1'}",
        "activationId": "ac568ac3beb841ff968ac3beb881ffcc",
        "client_info": {
            "elapsed_time": 47.942121267318726,
            "blocking": true
        }
    },
    "05c6d22c55a9492186d22c55a9692193": {
        "message": "Hello  My  Nice World Sleep For long time",
        "raw": "{'activationId': '05c6d22c55a9492186d22c55a9692193', 'annotations': [{'key': 'path', 'value': 'guest/helloworld'}, {'key': 'waitTime', 'value': 6810}, {'key': 'kind', 'value': 'blackbox'}, {'key': 'limits', 'value': {'concurrency': 1, 'logs': 10, 'memory': 128, 'timeout': 60000}}, {'key': 'initTime', 'value': 569}], 'duration': 20630, 'end': 1650870603910, 'logs': [], 'name': 'helloworld', 'namespace': 'guest', 'publish': False, 'response': {'result': {'message': 'Hello  My  Nice World Sleep For long time'}, 'status': 'success', 'success': True}, 'start': 1650870583280, 'subject': 'guest', 'version': '0.0.1'}",
        "activationId": "05c6d22c55a9492186d22c55a9692193",
        "client_info": {
            "elapsed_time": 27.872538805007935,
            "blocking": true
        }
    },
    "0a8a3108bfb441358a3108bfb4d13595": {
        "message": "Hello  My  Nice World Sleep For long time",
        "raw": "{'activationId': '0a8a3108bfb441358a3108bfb4d13595', 'annotations': [{'key': 'limits', 'value': {'concurrency': 1, 'logs': 10, 'memory': 128, 'timeout': 60000}}, {'key': 'path', 'value': 'guest/helloworld'}, {'key': 'kind', 'value': 'blackbox'}, {'key': 'waitTime', 'value': 28114}], 'duration': 20044, 'end': 1650870624640, 'logs': [], 'name': 'helloworld', 'namespace': 'guest', 'publish': False, 'response': {'result': {'message': 'Hello  My  Nice World Sleep For long time'}, 'status': 'success', 'success': True}, 'start': 1650870604596, 'subject': 'guest', 'version': '0.0.1'}",
        "activationId": "0a8a3108bfb441358a3108bfb4d13595",
        "client_info": {
            "elapsed_time": 48.59412670135498,
            "blocking": true
        }
    },
    "ff5f9a05546948fd9f9a055469f8fd9d": {
        "message": "Hello  My  Nice World Sleep For long time",
        "raw": "{'activationId': 'ff5f9a05546948fd9f9a055469f8fd9d', 'annotations': [{'key': 'path', 'value': 'guest/helloworld'}, {'key': 'waitTime', 'value': 7420}, {'key': 'kind', 'value': 'blackbox'}, {'key': 'limits', 'value': {'concurrency': 1, 'logs': 10, 'memory': 128, 'timeout': 60000}}, {'key': 'initTime', 'value': 454}], 'duration': 20490, 'end': 1650870604390, 'logs': [], 'name': 'helloworld', 'namespace': 'guest', 'publish': False, 'response': {'result': {'message': 'Hello  My  Nice World Sleep For long time'}, 'status': 'success', 'success': True}, 'start': 1650870583900, 'subject': 'guest', 'version': '0.0.1'}",
        "activationId": "ff5f9a05546948fd9f9a055469f8fd9d",
        "client_info": {
            "elapsed_time": 28.378670930862427,
            "blocking": true
        }
    },
    "2783c430ff184bb083c430ff181bb0a6": {
        "message": "Hello  My  Nice World Sleep For long time",
        "raw": "{'activationId': '2783c430ff184bb083c430ff181bb0a6', 'annotations': [{'key': 'limits', 'value': {'concurrency': 1, 'logs': 10, 'memory': 128, 'timeout': 60000}}, {'key': 'path', 'value': 'guest/helloworld'}, {'key': 'kind', 'value': 'blackbox'}, {'key': 'waitTime', 'value': 28106}], 'duration': 20042, 'end': 1650870624718, 'logs': [], 'name': 'helloworld', 'namespace': 'guest', 'publish': False, 'response': {'result': {'message': 'Hello  My  Nice World Sleep For long time'}, 'status': 'success', 'success': True}, 'start': 1650870604676, 'subject': 'guest', 'version': '0.0.1'}",
        "activationId": "2783c430ff184bb083c430ff181bb0a6",
        "client_info": {
            "elapsed_time": 48.703750133514404,
            "blocking": true
        }
    },
    "client_info": {
        "start_time": "1650870575.903532",
        "end_time": "1650870624.637171",
        "total_elapsed_time": "48.73363900184631"
    }
}