{
    "6eb239a572d3444db239a572d3e44d19": {
        "message": "Hello  My  Nice World Sleep For long time",
        "raw": "{'activationId': '6eb239a572d3444db239a572d3e44d19', 'annotations': [{'key': 'path', 'value': 'guest/helloworld'}, {'key': 'waitTime', 'value': 6064}, {'key': 'kind', 'value': 'blackbox'}, {'key': 'limits', 'value': {'concurrency': 1, 'logs': 10, 'memory': 128, 'timeout': 60000}}, {'key': 'initTime', 'value': 643}], 'duration': 20729, 'end': 1650870370774, 'logs': [], 'name': 'helloworld', 'namespace': 'guest', 'publish': False, 'response': {'result': {'message': 'Hello  My  Nice World Sleep For long time'}, 'status': 'success', 'success': True}, 'start': 1650870350045, 'subject': 'guest', 'version': '0.0.1'}",
        "activationId": "6eb239a572d3444db239a572d3e44d19",
        "client_info": {
            "elapsed_time": 27.2401921749115,
            "blocking": true
        }
    },
    "a5557a2002d844f0957a2002d894f038": {
        "message": "Hello  My  Nice World Sleep For long time",
        "raw": "{'activationId': 'a5557a2002d844f0957a2002d894f038', 'annotations': [{'key': 'path', 'value': 'guest/helloworld'}, {'key': 'waitTime', 'value': 6871}, {'key': 'kind', 'value': 'blackbox'}, {'key': 'limits', 'value': {'concurrency': 1, 'logs': 10, 'memory': 128, 'timeout': 60000}}, {'key': 'initTime', 'value': 517}], 'duration': 20549, 'end': 1650870371404, 'logs': [], 'name': 'helloworld', 'namespace': 'guest', 'publish': False, 'response': {'result': {'message': 'Hello  My  Nice World Sleep For long time'}, 'status': 'success', 'success': True}, 'start': 1650870350855, 'subject': 'guest', 'version': '0.0.1'}",
        "activationId": "a5557a2002d844f0957a2002d894f038",
        "client_info": {
            "elapsed_time": 27.796886920928955,
            "blocking": true
        }
    },
    "9c65f2c03983434ea5f2c03983b34ec6": {
        "message": "Hello  My  Nice World Sleep For long time",
        "raw": "{'activationId': '9c65f2c03983434ea5f2c03983b34ec6', 'annotations': [{'key': 'limits', 'value': {'concurrency': 1, 'logs': 10, 'memory': 128, 'timeout': 60000}}, {'key': 'path', 'value': 'guest/helloworld'}, {'key': 'kind', 'value': 'blackbox'}, {'key': 'waitTime', 'value': 27218}], 'duration': 20046, 'end': 1650870391253, 'logs': [], 'name': 'helloworld', 'namespace': 'guest', 'publish': False, 'response': {'result': {'message': 'Hello  My  Nice World Sleep For long time'}, 'status': 'success', 'success': True}, 'start': 1650870371207, 'subject': 'guest', 'version': '0.0.1'}",
        "activationId": "9c65f2c03983434ea5f2c03983b34ec6",
        "client_info": {
            "elapsed_time": 47.63301205635071,
            "blocking": true
        }
    },
    "90d5e2aaecb34a2c95e2aaecb37a2c19": {
        "message": "Hello  My  Nice World Sleep For long time",
        "raw": "{'activationId': '90d5e2aaecb34a2c95e2aaecb37a2c19', 'annotations': [{'key': 'limits', 'value': {'concurrency': 1, 'logs': 10, 'memory': 128, 'timeout': 60000}}, {'key': 'path', 'value': 'guest/helloworld'}, {'key': 'kind', 'value': 'blackbox'}, {'key': 'waitTime', 'value': 27110}], 'duration': 20027, 'end': 1650870391125, 'logs': [], 'name': 'helloworld', 'namespace': 'guest', 'publish': False, 'response': {'result': {'message': 'Hello  My  Nice World Sleep For long time'}, 'status': 'success', 'success': True}, 'start': 1650870371098, 'subject': 'guest', 'version': '0.0.1'}",
        "activationId": "90d5e2aaecb34a2c95e2aaecb37a2c19",
        "client_info": {
            "elapsed_time": 47.510637044906616,
            "blocking": true
        }
    },
    "1c98247e49f14f7e98247e49f10f7e62": {
        "message": "Hello  My  Nice World Sleep For long time",
        "raw": "{'activationId': '1c98247e49f14f7e98247e49f10f7e62', 'annotations': [{'key': 'limits', 'value': {'concurrency': 1, 'logs': 10, 'memory': 128, 'timeout': 60000}}, {'key': 'path', 'value': 'guest/helloworld'}, {'key': 'kind', 'value': 'blackbox'}, {'key': 'waitTime', 'value': 26818}], 'duration': 20025, 'end': 1650870390827, 'logs': [], 'name': 'helloworld', 'namespace': 'guest', 'publish': False, 'response': {'result': {'message': 'Hello  My  Nice World Sleep For long time'}, 'status': 'success', 'success': True}, 'start': 1650870370802, 'subject': 'guest', 'version': '0.0.1'}",
        "activationId": "1c98247e49f14f7e98247e49f10f7e62",
        "client_info": {
            "elapsed_time": 47.20066499710083,
            "blocking": true
        }
    },
    "17ed34cb2d96498dad34cb2d96398d10": {
        "message": "Hello  My  Nice World Sleep For long time",
        "raw": "{'activationId': '17ed34cb2d96498dad34cb2d96398d10', 'annotations': [{'key': 'path', 'value': 'guest/helloworld'}, {'key': 'waitTime', 'value': 6634}, {'key': 'kind', 'value': 'blackbox'}, {'key': 'limits', 'value': {'concurrency': 1, 'logs': 10, 'memory': 128, 'timeout': 60000}}, {'key': 'initTime', 'value': 572}], 'duration': 20600, 'end': 1650870371218, 'logs': [], 'name': 'helloworld', 'namespace': 'guest', 'publish': False, 'response': {'result': {'message': 'Hello  My  Nice World Sleep For long time'}, 'status': 'success', 'success': True}, 'start': 1650870350618, 'subject': 'guest', 'version': '0.0.1'}",
        "activationId": "17ed34cb2d96498dad34cb2d96398d10",
        "client_info": {
            "elapsed_time": 27.589920043945312,
            "blocking": true
        }
    },
    "25898fc52b994a94898fc52b999a9455": {
        "message": "Hello  My  Nice World Sleep For long time",
        "raw": "{'activationId': '25898fc52b994a94898fc52b999a9455', 'annotations': [{'key': 'path', 'value': 'guest/helloworld'}, {'key': 'waitTime', 'value': 6949}, {'key': 'kind', 'value': 'blackbox'}, {'key': 'limits', 'value': {'concurrency': 1, 'logs': 10, 'memory': 128, 'timeout': 60000}}, {'key': 'initTime', 'value': 401}], 'duration': 20445, 'end': 1650870371397, 'logs': [], 'name': 'helloworld', 'namespace': 'guest', 'publish': False, 'response': {'result': {'message': 'Hello  My  Nice World Sleep For long time'}, 'status': 'success', 'success': True}, 'start': 1650870350952, 'subject': 'guest', 'version': '0.0.1'}",
        "activationId": "25898fc52b994a94898fc52b999a9455",
        "client_info": {
            "elapsed_time": 27.766003847122192,
            "blocking": true
        }
    },
    "0bec9971a12247c0ac9971a12267c068": {
        "message": "Hello  My  Nice World Sleep For long time",
        "raw": "{'activationId': '0bec9971a12247c0ac9971a12267c068', 'annotations': [{'key': 'path', 'value': 'guest/helloworld'}, {'key': 'waitTime', 'value': 6905}, {'key': 'kind', 'value': 'blackbox'}, {'key': 'limits', 'value': {'concurrency': 1, 'logs': 10, 'memory': 128, 'timeout': 60000}}, {'key': 'initTime', 'value': 500}], 'duration': 20539, 'end': 1650870371443, 'logs': [], 'name': 'helloworld', 'namespace': 'guest', 'publish': False, 'response': {'result': {'message': 'Hello  My  Nice World Sleep For long time'}, 'status': 'success', 'success': True}, 'start': 1650870350904, 'subject': 'guest', 'version': '0.0.1'}",
        "activationId": "0bec9971a12247c0ac9971a12267c068",
        "client_info": {
            "elapsed_time": 27.845453023910522,
            "blocking": true
        }
    },
    "7423bf6484a74df6a3bf6484a77df6d7": {
        "message": "Hello  My  Nice World Sleep For long time",
        "raw": "{'activationId': '7423bf6484a74df6a3bf6484a77df6d7', 'annotations': [{'key': 'path', 'value': 'guest/helloworld'}, {'key': 'waitTime', 'value': 6819}, {'key': 'kind', 'value': 'blackbox'}, {'key': 'limits', 'value': {'concurrency': 1, 'logs': 10, 'memory': 128, 'timeout': 60000}}, {'key': 'initTime', 'value': 453}], 'duration': 20480, 'end': 1650870371287, 'logs': [], 'name': 'helloworld', 'namespace': 'guest', 'publish': False, 'response': {'result': {'message': 'Hello  My  Nice World Sleep For long time'}, 'status': 'success', 'success': True}, 'start': 1650870350807, 'subject': 'guest', 'version': '0.0.1'}",
        "activationId": "7423bf6484a74df6a3bf6484a77df6d7",
        "client_info": {
            "elapsed_time": 27.651999950408936,
            "blocking": true
        }
    },
    "52b8ccbefa5848aeb8ccbefa5808ae27": {
        "message": "Hello  My  Nice World Sleep For long time",
        "raw": "{'activationId': '52b8ccbefa5848aeb8ccbefa5808ae27', 'annotations': [{'key': 'path', 'value': 'guest/helloworld'}, {'key': 'waitTime', 'value': 6394}, {'key': 'kind', 'value': 'blackbox'}, {'key': 'limits', 'value': {'concurrency': 1, 'logs': 10, 'memory': 128, 'timeout': 60000}}, {'key': 'initTime', 'value': 698}], 'duration': 20732, 'end': 1650870371187, 'logs': [], 'name': 'helloworld', 'namespace': 'guest', 'publish': False, 'response': {'result': {'message': 'Hello  My  Nice World Sleep For long time'}, 'status': 'success', 'success': True}, 'start': 1650870350455, 'subject': 'guest', 'version': '0.0.1'}",
        "activationId": "52b8ccbefa5848aeb8ccbefa5808ae27",
        "client_info": {
            "elapsed_time": 27.54652190208435,
            "blocking": true
        }
    },
    "d58ae4240a2c4e638ae4240a2c6e632f": {
        "message": "Hello  My  Nice World Sleep For long time",
        "raw": "{'activationId': 'd58ae4240a2c4e638ae4240a2c6e632f', 'annotations': [{'key': 'path', 'value': 'guest/helloworld'}, {'key': 'waitTime', 'value': 6274}, {'key': 'kind', 'value': 'blackbox'}, {'key': 'limits', 'value': {'concurrency': 1, 'logs': 10, 'memory': 128, 'timeout': 60000}}, {'key': 'initTime', 'value': 744}], 'duration': 20788, 'end': 1650870371071, 'logs': [], 'name': 'helloworld', 'namespace': 'guest', 'publish': False, 'response': {'result': {'message': 'Hello  My  Nice World Sleep For long time'}, 'status': 'success', 'success': True}, 'start': 1650870350283, 'subject': 'guest', 'version': '0.0.1'}",
        "activationId": "d58ae4240a2c4e638ae4240a2c6e632f",
        "client_info": {
            "elapsed_time": 27.52770209312439,
            "blocking": true
        }
    },
    "client_info": {
        "start_time": "1650870343.5063019",
        "end_time": "1650870391.140144",
        "total_elapsed_time": "47.63384222984314"
    }
}