{
    "838c0f2e-c469-11ec-bf40-e45f01827912": {
        "activationId": "838c0f2e-c469-11ec-bf40-e45f01827912",
        "message": "{\"message1\": \"hmmm 2022-04-25 07:30:21.871803503 +0000 UTC m=+20.122570801 development\"}",
        "client_info": {
            "elapsed_time": 23.138015031814575,
            "blocking": true
        }
    },
    "838ce85e-c469-11ec-900e-e45f01827912": {
        "activationId": "838ce85e-c469-11ec-900e-e45f01827912",
        "message": "{\"message1\": \"hmmm 2022-04-25 07:30:21.989131887 +0000 UTC m=+20.096818977 development\"}",
        "client_info": {
            "elapsed_time": 23.218297958374023,
            "blocking": true
        }
    },
    "8391ad6c-c469-11ec-bab1-e45f01827912": {
        "activationId": "8391ad6c-c469-11ec-bab1-e45f01827912",
        "message": "{\"message1\": \"hmmm 2022-04-25 07:30:21.910947199 +0000 UTC m=+20.104745697 development\"}",
        "client_info": {
            "elapsed_time": 23.211470127105713,
            "blocking": true
        }
    },
    "8389e42e-c469-11ec-9730-e45f01827912": {
        "activationId": "8389e42e-c469-11ec-9730-e45f01827912",
        "message": "{\"message1\": \"hmmm 2022-04-25 07:30:21.909861695 +0000 UTC m=+20.158670625 development\"}",
        "client_info": {
            "elapsed_time": 23.149808883666992,
            "blocking": true
        }
    },
    "8392078a-c469-11ec-a9ed-e45f01827912": {
        "activationId": "8392078a-c469-11ec-a9ed-e45f01827912",
        "message": "{\"message1\": \"hmmm 2022-04-25 07:30:22.652784912 +0000 UTC m=+20.079268753 development\"}",
        "client_info": {
            "elapsed_time": 23.407852172851562,
            "blocking": true
        }
    },
    "client_info": {
        "start_time": "1650871799.707238",
        "end_time": "1650871823.116122",
        "total_elapsed_time": "23.408884048461914"
    }
}