{
    "27de17ed89664da79e17ed8966ada795": {
        "message": "Hello  My  Nice World Sleep For long time",
        "raw": "{'activationId': '27de17ed89664da79e17ed8966ada795', 'annotations': [{'key': 'path', 'value': 'guest/helloworld'}, {'key': 'waitTime', 'value': 4190}, {'key': 'kind', 'value': 'blackbox'}, {'key': 'limits', 'value': {'concurrency': 1, 'logs': 10, 'memory': 128, 'timeout': 60000}}, {'key': 'initTime', 'value': 405}], 'duration': 20491, 'end': 1650870146750, 'logs': [], 'name': 'helloworld', 'namespace': 'guest', 'publish': False, 'response': {'result': {'message': 'Hello  My  Nice World Sleep For long time'}, 'status': 'success', 'success': True}, 'start': 1650870126259, 'subject': 'guest', 'version': '0.0.1'}",
        "activationId": "27de17ed89664da79e17ed8966ada795",
        "client_info": {
            "elapsed_time": 24.895761013031006,
            "blocking": true
        }
    },
    "74eba247f1b84143aba247f1b8a143ea": {
        "message": "Hello  My  Nice World Sleep For long time",
        "raw": "{'activationId': '74eba247f1b84143aba247f1b8a143ea', 'annotations': [{'key': 'path', 'value': 'guest/helloworld'}, {'key': 'waitTime', 'value': 4259}, {'key': 'kind', 'value': 'blackbox'}, {'key': 'limits', 'value': {'concurrency': 1, 'logs': 10, 'memory': 128, 'timeout': 60000}}, {'key': 'initTime', 'value': 367}], 'duration': 20405, 'end': 1650870146713, 'logs': [], 'name': 'helloworld', 'namespace': 'guest', 'publish': False, 'response': {'result': {'message': 'Hello  My  Nice World Sleep For long time'}, 'status': 'success', 'success': True}, 'start': 1650870126308, 'subject': 'guest', 'version': '0.0.1'}",
        "activationId": "74eba247f1b84143aba247f1b8a143ea",
        "client_info": {
            "elapsed_time": 24.849875926971436,
            "blocking": true
        }
    },
    "741d70662ccc4c379d70662cccdc3774": {
        "message": "Hello  My  Nice World Sleep For long time",
        "raw": "{'activationId': '741d70662ccc4c379d70662cccdc3774', 'annotations': [{'key': 'path', 'value': 'guest/helloworld'}, {'key': 'waitTime', 'value': 3993}, {'key': 'kind', 'value': 'blackbox'}, {'key': 'limits', 'value': {'concurrency': 1, 'logs': 10, 'memory': 128, 'timeout': 60000}}, {'key': 'initTime', 'value': 539}], 'duration': 20556, 'end': 1650870146624, 'logs': [], 'name': 'helloworld', 'namespace': 'guest', 'publish': False, 'response': {'result': {'message': 'Hello  My  Nice World Sleep For long time'}, 'status': 'success', 'success': True}, 'start': 1650870126068, 'subject': 'guest', 'version': '0.0.1'}",
        "activationId": "741d70662ccc4c379d70662cccdc3774",
        "client_info": {
            "elapsed_time": 24.78575372695923,
            "blocking": true
        }
    },
    "32a7a59343c5416ca7a59343c5716caa": {
        "message": "Hello  My  Nice World Sleep For long time",
        "raw": "{'activationId': '32a7a59343c5416ca7a59343c5716caa', 'annotations': [{'key': 'path', 'value': 'guest/helloworld'}, {'key': 'waitTime', 'value': 4338}, {'key': 'kind', 'value': 'blackbox'}, {'key': 'limits', 'value': {'concurrency': 1, 'logs': 10, 'memory': 128, 'timeout': 60000}}, {'key': 'initTime', 'value': 361}], 'duration': 20411, 'end': 1650870146829, 'logs': [], 'name': 'helloworld', 'namespace': 'guest', 'publish': False, 'response': {'result': {'message': 'Hello  My  Nice World Sleep For long time'}, 'status': 'success', 'success': True}, 'start': 1650870126418, 'subject': 'guest', 'version': '0.0.1'}",
        "activationId": "32a7a59343c5416ca7a59343c5716caa",
        "client_info": {
            "elapsed_time": 24.975999116897583,
            "blocking": true
        }
    },
    "ad9eb79dcc3b48499eb79dcc3b7849fb": {
        "message": "Hello  My  Nice World Sleep For long time",
        "raw": "{'activationId': 'ad9eb79dcc3b48499eb79dcc3b7849fb', 'annotations': [{'key': 'path', 'value': 'guest/helloworld'}, {'key': 'waitTime', 'value': 4350}, {'key': 'kind', 'value': 'blackbox'}, {'key': 'limits', 'value': {'concurrency': 1, 'logs': 10, 'memory': 128, 'timeout': 60000}}, {'key': 'initTime', 'value': 309}], 'duration': 20338, 'end': 1650870146803, 'logs': [], 'name': 'helloworld', 'namespace': 'guest', 'publish': False, 'response': {'result': {'message': 'Hello  My  Nice World Sleep For long time'}, 'status': 'success', 'success': True}, 'start': 1650870126465, 'subject': 'guest', 'version': '0.0.1'}",
        "activationId": "ad9eb79dcc3b48499eb79dcc3b7849fb",
        "client_info": {
            "elapsed_time": 24.944857120513916,
            "blocking": true
        }
    },
    "7fc88f768e474ba2888f768e478ba2e1": {
        "message": "Hello  My  Nice World Sleep For long time",
        "raw": "{'activationId': '7fc88f768e474ba2888f768e478ba2e1', 'annotations': [{'key': 'path', 'value': 'guest/helloworld'}, {'key': 'waitTime', 'value': 4039}, {'key': 'kind', 'value': 'blackbox'}, {'key': 'limits', 'value': {'concurrency': 1, 'logs': 10, 'memory': 128, 'timeout': 60000}}, {'key': 'initTime', 'value': 602}], 'duration': 20631, 'end': 1650870146751, 'logs': [], 'name': 'helloworld', 'namespace': 'guest', 'publish': False, 'response': {'result': {'message': 'Hello  My  Nice World Sleep For long time'}, 'status': 'success', 'success': True}, 'start': 1650870126120, 'subject': 'guest', 'version': '0.0.1'}",
        "activationId": "7fc88f768e474ba2888f768e478ba2e1",
        "client_info": {
            "elapsed_time": 24.90255308151245,
            "blocking": true
        }
    },
    "client_info": {
        "start_time": "1650870121.760344",
        "end_time": "1650870146.739607",
        "total_elapsed_time": "24.979263067245483"
    }
}