{
    "fe76d642-c469-11ec-8109-e45f01827912": {
        "activationId": "fe76d642-c469-11ec-8109-e45f01827912",
        "message": "{\"message1\": \"hmmm 2022-04-25 07:33:50.27554216 +0000 UTC m=+20.108813457 development\"}",
        "client_info": {
            "elapsed_time": 24.854163885116577,
            "blocking": true
        }
    },
    "fe7ad706-c469-11ec-9075-e45f01827912": {
        "activationId": "fe7ad706-c469-11ec-9075-e45f01827912",
        "message": "{\"message1\": \"hmmm 2022-04-25 07:33:50.494078064 +0000 UTC m=+20.080861553 development\"}",
        "client_info": {
            "elapsed_time": 25.38999915122986,
            "blocking": true
        }
    },
    "fe77726e-c469-11ec-ad65-e45f01827912": {
        "activationId": "fe77726e-c469-11ec-ad65-e45f01827912",
        "message": "{\"message1\": \"hmmm 2022-04-25 07:33:49.177873407 +0000 UTC m=+20.371114577 development\"}",
        "client_info": {
            "elapsed_time": 23.457989931106567,
            "blocking": true
        }
    },
    "fe885ebc-c469-11ec-995e-e45f01827912": {
        "activationId": "fe885ebc-c469-11ec-995e-e45f01827912",
        "message": "{\"message1\": \"hmmm 2022-04-25 07:33:50.622542688 +0000 UTC m=+20.138822977 development\"}",
        "client_info": {
            "elapsed_time": 25.241180181503296,
            "blocking": true
        }
    },
    "fe7a1e10-c469-11ec-8261-e45f01827912": {
        "activationId": "fe7a1e10-c469-11ec-8261-e45f01827912",
        "message": "{\"message1\": \"hmmm 2022-04-25 07:33:48.820158 +0000 UTC m=+20.252126049 development\"}",
        "client_info": {
            "elapsed_time": 23.07184410095215,
            "blocking": true
        }
    },
    "fe8fbd10-c469-11ec-a608-e45f01827912": {
        "activationId": "fe8fbd10-c469-11ec-a608-e45f01827912",
        "message": "{\"message1\": \"hmmm 2022-04-25 07:33:49.307001168 +0000 UTC m=+20.574375953 development\"}",
        "client_info": {
            "elapsed_time": 23.59149193763733,
            "blocking": true
        }
    },
    "fe7b614e-c469-11ec-b3ab-e45f01827912": {
        "activationId": "fe7b614e-c469-11ec-b3ab-e45f01827912",
        "message": "{\"message1\": \"hmmm 2022-04-25 07:33:50.537350591 +0000 UTC m=+20.128396769 development\"}",
        "client_info": {
            "elapsed_time": 25.229017734527588,
            "blocking": true
        }
    },
    "fe7f7ffe-c469-11ec-999f-e45f01827912": {
        "activationId": "fe7f7ffe-c469-11ec-999f-e45f01827912",
        "message": "{\"message1\": \"hmmm 2022-04-25 07:33:50.591549056 +0000 UTC m=+20.164068241 development\"}",
        "client_info": {
            "elapsed_time": 25.221680164337158,
            "blocking": true
        }
    },
    "fe88c8d4-c469-11ec-b613-e45f01827912": {
        "activationId": "fe88c8d4-c469-11ec-b613-e45f01827912",
        "message": "{\"message1\": \"hmmm 2022-04-25 07:33:50.712242495 +0000 UTC m=+20.165013409 development\"}",
        "client_info": {
            "elapsed_time": 25.293829917907715,
            "blocking": true
        }
    },
    "fe808246-c469-11ec-880e-e45f01827912": {
        "activationId": "fe808246-c469-11ec-880e-e45f01827912",
        "message": "{\"message1\": \"hmmm 2022-04-25 07:33:50.101826752 +0000 UTC m=+20.122817537 development\"}",
        "client_info": {
            "elapsed_time": 24.589596033096313,
            "blocking": true
        }
    },
    "fe8f4088-c469-11ec-8742-e45f01827912": {
        "activationId": "fe8f4088-c469-11ec-8742-e45f01827912",
        "message": "{\"message1\": \"hmmm 2022-04-25 07:33:50.461302399 +0000 UTC m=+20.140090385 development\"}",
        "client_info": {
            "elapsed_time": 25.09718608856201,
            "blocking": true
        }
    },
    "client_info": {
        "start_time": "1650872005.972057",
        "end_time": "1650872031.3627782",
        "total_elapsed_time": "25.390721082687378"
    }
}