{
    "b8bad3f6ca2248a2bad3f6ca22e8a2d2": {
        "message": "Hello  My  Nice World Sleep For long time",
        "raw": "{'activationId': 'b8bad3f6ca2248a2bad3f6ca22e8a2d2', 'annotations': [{'key': 'path', 'value': 'guest/helloworld'}, {'key': 'waitTime', 'value': 5889}, {'key': 'kind', 'value': 'blackbox'}, {'key': 'limits', 'value': {'concurrency': 1, 'logs': 10, 'memory': 128, 'timeout': 60000}}, {'key': 'initTime', 'value': 654}], 'duration': 20692, 'end': 1650870544463, 'logs': [], 'name': 'helloworld', 'namespace': 'guest', 'publish': False, 'response': {'result': {'message': 'Hello  My  Nice World Sleep For long time'}, 'status': 'success', 'success': True}, 'start': 1650870523771, 'subject': 'guest', 'version': '0.0.1'}",
        "activationId": "b8bad3f6ca2248a2bad3f6ca22e8a2d2",
        "client_info": {
            "elapsed_time": 26.899213075637817,
            "blocking": true
        }
    },
    "6405f212fabe4a1785f212fabe8a17b8": {
        "message": "Hello  My  Nice World Sleep For long time",
        "raw": "{'activationId': '6405f212fabe4a1785f212fabe8a17b8', 'annotations': [{'key': 'limits', 'value': {'concurrency': 1, 'logs': 10, 'memory': 128, 'timeout': 60000}}, {'key': 'path', 'value': 'guest/helloworld'}, {'key': 'kind', 'value': 'blackbox'}, {'key': 'waitTime', 'value': 27819}], 'duration': 20009, 'end': 1650870565734, 'logs': [], 'name': 'helloworld', 'namespace': 'guest', 'publish': False, 'response': {'result': {'message': 'Hello  My  Nice World Sleep For long time'}, 'status': 'success', 'success': True}, 'start': 1650870545725, 'subject': 'guest', 'version': '0.0.1'}",
        "activationId": "6405f212fabe4a1785f212fabe8a17b8",
        "client_info": {
            "elapsed_time": 48.13903617858887,
            "blocking": true
        }
    },
    "2204f83351314fbe84f83351318fbe97": {
        "message": "Hello  My  Nice World Sleep For long time",
        "raw": "{'activationId': '2204f83351314fbe84f83351318fbe97', 'annotations': [{'key': 'path', 'value': 'guest/helloworld'}, {'key': 'waitTime', 'value': 7458}, {'key': 'kind', 'value': 'blackbox'}, {'key': 'limits', 'value': {'concurrency': 1, 'logs': 10, 'memory': 128, 'timeout': 60000}}, {'key': 'initTime', 'value': 317}], 'duration': 20339, 'end': 1650870545709, 'logs': [], 'name': 'helloworld', 'namespace': 'guest', 'publish': False, 'response': {'result': {'message': 'Hello  My  Nice World Sleep For long time'}, 'status': 'success', 'success': True}, 'start': 1650870525370, 'subject': 'guest', 'version': '0.0.1'}",
        "activationId": "2204f83351314fbe84f83351318fbe97",
        "client_info": {
            "elapsed_time": 28.09187602996826,
            "blocking": true
        }
    },
    "f8b4cebe7aed4dabb4cebe7aed4dab60": {
        "message": "Hello  My  Nice World Sleep For long time",
        "raw": "{'activationId': 'f8b4cebe7aed4dabb4cebe7aed4dab60', 'annotations': [{'key': 'limits', 'value': {'concurrency': 1, 'logs': 10, 'memory': 128, 'timeout': 60000}}, {'key': 'path', 'value': 'guest/helloworld'}, {'key': 'kind', 'value': 'blackbox'}, {'key': 'waitTime', 'value': 27011}], 'duration': 20028, 'end': 1650870564953, 'logs': [], 'name': 'helloworld', 'namespace': 'guest', 'publish': False, 'response': {'result': {'message': 'Hello  My  Nice World Sleep For long time'}, 'status': 'success', 'success': True}, 'start': 1650870544925, 'subject': 'guest', 'version': '0.0.1'}",
        "activationId": "f8b4cebe7aed4dabb4cebe7aed4dab60",
        "client_info": {
            "elapsed_time": 47.33526086807251,
            "blocking": true
        }
    },
    "056199f8df004875a199f8df002875d1": {
        "message": "Hello  My  Nice World Sleep For long time",
        "raw": "{'activationId': '056199f8df004875a199f8df002875d1', 'annotations': [{'key': 'path', 'value': 'guest/helloworld'}, {'key': 'waitTime', 'value': 7044}, {'key': 'kind', 'value': 'blackbox'}, {'key': 'limits', 'value': {'concurrency': 1, 'logs': 10, 'memory': 128, 'timeout': 60000}}, {'key': 'initTime', 'value': 620}], 'duration': 20654, 'end': 1650870545611, 'logs': [], 'name': 'helloworld', 'namespace': 'guest', 'publish': False, 'response': {'result': {'message': 'Hello  My  Nice World Sleep For long time'}, 'status': 'success', 'success': True}, 'start': 1650870524957, 'subject': 'guest', 'version': '0.0.1'}",
        "activationId": "056199f8df004875a199f8df002875d1",
        "client_info": {
            "elapsed_time": 28.048280000686646,
            "blocking": true
        }
    },
    "cad6a3ba90dc425b96a3ba90dc125b99": {
        "message": "Hello  My  Nice World Sleep For long time",
        "raw": "{'activationId': 'cad6a3ba90dc425b96a3ba90dc125b99', 'annotations': [{'key': 'limits', 'value': {'concurrency': 1, 'logs': 10, 'memory': 128, 'timeout': 60000}}, {'key': 'path', 'value': 'guest/helloworld'}, {'key': 'kind', 'value': 'blackbox'}, {'key': 'waitTime', 'value': 27926}], 'duration': 20051, 'end': 1650870565887, 'logs': [], 'name': 'helloworld', 'namespace': 'guest', 'publish': False, 'response': {'result': {'message': 'Hello  My  Nice World Sleep For long time'}, 'status': 'success', 'success': True}, 'start': 1650870545836, 'subject': 'guest', 'version': '0.0.1'}",
        "activationId": "cad6a3ba90dc425b96a3ba90dc125b99",
        "client_info": {
            "elapsed_time": 48.272202014923096,
            "blocking": true
        }
    },
    "ac43bf20a5c1475f83bf20a5c1b75fb3": {
        "message": "Hello  My  Nice World Sleep For long time",
        "raw": "{'activationId': 'ac43bf20a5c1475f83bf20a5c1b75fb3', 'annotations': [{'key': 'path', 'value': 'guest/helloworld'}, {'key': 'waitTime', 'value': 7264}, {'key': 'kind', 'value': 'blackbox'}, {'key': 'limits', 'value': {'concurrency': 1, 'logs': 10, 'memory': 128, 'timeout': 60000}}, {'key': 'initTime', 'value': 626}], 'duration': 20658, 'end': 1650870545843, 'logs': [], 'name': 'helloworld', 'namespace': 'guest', 'publish': False, 'response': {'result': {'message': 'Hello  My  Nice World Sleep For long time'}, 'status': 'success', 'success': True}, 'start': 1650870525185, 'subject': 'guest', 'version': '0.0.1'}",
        "activationId": "ac43bf20a5c1475f83bf20a5c1b75fb3",
        "client_info": {
            "elapsed_time": 28.23867106437683,
            "blocking": true
        }
    },
    "947cb109315f4c91bcb109315f3c91a2": {
        "message": "Hello  My  Nice World Sleep For long time",
        "raw": "{'activationId': '947cb109315f4c91bcb109315f3c91a2', 'annotations': [{'key': 'path', 'value': 'guest/helloworld'}, {'key': 'waitTime', 'value': 7309}, {'key': 'kind', 'value': 'blackbox'}, {'key': 'limits', 'value': {'concurrency': 1, 'logs': 10, 'memory': 128, 'timeout': 60000}}, {'key': 'initTime', 'value': 628}], 'duration': 20669, 'end': 1650870545860, 'logs': [], 'name': 'helloworld', 'namespace': 'guest', 'publish': False, 'response': {'result': {'message': 'Hello  My  Nice World Sleep For long time'}, 'status': 'success', 'success': True}, 'start': 1650870525191, 'subject': 'guest', 'version': '0.0.1'}",
        "activationId": "947cb109315f4c91bcb109315f3c91a2",
        "client_info": {
            "elapsed_time": 28.244991064071655,
            "blocking": true
        }
    },
    "9b270cd7502c4d79a70cd7502c5d797b": {
        "message": "Hello  My  Nice World Sleep For long time",
        "raw": "{'activationId': '9b270cd7502c4d79a70cd7502c5d797b', 'annotations': [{'key': 'path', 'value': 'guest/helloworld'}, {'key': 'waitTime', 'value': 6357}, {'key': 'kind', 'value': 'blackbox'}, {'key': 'limits', 'value': {'concurrency': 1, 'logs': 10, 'memory': 128, 'timeout': 60000}}, {'key': 'initTime', 'value': 577}], 'duration': 20628, 'end': 1650870544899, 'logs': [], 'name': 'helloworld', 'namespace': 'guest', 'publish': False, 'response': {'result': {'message': 'Hello  My  Nice World Sleep For long time'}, 'status': 'success', 'success': True}, 'start': 1650870524271, 'subject': 'guest', 'version': '0.0.1'}",
        "activationId": "9b270cd7502c4d79a70cd7502c5d797b",
        "client_info": {
            "elapsed_time": 27.32363510131836,
            "blocking": true
        }
    },
    "657b124bf35848b2bb124bf35858b2f7": {
        "message": "Hello  My  Nice World Sleep For long time",
        "raw": "{'activationId': '657b124bf35848b2bb124bf35858b2f7', 'annotations': [{'key': 'path', 'value': 'guest/helloworld'}, {'key': 'waitTime', 'value': 7158}, {'key': 'kind', 'value': 'blackbox'}, {'key': 'limits', 'value': {'concurrency': 1, 'logs': 10, 'memory': 128, 'timeout': 60000}}, {'key': 'initTime', 'value': 716}], 'duration': 20751, 'end': 1650870545821, 'logs': [], 'name': 'helloworld', 'namespace': 'guest', 'publish': False, 'response': {'result': {'message': 'Hello  My  Nice World Sleep For long time'}, 'status': 'success', 'success': True}, 'start': 1650870525070, 'subject': 'guest', 'version': '0.0.1'}",
        "activationId": "657b124bf35848b2bb124bf35858b2f7",
        "client_info": {
            "elapsed_time": 28.188015699386597,
            "blocking": true
        }
    },
    "7c8e89d86e2c4ae98e89d86e2c0ae935": {
        "message": "Hello  My  Nice World Sleep For long time",
        "raw": "{'activationId': '7c8e89d86e2c4ae98e89d86e2c0ae935', 'annotations': [{'key': 'path', 'value': 'guest/helloworld'}, {'key': 'waitTime', 'value': 7387}, {'key': 'kind', 'value': 'blackbox'}, {'key': 'limits', 'value': {'concurrency': 1, 'logs': 10, 'memory': 128, 'timeout': 60000}}, {'key': 'initTime', 'value': 509}], 'duration': 20543, 'end': 1650870545852, 'logs': [], 'name': 'helloworld', 'namespace': 'guest', 'publish': False, 'response': {'result': {'message': 'Hello  My  Nice World Sleep For long time'}, 'status': 'success', 'success': True}, 'start': 1650870525309, 'subject': 'guest', 'version': '0.0.1'}",
        "activationId": "7c8e89d86e2c4ae98e89d86e2c0ae935",
        "client_info": {
            "elapsed_time": 28.235821962356567,
            "blocking": true
        }
    },
    "f93b1146ae764d38bb1146ae761d38ca": {
        "message": "Hello  My  Nice World Sleep For long time",
        "raw": "{'activationId': 'f93b1146ae764d38bb1146ae761d38ca', 'annotations': [{'key': 'limits', 'value': {'concurrency': 1, 'logs': 10, 'memory': 128, 'timeout': 60000}}, {'key': 'path', 'value': 'guest/helloworld'}, {'key': 'kind', 'value': 'blackbox'}, {'key': 'waitTime', 'value': 27911}], 'duration': 20031, 'end': 1650870565933, 'logs': [], 'name': 'helloworld', 'namespace': 'guest', 'publish': False, 'response': {'result': {'message': 'Hello  My  Nice World Sleep For long time'}, 'status': 'success', 'success': True}, 'start': 1650870545902, 'subject': 'guest', 'version': '0.0.1'}",
        "activationId": "f93b1146ae764d38bb1146ae761d38ca",
        "client_info": {
            "elapsed_time": 48.30930209159851,
            "blocking": true
        }
    },
    "3d65b894d5584feda5b894d558afed09": {
        "message": "Hello  My  Nice World Sleep For long time",
        "raw": "{'activationId': '3d65b894d5584feda5b894d558afed09', 'annotations': [{'key': 'limits', 'value': {'concurrency': 1, 'logs': 10, 'memory': 128, 'timeout': 60000}}, {'key': 'path', 'value': 'guest/helloworld'}, {'key': 'kind', 'value': 'blackbox'}, {'key': 'waitTime', 'value': 26579}], 'duration': 20036, 'end': 1650870564518, 'logs': [], 'name': 'helloworld', 'namespace': 'guest', 'publish': False, 'response': {'result': {'message': 'Hello  My  Nice World Sleep For long time'}, 'status': 'success', 'success': True}, 'start': 1650870544482, 'subject': 'guest', 'version': '0.0.1'}",
        "activationId": "3d65b894d5584feda5b894d558afed09",
        "client_info": {
            "elapsed_time": 46.88231706619263,
            "blocking": true
        }
    },
    "d6d9f8021a24458399f8021a24c58369": {
        "message": "Hello  My  Nice World Sleep For long time",
        "raw": "{'activationId': 'd6d9f8021a24458399f8021a24c58369', 'annotations': [{'key': 'limits', 'value': {'concurrency': 1, 'logs': 10, 'memory': 128, 'timeout': 60000}}, {'key': 'path', 'value': 'guest/helloworld'}, {'key': 'kind', 'value': 'blackbox'}, {'key': 'waitTime', 'value': 27717}], 'duration': 20023, 'end': 1650870565648, 'logs': [], 'name': 'helloworld', 'namespace': 'guest', 'publish': False, 'response': {'result': {'message': 'Hello  My  Nice World Sleep For long time'}, 'status': 'success', 'success': True}, 'start': 1650870545625, 'subject': 'guest', 'version': '0.0.1'}",
        "activationId": "d6d9f8021a24458399f8021a24c58369",
        "client_info": {
            "elapsed_time": 48.00496172904968,
            "blocking": true
        }
    },
    "client_info": {
        "start_time": "1650870517.485834",
        "end_time": "1650870565.816305",
        "total_elapsed_time": "48.33047103881836"
    }
}