{
    "6d514188-c46a-11ec-98c7-e45f01827912": {
        "activationId": "6d514188-c46a-11ec-98c7-e45f01827912",
        "message": "{\"message1\": \"hmmm 2022-04-25 07:36:57.93597512 +0000 UTC m=+20.110611105 development\"}",
        "client_info": {
            "elapsed_time": 26.439608097076416,
            "blocking": true
        }
    },
    "6d6810c0-c46a-11ec-a394-e45f01827912": {
        "activationId": "6d6810c0-c46a-11ec-a394-e45f01827912",
        "message": "{\"message1\": \"hmmm 2022-04-25 07:36:57.434241343 +0000 UTC m=+20.197069217 development\"}",
        "client_info": {
            "elapsed_time": 26.4390971660614,
            "blocking": true
        }
    },
    "6d59c632-c46a-11ec-b8d0-e45f01827912": {
        "activationId": "6d59c632-c46a-11ec-b8d0-e45f01827912",
        "message": "{\"message1\": \"hmmm 2022-04-25 07:36:57.17347792 +0000 UTC m=+20.110058929 development\"}",
        "client_info": {
            "elapsed_time": 25.95837092399597,
            "blocking": true
        }
    },
    "6d5fd4aa-c46a-11ec-aad8-e45f01827912": {
        "activationId": "6d5fd4aa-c46a-11ec-aad8-e45f01827912",
        "message": "{\"message1\": \"hmmm 2022-04-25 07:36:56.976941535 +0000 UTC m=+20.249651473 development\"}",
        "client_info": {
            "elapsed_time": 25.876059770584106,
            "blocking": true
        }
    },
    "6d5ed0be-c46a-11ec-a950-e45f01827912": {
        "activationId": "6d5ed0be-c46a-11ec-a950-e45f01827912",
        "message": "{\"message1\": \"hmmm 2022-04-25 07:36:55.514095968 +0000 UTC m=+20.262164609 development\"}",
        "client_info": {
            "elapsed_time": 24.244827270507812,
            "blocking": true
        }
    },
    "6d4e24b2-c46a-11ec-b706-e45f01827912": {
        "activationId": "6d4e24b2-c46a-11ec-b706-e45f01827912",
        "message": "{\"message1\": \"hmmm 2022-04-25 07:36:54.774440512 +0000 UTC m=+20.122727921 development\"}",
        "client_info": {
            "elapsed_time": 23.234228134155273,
            "blocking": true
        }
    },
    "6d4ecf16-c46a-11ec-af41-e45f01827912": {
        "activationId": "6d4ecf16-c46a-11ec-af41-e45f01827912",
        "message": "{\"message1\": \"hmmm 2022-04-25 07:36:56.435458607 +0000 UTC m=+20.623840465 development\"}",
        "client_info": {
            "elapsed_time": 25.16369915008545,
            "blocking": true
        }
    },
    "6d51f0ec-c46a-11ec-ae9e-e45f01827912": {
        "activationId": "6d51f0ec-c46a-11ec-ae9e-e45f01827912",
        "message": "{\"message1\": \"hmmm 2022-04-25 07:36:54.818877968 +0000 UTC m=+20.134665489 development\"}",
        "client_info": {
            "elapsed_time": 23.263839960098267,
            "blocking": true
        }
    },
    "6d62203e-c46a-11ec-8533-e45f01827912": {
        "activationId": "6d62203e-c46a-11ec-8533-e45f01827912",
        "message": "{\"message1\": \"hmmm 2022-04-25 07:36:56.813211904 +0000 UTC m=+20.112641441 development\"}",
        "client_info": {
            "elapsed_time": 25.720962047576904,
            "blocking": true
        }
    },
    "6d5775c6-c46a-11ec-a489-e45f01827912": {
        "activationId": "6d5775c6-c46a-11ec-a489-e45f01827912",
        "message": "{\"message1\": \"hmmm 2022-04-25 07:36:54.792503408 +0000 UTC m=+20.112789281 development\"}",
        "client_info": {
            "elapsed_time": 23.242919921875,
            "blocking": true
        }
    },
    "6d6f4368-c46a-11ec-affd-e45f01827912": {
        "activationId": "6d6f4368-c46a-11ec-affd-e45f01827912",
        "message": "{\"message1\": \"hmmm 2022-04-25 07:36:57.140866384 +0000 UTC m=+20.374088769 development\"}",
        "client_info": {
            "elapsed_time": 26.06728506088257,
            "blocking": true
        }
    },
    "6d68ea54-c46a-11ec-900e-e45f01827912": {
        "activationId": "6d68ea54-c46a-11ec-900e-e45f01827912",
        "message": "{\"message1\": \"hmmm 2022-04-25 07:36:57.617173344 +0000 UTC m=+20.095576721 development\"}",
        "client_info": {
            "elapsed_time": 26.71888279914856,
            "blocking": true
        }
    },
    "6d7071c0-c46a-11ec-9020-e45f01827912": {
        "activationId": "6d7071c0-c46a-11ec-9020-e45f01827912",
        "message": "{\"message1\": \"hmmm 2022-04-25 07:36:57.09379176 +0000 UTC m=+20.120237313 development\"}",
        "client_info": {
            "elapsed_time": 26.181211709976196,
            "blocking": true
        }
    },
    "6d7f704e-c46a-11ec-8689-e45f01827912": {
        "activationId": "6d7f704e-c46a-11ec-8689-e45f01827912",
        "message": "{\"message1\": \"hmmm 2022-04-25 07:36:58.560596944 +0000 UTC m=+20.116712753 development\"}",
        "client_info": {
            "elapsed_time": 26.71791124343872,
            "blocking": true
        }
    },
    "6d7a0046-c46a-11ec-bcd1-e45f01827912": {
        "activationId": "6d7a0046-c46a-11ec-bcd1-e45f01827912",
        "message": "{\"message1\": \"hmmm 2022-04-25 07:36:57.823458223 +0000 UTC m=+20.101744161 development\"}",
        "client_info": {
            "elapsed_time": 26.747770071029663,
            "blocking": true
        }
    },
    "6d7561bc-c46a-11ec-8334-e45f01827912": {
        "activationId": "6d7561bc-c46a-11ec-8334-e45f01827912",
        "message": "{\"message1\": \"hmmm 2022-04-25 07:36:58.352112832 +0000 UTC m=+20.116682417 development\"}",
        "client_info": {
            "elapsed_time": 26.76583695411682,
            "blocking": true
        }
    },
    "client_info": {
        "start_time": "1650872191.8912199",
        "end_time": "1650872218.659591",
        "total_elapsed_time": "26.768371105194092"
    }
}