{
    "13a6347c-c46a-11ec-beb4-e45f01827912": {
        "activationId": "13a6347c-c46a-11ec-beb4-e45f01827912",
        "message": "{\"message1\": \"hmmm 2022-04-25 07:34:24.981048255 +0000 UTC m=+20.488666401 development\"}",
        "client_info": {
            "elapsed_time": 24.33340811729431,
            "blocking": true
        }
    },
    "13b3d172-c46a-11ec-944a-e45f01827912": {
        "activationId": "13b3d172-c46a-11ec-944a-e45f01827912",
        "message": "{\"message1\": \"hmmm 2022-04-25 07:34:25.53942568 +0000 UTC m=+20.111048001 development\"}",
        "client_info": {
            "elapsed_time": 25.049256801605225,
            "blocking": true
        }
    },
    "13af728a-c46a-11ec-bfde-e45f01827912": {
        "activationId": "13af728a-c46a-11ec-bfde-e45f01827912",
        "message": "{\"message1\": \"hmmm 2022-04-25 07:34:26.095793344 +0000 UTC m=+20.234949985 development\"}",
        "client_info": {
            "elapsed_time": 25.250160932540894,
            "blocking": true
        }
    },
    "13aac50a-c46a-11ec-964a-e45f01827912": {
        "activationId": "13aac50a-c46a-11ec-964a-e45f01827912",
        "message": "{\"message1\": \"hmmm 2022-04-25 07:34:26.210051936 +0000 UTC m=+20.113117329 development\"}",
        "client_info": {
            "elapsed_time": 24.742000818252563,
            "blocking": true
        }
    },
    "13bda792-c46a-11ec-80f6-e45f01827912": {
        "activationId": "13bda792-c46a-11ec-80f6-e45f01827912",
        "message": "{\"message1\": \"hmmm 2022-04-25 07:34:26.268465375 +0000 UTC m=+20.110750401 development\"}",
        "client_info": {
            "elapsed_time": 25.796931743621826,
            "blocking": true
        }
    },
    "13c1bfe4-c46a-11ec-a61d-e45f01827912": {
        "activationId": "13c1bfe4-c46a-11ec-a61d-e45f01827912",
        "message": "{\"message1\": \"hmmm 2022-04-25 07:34:26.311415744 +0000 UTC m=+20.196036001 development\"}",
        "client_info": {
            "elapsed_time": 25.77259373664856,
            "blocking": true
        }
    },
    "13a5d702-c46a-11ec-b9ef-e45f01827912": {
        "activationId": "13a5d702-c46a-11ec-b9ef-e45f01827912",
        "message": "{\"message1\": \"hmmm 2022-04-25 07:34:25.976140304 +0000 UTC m=+20.102955105 development\"}",
        "client_info": {
            "elapsed_time": 25.366142988204956,
            "blocking": true
        }
    },
    "13a51146-c46a-11ec-85bb-e45f01827912": {
        "activationId": "13a51146-c46a-11ec-85bb-e45f01827912",
        "message": "{\"message1\": \"hmmm 2022-04-25 07:34:24.085030576 +0000 UTC m=+20.344379809 development\"}",
        "client_info": {
            "elapsed_time": 23.415306091308594,
            "blocking": true
        }
    },
    "13a6b6ae-c46a-11ec-ab14-e45f01827912": {
        "activationId": "13a6b6ae-c46a-11ec-ab14-e45f01827912",
        "message": "{\"message1\": \"hmmm 2022-04-25 07:34:26.733571184 +0000 UTC m=+20.168895041 development\"}",
        "client_info": {
            "elapsed_time": 25.691145420074463,
            "blocking": true
        }
    },
    "13bccb42-c46a-11ec-b044-e45f01827912": {
        "activationId": "13bccb42-c46a-11ec-b044-e45f01827912",
        "message": "{\"message1\": \"hmmm 2022-04-25 07:34:26.62960712 +0000 UTC m=+20.110786129 development\"}",
        "client_info": {
            "elapsed_time": 25.724375009536743,
            "blocking": true
        }
    },
    "13b6439e-c46a-11ec-9d49-e45f01827912": {
        "activationId": "13b6439e-c46a-11ec-9d49-e45f01827912",
        "message": "{\"message1\": \"hmmm 2022-04-25 07:34:26.888589279 +0000 UTC m=+20.100623297 development\"}",
        "client_info": {
            "elapsed_time": 25.581466913223267,
            "blocking": true
        }
    },
    "13c4c82e-c46a-11ec-86c7-e45f01827912": {
        "activationId": "13c4c82e-c46a-11ec-86c7-e45f01827912",
        "message": "{\"message1\": \"hmmm 2022-04-25 07:34:26.18944312 +0000 UTC m=+20.183599121 development\"}",
        "client_info": {
            "elapsed_time": 25.726353883743286,
            "blocking": true
        }
    },
    "client_info": {
        "start_time": "1650872041.502058",
        "end_time": "1650872067.299988",
        "total_elapsed_time": "25.797930002212524"
    }
}