{
    "6fc3a560-c469-11ec-9c17-e45f01827912": {
        "activationId": "6fc3a560-c469-11ec-9c17-e45f01827912",
        "message": "{\"message1\": \"hmmm 2022-04-25 07:29:48.789078111 +0000 UTC m=+20.100639537 development\"}",
        "client_info": {
            "elapsed_time": 22.968655109405518,
            "blocking": true
        }
    },
    "6fc9ab18-c469-11ec-90ad-e45f01827912": {
        "activationId": "6fc9ab18-c469-11ec-90ad-e45f01827912",
        "message": "{\"message1\": \"hmmm 2022-04-25 07:29:48.762286656 +0000 UTC m=+20.130175969 development\"}",
        "client_info": {
            "elapsed_time": 22.927491903305054,
            "blocking": true
        }
    },
    "6fc4cdf0-c469-11ec-9421-e45f01827912": {
        "activationId": "6fc4cdf0-c469-11ec-9421-e45f01827912",
        "message": "{\"message1\": \"hmmm 2022-04-25 07:29:48.774404431 +0000 UTC m=+20.092279489 development\"}",
        "client_info": {
            "elapsed_time": 22.972941160202026,
            "blocking": true
        }
    },
    "6fc435a2-c469-11ec-abb6-e45f01827912": {
        "activationId": "6fc435a2-c469-11ec-abb6-e45f01827912",
        "message": "{\"message1\": \"hmmm 2022-04-25 07:29:48.764388287 +0000 UTC m=+20.129626753 development\"}",
        "client_info": {
            "elapsed_time": 22.91130018234253,
            "blocking": true
        }
    },
    "client_info": {
        "start_time": "1650871766.5991309",
        "end_time": "1650871789.572695",
        "total_elapsed_time": "22.97356414794922"
    }
}