{
    "73e1312fa3fc40f5a1312fa3fc20f597": {
        "message": "Hello  My  Nice World Sleep For long time",
        "raw": "{'activationId': '73e1312fa3fc40f5a1312fa3fc20f597', 'annotations': [{'key': 'path', 'value': 'guest/helloworld'}, {'key': 'waitTime', 'value': 4136}, {'key': 'kind', 'value': 'blackbox'}, {'key': 'limits', 'value': {'concurrency': 1, 'logs': 10, 'memory': 128, 'timeout': 60000}}, {'key': 'initTime', 'value': 241}], 'duration': 20272, 'end': 1650870111690, 'logs': [], 'name': 'helloworld', 'namespace': 'guest', 'publish': False, 'response': {'result': {'message': 'Hello  My  Nice World Sleep For long time'}, 'status': 'success', 'success': True}, 'start': 1650870091418, 'subject': 'guest', 'version': '0.0.1'}",
        "activationId": "73e1312fa3fc40f5a1312fa3fc20f597",
        "client_info": {
            "elapsed_time": 24.587252140045166,
            "blocking": true
        }
    },
    "cc37f79ccf7c451ab7f79ccf7c351a28": {
        "message": "Hello  My  Nice World Sleep For long time",
        "raw": "{'activationId': 'cc37f79ccf7c451ab7f79ccf7c351a28', 'annotations': [{'key': 'path', 'value': 'guest/helloworld'}, {'key': 'waitTime', 'value': 3732}, {'key': 'kind', 'value': 'blackbox'}, {'key': 'limits', 'value': {'concurrency': 1, 'logs': 10, 'memory': 128, 'timeout': 60000}}, {'key': 'initTime', 'value': 332}], 'duration': 20382, 'end': 1650870111470, 'logs': [], 'name': 'helloworld', 'namespace': 'guest', 'publish': False, 'response': {'result': {'message': 'Hello  My  Nice World Sleep For long time'}, 'status': 'success', 'success': True}, 'start': 1650870091088, 'subject': 'guest', 'version': '0.0.1'}",
        "activationId": "cc37f79ccf7c451ab7f79ccf7c351a28",
        "client_info": {
            "elapsed_time": 24.344220876693726,
            "blocking": true
        }
    },
    "1bf8eb23a1da4dc3b8eb23a1daedc325": {
        "message": "Hello  My  Nice World Sleep For long time",
        "raw": "{'activationId': '1bf8eb23a1da4dc3b8eb23a1daedc325', 'annotations': [{'key': 'path', 'value': 'guest/helloworld'}, {'key': 'waitTime', 'value': 3979}, {'key': 'kind', 'value': 'blackbox'}, {'key': 'limits', 'value': {'concurrency': 1, 'logs': 10, 'memory': 128, 'timeout': 60000}}, {'key': 'initTime', 'value': 295}], 'duration': 20328, 'end': 1650870111623, 'logs': [], 'name': 'helloworld', 'namespace': 'guest', 'publish': False, 'response': {'result': {'message': 'Hello  My  Nice World Sleep For long time'}, 'status': 'success', 'success': True}, 'start': 1650870091295, 'subject': 'guest', 'version': '0.0.1'}",
        "activationId": "1bf8eb23a1da4dc3b8eb23a1daedc325",
        "client_info": {
            "elapsed_time": 24.52098512649536,
            "blocking": true
        }
    },
    "c13b98649fef4c52bb98649fef3c523b": {
        "message": "Hello  My  Nice World Sleep For long time",
        "raw": "{'activationId': 'c13b98649fef4c52bb98649fef3c523b', 'annotations': [{'key': 'path', 'value': 'guest/helloworld'}, {'key': 'waitTime', 'value': 4203}, {'key': 'kind', 'value': 'blackbox'}, {'key': 'limits', 'value': {'concurrency': 1, 'logs': 10, 'memory': 128, 'timeout': 60000}}, {'key': 'initTime', 'value': 180}], 'duration': 20221, 'end': 1650870111730, 'logs': [], 'name': 'helloworld', 'namespace': 'guest', 'publish': False, 'response': {'result': {'message': 'Hello  My  Nice World Sleep For long time'}, 'status': 'success', 'success': True}, 'start': 1650870091509, 'subject': 'guest', 'version': '0.0.1'}",
        "activationId": "c13b98649fef4c52bb98649fef3c523b",
        "client_info": {
            "elapsed_time": 24.65001893043518,
            "blocking": true
        }
    },
    "ee65b71c39b14ff2a5b71c39b1dff2be": {
        "message": "Hello  My  Nice World Sleep For long time",
        "raw": "{'activationId': 'ee65b71c39b14ff2a5b71c39b1dff2be', 'annotations': [{'key': 'path', 'value': 'guest/helloworld'}, {'key': 'waitTime', 'value': 3691}, {'key': 'kind', 'value': 'blackbox'}, {'key': 'limits', 'value': {'concurrency': 1, 'logs': 10, 'memory': 128, 'timeout': 60000}}, {'key': 'initTime', 'value': 332}], 'duration': 20368, 'end': 1650870111377, 'logs': [], 'name': 'helloworld', 'namespace': 'guest', 'publish': False, 'response': {'result': {'message': 'Hello  My  Nice World Sleep For long time'}, 'status': 'success', 'success': True}, 'start': 1650870091009, 'subject': 'guest', 'version': '0.0.1'}",
        "activationId": "ee65b71c39b14ff2a5b71c39b1dff2be",
        "client_info": {
            "elapsed_time": 24.248369932174683,
            "blocking": true
        }
    },
    "client_info": {
        "start_time": "1650870087.02526",
        "end_time": "1650870111.675854",
        "total_elapsed_time": "24.650593996047974"
    }
}