{
    "3a346c20085841e4b46c200858c1e49e": {
        "message": "Hello  My  Nice World Sleep For long time",
        "raw": "{'activationId': '3a346c20085841e4b46c200858c1e49e', 'annotations': [{'key': 'path', 'value': 'guest/helloworld'}, {'key': 'waitTime', 'value': 3006}, {'key': 'kind', 'value': 'blackbox'}, {'key': 'limits', 'value': {'concurrency': 1, 'logs': 10, 'memory': 128, 'timeout': 60000}}, {'key': 'initTime', 'value': 219}], 'duration': 20270, 'end': 1650870042708, 'logs': [], 'name': 'helloworld', 'namespace': 'guest', 'publish': False, 'response': {'result': {'message': 'Hello  My  Nice World Sleep For long time'}, 'status': 'success', 'success': True}, 'start': 1650870022438, 'subject': 'guest', 'version': '0.0.1'}",
        "activationId": "3a346c20085841e4b46c200858c1e49e",
        "client_info": {
            "elapsed_time": 23.409822940826416,
            "blocking": true
        }
    },
    "380d49eeecd54bf98d49eeecd5abf954": {
        "message": "Hello  My  Nice World Sleep For long time",
        "raw": "{'activationId': '380d49eeecd54bf98d49eeecd5abf954', 'annotations': [{'key': 'path', 'value': 'guest/helloworld'}, {'key': 'waitTime', 'value': 3212}, {'key': 'kind', 'value': 'blackbox'}, {'key': 'limits', 'value': {'concurrency': 1, 'logs': 10, 'memory': 128, 'timeout': 60000}}, {'key': 'initTime', 'value': 231}], 'duration': 20261, 'end': 1650870042905, 'logs': [], 'name': 'helloworld', 'namespace': 'guest', 'publish': False, 'response': {'result': {'message': 'Hello  My  Nice World Sleep For long time'}, 'status': 'success', 'success': True}, 'start': 1650870022644, 'subject': 'guest', 'version': '0.0.1'}",
        "activationId": "380d49eeecd54bf98d49eeecd5abf954",
        "client_info": {
            "elapsed_time": 23.604519844055176,
            "blocking": true
        }
    },
    "a8a95660d7e24af7a95660d7e21af72e": {
        "message": "Hello  My  Nice World Sleep For long time",
        "raw": "{'activationId': 'a8a95660d7e24af7a95660d7e21af72e', 'annotations': [{'key': 'path', 'value': 'guest/helloworld'}, {'key': 'waitTime', 'value': 3141}, {'key': 'kind', 'value': 'blackbox'}, {'key': 'limits', 'value': {'concurrency': 1, 'logs': 10, 'memory': 128, 'timeout': 60000}}, {'key': 'initTime', 'value': 208}], 'duration': 20237, 'end': 1650870042858, 'logs': [], 'name': 'helloworld', 'namespace': 'guest', 'publish': False, 'response': {'result': {'message': 'Hello  My  Nice World Sleep For long time'}, 'status': 'success', 'success': True}, 'start': 1650870022621, 'subject': 'guest', 'version': '0.0.1'}",
        "activationId": "a8a95660d7e24af7a95660d7e21af72e",
        "client_info": {
            "elapsed_time": 23.56797194480896,
            "blocking": true
        }
    },
    "client_info": {
        "start_time": "1650870019.1994061",
        "end_time": "1650870042.804519",
        "total_elapsed_time": "23.6051127910614"
    }
}