{
    "ae610afed28c40a6a10afed28c20a669": {
        "message": "Hello  My  Nice World Sleep For long time",
        "raw": "{'activationId': 'ae610afed28c40a6a10afed28c20a669', 'annotations': [{'key': 'path', 'value': 'guest/helloworld'}, {'key': 'waitTime', 'value': 6513}, {'key': 'kind', 'value': 'blackbox'}, {'key': 'limits', 'value': {'concurrency': 1, 'logs': 10, 'memory': 128, 'timeout': 60000}}, {'key': 'initTime', 'value': 525}], 'duration': 20552, 'end': 1650870313705, 'logs': [], 'name': 'helloworld', 'namespace': 'guest', 'publish': False, 'response': {'result': {'message': 'Hello  My  Nice World Sleep For long time'}, 'status': 'success', 'success': True}, 'start': 1650870293153, 'subject': 'guest', 'version': '0.0.1'}",
        "activationId": "ae610afed28c40a6a10afed28c20a669",
        "client_info": {
            "elapsed_time": 27.39038109779358,
            "blocking": true
        }
    },
    "dab8c1787688488cb8c1787688f88c79": {
        "message": "Hello  My  Nice World Sleep For long time",
        "raw": "{'activationId': 'dab8c1787688488cb8c1787688f88c79', 'annotations': [{'key': 'path', 'value': 'guest/helloworld'}, {'key': 'waitTime', 'value': 6375}, {'key': 'kind', 'value': 'blackbox'}, {'key': 'limits', 'value': {'concurrency': 1, 'logs': 10, 'memory': 128, 'timeout': 60000}}, {'key': 'initTime', 'value': 564}], 'duration': 20615, 'end': 1650870313582, 'logs': [], 'name': 'helloworld', 'namespace': 'guest', 'publish': False, 'response': {'result': {'message': 'Hello  My  Nice World Sleep For long time'}, 'status': 'success', 'success': True}, 'start': 1650870292967, 'subject': 'guest', 'version': '0.0.1'}",
        "activationId": "dab8c1787688488cb8c1787688f88c79",
        "client_info": {
            "elapsed_time": 27.266070127487183,
            "blocking": true
        }
    },
    "f5344d7fac3d4b65b44d7fac3d9b6507": {
        "message": "Hello  My  Nice World Sleep For long time",
        "raw": "{'activationId': 'f5344d7fac3d4b65b44d7fac3d9b6507', 'annotations': [{'key': 'path', 'value': 'guest/helloworld'}, {'key': 'waitTime', 'value': 6245}, {'key': 'kind', 'value': 'blackbox'}, {'key': 'limits', 'value': {'concurrency': 1, 'logs': 10, 'memory': 128, 'timeout': 60000}}, {'key': 'initTime', 'value': 766}], 'duration': 20795, 'end': 1650870313633, 'logs': [], 'name': 'helloworld', 'namespace': 'guest', 'publish': False, 'response': {'result': {'message': 'Hello  My  Nice World Sleep For long time'}, 'status': 'success', 'success': True}, 'start': 1650870292838, 'subject': 'guest', 'version': '0.0.1'}",
        "activationId": "f5344d7fac3d4b65b44d7fac3d9b6507",
        "client_info": {
            "elapsed_time": 27.31591773033142,
            "blocking": true
        }
    },
    "f4ecaf58659c44daacaf58659ce4da20": {
        "message": "Hello  My  Nice World Sleep For long time",
        "raw": "{'activationId': 'f4ecaf58659c44daacaf58659ce4da20', 'annotations': [{'key': 'limits', 'value': {'concurrency': 1, 'logs': 10, 'memory': 128, 'timeout': 60000}}, {'key': 'path', 'value': 'guest/helloworld'}, {'key': 'kind', 'value': 'blackbox'}, {'key': 'waitTime', 'value': 26619}], 'duration': 20031, 'end': 1650870333286, 'logs': [], 'name': 'helloworld', 'namespace': 'guest', 'publish': False, 'response': {'result': {'message': 'Hello  My  Nice World Sleep For long time'}, 'status': 'success', 'success': True}, 'start': 1650870313255, 'subject': 'guest', 'version': '0.0.1'}",
        "activationId": "f4ecaf58659c44daacaf58659ce4da20",
        "client_info": {
            "elapsed_time": 47.001002073287964,
            "blocking": true
        }
    },
    "6ca8d841198b49b5a8d841198b09b5bc": {
        "message": "Hello  My  Nice World Sleep For long time",
        "raw": "{'activationId': '6ca8d841198b49b5a8d841198b09b5bc', 'annotations': [{'key': 'path', 'value': 'guest/helloworld'}, {'key': 'waitTime', 'value': 6874}, {'key': 'kind', 'value': 'blackbox'}, {'key': 'limits', 'value': {'concurrency': 1, 'logs': 10, 'memory': 128, 'timeout': 60000}}, {'key': 'initTime', 'value': 262}], 'duration': 20304, 'end': 1650870313827, 'logs': [], 'name': 'helloworld', 'namespace': 'guest', 'publish': False, 'response': {'result': {'message': 'Hello  My  Nice World Sleep For long time'}, 'status': 'success', 'success': True}, 'start': 1650870293523, 'subject': 'guest', 'version': '0.0.1'}",
        "activationId": "6ca8d841198b49b5a8d841198b09b5bc",
        "client_info": {
            "elapsed_time": 27.520071983337402,
            "blocking": true
        }
    },
    "b484821268d74a9384821268d74a93c8": {
        "message": "Hello  My  Nice World Sleep For long time",
        "raw": "{'activationId': 'b484821268d74a9384821268d74a93c8', 'annotations': [{'key': 'path', 'value': 'guest/helloworld'}, {'key': 'waitTime', 'value': 6677}, {'key': 'kind', 'value': 'blackbox'}, {'key': 'limits', 'value': {'concurrency': 1, 'logs': 10, 'memory': 128, 'timeout': 60000}}, {'key': 'initTime', 'value': 331}], 'duration': 20360, 'end': 1650870313729, 'logs': [], 'name': 'helloworld', 'namespace': 'guest', 'publish': False, 'response': {'result': {'message': 'Hello  My  Nice World Sleep For long time'}, 'status': 'success', 'success': True}, 'start': 1650870293369, 'subject': 'guest', 'version': '0.0.1'}",
        "activationId": "b484821268d74a9384821268d74a93c8",
        "client_info": {
            "elapsed_time": 27.417072772979736,
            "blocking": true
        }
    },
    "b8c617fdd90b4a2e8617fdd90bfa2e8f": {
        "message": "Hello  My  Nice World Sleep For long time",
        "raw": "{'activationId': 'b8c617fdd90b4a2e8617fdd90bfa2e8f', 'annotations': [{'key': 'path', 'value': 'guest/helloworld'}, {'key': 'waitTime', 'value': 6486}, {'key': 'kind', 'value': 'blackbox'}, {'key': 'limits', 'value': {'concurrency': 1, 'logs': 10, 'memory': 128, 'timeout': 60000}}, {'key': 'initTime', 'value': 587}], 'duration': 20622, 'end': 1650870313776, 'logs': [], 'name': 'helloworld', 'namespace': 'guest', 'publish': False, 'response': {'result': {'message': 'Hello  My  Nice World Sleep For long time'}, 'status': 'success', 'success': True}, 'start': 1650870293154, 'subject': 'guest', 'version': '0.0.1'}",
        "activationId": "b8c617fdd90b4a2e8617fdd90bfa2e8f",
        "client_info": {
            "elapsed_time": 27.477946043014526,
            "blocking": true
        }
    },
    "c451bb0f62024c8891bb0f62026c88a9": {
        "message": "Hello  My  Nice World Sleep For long time",
        "raw": "{'activationId': 'c451bb0f62024c8891bb0f62026c88a9', 'annotations': [{'key': 'path', 'value': 'guest/helloworld'}, {'key': 'waitTime', 'value': 5807}, {'key': 'kind', 'value': 'blackbox'}, {'key': 'limits', 'value': {'concurrency': 1, 'logs': 10, 'memory': 128, 'timeout': 60000}}, {'key': 'initTime', 'value': 985}], 'duration': 21017, 'end': 1650870313490, 'logs': [], 'name': 'helloworld', 'namespace': 'guest', 'publish': False, 'response': {'result': {'message': 'Hello  My  Nice World Sleep For long time'}, 'status': 'success', 'success': True}, 'start': 1650870292473, 'subject': 'guest', 'version': '0.0.1'}",
        "activationId": "c451bb0f62024c8891bb0f62026c88a9",
        "client_info": {
            "elapsed_time": 27.166962146759033,
            "blocking": true
        }
    },
    "4c07a9514d2a411287a9514d2a91129f": {
        "message": "Hello  My  Nice World Sleep For long time",
        "raw": "{'activationId': '4c07a9514d2a411287a9514d2a91129f', 'annotations': [{'key': 'path', 'value': 'guest/helloworld'}, {'key': 'waitTime', 'value': 5818}, {'key': 'kind', 'value': 'blackbox'}, {'key': 'limits', 'value': {'concurrency': 1, 'logs': 10, 'memory': 128, 'timeout': 60000}}, {'key': 'initTime', 'value': 718}], 'duration': 20745, 'end': 1650870313239, 'logs': [], 'name': 'helloworld', 'namespace': 'guest', 'publish': False, 'response': {'result': {'message': 'Hello  My  Nice World Sleep For long time'}, 'status': 'success', 'success': True}, 'start': 1650870292494, 'subject': 'guest', 'version': '0.0.1'}",
        "activationId": "4c07a9514d2a411287a9514d2a91129f",
        "client_info": {
            "elapsed_time": 26.99333119392395,
            "blocking": true
        }
    },
    "bd56069c1c54439f96069c1c54a39f8c": {
        "message": "Hello  My  Nice World Sleep For long time",
        "raw": "{'activationId': 'bd56069c1c54439f96069c1c54a39f8c', 'annotations': [{'key': 'limits', 'value': {'concurrency': 1, 'logs': 10, 'memory': 128, 'timeout': 60000}}, {'key': 'path', 'value': 'guest/helloworld'}, {'key': 'kind', 'value': 'blackbox'}, {'key': 'waitTime', 'value': 26766}], 'duration': 20029, 'end': 1650870333542, 'logs': [], 'name': 'helloworld', 'namespace': 'guest', 'publish': False, 'response': {'result': {'message': 'Hello  My  Nice World Sleep For long time'}, 'status': 'success', 'success': True}, 'start': 1650870313513, 'subject': 'guest', 'version': '0.0.1'}",
        "activationId": "bd56069c1c54439f96069c1c54a39f8c",
        "client_info": {
            "elapsed_time": 47.20967102050781,
            "blocking": true
        }
    },
    "client_info": {
        "start_time": "1650870286.196956",
        "end_time": "1650870333.421778",
        "total_elapsed_time": "47.22482204437256"
    }
}