{
    "c0273b52-c469-11ec-9d97-e45f01827912": {
        "activationId": "c0273b52-c469-11ec-9d97-e45f01827912",
        "message": "{\"message1\": \"hmmm 2022-04-25 07:32:04.096574191 +0000 UTC m=+20.157217409 development\"}",
        "client_info": {
            "elapsed_time": 23.36928677558899,
            "blocking": true
        }
    },
    "c030940e-c469-11ec-8560-e45f01827912": {
        "activationId": "c030940e-c469-11ec-8560-e45f01827912",
        "message": "{\"message1\": \"hmmm 2022-04-25 07:32:04.705648927 +0000 UTC m=+20.097247825 development\"}",
        "client_info": {
            "elapsed_time": 24.290924072265625,
            "blocking": true
        }
    },
    "c023fe56-c469-11ec-bda1-e45f01827912": {
        "activationId": "c023fe56-c469-11ec-bda1-e45f01827912",
        "message": "{\"message1\": \"hmmm 2022-04-25 07:32:04.770317567 +0000 UTC m=+20.126680017 development\"}",
        "client_info": {
            "elapsed_time": 23.34849786758423,
            "blocking": true
        }
    },
    "c02c67ee-c469-11ec-aab0-e45f01827912": {
        "activationId": "c02c67ee-c469-11ec-aab0-e45f01827912",
        "message": "{\"message1\": \"hmmm 2022-04-25 07:32:04.691389312 +0000 UTC m=+20.096424097 development\"}",
        "client_info": {
            "elapsed_time": 24.28223991394043,
            "blocking": true
        }
    },
    "c0267c58-c469-11ec-9cdb-e45f01827912": {
        "activationId": "c0267c58-c469-11ec-9cdb-e45f01827912",
        "message": "{\"message1\": \"hmmm 2022-04-25 07:32:03.979433567 +0000 UTC m=+20.100892145 development\"}",
        "client_info": {
            "elapsed_time": 23.26363205909729,
            "blocking": true
        }
    },
    "c034306e-c469-11ec-b614-e45f01827912": {
        "activationId": "c034306e-c469-11ec-b614-e45f01827912",
        "message": "{\"message1\": \"hmmm 2022-04-25 07:32:05.679995599 +0000 UTC m=+20.102721169 development\"}",
        "client_info": {
            "elapsed_time": 24.25949001312256,
            "blocking": true
        }
    },
    "c02496fe-c469-11ec-ad16-e45f01827912": {
        "activationId": "c02496fe-c469-11ec-ad16-e45f01827912",
        "message": "{\"message1\": \"hmmm 2022-04-25 07:32:03.79196992 +0000 UTC m=+20.142136193 development\"}",
        "client_info": {
            "elapsed_time": 23.101308822631836,
            "blocking": true
        }
    },
    "c0365650-c469-11ec-b81c-e45f01827912": {
        "activationId": "c0365650-c469-11ec-b81c-e45f01827912",
        "message": "{\"message1\": \"hmmm 2022-04-25 07:32:03.973067888 +0000 UTC m=+20.094022161 development\"}",
        "client_info": {
            "elapsed_time": 23.260098934173584,
            "blocking": true
        }
    },
    "client_info": {
        "start_time": "1650871901.45648",
        "end_time": "1650871925.74804",
        "total_elapsed_time": "24.29155993461609"
    }
}