{
    "e98b6702-c469-11ec-9564-e45f01827912": {
        "activationId": "e98b6702-c469-11ec-9564-e45f01827912",
        "message": "{\"message1\": \"hmmm 2022-04-25 07:33:13.798353903 +0000 UTC m=+20.148861585 development\"}",
        "client_info": {
            "elapsed_time": 23.16583514213562,
            "blocking": true
        }
    },
    "e988ef5e-c469-11ec-9919-e45f01827912": {
        "activationId": "e988ef5e-c469-11ec-9919-e45f01827912",
        "message": "{\"message1\": \"hmmm 2022-04-25 07:33:13.922029264 +0000 UTC m=+20.175147585 development\"}",
        "client_info": {
            "elapsed_time": 23.646079063415527,
            "blocking": true
        }
    },
    "e98ea6f6-c469-11ec-8950-e45f01827912": {
        "activationId": "e98ea6f6-c469-11ec-8950-e45f01827912",
        "message": "{\"message1\": \"hmmm 2022-04-25 07:33:15.078841455 +0000 UTC m=+20.158710129 development\"}",
        "client_info": {
            "elapsed_time": 25.05007314682007,
            "blocking": true
        }
    },
    "e98c6134-c469-11ec-983f-e45f01827912": {
        "activationId": "e98c6134-c469-11ec-983f-e45f01827912",
        "message": "{\"message1\": \"hmmm 2022-04-25 07:33:14.073918448 +0000 UTC m=+20.115198273 development\"}",
        "client_info": {
            "elapsed_time": 23.48533296585083,
            "blocking": true
        }
    },
    "e9880800-c469-11ec-bf02-e45f01827912": {
        "activationId": "e9880800-c469-11ec-bf02-e45f01827912",
        "message": "{\"message1\": \"hmmm 2022-04-25 07:33:13.980127359 +0000 UTC m=+20.099154497 development\"}",
        "client_info": {
            "elapsed_time": 23.472185134887695,
            "blocking": true
        }
    },
    "e98af2ea-c469-11ec-b15b-e45f01827912": {
        "activationId": "e98af2ea-c469-11ec-b15b-e45f01827912",
        "message": "{\"message1\": \"hmmm 2022-04-25 07:33:14.94399104 +0000 UTC m=+20.163292481 development\"}",
        "client_info": {
            "elapsed_time": 24.983599185943604,
            "blocking": true
        }
    },
    "e9953aa2-c469-11ec-a9fc-e45f01827912": {
        "activationId": "e9953aa2-c469-11ec-a9fc-e45f01827912",
        "message": "{\"message1\": \"hmmm 2022-04-25 07:33:13.941956624 +0000 UTC m=+20.190028929 development\"}",
        "client_info": {
            "elapsed_time": 23.659740924835205,
            "blocking": true
        }
    },
    "e99e8c38-c469-11ec-8b55-e45f01827912": {
        "activationId": "e99e8c38-c469-11ec-8b55-e45f01827912",
        "message": "{\"message1\": \"hmmm 2022-04-25 07:33:14.992115279 +0000 UTC m=+20.097661265 development\"}",
        "client_info": {
            "elapsed_time": 24.922534227371216,
            "blocking": true
        }
    },
    "e98f64a6-c469-11ec-93cd-e45f01827912": {
        "activationId": "e98f64a6-c469-11ec-93cd-e45f01827912",
        "message": "{\"message1\": \"hmmm 2022-04-25 07:33:14.875989744 +0000 UTC m=+20.101953425 development\"}",
        "client_info": {
            "elapsed_time": 24.90455913543701,
            "blocking": true
        }
    },
    "e9999c96-c469-11ec-9bec-e45f01827912": {
        "activationId": "e9999c96-c469-11ec-9bec-e45f01827912",
        "message": "{\"message1\": \"hmmm 2022-04-25 07:33:15.057749103 +0000 UTC m=+20.134030577 development\"}",
        "client_info": {
            "elapsed_time": 24.96892809867859,
            "blocking": true
        }
    },
    "client_info": {
        "start_time": "1650871970.787719",
        "end_time": "1650871995.83853",
        "total_elapsed_time": "25.050811052322388"
    }
}