{
    "b5fffafd03f44715bffafd03f427152e": {
        "message": "Hello  My  Nice World Sleep For long time",
        "raw": "{'activationId': 'b5fffafd03f44715bffafd03f427152e', 'annotations': [{'key': 'path', 'value': 'guest/helloworld'}, {'key': 'waitTime', 'value': 6500}, {'key': 'kind', 'value': 'blackbox'}, {'key': 'limits', 'value': {'concurrency': 1, 'logs': 10, 'memory': 128, 'timeout': 60000}}, {'key': 'initTime', 'value': 809}], 'duration': 20846, 'end': 1650870487187, 'logs': [], 'name': 'helloworld', 'namespace': 'guest', 'publish': False, 'response': {'result': {'message': 'Hello  My  Nice World Sleep For long time'}, 'status': 'success', 'success': True}, 'start': 1650870466341, 'subject': 'guest', 'version': '0.0.1'}",
        "activationId": "b5fffafd03f44715bffafd03f427152e",
        "client_info": {
            "elapsed_time": 27.75943899154663,
            "blocking": true
        }
    },
    "b1b0924dbd994f22b0924dbd99df22f1": {
        "message": "Hello  My  Nice World Sleep For long time",
        "raw": "{'activationId': 'b1b0924dbd994f22b0924dbd99df22f1', 'annotations': [{'key': 'path', 'value': 'guest/helloworld'}, {'key': 'waitTime', 'value': 6891}, {'key': 'kind', 'value': 'blackbox'}, {'key': 'limits', 'value': {'concurrency': 1, 'logs': 10, 'memory': 128, 'timeout': 60000}}, {'key': 'initTime', 'value': 705}], 'duration': 20728, 'end': 1650870487456, 'logs': [], 'name': 'helloworld', 'namespace': 'guest', 'publish': False, 'response': {'result': {'message': 'Hello  My  Nice World Sleep For long time'}, 'status': 'success', 'success': True}, 'start': 1650870466728, 'subject': 'guest', 'version': '0.0.1'}",
        "activationId": "b1b0924dbd994f22b0924dbd99df22f1",
        "client_info": {
            "elapsed_time": 28.027673721313477,
            "blocking": true
        }
    },
    "f7b65286f68a44c2b65286f68a74c2ef": {
        "message": "Hello  My  Nice World Sleep For long time",
        "raw": "{'activationId': 'f7b65286f68a44c2b65286f68a74c2ef', 'annotations': [{'key': 'limits', 'value': {'concurrency': 1, 'logs': 10, 'memory': 128, 'timeout': 60000}}, {'key': 'path', 'value': 'guest/helloworld'}, {'key': 'kind', 'value': 'blackbox'}, {'key': 'waitTime', 'value': 27230}], 'duration': 20019, 'end': 1650870507084, 'logs': [], 'name': 'helloworld', 'namespace': 'guest', 'publish': False, 'response': {'result': {'message': 'Hello  My  Nice World Sleep For long time'}, 'status': 'success', 'success': True}, 'start': 1650870487065, 'subject': 'guest', 'version': '0.0.1'}",
        "activationId": "f7b65286f68a44c2b65286f68a74c2ef",
        "client_info": {
            "elapsed_time": 47.7315309047699,
            "blocking": true
        }
    },
    "9513340a7eb14dd693340a7eb15dd61c": {
        "message": "Hello  My  Nice World Sleep For long time",
        "raw": "{'activationId': '9513340a7eb14dd693340a7eb15dd61c', 'annotations': [{'key': 'path', 'value': 'guest/helloworld'}, {'key': 'waitTime', 'value': 6667}, {'key': 'kind', 'value': 'blackbox'}, {'key': 'limits', 'value': {'concurrency': 1, 'logs': 10, 'memory': 128, 'timeout': 60000}}, {'key': 'initTime', 'value': 798}], 'duration': 20824, 'end': 1650870487330, 'logs': [], 'name': 'helloworld', 'namespace': 'guest', 'publish': False, 'response': {'result': {'message': 'Hello  My  Nice World Sleep For long time'}, 'status': 'success', 'success': True}, 'start': 1650870466506, 'subject': 'guest', 'version': '0.0.1'}",
        "activationId": "9513340a7eb14dd693340a7eb15dd61c",
        "client_info": {
            "elapsed_time": 27.895288228988647,
            "blocking": true
        }
    },
    "243d012e4bd844b8bd012e4bd8a4b8d7": {
        "message": "Hello  My  Nice World Sleep For long time",
        "raw": "{'activationId': '243d012e4bd844b8bd012e4bd8a4b8d7', 'annotations': [{'key': 'path', 'value': 'guest/helloworld'}, {'key': 'waitTime', 'value': 7230}, {'key': 'kind', 'value': 'blackbox'}, {'key': 'limits', 'value': {'concurrency': 1, 'logs': 10, 'memory': 128, 'timeout': 60000}}, {'key': 'initTime', 'value': 403}], 'duration': 20451, 'end': 1650870487523, 'logs': [], 'name': 'helloworld', 'namespace': 'guest', 'publish': False, 'response': {'result': {'message': 'Hello  My  Nice World Sleep For long time'}, 'status': 'success', 'success': True}, 'start': 1650870467072, 'subject': 'guest', 'version': '0.0.1'}",
        "activationId": "243d012e4bd844b8bd012e4bd8a4b8d7",
        "client_info": {
            "elapsed_time": 28.10523295402527,
            "blocking": true
        }
    },
    "a87730cd83ae469fb730cd83aef69f2a": {
        "message": "Hello  My  Nice World Sleep For long time",
        "raw": "{'activationId': 'a87730cd83ae469fb730cd83aef69f2a', 'annotations': [{'key': 'limits', 'value': {'concurrency': 1, 'logs': 10, 'memory': 128, 'timeout': 60000}}, {'key': 'path', 'value': 'guest/helloworld'}, {'key': 'kind', 'value': 'blackbox'}, {'key': 'waitTime', 'value': 27498}], 'duration': 20037, 'end': 1650870507387, 'logs': [], 'name': 'helloworld', 'namespace': 'guest', 'publish': False, 'response': {'result': {'message': 'Hello  My  Nice World Sleep For long time'}, 'status': 'success', 'success': True}, 'start': 1650870487350, 'subject': 'guest', 'version': '0.0.1'}",
        "activationId": "a87730cd83ae469fb730cd83aef69f2a",
        "client_info": {
            "elapsed_time": 47.960498332977295,
            "blocking": true
        }
    },
    "3defa02c683a4fd1afa02c683a1fd1c2": {
        "message": "Hello  My  Nice World Sleep For long time",
        "raw": "{'activationId': '3defa02c683a4fd1afa02c683a1fd1c2', 'annotations': [{'key': 'limits', 'value': {'concurrency': 1, 'logs': 10, 'memory': 128, 'timeout': 60000}}, {'key': 'path', 'value': 'guest/helloworld'}, {'key': 'kind', 'value': 'blackbox'}, {'key': 'waitTime', 'value': 27568}], 'duration': 20034, 'end': 1650870507459, 'logs': [], 'name': 'helloworld', 'namespace': 'guest', 'publish': False, 'response': {'result': {'message': 'Hello  My  Nice World Sleep For long time'}, 'status': 'success', 'success': True}, 'start': 1650870487425, 'subject': 'guest', 'version': '0.0.1'}",
        "activationId": "3defa02c683a4fd1afa02c683a1fd1c2",
        "client_info": {
            "elapsed_time": 48.062658071517944,
            "blocking": true
        }
    },
    "7390999bb27b494a90999bb27b394ac1": {
        "message": "Hello  My  Nice World Sleep For long time",
        "raw": "{'activationId': '7390999bb27b494a90999bb27b394ac1', 'annotations': [{'key': 'path', 'value': 'guest/helloworld'}, {'key': 'waitTime', 'value': 7207}, {'key': 'kind', 'value': 'blackbox'}, {'key': 'limits', 'value': {'concurrency': 1, 'logs': 10, 'memory': 128, 'timeout': 60000}}, {'key': 'initTime', 'value': 391}], 'duration': 20429, 'end': 1650870487495, 'logs': [], 'name': 'helloworld', 'namespace': 'guest', 'publish': False, 'response': {'result': {'message': 'Hello  My  Nice World Sleep For long time'}, 'status': 'success', 'success': True}, 'start': 1650870467066, 'subject': 'guest', 'version': '0.0.1'}",
        "activationId": "7390999bb27b494a90999bb27b394ac1",
        "client_info": {
            "elapsed_time": 28.062489986419678,
            "blocking": true
        }
    },
    "53a4cb41c34e4078a4cb41c34e907866": {
        "message": "Hello  My  Nice World Sleep For long time",
        "raw": "{'activationId': '53a4cb41c34e4078a4cb41c34e907866', 'annotations': [{'key': 'path', 'value': 'guest/helloworld'}, {'key': 'waitTime', 'value': 6900}, {'key': 'kind', 'value': 'blackbox'}, {'key': 'limits', 'value': {'concurrency': 1, 'logs': 10, 'memory': 128, 'timeout': 60000}}, {'key': 'initTime', 'value': 685}], 'duration': 20717, 'end': 1650870487475, 'logs': [], 'name': 'helloworld', 'namespace': 'guest', 'publish': False, 'response': {'result': {'message': 'Hello  My  Nice World Sleep For long time'}, 'status': 'success', 'success': True}, 'start': 1650870466758, 'subject': 'guest', 'version': '0.0.1'}",
        "activationId": "53a4cb41c34e4078a4cb41c34e907866",
        "client_info": {
            "elapsed_time": 28.044611930847168,
            "blocking": true
        }
    },
    "56e2b2d50f3d4140a2b2d50f3d2140f0": {
        "message": "Hello  My  Nice World Sleep For long time",
        "raw": "{'activationId': '56e2b2d50f3d4140a2b2d50f3d2140f0', 'annotations': [{'key': 'path', 'value': 'guest/helloworld'}, {'key': 'waitTime', 'value': 6273}, {'key': 'kind', 'value': 'blackbox'}, {'key': 'limits', 'value': {'concurrency': 1, 'logs': 10, 'memory': 128, 'timeout': 60000}}, {'key': 'initTime', 'value': 882}], 'duration': 20923, 'end': 1650870487049, 'logs': [], 'name': 'helloworld', 'namespace': 'guest', 'publish': False, 'response': {'result': {'message': 'Hello  My  Nice World Sleep For long time'}, 'status': 'success', 'success': True}, 'start': 1650870466126, 'subject': 'guest', 'version': '0.0.1'}",
        "activationId": "56e2b2d50f3d4140a2b2d50f3d2140f0",
        "client_info": {
            "elapsed_time": 27.614192008972168,
            "blocking": true
        }
    },
    "74bf72f480184ad4bf72f480185ad444": {
        "message": "Hello  My  Nice World Sleep For long time",
        "raw": "{'activationId': '74bf72f480184ad4bf72f480185ad444', 'annotations': [{'key': 'limits', 'value': {'concurrency': 1, 'logs': 10, 'memory': 128, 'timeout': 60000}}, {'key': 'path', 'value': 'guest/helloworld'}, {'key': 'kind', 'value': 'blackbox'}, {'key': 'waitTime', 'value': 27341}], 'duration': 20034, 'end': 1650870507239, 'logs': [], 'name': 'helloworld', 'namespace': 'guest', 'publish': False, 'response': {'result': {'message': 'Hello  My  Nice World Sleep For long time'}, 'status': 'success', 'success': True}, 'start': 1650870487205, 'subject': 'guest', 'version': '0.0.1'}",
        "activationId": "74bf72f480184ad4bf72f480185ad444",
        "client_info": {
            "elapsed_time": 47.79430079460144,
            "blocking": true
        }
    },
    "235e67c0877145b59e67c08771a5b57f": {
        "message": "Hello  My  Nice World Sleep For long time",
        "raw": "{'activationId': '235e67c0877145b59e67c08771a5b57f', 'annotations': [{'key': 'limits', 'value': {'concurrency': 1, 'logs': 10, 'memory': 128, 'timeout': 60000}}, {'key': 'path', 'value': 'guest/helloworld'}, {'key': 'kind', 'value': 'blackbox'}, {'key': 'waitTime', 'value': 27523}], 'duration': 20044, 'end': 1650870507519, 'logs': [], 'name': 'helloworld', 'namespace': 'guest', 'publish': False, 'response': {'result': {'message': 'Hello  My  Nice World Sleep For long time'}, 'status': 'success', 'success': True}, 'start': 1650870487475, 'subject': 'guest', 'version': '0.0.1'}",
        "activationId": "235e67c0877145b59e67c08771a5b57f",
        "client_info": {
            "elapsed_time": 48.08394718170166,
            "blocking": true
        }
    },
    "93c468a94c1547748468a94c15777423": {
        "message": "Hello  My  Nice World Sleep For long time",
        "raw": "{'activationId': '93c468a94c1547748468a94c15777423', 'annotations': [{'key': 'path', 'value': 'guest/helloworld'}, {'key': 'waitTime', 'value': 7022}, {'key': 'kind', 'value': 'blackbox'}, {'key': 'limits', 'value': {'concurrency': 1, 'logs': 10, 'memory': 128, 'timeout': 60000}}, {'key': 'initTime', 'value': 484}], 'duration': 20519, 'end': 1650870487401, 'logs': [], 'name': 'helloworld', 'namespace': 'guest', 'publish': False, 'response': {'result': {'message': 'Hello  My  Nice World Sleep For long time'}, 'status': 'success', 'success': True}, 'start': 1650870466882, 'subject': 'guest', 'version': '0.0.1'}",
        "activationId": "93c468a94c1547748468a94c15777423",
        "client_info": {
            "elapsed_time": 27.946600914001465,
            "blocking": true
        }
    },
    "client_info": {
        "start_time": "1650870459.3024828",
        "end_time": "1650870507.4077",
        "total_elapsed_time": "48.10521721839905"
    }
}