{
    "bd987667f2724d64987667f2722d64e4": {
        "message": "Hello  My  Nice World Sleep",
        "raw": "{'activationId': 'bd987667f2724d64987667f2722d64e4', 'annotations': [{'key': 'path', 'value': 'guest/myaction1000'}, {'key': 'waitTime', 'value': 2823}, {'key': 'kind', 'value': 'blackbox'}, {'key': 'limits', 'value': {'concurrency': 1, 'logs': 10, 'memory': 256, 'timeout': 60000}}, {'key': 'initTime', 'value': 191}], 'duration': 20210, 'end': 1650767141227, 'logs': [], 'name': 'myaction1000', 'namespace': 'guest', 'publish': False, 'response': {'result': {'message': 'Hello  My  Nice World Sleep'}, 'status': 'success', 'success': True}, 'start': 1650767121017, 'subject': 'guest', 'version': '0.0.1'}",
        "activationId": "bd987667f2724d64987667f2722d64e4",
        "client_info": {
            "elapsed_time": 23.16589903831482,
            "blocking": true
        }
    },
    "f5bc56a4f1fc487dbc56a4f1fc187d03": {
        "message": "Hello  My  Nice World Sleep",
        "raw": "{'activationId': 'f5bc56a4f1fc487dbc56a4f1fc187d03', 'annotations': [{'key': 'path', 'value': 'guest/myaction1000'}, {'key': 'waitTime', 'value': 2841}, {'key': 'kind', 'value': 'blackbox'}, {'key': 'limits', 'value': {'concurrency': 1, 'logs': 10, 'memory': 256, 'timeout': 60000}}, {'key': 'initTime', 'value': 189}], 'duration': 20208, 'end': 1650767141242, 'logs': [], 'name': 'myaction1000', 'namespace': 'guest', 'publish': False, 'response': {'result': {'message': 'Hello  My  Nice World Sleep'}, 'status': 'success', 'success': True}, 'start': 1650767121034, 'subject': 'guest', 'version': '0.0.1'}",
        "activationId": "f5bc56a4f1fc487dbc56a4f1fc187d03",
        "client_info": {
            "elapsed_time": 23.19223189353943,
            "blocking": true
        }
    },
    "client_info": {
        "start_time": "1650767118.002885",
        "end_time": "1650767141.195671",
        "total_elapsed_time": "23.19278597831726"
    }
}