{
    "5c1f3be6-c469-11ec-84a9-e45f01827912": {
        "activationId": "5c1f3be6-c469-11ec-84a9-e45f01827912",
        "message": "{\"message1\": \"hmmm 2022-04-25 07:29:15.694113936 +0000 UTC m=+20.120422673 development\"}",
        "client_info": {
            "elapsed_time": 22.861874103546143,
            "blocking": true
        }
    },
    "5c1c3856-c469-11ec-bea8-e45f01827912": {
        "activationId": "5c1c3856-c469-11ec-bea8-e45f01827912",
        "message": "{\"message1\": \"hmmm 2022-04-25 07:29:15.696036383 +0000 UTC m=+20.115291297 development\"}",
        "client_info": {
            "elapsed_time": 22.83321714401245,
            "blocking": true
        }
    },
    "5c1ce346-c469-11ec-8ea9-e45f01827912": {
        "activationId": "5c1ce346-c469-11ec-8ea9-e45f01827912",
        "message": "{\"message1\": \"hmmm 2022-04-25 07:29:15.6941492 +0000 UTC m=+20.114458193 development\"}",
        "client_info": {
            "elapsed_time": 22.850518941879272,
            "blocking": true
        }
    },
    "client_info": {
        "start_time": "1650871733.600619",
        "end_time": "1650871756.462802",
        "total_elapsed_time": "22.86218285560608"
    }
}