{
    "d9c66aa1c70144ad866aa1c701e4ad21": {
        "message": "Hello  My  Nice World Sleep For long time",
        "raw": "{'activationId': 'd9c66aa1c70144ad866aa1c701e4ad21', 'annotations': [{'key': 'path', 'value': 'guest/helloworld'}, {'key': 'waitTime', 'value': 8312}, {'key': 'kind', 'value': 'blackbox'}, {'key': 'limits', 'value': {'concurrency': 1, 'logs': 10, 'memory': 128, 'timeout': 60000}}, {'key': 'initTime', 'value': 258}], 'duration': 20292, 'end': 1650870430120, 'logs': [], 'name': 'helloworld', 'namespace': 'guest', 'publish': False, 'response': {'result': {'message': 'Hello  My  Nice World Sleep For long time'}, 'status': 'success', 'success': True}, 'start': 1650870409828, 'subject': 'guest', 'version': '0.0.1'}",
        "activationId": "d9c66aa1c70144ad866aa1c701e4ad21",
        "client_info": {
            "elapsed_time": 28.779433012008667,
            "blocking": true
        }
    },
    "7d48747a424345c788747a4243c5c714": {
        "message": "Hello  My  Nice World Sleep For long time",
        "raw": "{'activationId': '7d48747a424345c788747a4243c5c714', 'annotations': [{'key': 'path', 'value': 'guest/helloworld'}, {'key': 'waitTime', 'value': 7152}, {'key': 'kind', 'value': 'blackbox'}, {'key': 'limits', 'value': {'concurrency': 1, 'logs': 10, 'memory': 128, 'timeout': 60000}}, {'key': 'initTime', 'value': 696}], 'duration': 20729, 'end': 1650870429415, 'logs': [], 'name': 'helloworld', 'namespace': 'guest', 'publish': False, 'response': {'result': {'message': 'Hello  My  Nice World Sleep For long time'}, 'status': 'success', 'success': True}, 'start': 1650870408686, 'subject': 'guest', 'version': '0.0.1'}",
        "activationId": "7d48747a424345c788747a4243c5c714",
        "client_info": {
            "elapsed_time": 28.07524037361145,
            "blocking": true
        }
    },
    "a4bb43d120f342a9bb43d120f3d2a9d4": {
        "message": "Hello  My  Nice World Sleep For long time",
        "raw": "{'activationId': 'a4bb43d120f342a9bb43d120f3d2a9d4', 'annotations': [{'key': 'path', 'value': 'guest/helloworld'}, {'key': 'waitTime', 'value': 6968}, {'key': 'kind', 'value': 'blackbox'}, {'key': 'limits', 'value': {'concurrency': 1, 'logs': 10, 'memory': 128, 'timeout': 60000}}, {'key': 'initTime', 'value': 746}], 'duration': 20819, 'end': 1650870429313, 'logs': [], 'name': 'helloworld', 'namespace': 'guest', 'publish': False, 'response': {'result': {'message': 'Hello  My  Nice World Sleep For long time'}, 'status': 'success', 'success': True}, 'start': 1650870408494, 'subject': 'guest', 'version': '0.0.1'}",
        "activationId": "a4bb43d120f342a9bb43d120f3d2a9d4",
        "client_info": {
            "elapsed_time": 27.97114896774292,
            "blocking": true
        }
    },
    "64604dbfea004437a04dbfea00843733": {
        "message": "Hello  My  Nice World Sleep For long time",
        "raw": "{'activationId': '64604dbfea004437a04dbfea00843733', 'annotations': [{'key': 'limits', 'value': {'concurrency': 1, 'logs': 10, 'memory': 128, 'timeout': 60000}}, {'key': 'path', 'value': 'guest/helloworld'}, {'key': 'kind', 'value': 'blackbox'}, {'key': 'waitTime', 'value': 27767}], 'duration': 20018, 'end': 1650870449345, 'logs': [], 'name': 'helloworld', 'namespace': 'guest', 'publish': False, 'response': {'result': {'message': 'Hello  My  Nice World Sleep For long time'}, 'status': 'success', 'success': True}, 'start': 1650870429327, 'subject': 'guest', 'version': '0.0.1'}",
        "activationId": "64604dbfea004437a04dbfea00843733",
        "client_info": {
            "elapsed_time": 48.00246500968933,
            "blocking": true
        }
    },
    "718f98736fa543f38f98736fa593f38b": {
        "message": "Hello  My  Nice World Sleep For long time",
        "raw": "{'activationId': '718f98736fa543f38f98736fa593f38b', 'annotations': [{'key': 'path', 'value': 'guest/helloworld'}, {'key': 'waitTime', 'value': 7920}, {'key': 'kind', 'value': 'blackbox'}, {'key': 'limits', 'value': {'concurrency': 1, 'logs': 10, 'memory': 128, 'timeout': 60000}}, {'key': 'initTime', 'value': 471}], 'duration': 20480, 'end': 1650870429948, 'logs': [], 'name': 'helloworld', 'namespace': 'guest', 'publish': False, 'response': {'result': {'message': 'Hello  My  Nice World Sleep For long time'}, 'status': 'success', 'success': True}, 'start': 1650870409468, 'subject': 'guest', 'version': '0.0.1'}",
        "activationId": "718f98736fa543f38f98736fa593f38b",
        "client_info": {
            "elapsed_time": 28.61775302886963,
            "blocking": true
        }
    },
    "173fc07e8bbf4240bfc07e8bbf82402b": {
        "message": "Hello  My  Nice World Sleep For long time",
        "raw": "{'activationId': '173fc07e8bbf4240bfc07e8bbf82402b', 'annotations': [{'key': 'path', 'value': 'guest/helloworld'}, {'key': 'waitTime', 'value': 8343}, {'key': 'kind', 'value': 'blackbox'}, {'key': 'limits', 'value': {'concurrency': 1, 'logs': 10, 'memory': 128, 'timeout': 60000}}, {'key': 'initTime', 'value': 211}], 'duration': 20240, 'end': 1650870430123, 'logs': [], 'name': 'helloworld', 'namespace': 'guest', 'publish': False, 'response': {'result': {'message': 'Hello  My  Nice World Sleep For long time'}, 'status': 'success', 'success': True}, 'start': 1650870409883, 'subject': 'guest', 'version': '0.0.1'}",
        "activationId": "173fc07e8bbf4240bfc07e8bbf82402b",
        "client_info": {
            "elapsed_time": 28.789991855621338,
            "blocking": true
        }
    },
    "564f0968557d43fb8f0968557da3fb41": {
        "message": "Hello  My  Nice World Sleep For long time",
        "raw": "{'activationId': '564f0968557d43fb8f0968557da3fb41', 'annotations': [{'key': 'path', 'value': 'guest/helloworld'}, {'key': 'waitTime', 'value': 5516}, {'key': 'kind', 'value': 'blackbox'}, {'key': 'limits', 'value': {'concurrency': 1, 'logs': 10, 'memory': 128, 'timeout': 60000}}, {'key': 'initTime', 'value': 498}], 'duration': 20548, 'end': 1650870427629, 'logs': [], 'name': 'helloworld', 'namespace': 'guest', 'publish': False, 'response': {'result': {'message': 'Hello  My  Nice World Sleep For long time'}, 'status': 'success', 'success': True}, 'start': 1650870407081, 'subject': 'guest', 'version': '0.0.1'}",
        "activationId": "564f0968557d43fb8f0968557da3fb41",
        "client_info": {
            "elapsed_time": 26.29632067680359,
            "blocking": true
        }
    },
    "5bab2a084a5a4d6bab2a084a5a1d6b16": {
        "message": "Hello  My  Nice World Sleep For long time",
        "raw": "{'activationId': '5bab2a084a5a4d6bab2a084a5a1d6b16', 'annotations': [{'key': 'limits', 'value': {'concurrency': 1, 'logs': 10, 'memory': 128, 'timeout': 60000}}, {'key': 'path', 'value': 'guest/helloworld'}, {'key': 'kind', 'value': 'blackbox'}, {'key': 'waitTime', 'value': 26343}], 'duration': 20029, 'end': 1650870447950, 'logs': [], 'name': 'helloworld', 'namespace': 'guest', 'publish': False, 'response': {'result': {'message': 'Hello  My  Nice World Sleep For long time'}, 'status': 'success', 'success': True}, 'start': 1650870427921, 'subject': 'guest', 'version': '0.0.1'}",
        "activationId": "5bab2a084a5a4d6bab2a084a5a1d6b16",
        "client_info": {
            "elapsed_time": 46.59765005111694,
            "blocking": true
        }
    },
    "79bdb44cbf4a4b48bdb44cbf4a4b48a3": {
        "message": "Hello  My  Nice World Sleep For long time",
        "raw": "{'activationId': '79bdb44cbf4a4b48bdb44cbf4a4b48a3', 'annotations': [{'key': 'limits', 'value': {'concurrency': 1, 'logs': 10, 'memory': 128, 'timeout': 60000}}, {'key': 'path', 'value': 'guest/helloworld'}, {'key': 'kind', 'value': 'blackbox'}, {'key': 'waitTime', 'value': 26062}], 'duration': 20028, 'end': 1650870447670, 'logs': [], 'name': 'helloworld', 'namespace': 'guest', 'publish': False, 'response': {'result': {'message': 'Hello  My  Nice World Sleep For long time'}, 'status': 'success', 'success': True}, 'start': 1650870427642, 'subject': 'guest', 'version': '0.0.1'}",
        "activationId": "79bdb44cbf4a4b48bdb44cbf4a4b48a3",
        "client_info": {
            "elapsed_time": 46.414804220199585,
            "blocking": true
        }
    },
    "803134c0d6f24655b134c0d6f23655d9": {
        "message": "Hello  My  Nice World Sleep For long time",
        "raw": "{'activationId': '803134c0d6f24655b134c0d6f23655d9', 'annotations': [{'key': 'path', 'value': 'guest/helloworld'}, {'key': 'waitTime', 'value': 6501}, {'key': 'kind', 'value': 'blackbox'}, {'key': 'limits', 'value': {'concurrency': 1, 'logs': 10, 'memory': 128, 'timeout': 60000}}, {'key': 'initTime', 'value': 853}], 'duration': 20895, 'end': 1650870428977, 'logs': [], 'name': 'helloworld', 'namespace': 'guest', 'publish': False, 'response': {'result': {'message': 'Hello  My  Nice World Sleep For long time'}, 'status': 'success', 'success': True}, 'start': 1650870408082, 'subject': 'guest', 'version': '0.0.1'}",
        "activationId": "803134c0d6f24655b134c0d6f23655d9",
        "client_info": {
            "elapsed_time": 27.672677755355835,
            "blocking": true
        }
    },
    "1d6cef5751a94a1dacef5751a9ba1d21": {
        "message": "Hello  My  Nice World Sleep For long time",
        "raw": "{'activationId': '1d6cef5751a94a1dacef5751a9ba1d21', 'annotations': [{'key': 'limits', 'value': {'concurrency': 1, 'logs': 10, 'memory': 128, 'timeout': 60000}}, {'key': 'path', 'value': 'guest/helloworld'}, {'key': 'kind', 'value': 'blackbox'}, {'key': 'waitTime', 'value': 27407}], 'duration': 20028, 'end': 1650870449018, 'logs': [], 'name': 'helloworld', 'namespace': 'guest', 'publish': False, 'response': {'result': {'message': 'Hello  My  Nice World Sleep For long time'}, 'status': 'success', 'success': True}, 'start': 1650870428990, 'subject': 'guest', 'version': '0.0.1'}",
        "activationId": "1d6cef5751a94a1dacef5751a9ba1d21",
        "client_info": {
            "elapsed_time": 47.74132490158081,
            "blocking": true
        }
    },
    "f0708cf6b298406fb08cf6b298606f6d": {
        "message": "Hello  My  Nice World Sleep For long time",
        "raw": "{'activationId': 'f0708cf6b298406fb08cf6b298606f6d', 'annotations': [{'key': 'path', 'value': 'guest/helloworld'}, {'key': 'waitTime', 'value': 5881}, {'key': 'kind', 'value': 'blackbox'}, {'key': 'limits', 'value': {'concurrency': 1, 'logs': 10, 'memory': 128, 'timeout': 60000}}, {'key': 'initTime', 'value': 346}], 'duration': 20382, 'end': 1650870427899, 'logs': [], 'name': 'helloworld', 'namespace': 'guest', 'publish': False, 'response': {'result': {'message': 'Hello  My  Nice World Sleep For long time'}, 'status': 'success', 'success': True}, 'start': 1650870407517, 'subject': 'guest', 'version': '0.0.1'}",
        "activationId": "f0708cf6b298406fb08cf6b298606f6d",
        "client_info": {
            "elapsed_time": 26.64561414718628,
            "blocking": true
        }
    },
    "client_info": {
        "start_time": "1650870401.218155",
        "end_time": "1650870449.222523",
        "total_elapsed_time": "48.00436806678772"
    }
}