{
    "eb38afdb709c48b8b8afdb709cd8b851": {
        "message": "Hello  My  Nice World Sleep For long time",
        "raw": "{'activationId': 'eb38afdb709c48b8b8afdb709cd8b851', 'annotations': [{'key': 'path', 'value': 'guest/helloworld'}, {'key': 'waitTime', 'value': 3665}, {'key': 'kind', 'value': 'blackbox'}, {'key': 'limits', 'value': {'concurrency': 1, 'logs': 10, 'memory': 128, 'timeout': 60000}}, {'key': 'initTime', 'value': 211}], 'duration': 20240, 'end': 1650870076993, 'logs': [], 'name': 'helloworld', 'namespace': 'guest', 'publish': False, 'response': {'result': {'message': 'Hello  My  Nice World Sleep For long time'}, 'status': 'success', 'success': True}, 'start': 1650870056753, 'subject': 'guest', 'version': '0.0.1'}",
        "activationId": "eb38afdb709c48b8b8afdb709cd8b851",
        "client_info": {
            "elapsed_time": 24.005120992660522,
            "blocking": true
        }
    },
    "7683e6cf076042c683e6cf0760b2c649": {
        "message": "Hello  My  Nice World Sleep For long time",
        "raw": "{'activationId': '7683e6cf076042c683e6cf0760b2c649', 'annotations': [{'key': 'path', 'value': 'guest/helloworld'}, {'key': 'waitTime', 'value': 3529}, {'key': 'kind', 'value': 'blackbox'}, {'key': 'limits', 'value': {'concurrency': 1, 'logs': 10, 'memory': 128, 'timeout': 60000}}, {'key': 'initTime', 'value': 219}], 'duration': 20261, 'end': 1650870076884, 'logs': [], 'name': 'helloworld', 'namespace': 'guest', 'publish': False, 'response': {'result': {'message': 'Hello  My  Nice World Sleep For long time'}, 'status': 'success', 'success': True}, 'start': 1650870056623, 'subject': 'guest', 'version': '0.0.1'}",
        "activationId": "7683e6cf076042c683e6cf0760b2c649",
        "client_info": {
            "elapsed_time": 23.90595817565918,
            "blocking": true
        }
    },
    "7d316858a9314408b16858a931d4081e": {
        "message": "Hello  My  Nice World Sleep For long time",
        "raw": "{'activationId': '7d316858a9314408b16858a931d4081e', 'annotations': [{'key': 'path', 'value': 'guest/helloworld'}, {'key': 'waitTime', 'value': 3357}, {'key': 'kind', 'value': 'blackbox'}, {'key': 'limits', 'value': {'concurrency': 1, 'logs': 10, 'memory': 128, 'timeout': 60000}}, {'key': 'initTime', 'value': 211}], 'duration': 20250, 'end': 1650870076696, 'logs': [], 'name': 'helloworld', 'namespace': 'guest', 'publish': False, 'response': {'result': {'message': 'Hello  My  Nice World Sleep For long time'}, 'status': 'success', 'success': True}, 'start': 1650870056446, 'subject': 'guest', 'version': '0.0.1'}",
        "activationId": "7d316858a9314408b16858a931d4081e",
        "client_info": {
            "elapsed_time": 23.728806257247925,
            "blocking": true
        }
    },
    "833e9cd7428d4e32be9cd7428dce3250": {
        "message": "Hello  My  Nice World Sleep For long time",
        "raw": "{'activationId': '833e9cd7428d4e32be9cd7428dce3250', 'annotations': [{'key': 'path', 'value': 'guest/helloworld'}, {'key': 'waitTime', 'value': 3696}, {'key': 'kind', 'value': 'blackbox'}, {'key': 'limits', 'value': {'concurrency': 1, 'logs': 10, 'memory': 128, 'timeout': 60000}}, {'key': 'initTime', 'value': 172}], 'duration': 20196, 'end': 1650870077029, 'logs': [], 'name': 'helloworld', 'namespace': 'guest', 'publish': False, 'response': {'result': {'message': 'Hello  My  Nice World Sleep For long time'}, 'status': 'success', 'success': True}, 'start': 1650870056833, 'subject': 'guest', 'version': '0.0.1'}",
        "activationId": "833e9cd7428d4e32be9cd7428dce3250",
        "client_info": {
            "elapsed_time": 24.051326990127563,
            "blocking": true
        }
    },
    "client_info": {
        "start_time": "1650870052.889143",
        "end_time": "1650870076.943306",
        "total_elapsed_time": "24.054162979125977"
    }
}