{
    "94aacc796c42462baacc796c42962b33": {
        "message": "Hello  My  Nice World Sleep For long time",
        "raw": "{'activationId': '94aacc796c42462baacc796c42962b33', 'annotations': [{'key': 'path', 'value': 'guest/helloworld'}, {'key': 'waitTime', 'value': 5879}, {'key': 'kind', 'value': 'blackbox'}, {'key': 'limits', 'value': {'concurrency': 1, 'logs': 10, 'memory': 128, 'timeout': 60000}}, {'key': 'initTime', 'value': 230}], 'duration': 20257, 'end': 1650870219537, 'logs': [], 'name': 'helloworld', 'namespace': 'guest', 'publish': False, 'response': {'result': {'message': 'Hello  My  Nice World Sleep For long time'}, 'status': 'success', 'success': True}, 'start': 1650870199280, 'subject': 'guest', 'version': '0.0.1'}",
        "activationId": "94aacc796c42462baacc796c42962b33",
        "client_info": {
            "elapsed_time": 26.429696083068848,
            "blocking": true
        }
    },
    "92099ce6ea5f49f3899ce6ea5fc9f3ce": {
        "message": "Hello  My  Nice World Sleep For long time",
        "raw": "{'activationId': '92099ce6ea5f49f3899ce6ea5fc9f3ce', 'annotations': [{'key': 'path', 'value': 'guest/helloworld'}, {'key': 'waitTime', 'value': 6002}, {'key': 'kind', 'value': 'blackbox'}, {'key': 'limits', 'value': {'concurrency': 1, 'logs': 10, 'memory': 128, 'timeout': 60000}}, {'key': 'initTime', 'value': 155}], 'duration': 20179, 'end': 1650870219572, 'logs': [], 'name': 'helloworld', 'namespace': 'guest', 'publish': False, 'response': {'result': {'message': 'Hello  My  Nice World Sleep For long time'}, 'status': 'success', 'success': True}, 'start': 1650870199393, 'subject': 'guest', 'version': '0.0.1'}",
        "activationId": "92099ce6ea5f49f3899ce6ea5fc9f3ce",
        "client_info": {
            "elapsed_time": 26.429984092712402,
            "blocking": true
        }
    },
    "53259c45214e4938a59c45214ed93815": {
        "message": "Hello  My  Nice World Sleep For long time",
        "raw": "{'activationId': '53259c45214e4938a59c45214ed93815', 'annotations': [{'key': 'path', 'value': 'guest/helloworld'}, {'key': 'waitTime', 'value': 4876}, {'key': 'kind', 'value': 'blackbox'}, {'key': 'limits', 'value': {'concurrency': 1, 'logs': 10, 'memory': 128, 'timeout': 60000}}, {'key': 'initTime', 'value': 739}], 'duration': 20770, 'end': 1650870219096, 'logs': [], 'name': 'helloworld', 'namespace': 'guest', 'publish': False, 'response': {'result': {'message': 'Hello  My  Nice World Sleep For long time'}, 'status': 'success', 'success': True}, 'start': 1650870198326, 'subject': 'guest', 'version': '0.0.1'}",
        "activationId": "53259c45214e4938a59c45214ed93815",
        "client_info": {
            "elapsed_time": 25.997779846191406,
            "blocking": true
        }
    },
    "c38256ba502249c98256ba5022a9c959": {
        "message": "Hello  My  Nice World Sleep For long time",
        "raw": "{'activationId': 'c38256ba502249c98256ba5022a9c959', 'annotations': [{'key': 'path', 'value': 'guest/helloworld'}, {'key': 'waitTime', 'value': 4632}, {'key': 'kind', 'value': 'blackbox'}, {'key': 'limits', 'value': {'concurrency': 1, 'logs': 10, 'memory': 128, 'timeout': 60000}}, {'key': 'initTime', 'value': 382}], 'duration': 20421, 'end': 1650870218473, 'logs': [], 'name': 'helloworld', 'namespace': 'guest', 'publish': False, 'response': {'result': {'message': 'Hello  My  Nice World Sleep For long time'}, 'status': 'success', 'success': True}, 'start': 1650870198052, 'subject': 'guest', 'version': '0.0.1'}",
        "activationId": "c38256ba502249c98256ba5022a9c959",
        "client_info": {
            "elapsed_time": 25.325315952301025,
            "blocking": true
        }
    },
    "219a079181ed480c9a079181edd80cb8": {
        "message": "Hello  My  Nice World Sleep For long time",
        "raw": "{'activationId': '219a079181ed480c9a079181edd80cb8', 'annotations': [{'key': 'path', 'value': 'guest/helloworld'}, {'key': 'waitTime', 'value': 4161}, {'key': 'kind', 'value': 'blackbox'}, {'key': 'limits', 'value': {'concurrency': 1, 'logs': 10, 'memory': 128, 'timeout': 60000}}, {'key': 'initTime', 'value': 479}], 'duration': 20524, 'end': 1650870218125, 'logs': [], 'name': 'helloworld', 'namespace': 'guest', 'publish': False, 'response': {'result': {'message': 'Hello  My  Nice World Sleep For long time'}, 'status': 'success', 'success': True}, 'start': 1650870197601, 'subject': 'guest', 'version': '0.0.1'}",
        "activationId": "219a079181ed480c9a079181edd80cb8",
        "client_info": {
            "elapsed_time": 24.939759969711304,
            "blocking": true
        }
    },
    "ecafc442dc524a1bafc442dc52ca1bdc": {
        "message": "Hello  My  Nice World Sleep For long time",
        "raw": "{'activationId': 'ecafc442dc524a1bafc442dc52ca1bdc', 'annotations': [{'key': 'path', 'value': 'guest/helloworld'}, {'key': 'waitTime', 'value': 5541}, {'key': 'kind', 'value': 'blackbox'}, {'key': 'limits', 'value': {'concurrency': 1, 'logs': 10, 'memory': 128, 'timeout': 60000}}, {'key': 'initTime', 'value': 214}], 'duration': 20254, 'end': 1650870219237, 'logs': [], 'name': 'helloworld', 'namespace': 'guest', 'publish': False, 'response': {'result': {'message': 'Hello  My  Nice World Sleep For long time'}, 'status': 'success', 'success': True}, 'start': 1650870198983, 'subject': 'guest', 'version': '0.0.1'}",
        "activationId": "ecafc442dc524a1bafc442dc52ca1bdc",
        "client_info": {
            "elapsed_time": 26.089173078536987,
            "blocking": true
        }
    },
    "77504187cc074181904187cc078181fb": {
        "message": "Hello  My  Nice World Sleep For long time",
        "raw": "{'activationId': '77504187cc074181904187cc078181fb', 'annotations': [{'key': 'path', 'value': 'guest/helloworld'}, {'key': 'waitTime', 'value': 4388}, {'key': 'kind', 'value': 'blackbox'}, {'key': 'limits', 'value': {'concurrency': 1, 'logs': 10, 'memory': 128, 'timeout': 60000}}, {'key': 'initTime', 'value': 372}], 'duration': 20402, 'end': 1650870218232, 'logs': [], 'name': 'helloworld', 'namespace': 'guest', 'publish': False, 'response': {'result': {'message': 'Hello  My  Nice World Sleep For long time'}, 'status': 'success', 'success': True}, 'start': 1650870197830, 'subject': 'guest', 'version': '0.0.1'}",
        "activationId": "77504187cc074181904187cc078181fb",
        "client_info": {
            "elapsed_time": 25.05848002433777,
            "blocking": true
        }
    },
    "cb5e4e62bbb544ce9e4e62bbb5e4ce30": {
        "message": "Hello  My  Nice World Sleep For long time",
        "raw": "{'activationId': 'cb5e4e62bbb544ce9e4e62bbb5e4ce30', 'annotations': [{'key': 'path', 'value': 'guest/helloworld'}, {'key': 'waitTime', 'value': 4878}, {'key': 'kind', 'value': 'blackbox'}, {'key': 'limits', 'value': {'concurrency': 1, 'logs': 10, 'memory': 128, 'timeout': 60000}}, {'key': 'initTime', 'value': 614}], 'duration': 20651, 'end': 1650870219068, 'logs': [], 'name': 'helloworld', 'namespace': 'guest', 'publish': False, 'response': {'result': {'message': 'Hello  My  Nice World Sleep For long time'}, 'status': 'success', 'success': True}, 'start': 1650870198417, 'subject': 'guest', 'version': '0.0.1'}",
        "activationId": "cb5e4e62bbb544ce9e4e62bbb5e4ce30",
        "client_info": {
            "elapsed_time": 25.985059022903442,
            "blocking": true
        }
    },
    "client_info": {
        "start_time": "1650870193.0991611",
        "end_time": "1650870219.529723",
        "total_elapsed_time": "26.430561780929565"
    }
}