{
    "1": {
        "activationId": "8eea85ca-cf9b-11ec-84be-e45f01827912",
        "message": "Hello World from Nanos",
        "version": "2",
        "client_info": {
            "elapsed_time": 7.648626804351807,
            "blocking": true
        }
    },
    "2": {
        "activationId": "8f0667c2-cf9b-11ec-a440-e45f01827912",
        "message": "Hello World from Nanos",
        "version": "2",
        "client_info": {
            "elapsed_time": 8.429231882095337,
            "blocking": true
        }
    },
    "3": {
        "activationId": "8eeef27c-cf9b-11ec-bab5-e45f01827912",
        "message": "Hello World from Nanos",
        "version": "2",
        "client_info": {
            "elapsed_time": 7.07663631439209,
            "blocking": true
        }
    },
    "4": {
        "activationId": "8f06fdc2-cf9b-11ec-ac67-e45f01827912",
        "message": "Hello World from Nanos",
        "version": "2",
        "client_info": {
            "elapsed_time": 8.296027898788452,
            "blocking": true
        }
    },
    "5": {
        "activationId": "8ef0aae0-cf9b-11ec-aecf-e45f01827912",
        "message": "Hello World from Nanos",
        "version": "2",
        "client_info": {
            "elapsed_time": 6.776787042617798,
            "blocking": true
        }
    },
    "6": {
        "activationId": "8ef8ced2-cf9b-11ec-b84c-e45f01827912",
        "message": "Hello World from Nanos",
        "version": "2",
        "client_info": {
            "elapsed_time": 8.002617120742798,
            "blocking": true
        }
    },
    "7": {
        "activationId": "8ef4e056-cf9b-11ec-8743-e45f01827912",
        "message": "Hello World from Nanos",
        "version": "2",
        "client_info": {
            "elapsed_time": 8.094583988189697,
            "blocking": true
        }
    },
    "8": {
        "activationId": "8f012adc-cf9b-11ec-a9b1-e45f01827912",
        "message": "Hello World from Nanos",
        "version": "2",
        "client_info": {
            "elapsed_time": 8.432978868484497,
            "blocking": true
        }
    },
    "9": {
        "activationId": "8eead3cc-cf9b-11ec-8365-e45f01827912",
        "message": "Hello World from Nanos",
        "version": "2",
        "client_info": {
            "elapsed_time": 7.880995035171509,
            "blocking": true
        }
    },
    "10": {
        "activationId": "8eef7256-cf9b-11ec-a2a0-e45f01827912",
        "message": "Hello World from Nanos",
        "version": "2",
        "client_info": {
            "elapsed_time": 6.467095851898193,
            "blocking": true
        }
    },
    "11": {
        "activationId": "8f030f0a-cf9b-11ec-a3d3-e45f01827912",
        "message": "Hello World from Nanos",
        "version": "2",
        "client_info": {
            "elapsed_time": 8.510094165802002,
            "blocking": true
        }
    },
    "12": {
        "activationId": "8eecfa30-cf9b-11ec-8519-e45f01827912",
        "message": "Hello World from Nanos",
        "version": "2",
        "client_info": {
            "elapsed_time": 8.34509015083313,
            "blocking": true
        }
    },
    "13": {
        "activationId": "8f0b2604-cf9b-11ec-95fd-e45f01827912",
        "message": "Hello World from Nanos",
        "version": "2",
        "client_info": {
            "elapsed_time": 8.05487585067749,
            "blocking": true
        }
    },
    "14": {
        "activationId": "8f0ed8b2-cf9b-11ec-bc95-e45f01827912",
        "message": "Hello World from Nanos",
        "version": "2",
        "client_info": {
            "elapsed_time": 8.391112804412842,
            "blocking": true
        }
    },
    "15": {
        "activationId": "8eff2354-cf9b-11ec-a91e-e45f01827912",
        "message": "Hello World from Nanos",
        "version": "2",
        "client_info": {
            "elapsed_time": 7.48241400718689,
            "blocking": true
        }
    },
    "16": {
        "activationId": "8eefb41e-cf9b-11ec-96ce-e45f01827912",
        "message": "Hello World from Nanos",
        "version": "2",
        "client_info": {
            "elapsed_time": 7.7833099365234375,
            "blocking": true
        }
    },
    "client_info": {
        "start_time": "1652102756.474708",
        "end_time": "1652102764.986808",
        "total_elapsed_time": "8.512099981307983"
    }
}