{
    "1": {
        "message": "Hello World Openwhisk",
        "version": 1,
        "raw": "{'activationId': '41d9783d36b24f3c99783d36b21f3cda', 'annotations': [{'key': 'path', 'value': 'guest/helloworld'}, {'key': 'waitTime', 'value': 11065}, {'key': 'kind', 'value': 'blackbox'}, {'key': 'limits', 'value': {'concurrency': 1, 'logs': 10, 'memory': 128, 'timeout': 60000}}, {'key': 'initTime', 'value': 153}], 'duration': 20173, 'end': 1652087736072, 'logs': [], 'name': 'helloworld', 'namespace': 'guest', 'publish': False, 'response': {'result': {'message': 'Hello World Openwhisk', 'version': 1}, 'status': 'success', 'success': True}, 'start': 1652087715899, 'subject': 'guest', 'version': '0.0.17'}",
        "activationId": "41d9783d36b24f3c99783d36b21f3cda",
        "client_info": {
            "elapsed_time": 32.3340380191803,
            "blocking": true
        }
    },
    "2": {
        "message": null,
        "version": 0,
        "client_info": {
            "elapsed_time": 0,
            "blocking": true
        }
    },
    "3": {
        "message": null,
        "version": 0,
        "client_info": {
            "elapsed_time": 0,
            "blocking": true
        }
    },
    "4": {
        "message": null,
        "version": 0,
        "client_info": {
            "elapsed_time": 0,
            "blocking": true
        }
    },
    "client_info": {
        "start_time": "1652087703.67891",
        "end_time": "1652087736.013558",
        "total_elapsed_time": "32.33464789390564"
    }
}