{
    "6bf4b83c-caa1-11ec-94df-e45f01827912": {
        "activationId": "6bf4b83c-caa1-11ec-94df-e45f01827912",
        "message": "Hello World from Nanos",
        "version": "1",
        "client_info": {
            "elapsed_time": 23.602484941482544,
            "blocking": true
        }
    },
    "6be94f74-caa1-11ec-a1c1-e45f01827912": {
        "activationId": "6be94f74-caa1-11ec-a1c1-e45f01827912",
        "message": "Hello World from Nanos",
        "version": "1",
        "client_info": {
            "elapsed_time": 23.474519968032837,
            "blocking": true
        }
    },
    "6bf613c6-caa1-11ec-80b6-e45f01827912": {
        "activationId": "6bf613c6-caa1-11ec-80b6-e45f01827912",
        "message": "Hello World from Nanos",
        "version": "1",
        "client_info": {
            "elapsed_time": 22.532315969467163,
            "blocking": true
        }
    },
    "6bdf5226-caa1-11ec-b199-e45f01827912": {
        "activationId": "6bdf5226-caa1-11ec-b199-e45f01827912",
        "message": "Hello World from Nanos",
        "version": "1",
        "client_info": {
            "elapsed_time": 23.440397262573242,
            "blocking": true
        }
    },
    "6becc622-caa1-11ec-a4ba-e45f01827912": {
        "activationId": "6becc622-caa1-11ec-a4ba-e45f01827912",
        "message": "Hello World from Nanos",
        "version": "1",
        "client_info": {
            "elapsed_time": 23.37263512611389,
            "blocking": true
        }
    },
    "6be3261c-caa1-11ec-9fd6-e45f01827912": {
        "activationId": "6be3261c-caa1-11ec-9fd6-e45f01827912",
        "message": "Hello World from Nanos",
        "version": "1",
        "client_info": {
            "elapsed_time": 23.280837774276733,
            "blocking": true
        }
    },
    "6bdeae0c-caa1-11ec-9a92-e45f01827912": {
        "activationId": "6bdeae0c-caa1-11ec-9a92-e45f01827912",
        "message": "Hello World from Nanos",
        "version": "1",
        "client_info": {
            "elapsed_time": 23.501914978027344,
            "blocking": true
        }
    },
    "6be395e8-caa1-11ec-9340-e45f01827912": {
        "activationId": "6be395e8-caa1-11ec-9340-e45f01827912",
        "message": "Hello World from Nanos",
        "version": "1",
        "client_info": {
            "elapsed_time": 23.549522876739502,
            "blocking": true
        }
    },
    "6be69b58-caa1-11ec-9476-e45f01827912": {
        "activationId": "6be69b58-caa1-11ec-9476-e45f01827912",
        "message": "Hello World from Nanos",
        "version": "1",
        "client_info": {
            "elapsed_time": 23.609397888183594,
            "blocking": true
        }
    },
    "client_info": {
        "start_time": "1651555518.631273",
        "end_time": "1651555542.241935",
        "total_elapsed_time": "23.61066198348999"
    }
}