{
    "beb65f94-caa1-11ec-90d7-e45f01827912": {
        "activationId": "beb65f94-caa1-11ec-90d7-e45f01827912",
        "message": "Hello World from Nanos",
        "version": "1",
        "client_info": {
            "elapsed_time": 24.841891050338745,
            "blocking": true
        }
    },
    "bead6de4-caa1-11ec-8fd2-e45f01827912": {
        "activationId": "bead6de4-caa1-11ec-8fd2-e45f01827912",
        "message": "Hello World from Nanos",
        "version": "1",
        "client_info": {
            "elapsed_time": 24.577206134796143,
            "blocking": true
        }
    },
    "bea6b224-caa1-11ec-988a-e45f01827912": {
        "activationId": "bea6b224-caa1-11ec-988a-e45f01827912",
        "message": "Hello World from Nanos",
        "version": "1",
        "client_info": {
            "elapsed_time": 24.876502990722656,
            "blocking": true
        }
    },
    "bea90de4-caa1-11ec-8035-e45f01827912": {
        "activationId": "bea90de4-caa1-11ec-8035-e45f01827912",
        "message": "Hello World from Nanos",
        "version": "1",
        "client_info": {
            "elapsed_time": 24.57717490196228,
            "blocking": true
        }
    },
    "bea2a8c8-caa1-11ec-bbf9-e45f01827912": {
        "activationId": "bea2a8c8-caa1-11ec-bbf9-e45f01827912",
        "message": "Hello World from Nanos",
        "version": "1",
        "client_info": {
            "elapsed_time": 24.77989101409912,
            "blocking": true
        }
    },
    "beaedbde-caa1-11ec-bb0b-e45f01827912": {
        "activationId": "beaedbde-caa1-11ec-bb0b-e45f01827912",
        "message": "Hello World from Nanos",
        "version": "1",
        "client_info": {
            "elapsed_time": 24.779901027679443,
            "blocking": true
        }
    },
    "bea16ed6-caa1-11ec-b5f1-e45f01827912": {
        "activationId": "bea16ed6-caa1-11ec-b5f1-e45f01827912",
        "message": "Hello World from Nanos",
        "version": "1",
        "client_info": {
            "elapsed_time": 25.25156307220459,
            "blocking": true
        }
    },
    "bea50ca8-caa1-11ec-87d9-e45f01827912": {
        "activationId": "bea50ca8-caa1-11ec-87d9-e45f01827912",
        "message": "Hello World from Nanos",
        "version": "1",
        "client_info": {
            "elapsed_time": 25.259632110595703,
            "blocking": true
        }
    },
    "bebf5cac-caa1-11ec-b354-e45f01827912": {
        "activationId": "bebf5cac-caa1-11ec-b354-e45f01827912",
        "message": "Hello World from Nanos",
        "version": "1",
        "client_info": {
            "elapsed_time": 25.189533233642578,
            "blocking": true
        }
    },
    "bea60856-caa1-11ec-bbbe-e45f01827912": {
        "activationId": "bea60856-caa1-11ec-bbbe-e45f01827912",
        "message": "Hello World from Nanos",
        "version": "1",
        "client_info": {
            "elapsed_time": 25.495734930038452,
            "blocking": true
        }
    },
    "bea20b02-caa1-11ec-bbae-e45f01827912": {
        "activationId": "bea20b02-caa1-11ec-bbae-e45f01827912",
        "message": "Hello World from Nanos",
        "version": "1",
        "client_info": {
            "elapsed_time": 24.062927722930908,
            "blocking": true
        }
    },
    "bebc54a8-caa1-11ec-8fe3-e45f01827912": {
        "activationId": "bebc54a8-caa1-11ec-8fe3-e45f01827912",
        "message": "Hello World from Nanos",
        "version": "1",
        "client_info": {
            "elapsed_time": 24.88373899459839,
            "blocking": true
        }
    },
    "bec4a504-caa1-11ec-97d6-e45f01827912": {
        "activationId": "bec4a504-caa1-11ec-97d6-e45f01827912",
        "message": "Hello World from Nanos",
        "version": "1",
        "client_info": {
            "elapsed_time": 25.188440084457397,
            "blocking": true
        }
    },
    "client_info": {
        "start_time": "1651555657.4107058",
        "end_time": "1651555682.9078321",
        "total_elapsed_time": "25.49712634086609"
    }
}