{
    "1": {
        "activationId": "89cf472e-cf9b-11ec-916f-e45f01827912",
        "message": "Hello World from Nanos",
        "version": "2",
        "client_info": {
            "elapsed_time": 8.523447036743164,
            "blocking": true
        }
    },
    "2": {
        "activationId": "89c55372-cf9b-11ec-8cf0-e45f01827912",
        "message": "Hello World from Nanos",
        "version": "2",
        "client_info": {
            "elapsed_time": 7.212244987487793,
            "blocking": true
        }
    },
    "3": {
        "activationId": "89bfd47e-cf9b-11ec-8bf5-e45f01827912",
        "message": "Hello World from Nanos",
        "version": "2",
        "client_info": {
            "elapsed_time": 7.4130539894104,
            "blocking": true
        }
    },
    "4": {
        "activationId": "89c362d8-cf9b-11ec-80dc-e45f01827912",
        "message": "Hello World from Nanos",
        "version": "2",
        "client_info": {
            "elapsed_time": 5.60385799407959,
            "blocking": true
        }
    },
    "5": {
        "activationId": "89c02cb2-cf9b-11ec-a9da-e45f01827912",
        "message": "Hello World from Nanos",
        "version": "2",
        "client_info": {
            "elapsed_time": 7.868977308273315,
            "blocking": true
        }
    },
    "6": {
        "activationId": "89c187c4-cf9b-11ec-bb60-e45f01827912",
        "message": "Hello World from Nanos",
        "version": "2",
        "client_info": {
            "elapsed_time": 7.784683704376221,
            "blocking": true
        }
    },
    "7": {
        "activationId": "89c9880c-cf9b-11ec-a7c4-e45f01827912",
        "message": "Hello World from Nanos",
        "version": "2",
        "client_info": {
            "elapsed_time": 6.5696861743927,
            "blocking": true
        }
    },
    "8": {
        "activationId": "89c86dd2-cf9b-11ec-ac18-e45f01827912",
        "message": "Hello World from Nanos",
        "version": "2",
        "client_info": {
            "elapsed_time": 7.734852075576782,
            "blocking": true
        }
    },
    "9": {
        "activationId": "89ccf55a-cf9b-11ec-8dc3-e45f01827912",
        "message": "Hello World from Nanos",
        "version": "2",
        "client_info": {
            "elapsed_time": 8.352028846740723,
            "blocking": true
        }
    },
    "10": {
        "activationId": "89d635f2-cf9b-11ec-abbf-e45f01827912",
        "message": "Hello World from Nanos",
        "version": "2",
        "client_info": {
            "elapsed_time": 6.707165002822876,
            "blocking": true
        }
    },
    "11": {
        "activationId": "89e6d718-cf9b-11ec-960d-e45f01827912",
        "message": "Hello World from Nanos",
        "version": "2",
        "client_info": {
            "elapsed_time": 7.83763575553894,
            "blocking": true
        }
    },
    "12": {
        "activationId": "89d5c3ec-cf9b-11ec-8fc2-e45f01827912",
        "message": "Hello World from Nanos",
        "version": "2",
        "client_info": {
            "elapsed_time": 6.516960859298706,
            "blocking": true
        }
    },
    "13": {
        "activationId": "89e0c22e-cf9b-11ec-af77-e45f01827912",
        "message": "Hello World from Nanos",
        "version": "2",
        "client_info": {
            "elapsed_time": 8.291830778121948,
            "blocking": true
        }
    },
    "14": {
        "activationId": "89e8f426-cf9b-11ec-adcc-e45f01827912",
        "message": "Hello World from Nanos",
        "version": "2",
        "client_info": {
            "elapsed_time": 8.264659881591797,
            "blocking": true
        }
    },
    "15": {
        "activationId": "89f5d9a2-cf9b-11ec-8191-e45f01827912",
        "message": "Hello World from Nanos",
        "version": "2",
        "client_info": {
            "elapsed_time": 8.401735305786133,
            "blocking": true
        }
    },
    "16": {
        "activationId": "89f1b2f0-cf9b-11ec-8534-e45f01827912",
        "message": "Hello World from Nanos",
        "version": "2",
        "client_info": {
            "elapsed_time": 8.338025331497192,
            "blocking": true
        }
    },
    "client_info": {
        "start_time": "1652102747.812227",
        "end_time": "1652102756.336193",
        "total_elapsed_time": "8.523966073989868"
    }
}