{
    "1": {
        "message": "Hello World Openwhisk",
        "version": 2,
        "raw": "{'activationId': 'cc6f0e6d83424c60af0e6d83429c6020', 'annotations': [{'key': 'path', 'value': 'guest/helloworld'}, {'key': 'waitTime', 'value': 6578}, {'key': 'kind', 'value': 'blackbox'}, {'key': 'limits', 'value': {'concurrency': 1, 'logs': 10, 'memory': 128, 'timeout': 60000}}, {'key': 'initTime', 'value': 607}], 'duration': 2624, 'end': 1652102306516, 'logs': [], 'name': 'helloworld', 'namespace': 'guest', 'publish': False, 'response': {'result': {'message': 'Hello World Openwhisk', 'version': 2}, 'status': 'success', 'success': True}, 'start': 1652102303892, 'subject': 'guest', 'version': '0.0.19'}",
        "activationId": "cc6f0e6d83424c60af0e6d83429c6020",
        "client_info": {
            "elapsed_time": 9.688290119171143,
            "blocking": true
        }
    },
    "2": {
        "message": "Hello World Openwhisk",
        "version": 2,
        "raw": "{'activationId': 'e0397069e3654276b97069e365b2763b', 'annotations': [{'key': 'limits', 'value': {'concurrency': 1, 'logs': 10, 'memory': 128, 'timeout': 60000}}, {'key': 'path', 'value': 'guest/helloworld'}, {'key': 'kind', 'value': 'blackbox'}, {'key': 'waitTime', 'value': 8753}], 'duration': 2020, 'end': 1652102308105, 'logs': [], 'name': 'helloworld', 'namespace': 'guest', 'publish': False, 'response': {'result': {'message': 'Hello World Openwhisk', 'version': 2}, 'status': 'success', 'success': True}, 'start': 1652102306085, 'subject': 'guest', 'version': '0.0.19'}",
        "activationId": "e0397069e3654276b97069e365b2763b",
        "client_info": {
            "elapsed_time": 11.257502794265747,
            "blocking": true
        }
    },
    "3": {
        "message": "Hello World Openwhisk",
        "version": 2,
        "raw": "{'activationId': '20e3773aecf04fcda3773aecf0dfcddb', 'annotations': [{'key': 'path', 'value': 'guest/helloworld'}, {'key': 'waitTime', 'value': 6959}, {'key': 'kind', 'value': 'blackbox'}, {'key': 'limits', 'value': {'concurrency': 1, 'logs': 10, 'memory': 128, 'timeout': 60000}}, {'key': 'initTime', 'value': 427}], 'duration': 2444, 'end': 1652102306726, 'logs': [], 'name': 'helloworld', 'namespace': 'guest', 'publish': False, 'response': {'result': {'message': 'Hello World Openwhisk', 'version': 2}, 'status': 'success', 'success': True}, 'start': 1652102304282, 'subject': 'guest', 'version': '0.0.19'}",
        "activationId": "20e3773aecf04fcda3773aecf0dfcddb",
        "client_info": {
            "elapsed_time": 9.865416049957275,
            "blocking": true
        }
    },
    "4": {
        "message": "Hello World Openwhisk",
        "version": 2,
        "raw": "{'activationId': '7710bb39121141c390bb39121151c362', 'annotations': [{'key': 'path', 'value': 'guest/helloworld'}, {'key': 'waitTime', 'value': 6780}, {'key': 'kind', 'value': 'blackbox'}, {'key': 'limits', 'value': {'concurrency': 1, 'logs': 10, 'memory': 128, 'timeout': 60000}}, {'key': 'initTime', 'value': 509}], 'duration': 2526, 'end': 1652102306620, 'logs': [], 'name': 'helloworld', 'namespace': 'guest', 'publish': False, 'response': {'result': {'message': 'Hello World Openwhisk', 'version': 2}, 'status': 'success', 'success': True}, 'start': 1652102304094, 'subject': 'guest', 'version': '0.0.19'}",
        "activationId": "7710bb39121141c390bb39121151c362",
        "client_info": {
            "elapsed_time": 9.758801937103271,
            "blocking": true
        }
    },
    "5": {
        "message": "Hello World Openwhisk",
        "version": 2,
        "raw": "{'activationId': 'f69f4880bde24ff19f4880bde26ff1be', 'annotations': [{'key': 'path', 'value': 'guest/helloworld'}, {'key': 'waitTime', 'value': 5440}, {'key': 'kind', 'value': 'blackbox'}, {'key': 'limits', 'value': {'concurrency': 1, 'logs': 10, 'memory': 128, 'timeout': 60000}}, {'key': 'initTime', 'value': 850}], 'duration': 2881, 'end': 1652102305649, 'logs': [], 'name': 'helloworld', 'namespace': 'guest', 'publish': False, 'response': {'result': {'message': 'Hello World Openwhisk', 'version': 2}, 'status': 'success', 'success': True}, 'start': 1652102302768, 'subject': 'guest', 'version': '0.0.19'}",
        "activationId": "f69f4880bde24ff19f4880bde26ff1be",
        "client_info": {
            "elapsed_time": 8.86766004562378,
            "blocking": true
        }
    },
    "6": {
        "message": "Hello World Openwhisk",
        "version": 2,
        "raw": "{'activationId': 'ea0c7212b8104b9b8c7212b810db9b82', 'annotations': [{'key': 'limits', 'value': {'concurrency': 1, 'logs': 10, 'memory': 128, 'timeout': 60000}}, {'key': 'path', 'value': 'guest/helloworld'}, {'key': 'kind', 'value': 'blackbox'}, {'key': 'waitTime', 'value': 9119}], 'duration': 2010, 'end': 1652102308476, 'logs': [], 'name': 'helloworld', 'namespace': 'guest', 'publish': False, 'response': {'result': {'message': 'Hello World Openwhisk', 'version': 2}, 'status': 'success', 'success': True}, 'start': 1652102306466, 'subject': 'guest', 'version': '0.0.19'}",
        "activationId": "ea0c7212b8104b9b8c7212b810db9b82",
        "client_info": {
            "elapsed_time": 11.608839988708496,
            "blocking": true
        }
    },
    "7": {
        "message": "Hello World Openwhisk",
        "version": 2,
        "raw": "{'activationId': '8db9ef4f2cb04fd7b9ef4f2cb0dfd792', 'annotations': [{'key': 'limits', 'value': {'concurrency': 1, 'logs': 10, 'memory': 128, 'timeout': 60000}}, {'key': 'path', 'value': 'guest/helloworld'}, {'key': 'kind', 'value': 'blackbox'}, {'key': 'waitTime', 'value': 8385}], 'duration': 2007, 'end': 1652102307714, 'logs': [], 'name': 'helloworld', 'namespace': 'guest', 'publish': False, 'response': {'result': {'message': 'Hello World Openwhisk', 'version': 2}, 'status': 'success', 'success': True}, 'start': 1652102305707, 'subject': 'guest', 'version': '0.0.19'}",
        "activationId": "8db9ef4f2cb04fd7b9ef4f2cb0dfd792",
        "client_info": {
            "elapsed_time": 10.905202865600586,
            "blocking": true
        }
    },
    "8": {
        "message": "Hello World Openwhisk",
        "version": 2,
        "raw": "{'activationId': '6148446fa0cb453188446fa0cb8531ff', 'annotations': [{'key': 'path', 'value': 'guest/helloworld'}, {'key': 'waitTime', 'value': 6617}, {'key': 'kind', 'value': 'blackbox'}, {'key': 'limits', 'value': {'concurrency': 1, 'logs': 10, 'memory': 128, 'timeout': 60000}}, {'key': 'initTime', 'value': 498}], 'duration': 2515, 'end': 1652102306455, 'logs': [], 'name': 'helloworld', 'namespace': 'guest', 'publish': False, 'response': {'result': {'message': 'Hello World Openwhisk', 'version': 2}, 'status': 'success', 'success': True}, 'start': 1652102303940, 'subject': 'guest', 'version': '0.0.19'}",
        "activationId": "6148446fa0cb453188446fa0cb8531ff",
        "client_info": {
            "elapsed_time": 9.676909685134888,
            "blocking": true
        }
    },
    "9": {
        "message": "Hello World Openwhisk",
        "version": 2,
        "raw": "{'activationId': '8c4e913ca97040b38e913ca970b0b384', 'annotations': [{'key': 'limits', 'value': {'concurrency': 1, 'logs': 10, 'memory': 128, 'timeout': 60000}}, {'key': 'path', 'value': 'guest/helloworld'}, {'key': 'kind', 'value': 'blackbox'}, {'key': 'waitTime', 'value': 9286}], 'duration': 2025, 'end': 1652102308667, 'logs': [], 'name': 'helloworld', 'namespace': 'guest', 'publish': False, 'response': {'result': {'message': 'Hello World Openwhisk', 'version': 2}, 'status': 'success', 'success': True}, 'start': 1652102306642, 'subject': 'guest', 'version': '0.0.19'}",
        "activationId": "8c4e913ca97040b38e913ca970b0b384",
        "client_info": {
            "elapsed_time": 11.982605934143066,
            "blocking": true
        }
    },
    "10": {
        "message": "Hello World Openwhisk",
        "version": 2,
        "raw": "{'activationId': '108d5b7f298446f78d5b7f298466f7c4', 'annotations': [{'key': 'path', 'value': 'guest/helloworld'}, {'key': 'waitTime', 'value': 6017}, {'key': 'kind', 'value': 'blackbox'}, {'key': 'limits', 'value': {'concurrency': 1, 'logs': 10, 'memory': 128, 'timeout': 60000}}, {'key': 'initTime', 'value': 684}], 'duration': 2700, 'end': 1652102306070, 'logs': [], 'name': 'helloworld', 'namespace': 'guest', 'publish': False, 'response': {'result': {'message': 'Hello World Openwhisk', 'version': 2}, 'status': 'success', 'success': True}, 'start': 1652102303370, 'subject': 'guest', 'version': '0.0.19'}",
        "activationId": "108d5b7f298446f78d5b7f298466f7c4",
        "client_info": {
            "elapsed_time": 9.261130809783936,
            "blocking": true
        }
    },
    "11": {
        "message": "Hello World Openwhisk",
        "version": 2,
        "raw": "{'activationId': '72500248ed8941e8900248ed8971e8f5', 'annotations': [{'key': 'limits', 'value': {'concurrency': 1, 'logs': 10, 'memory': 128, 'timeout': 60000}}, {'key': 'path', 'value': 'guest/helloworld'}, {'key': 'kind', 'value': 'blackbox'}, {'key': 'waitTime', 'value': 9393}], 'duration': 2007, 'end': 1652102308772, 'logs': [], 'name': 'helloworld', 'namespace': 'guest', 'publish': False, 'response': {'result': {'message': 'Hello World Openwhisk', 'version': 2}, 'status': 'success', 'success': True}, 'start': 1652102306765, 'subject': 'guest', 'version': '0.0.19'}",
        "activationId": "72500248ed8941e8900248ed8971e8f5",
        "client_info": {
            "elapsed_time": 11.978272914886475,
            "blocking": true
        }
    },
    "12": {
        "message": "Hello World Openwhisk",
        "version": 2,
        "raw": "{'activationId': 'dc76438a4df84670b6438a4df886704f', 'annotations': [{'key': 'limits', 'value': {'concurrency': 1, 'logs': 10, 'memory': 128, 'timeout': 60000}}, {'key': 'path', 'value': 'guest/helloworld'}, {'key': 'kind', 'value': 'blackbox'}, {'key': 'waitTime', 'value': 9272}], 'duration': 2010, 'end': 1652102308636, 'logs': [], 'name': 'helloworld', 'namespace': 'guest', 'publish': False, 'response': {'result': {'message': 'Hello World Openwhisk', 'version': 2}, 'status': 'success', 'success': True}, 'start': 1652102306626, 'subject': 'guest', 'version': '0.0.19'}",
        "activationId": "dc76438a4df84670b6438a4df886704f",
        "client_info": {
            "elapsed_time": 11.74688172340393,
            "blocking": true
        }
    },
    "13": {
        "message": "Hello World Openwhisk",
        "version": 2,
        "raw": "{'activationId': '6373137ab98e45bbb3137ab98e95bb4d', 'annotations': [{'key': 'path', 'value': 'guest/helloworld'}, {'key': 'waitTime', 'value': 6938}, {'key': 'kind', 'value': 'blackbox'}, {'key': 'limits', 'value': {'concurrency': 1, 'logs': 10, 'memory': 128, 'timeout': 60000}}, {'key': 'initTime', 'value': 430}], 'duration': 2446, 'end': 1652102306735, 'logs': [], 'name': 'helloworld', 'namespace': 'guest', 'publish': False, 'response': {'result': {'message': 'Hello World Openwhisk', 'version': 2}, 'status': 'success', 'success': True}, 'start': 1652102304289, 'subject': 'guest', 'version': '0.0.19'}",
        "activationId": "6373137ab98e45bbb3137ab98e95bb4d",
        "client_info": {
            "elapsed_time": 9.843897104263306,
            "blocking": true
        }
    },
    "14": {
        "message": "Hello World Openwhisk",
        "version": 2,
        "raw": "{'activationId': 'ccf42300dc104a7bb42300dc108a7bac', 'annotations': [{'key': 'limits', 'value': {'concurrency': 1, 'logs': 10, 'memory': 128, 'timeout': 60000}}, {'key': 'path', 'value': 'guest/helloworld'}, {'key': 'kind', 'value': 'blackbox'}, {'key': 'waitTime', 'value': 9402}], 'duration': 2017, 'end': 1652102308769, 'logs': [], 'name': 'helloworld', 'namespace': 'guest', 'publish': False, 'response': {'result': {'message': 'Hello World Openwhisk', 'version': 2}, 'status': 'success', 'success': True}, 'start': 1652102306752, 'subject': 'guest', 'version': '0.0.19'}",
        "activationId": "ccf42300dc104a7bb42300dc108a7bac",
        "client_info": {
            "elapsed_time": 11.968034982681274,
            "blocking": true
        }
    },
    "15": {
        "message": "Hello World Openwhisk",
        "version": 2,
        "raw": "{'activationId': '3ae19458751c4690a19458751c76907f', 'annotations': [{'key': 'path', 'value': 'guest/helloworld'}, {'key': 'waitTime', 'value': 6775}, {'key': 'kind', 'value': 'blackbox'}, {'key': 'limits', 'value': {'concurrency': 1, 'logs': 10, 'memory': 128, 'timeout': 60000}}, {'key': 'initTime', 'value': 459}], 'duration': 2480, 'end': 1652102306610, 'logs': [], 'name': 'helloworld', 'namespace': 'guest', 'publish': False, 'response': {'result': {'message': 'Hello World Openwhisk', 'version': 2}, 'status': 'success', 'success': True}, 'start': 1652102304130, 'subject': 'guest', 'version': '0.0.19'}",
        "activationId": "3ae19458751c4690a19458751c76907f",
        "client_info": {
            "elapsed_time": 9.711863040924072,
            "blocking": true
        }
    },
    "16": {
        "message": "Hello World Openwhisk",
        "version": 2,
        "raw": "{'activationId': 'd19ca29648c74e869ca29648c73e86f4', 'annotations': [{'key': 'limits', 'value': {'concurrency': 1, 'logs': 10, 'memory': 128, 'timeout': 60000}}, {'key': 'path', 'value': 'guest/helloworld'}, {'key': 'kind', 'value': 'blackbox'}, {'key': 'waitTime', 'value': 9185}], 'duration': 2013, 'end': 1652102308550, 'logs': [], 'name': 'helloworld', 'namespace': 'guest', 'publish': False, 'response': {'result': {'message': 'Hello World Openwhisk', 'version': 2}, 'status': 'success', 'success': True}, 'start': 1652102306537, 'subject': 'guest', 'version': '0.0.19'}",
        "activationId": "d19ca29648c74e869ca29648c73e86f4",
        "client_info": {
            "elapsed_time": 11.650720357894897,
            "blocking": true
        }
    },
    "client_info": {
        "start_time": "1652102296.7764978",
        "end_time": "1652102308.776643",
        "total_elapsed_time": "12.000145196914673"
    }
}