{
    "1": {
        "message": "Hello World Openwhisk",
        "version": 1,
        "raw": "{'activationId': '0accd1a5785a42358cd1a5785ac2357c', 'annotations': [{'key': 'path', 'value': 'guest/helloworld'}, {'key': 'waitTime', 'value': 6898}, {'key': 'kind', 'value': 'blackbox'}, {'key': 'limits', 'value': {'concurrency': 1, 'logs': 10, 'memory': 128, 'timeout': 60000}}, {'key': 'initTime', 'value': 836}], 'duration': 20869, 'end': 1652088300908, 'logs': [], 'name': 'helloworld', 'namespace': 'guest', 'publish': False, 'response': {'result': {'message': 'Hello World Openwhisk', 'version': 1}, 'status': 'success', 'success': True}, 'start': 1652088280039, 'subject': 'guest', 'version': '0.0.17'}",
        "activationId": "0accd1a5785a42358cd1a5785ac2357c",
        "client_info": {
            "elapsed_time": 28.10784411430359,
            "blocking": true
        }
    },
    "2": {
        "message": "Hello World Openwhisk",
        "version": 1,
        "raw": "{'activationId': 'f52f061a2801431daf061a2801531db3', 'annotations': [{'key': 'path', 'value': 'guest/helloworld'}, {'key': 'waitTime', 'value': 7457}, {'key': 'kind', 'value': 'blackbox'}, {'key': 'limits', 'value': {'concurrency': 1, 'logs': 10, 'memory': 128, 'timeout': 60000}}, {'key': 'initTime', 'value': 324}], 'duration': 20365, 'end': 1652088300946, 'logs': [], 'name': 'helloworld', 'namespace': 'guest', 'publish': False, 'response': {'result': {'message': 'Hello World Openwhisk', 'version': 1}, 'status': 'success', 'success': True}, 'start': 1652088280581, 'subject': 'guest', 'version': '0.0.17'}",
        "activationId": "f52f061a2801431daf061a2801531db3",
        "client_info": {
            "elapsed_time": 28.16521716117859,
            "blocking": true
        }
    },
    "3": {
        "message": "Hello World Openwhisk",
        "version": 1,
        "raw": "{'activationId': 'fef9f1c1577c4e74b9f1c1577c7e7445', 'annotations': [{'key': 'path', 'value': 'guest/helloworld'}, {'key': 'waitTime', 'value': 6456}, {'key': 'kind', 'value': 'blackbox'}, {'key': 'limits', 'value': {'concurrency': 1, 'logs': 10, 'memory': 128, 'timeout': 60000}}, {'key': 'initTime', 'value': 984}], 'duration': 21043, 'end': 1652088300635, 'logs': [], 'name': 'helloworld', 'namespace': 'guest', 'publish': False, 'response': {'result': {'message': 'Hello World Openwhisk', 'version': 1}, 'status': 'success', 'success': True}, 'start': 1652088279592, 'subject': 'guest', 'version': '0.0.17'}",
        "activationId": "fef9f1c1577c4e74b9f1c1577c7e7445",
        "client_info": {
            "elapsed_time": 27.83616590499878,
            "blocking": true
        }
    },
    "4": {
        "message": "Hello World Openwhisk",
        "version": 1,
        "raw": "{'activationId': 'e2642a72af3a4a88a42a72af3a4a88df', 'annotations': [{'key': 'limits', 'value': {'concurrency': 1, 'logs': 10, 'memory': 128, 'timeout': 60000}}, {'key': 'path', 'value': 'guest/helloworld'}, {'key': 'kind', 'value': 'blackbox'}, {'key': 'waitTime', 'value': 27473}], 'duration': 20036, 'end': 1652088320666, 'logs': [], 'name': 'helloworld', 'namespace': 'guest', 'publish': False, 'response': {'result': {'message': 'Hello World Openwhisk', 'version': 1}, 'status': 'success', 'success': True}, 'start': 1652088300630, 'subject': 'guest', 'version': '0.0.17'}",
        "activationId": "e2642a72af3a4a88a42a72af3a4a88df",
        "client_info": {
            "elapsed_time": 47.868611097335815,
            "blocking": true
        }
    },
    "5": {
        "message": "Hello World Openwhisk",
        "version": 1,
        "raw": "{'activationId': '5aa2574a72294d05a2574a7229cd05f0', 'annotations': [{'key': 'limits', 'value': {'concurrency': 1, 'logs': 10, 'memory': 128, 'timeout': 60000}}, {'key': 'path', 'value': 'guest/helloworld'}, {'key': 'kind', 'value': 'blackbox'}, {'key': 'waitTime', 'value': 27526}], 'duration': 20042, 'end': 1652088320717, 'logs': [], 'name': 'helloworld', 'namespace': 'guest', 'publish': False, 'response': {'result': {'message': 'Hello World Openwhisk', 'version': 1}, 'status': 'success', 'success': True}, 'start': 1652088300675, 'subject': 'guest', 'version': '0.0.17'}",
        "activationId": "5aa2574a72294d05a2574a7229cd05f0",
        "client_info": {
            "elapsed_time": 47.93605899810791,
            "blocking": true
        }
    },
    "6": {
        "message": "Hello World Openwhisk",
        "version": 1,
        "raw": "{'activationId': '15e3742ef65d4c35a3742ef65d6c35ba', 'annotations': [{'key': 'path', 'value': 'guest/helloworld'}, {'key': 'waitTime', 'value': 6592}, {'key': 'kind', 'value': 'blackbox'}, {'key': 'limits', 'value': {'concurrency': 1, 'logs': 10, 'memory': 128, 'timeout': 60000}}, {'key': 'initTime', 'value': 815}], 'duration': 20848, 'end': 1652088300608, 'logs': [], 'name': 'helloworld', 'namespace': 'guest', 'publish': False, 'response': {'result': {'message': 'Hello World Openwhisk', 'version': 1}, 'status': 'success', 'success': True}, 'start': 1652088279760, 'subject': 'guest', 'version': '0.0.17'}",
        "activationId": "15e3742ef65d4c35a3742ef65d6c35ba",
        "client_info": {
            "elapsed_time": 27.80521297454834,
            "blocking": true
        }
    },
    "7": {
        "message": "Hello World Openwhisk",
        "version": 1,
        "raw": "{'activationId': '45b9bb0fad064fd7b9bb0fad061fd780', 'annotations': [{'key': 'path', 'value': 'guest/helloworld'}, {'key': 'waitTime', 'value': 7392}, {'key': 'kind', 'value': 'blackbox'}, {'key': 'limits', 'value': {'concurrency': 1, 'logs': 10, 'memory': 128, 'timeout': 60000}}, {'key': 'initTime', 'value': 393}], 'duration': 20422, 'end': 1652088300998, 'logs': [], 'name': 'helloworld', 'namespace': 'guest', 'publish': False, 'response': {'result': {'message': 'Hello World Openwhisk', 'version': 1}, 'status': 'success', 'success': True}, 'start': 1652088280576, 'subject': 'guest', 'version': '0.0.17'}",
        "activationId": "45b9bb0fad064fd7b9bb0fad061fd780",
        "client_info": {
            "elapsed_time": 28.1942298412323,
            "blocking": true
        }
    },
    "8": {
        "message": "Hello World Openwhisk",
        "version": 1,
        "raw": "{'activationId': '7fc4d492f6f8407384d492f6f810734e', 'annotations': [{'key': 'path', 'value': 'guest/helloworld'}, {'key': 'waitTime', 'value': 6585}, {'key': 'kind', 'value': 'blackbox'}, {'key': 'limits', 'value': {'concurrency': 1, 'logs': 10, 'memory': 128, 'timeout': 60000}}, {'key': 'initTime', 'value': 832}], 'duration': 20871, 'end': 1652088300629, 'logs': [], 'name': 'helloworld', 'namespace': 'guest', 'publish': False, 'response': {'result': {'message': 'Hello World Openwhisk', 'version': 1}, 'status': 'success', 'success': True}, 'start': 1652088279758, 'subject': 'guest', 'version': '0.0.17'}",
        "activationId": "7fc4d492f6f8407384d492f6f810734e",
        "client_info": {
            "elapsed_time": 27.845744132995605,
            "blocking": true
        }
    },
    "9": {
        "message": "Hello World Openwhisk",
        "version": 1,
        "raw": "{'activationId': '9ae2f281ffea4e34a2f281ffea3e343c', 'annotations': [{'key': 'path', 'value': 'guest/helloworld'}, {'key': 'waitTime', 'value': 6740}, {'key': 'kind', 'value': 'blackbox'}, {'key': 'limits', 'value': {'concurrency': 1, 'logs': 10, 'memory': 128, 'timeout': 60000}}, {'key': 'initTime', 'value': 673}], 'duration': 20718, 'end': 1652088300657, 'logs': [], 'name': 'helloworld', 'namespace': 'guest', 'publish': False, 'response': {'result': {'message': 'Hello World Openwhisk', 'version': 1}, 'status': 'success', 'success': True}, 'start': 1652088279939, 'subject': 'guest', 'version': '0.0.17'}",
        "activationId": "9ae2f281ffea4e34a2f281ffea3e343c",
        "client_info": {
            "elapsed_time": 27.845880031585693,
            "blocking": true
        }
    },
    "10": {
        "message": "Hello World Openwhisk",
        "version": 1,
        "raw": "{'activationId': '871e750462754bff9e75046275fbffa6', 'annotations': [{'key': 'limits', 'value': {'concurrency': 1, 'logs': 10, 'memory': 128, 'timeout': 60000}}, {'key': 'path', 'value': 'guest/helloworld'}, {'key': 'kind', 'value': 'blackbox'}, {'key': 'waitTime', 'value': 27754}], 'duration': 20028, 'end': 1652088320988, 'logs': [], 'name': 'helloworld', 'namespace': 'guest', 'publish': False, 'response': {'result': {'message': 'Hello World Openwhisk', 'version': 1}, 'status': 'success', 'success': True}, 'start': 1652088300960, 'subject': 'guest', 'version': '0.0.17'}",
        "activationId": "871e750462754bff9e75046275fbffa6",
        "client_info": {
            "elapsed_time": 48.26436710357666,
            "blocking": true
        }
    },
    "11": {
        "message": "Hello World Openwhisk",
        "version": 1,
        "raw": "{'activationId': '4261cf3b0cd44808a1cf3b0cd4c80800', 'annotations': [{'key': 'path', 'value': 'guest/helloworld'}, {'key': 'waitTime', 'value': 7367}, {'key': 'kind', 'value': 'blackbox'}, {'key': 'limits', 'value': {'concurrency': 1, 'logs': 10, 'memory': 128, 'timeout': 60000}}, {'key': 'initTime', 'value': 324}], 'duration': 20357, 'end': 1652088300936, 'logs': [], 'name': 'helloworld', 'namespace': 'guest', 'publish': False, 'response': {'result': {'message': 'Hello World Openwhisk', 'version': 1}, 'status': 'success', 'success': True}, 'start': 1652088280579, 'subject': 'guest', 'version': '0.0.17'}",
        "activationId": "4261cf3b0cd44808a1cf3b0cd4c80800",
        "client_info": {
            "elapsed_time": 28.119372129440308,
            "blocking": true
        }
    },
    "12": {
        "message": "Hello World Openwhisk",
        "version": 1,
        "raw": "{'activationId': 'a77eee3f6a894ff7beee3f6a891ff758', 'annotations': [{'key': 'limits', 'value': {'concurrency': 1, 'logs': 10, 'memory': 128, 'timeout': 60000}}, {'key': 'path', 'value': 'guest/helloworld'}, {'key': 'kind', 'value': 'blackbox'}, {'key': 'waitTime', 'value': 27454}], 'duration': 20036, 'end': 1652088320717, 'logs': [], 'name': 'helloworld', 'namespace': 'guest', 'publish': False, 'response': {'result': {'message': 'Hello World Openwhisk', 'version': 1}, 'status': 'success', 'success': True}, 'start': 1652088300681, 'subject': 'guest', 'version': '0.0.17'}",
        "activationId": "a77eee3f6a894ff7beee3f6a891ff758",
        "client_info": {
            "elapsed_time": 47.909199237823486,
            "blocking": true
        }
    },
    "13": {
        "message": "Hello World Openwhisk",
        "version": 1,
        "raw": "{'activationId': 'ae94f2cace81416594f2cace8121655e', 'annotations': [{'key': 'limits', 'value': {'concurrency': 1, 'logs': 10, 'memory': 128, 'timeout': 60000}}, {'key': 'path', 'value': 'guest/helloworld'}, {'key': 'kind', 'value': 'blackbox'}, {'key': 'waitTime', 'value': 27427}], 'duration': 20029, 'end': 1652088320679, 'logs': [], 'name': 'helloworld', 'namespace': 'guest', 'publish': False, 'response': {'result': {'message': 'Hello World Openwhisk', 'version': 1}, 'status': 'success', 'success': True}, 'start': 1652088300650, 'subject': 'guest', 'version': '0.0.17'}",
        "activationId": "ae94f2cace81416594f2cace8121655e",
        "client_info": {
            "elapsed_time": 47.866153955459595,
            "blocking": true
        }
    },
    "14": {
        "message": "Hello World Openwhisk",
        "version": 1,
        "raw": "{'activationId': '0aa03f094d45456fa03f094d45a56f35', 'annotations': [{'key': 'limits', 'value': {'concurrency': 1, 'logs': 10, 'memory': 128, 'timeout': 60000}}, {'key': 'path', 'value': 'guest/helloworld'}, {'key': 'kind', 'value': 'blackbox'}, {'key': 'waitTime', 'value': 27673}], 'duration': 20064, 'end': 1652088320989, 'logs': [], 'name': 'helloworld', 'namespace': 'guest', 'publish': False, 'response': {'result': {'message': 'Hello World Openwhisk', 'version': 1}, 'status': 'success', 'success': True}, 'start': 1652088300925, 'subject': 'guest', 'version': '0.0.17'}",
        "activationId": "0aa03f094d45456fa03f094d45a56f35",
        "client_info": {
            "elapsed_time": 48.253767013549805,
            "blocking": true
        }
    },
    "client_info": {
        "start_time": "1652088272.600436",
        "end_time": "1652088320.8820832",
        "total_elapsed_time": "48.28164720535278"
    }
}