{
    "4358ea534c9b427698ea534c9b6276a5": {
        "message": "Hello World Openwhisk",
        "version": 1,
        "raw": "{'activationId': '4358ea534c9b427698ea534c9b6276a5', 'annotations': [{'key': 'path', 'value': 'guest/helloworld'}, {'key': 'waitTime', 'value': 11355}, {'key': 'kind', 'value': 'blackbox'}, {'key': 'limits', 'value': {'concurrency': 1, 'logs': 10, 'memory': 128, 'timeout': 60000}}, {'key': 'initTime', 'value': 292}], 'duration': 20325, 'end': 1651510539655, 'logs': [], 'name': 'helloworld', 'namespace': 'guest', 'publish': False, 'response': {'result': {'message': 'Hello World Openwhisk', 'version': 1}, 'status': 'success', 'success': True}, 'start': 1651510519330, 'subject': 'guest', 'version': '0.0.5'}",
        "activationId": "4358ea534c9b427698ea534c9b6276a5",
        "client_info": {
            "elapsed_time": 31.870148181915283,
            "blocking": true
        }
    },
    "6ede669c12474cca9e669c1247fccacf": {
        "message": "Hello World Openwhisk",
        "version": 1,
        "raw": "{'activationId': '6ede669c12474cca9e669c1247fccacf', 'annotations': [{'key': 'path', 'value': 'guest/helloworld'}, {'key': 'waitTime', 'value': 11144}, {'key': 'kind', 'value': 'blackbox'}, {'key': 'limits', 'value': {'concurrency': 1, 'logs': 10, 'memory': 128, 'timeout': 60000}}, {'key': 'initTime', 'value': 370}], 'duration': 20408, 'end': 1651510539545, 'logs': [], 'name': 'helloworld', 'namespace': 'guest', 'publish': False, 'response': {'result': {'message': 'Hello World Openwhisk', 'version': 1}, 'status': 'success', 'success': True}, 'start': 1651510519137, 'subject': 'guest', 'version': '0.0.5'}",
        "activationId": "6ede669c12474cca9e669c1247fccacf",
        "client_info": {
            "elapsed_time": 31.812196016311646,
            "blocking": true
        }
    },
    "c3f3971228874f1fb397122887cf1fd7": {
        "message": "Hello World Openwhisk",
        "version": 1,
        "raw": "{'activationId': 'c3f3971228874f1fb397122887cf1fd7', 'annotations': [{'key': 'path', 'value': 'guest/helloworld'}, {'key': 'waitTime', 'value': 11026}, {'key': 'kind', 'value': 'blackbox'}, {'key': 'limits', 'value': {'concurrency': 1, 'logs': 10, 'memory': 128, 'timeout': 60000}}, {'key': 'initTime', 'value': 415}], 'duration': 20452, 'end': 1651510539462, 'logs': [], 'name': 'helloworld', 'namespace': 'guest', 'publish': False, 'response': {'result': {'message': 'Hello World Openwhisk', 'version': 1}, 'status': 'success', 'success': True}, 'start': 1651510519010, 'subject': 'guest', 'version': '0.0.5'}",
        "activationId": "c3f3971228874f1fb397122887cf1fd7",
        "client_info": {
            "elapsed_time": 31.66852569580078,
            "blocking": true
        }
    },
    "9dd773ba8ce644359773ba8ce6443510": {
        "message": "Hello World Openwhisk",
        "version": 1,
        "raw": "{'activationId': '9dd773ba8ce644359773ba8ce6443510', 'annotations': [{'key': 'path', 'value': 'guest/helloworld'}, {'key': 'waitTime', 'value': 10994}, {'key': 'kind', 'value': 'blackbox'}, {'key': 'limits', 'value': {'concurrency': 1, 'logs': 10, 'memory': 128, 'timeout': 60000}}, {'key': 'initTime', 'value': 425}], 'duration': 20445, 'end': 1651510539440, 'logs': [], 'name': 'helloworld', 'namespace': 'guest', 'publish': False, 'response': {'result': {'message': 'Hello World Openwhisk', 'version': 1}, 'status': 'success', 'success': True}, 'start': 1651510518995, 'subject': 'guest', 'version': '0.0.5'}",
        "activationId": "9dd773ba8ce644359773ba8ce6443510",
        "client_info": {
            "elapsed_time": 31.648869037628174,
            "blocking": true
        }
    },
    "94637ac00adf4a00a37ac00adf2a00f8": {
        "message": "Hello World Openwhisk",
        "version": 1,
        "raw": "{'activationId': '94637ac00adf4a00a37ac00adf2a00f8', 'annotations': [{'key': 'path', 'value': 'guest/helloworld'}, {'key': 'waitTime', 'value': 10834}, {'key': 'kind', 'value': 'blackbox'}, {'key': 'limits', 'value': {'concurrency': 1, 'logs': 10, 'memory': 128, 'timeout': 60000}}, {'key': 'initTime', 'value': 385}], 'duration': 20426, 'end': 1651510539262, 'logs': [], 'name': 'helloworld', 'namespace': 'guest', 'publish': False, 'response': {'result': {'message': 'Hello World Openwhisk', 'version': 1}, 'status': 'success', 'success': True}, 'start': 1651510518836, 'subject': 'guest', 'version': '0.0.5'}",
        "activationId": "94637ac00adf4a00a37ac00adf2a00f8",
        "client_info": {
            "elapsed_time": 31.553359746932983,
            "blocking": true
        }
    },
    "64e6dac35e074926a6dac35e0759268a": {
        "message": "Hello World Openwhisk",
        "version": 1,
        "raw": "{'activationId': '64e6dac35e074926a6dac35e0759268a', 'annotations': [{'key': 'path', 'value': 'guest/helloworld'}, {'key': 'waitTime', 'value': 10379}, {'key': 'kind', 'value': 'blackbox'}, {'key': 'limits', 'value': {'concurrency': 1, 'logs': 10, 'memory': 128, 'timeout': 60000}}, {'key': 'initTime', 'value': 308}], 'duration': 20346, 'end': 1651510538743, 'logs': [], 'name': 'helloworld', 'namespace': 'guest', 'publish': False, 'response': {'result': {'message': 'Hello World Openwhisk', 'version': 1}, 'status': 'success', 'success': True}, 'start': 1651510518397, 'subject': 'guest', 'version': '0.0.5'}",
        "activationId": "64e6dac35e074926a6dac35e0759268a",
        "client_info": {
            "elapsed_time": 31.03746008872986,
            "blocking": true
        }
    },
    "3d978b62beac498d978b62beacd98d69": {
        "message": "Hello World Openwhisk",
        "version": 1,
        "raw": "{'activationId': '3d978b62beac498d978b62beacd98d69', 'annotations': [{'key': 'path', 'value': 'guest/helloworld'}, {'key': 'waitTime', 'value': 11169}, {'key': 'kind', 'value': 'blackbox'}, {'key': 'limits', 'value': {'concurrency': 1, 'logs': 10, 'memory': 128, 'timeout': 60000}}, {'key': 'initTime', 'value': 305}], 'duration': 20345, 'end': 1651510539597, 'logs': [], 'name': 'helloworld', 'namespace': 'guest', 'publish': False, 'response': {'result': {'message': 'Hello World Openwhisk', 'version': 1}, 'status': 'success', 'success': True}, 'start': 1651510519252, 'subject': 'guest', 'version': '0.0.5'}",
        "activationId": "3d978b62beac498d978b62beacd98d69",
        "client_info": {
            "elapsed_time": 31.819045782089233,
            "blocking": true
        }
    },
    "client_info": {
        "start_time": "1651510507.754865",
        "end_time": "1651510539.6260622",
        "total_elapsed_time": "31.87119722366333"
    }
}