{
    "1": {
        "activationId": "a3e4580c-cf9b-11ec-91cc-e45f01827912",
        "message": "Hello World from Nanos",
        "version": "2",
        "client_info": {
            "elapsed_time": 7.317589044570923,
            "blocking": true
        }
    },
    "2": {
        "activationId": "a3e16098-cf9b-11ec-986c-e45f01827912",
        "message": "Hello World from Nanos",
        "version": "2",
        "client_info": {
            "elapsed_time": 7.346514940261841,
            "blocking": true
        }
    },
    "3": {
        "activationId": "a3e2db30-cf9b-11ec-8e05-e45f01827912",
        "message": "Hello World from Nanos",
        "version": "2",
        "client_info": {
            "elapsed_time": 8.780710935592651,
            "blocking": true
        }
    },
    "4": {
        "activationId": "a3e00ee6-cf9b-11ec-81d8-e45f01827912",
        "message": "Hello World from Nanos",
        "version": "2",
        "client_info": {
            "elapsed_time": 7.3229382038116455,
            "blocking": true
        }
    },
    "5": {
        "activationId": "a3f235a8-cf9b-11ec-87a0-e45f01827912",
        "message": "Hello World from Nanos",
        "version": "2",
        "client_info": {
            "elapsed_time": 8.70713496208191,
            "blocking": true
        }
    },
    "6": {
        "activationId": "a3e03d94-cf9b-11ec-ad3b-e45f01827912",
        "message": "Hello World from Nanos",
        "version": "2",
        "client_info": {
            "elapsed_time": 8.05786418914795,
            "blocking": true
        }
    },
    "7": {
        "activationId": "a3ea6170-cf9b-11ec-83a6-e45f01827912",
        "message": "Hello World from Nanos",
        "version": "2",
        "client_info": {
            "elapsed_time": 7.373254776000977,
            "blocking": true
        }
    },
    "8": {
        "activationId": "a3f8c6f2-cf9b-11ec-874e-e45f01827912",
        "message": "Hello World from Nanos",
        "version": "2",
        "client_info": {
            "elapsed_time": 8.426958799362183,
            "blocking": true
        }
    },
    "9": {
        "activationId": "a407542e-cf9b-11ec-8c0e-e45f01827912",
        "message": "Hello World from Nanos",
        "version": "2",
        "client_info": {
            "elapsed_time": 7.2888689041137695,
            "blocking": true
        }
    },
    "10": {
        "activationId": "a4008f54-cf9b-11ec-968d-e45f01827912",
        "message": "Hello World from Nanos",
        "version": "2",
        "client_info": {
            "elapsed_time": 8.738840103149414,
            "blocking": true
        }
    },
    "11": {
        "activationId": "a3f94046-cf9b-11ec-aedc-e45f01827912",
        "message": "Hello World from Nanos",
        "version": "2",
        "client_info": {
            "elapsed_time": 8.110507011413574,
            "blocking": true
        }
    },
    "12": {
        "activationId": "a3e6fa44-cf9b-11ec-815d-e45f01827912",
        "message": "Hello World from Nanos",
        "version": "2",
        "client_info": {
            "elapsed_time": 8.475166082382202,
            "blocking": true
        }
    },
    "13": {
        "activationId": "a40e6368-cf9b-11ec-9281-e45f01827912",
        "message": "Hello World from Nanos",
        "version": "2",
        "client_info": {
            "elapsed_time": 7.204659938812256,
            "blocking": true
        }
    },
    "14": {
        "activationId": "a4178be6-cf9b-11ec-bca5-e45f01827912",
        "message": "Hello World from Nanos",
        "version": "2",
        "client_info": {
            "elapsed_time": 8.675082921981812,
            "blocking": true
        }
    },
    "15": {
        "activationId": "a41202d4-cf9b-11ec-8795-e45f01827912",
        "message": "Hello World from Nanos",
        "version": "2",
        "client_info": {
            "elapsed_time": 8.816565990447998,
            "blocking": true
        }
    },
    "16": {
        "activationId": "a4077a9e-cf9b-11ec-acdc-e45f01827912",
        "message": "Hello World from Nanos",
        "version": "2",
        "client_info": {
            "elapsed_time": 8.650667905807495,
            "blocking": true
        }
    },
    "client_info": {
        "start_time": "1652102791.640624",
        "end_time": "1652102800.4599931",
        "total_elapsed_time": "8.819369077682495"
    }
}