{
    "3292145d4cc54d6f92145d4cc54d6f5a": {
        "message": "Hello World Openwhisk",
        "version": 1,
        "raw": "{'activationId': '3292145d4cc54d6f92145d4cc54d6f5a', 'annotations': [{'key': 'path', 'value': 'guest/helloworld'}, {'key': 'waitTime', 'value': 7869}, {'key': 'kind', 'value': 'blackbox'}, {'key': 'limits', 'value': {'concurrency': 1, 'logs': 10, 'memory': 128, 'timeout': 60000}}, {'key': 'initTime', 'value': 480}], 'duration': 20515, 'end': 1651511040282, 'logs': [], 'name': 'helloworld', 'namespace': 'guest', 'publish': False, 'response': {'result': {'message': 'Hello World Openwhisk', 'version': 1}, 'status': 'success', 'success': True}, 'start': 1651511019767, 'subject': 'guest', 'version': '0.0.5'}",
        "activationId": "3292145d4cc54d6f92145d4cc54d6f5a",
        "client_info": {
            "elapsed_time": 28.94550919532776,
            "blocking": true
        }
    },
    "f7dbcd0ff3404aa19bcd0ff3409aa1d5": {
        "message": "Hello World Openwhisk",
        "version": 1,
        "raw": "{'activationId': 'f7dbcd0ff3404aa19bcd0ff3409aa1d5', 'annotations': [{'key': 'path', 'value': 'guest/helloworld'}, {'key': 'waitTime', 'value': 7673}, {'key': 'kind', 'value': 'blackbox'}, {'key': 'limits', 'value': {'concurrency': 1, 'logs': 10, 'memory': 128, 'timeout': 60000}}, {'key': 'initTime', 'value': 640}], 'duration': 20707, 'end': 1651511040307, 'logs': [], 'name': 'helloworld', 'namespace': 'guest', 'publish': False, 'response': {'result': {'message': 'Hello World Openwhisk', 'version': 1}, 'status': 'success', 'success': True}, 'start': 1651511019600, 'subject': 'guest', 'version': '0.0.5'}",
        "activationId": "f7dbcd0ff3404aa19bcd0ff3409aa1d5",
        "client_info": {
            "elapsed_time": 28.97173500061035,
            "blocking": true
        }
    },
    "062931bdcbf84817a931bdcbf808178c": {
        "message": "Hello World Openwhisk",
        "version": 1,
        "raw": "{'activationId': '062931bdcbf84817a931bdcbf808178c', 'annotations': [{'key': 'path', 'value': 'guest/helloworld'}, {'key': 'waitTime', 'value': 7752}, {'key': 'kind', 'value': 'blackbox'}, {'key': 'limits', 'value': {'concurrency': 1, 'logs': 10, 'memory': 128, 'timeout': 60000}}, {'key': 'initTime', 'value': 560}], 'duration': 20594, 'end': 1651511040269, 'logs': [], 'name': 'helloworld', 'namespace': 'guest', 'publish': False, 'response': {'result': {'message': 'Hello World Openwhisk', 'version': 1}, 'status': 'success', 'success': True}, 'start': 1651511019675, 'subject': 'guest', 'version': '0.0.5'}",
        "activationId": "062931bdcbf84817a931bdcbf808178c",
        "client_info": {
            "elapsed_time": 28.924889087677002,
            "blocking": true
        }
    },
    "f8b50146aaaa4933b50146aaaad93318": {
        "message": "Hello World Openwhisk",
        "version": 1,
        "raw": "{'activationId': 'f8b50146aaaa4933b50146aaaad93318', 'annotations': [{'key': 'path', 'value': 'guest/helloworld'}, {'key': 'waitTime', 'value': 7291}, {'key': 'kind', 'value': 'blackbox'}, {'key': 'limits', 'value': {'concurrency': 1, 'logs': 10, 'memory': 128, 'timeout': 60000}}, {'key': 'initTime', 'value': 696}], 'duration': 20734, 'end': 1651511039959, 'logs': [], 'name': 'helloworld', 'namespace': 'guest', 'publish': False, 'response': {'result': {'message': 'Hello World Openwhisk', 'version': 1}, 'status': 'success', 'success': True}, 'start': 1651511019225, 'subject': 'guest', 'version': '0.0.5'}",
        "activationId": "f8b50146aaaa4933b50146aaaad93318",
        "client_info": {
            "elapsed_time": 28.65970206260681,
            "blocking": true
        }
    },
    "4b7d9631c15146d7bd9631c15166d7ad": {
        "message": "Hello World Openwhisk",
        "version": 1,
        "raw": "{'activationId': '4b7d9631c15146d7bd9631c15166d7ad', 'annotations': [{'key': 'limits', 'value': {'concurrency': 1, 'logs': 10, 'memory': 128, 'timeout': 60000}}, {'key': 'path', 'value': 'guest/helloworld'}, {'key': 'kind', 'value': 'blackbox'}, {'key': 'waitTime', 'value': 27533}], 'duration': 20030, 'end': 1651511059544, 'logs': [], 'name': 'helloworld', 'namespace': 'guest', 'publish': False, 'response': {'result': {'message': 'Hello World Openwhisk', 'version': 1}, 'status': 'success', 'success': True}, 'start': 1651511039514, 'subject': 'guest', 'version': '0.0.5'}",
        "activationId": "4b7d9631c15146d7bd9631c15166d7ad",
        "client_info": {
            "elapsed_time": 48.20565223693848,
            "blocking": true
        }
    },
    "1ce79e5e54c94123a79e5e54c90123e9": {
        "message": "Hello World Openwhisk",
        "version": 1,
        "raw": "{'activationId': '1ce79e5e54c94123a79e5e54c90123e9', 'annotations': [{'key': 'path', 'value': 'guest/helloworld'}, {'key': 'waitTime', 'value': 6795}, {'key': 'kind', 'value': 'blackbox'}, {'key': 'limits', 'value': {'concurrency': 1, 'logs': 10, 'memory': 128, 'timeout': 60000}}, {'key': 'initTime', 'value': 726}], 'duration': 20770, 'end': 1651511039499, 'logs': [], 'name': 'helloworld', 'namespace': 'guest', 'publish': False, 'response': {'result': {'message': 'Hello World Openwhisk', 'version': 1}, 'status': 'success', 'success': True}, 'start': 1651511018729, 'subject': 'guest', 'version': '0.0.5'}",
        "activationId": "1ce79e5e54c94123a79e5e54c90123e9",
        "client_info": {
            "elapsed_time": 28.248178958892822,
            "blocking": true
        }
    },
    "d7e056b19a344524a056b19a34952477": {
        "message": "Hello World Openwhisk",
        "version": 1,
        "raw": "{'activationId': 'd7e056b19a344524a056b19a34952477', 'annotations': [{'key': 'path', 'value': 'guest/helloworld'}, {'key': 'waitTime', 'value': 7343}, {'key': 'kind', 'value': 'blackbox'}, {'key': 'limits', 'value': {'concurrency': 1, 'logs': 10, 'memory': 128, 'timeout': 60000}}, {'key': 'initTime', 'value': 745}], 'duration': 20819, 'end': 1651511040085, 'logs': [], 'name': 'helloworld', 'namespace': 'guest', 'publish': False, 'response': {'result': {'message': 'Hello World Openwhisk', 'version': 1}, 'status': 'success', 'success': True}, 'start': 1651511019266, 'subject': 'guest', 'version': '0.0.5'}",
        "activationId": "d7e056b19a344524a056b19a34952477",
        "client_info": {
            "elapsed_time": 28.73826003074646,
            "blocking": true
        }
    },
    "909833275bbb42d29833275bbb82d2eb": {
        "message": "Hello World Openwhisk",
        "version": 1,
        "raw": "{'activationId': '909833275bbb42d29833275bbb82d2eb', 'annotations': [{'key': 'limits', 'value': {'concurrency': 1, 'logs': 10, 'memory': 128, 'timeout': 60000}}, {'key': 'path', 'value': 'guest/helloworld'}, {'key': 'kind', 'value': 'blackbox'}, {'key': 'waitTime', 'value': 28190}], 'duration': 20020, 'end': 1651511060198, 'logs': [], 'name': 'helloworld', 'namespace': 'guest', 'publish': False, 'response': {'result': {'message': 'Hello World Openwhisk', 'version': 1}, 'status': 'success', 'success': True}, 'start': 1651511040178, 'subject': 'guest', 'version': '0.0.5'}",
        "activationId": "909833275bbb42d29833275bbb82d2eb",
        "client_info": {
            "elapsed_time": 49.67329502105713,
            "blocking": true
        }
    },
    "77370afe20814ec2b70afe20814ec2e1": {
        "message": "Hello World Openwhisk",
        "version": 1,
        "raw": "{'activationId': '77370afe20814ec2b70afe20814ec2e1', 'annotations': [{'key': 'path', 'value': 'guest/helloworld'}, {'key': 'waitTime', 'value': 7771}, {'key': 'kind', 'value': 'blackbox'}, {'key': 'limits', 'value': {'concurrency': 1, 'logs': 10, 'memory': 128, 'timeout': 60000}}, {'key': 'initTime', 'value': 385}], 'duration': 20411, 'end': 1651511040163, 'logs': [], 'name': 'helloworld', 'namespace': 'guest', 'publish': False, 'response': {'result': {'message': 'Hello World Openwhisk', 'version': 1}, 'status': 'success', 'success': True}, 'start': 1651511019752, 'subject': 'guest', 'version': '0.0.5'}",
        "activationId": "77370afe20814ec2b70afe20814ec2e1",
        "client_info": {
            "elapsed_time": 28.809714317321777,
            "blocking": true
        }
    },
    "f4cdcc3bdcbd473c8dcc3bdcbde73cab": {
        "message": "Hello World Openwhisk",
        "version": 1,
        "raw": "{'activationId': 'f4cdcc3bdcbd473c8dcc3bdcbde73cab', 'annotations': [{'key': 'limits', 'value': {'concurrency': 1, 'logs': 10, 'memory': 128, 'timeout': 60000}}, {'key': 'path', 'value': 'guest/helloworld'}, {'key': 'kind', 'value': 'blackbox'}, {'key': 'waitTime', 'value': 27991}], 'duration': 20032, 'end': 1651511060002, 'logs': [], 'name': 'helloworld', 'namespace': 'guest', 'publish': False, 'response': {'result': {'message': 'Hello World Openwhisk', 'version': 1}, 'status': 'success', 'success': True}, 'start': 1651511039970, 'subject': 'guest', 'version': '0.0.5'}",
        "activationId": "f4cdcc3bdcbd473c8dcc3bdcbde73cab",
        "client_info": {
            "elapsed_time": 49.088067054748535,
            "blocking": true
        }
    },
    "346bcc1533f349f9abcc1533f389f9d5": {
        "message": "Hello World Openwhisk",
        "version": 1,
        "raw": "{'activationId': '346bcc1533f349f9abcc1533f389f9d5', 'annotations': [{'key': 'path', 'value': 'guest/helloworld'}, {'key': 'waitTime', 'value': 7047}, {'key': 'kind', 'value': 'blackbox'}, {'key': 'limits', 'value': {'concurrency': 1, 'logs': 10, 'memory': 128, 'timeout': 60000}}, {'key': 'initTime', 'value': 952}], 'duration': 20986, 'end': 1651511040019, 'logs': [], 'name': 'helloworld', 'namespace': 'guest', 'publish': False, 'response': {'result': {'message': 'Hello World Openwhisk', 'version': 1}, 'status': 'success', 'success': True}, 'start': 1651511019033, 'subject': 'guest', 'version': '0.0.5'}",
        "activationId": "346bcc1533f349f9abcc1533f389f9d5",
        "client_info": {
            "elapsed_time": 28.654546976089478,
            "blocking": true
        }
    },
    "22f956388c0449f4b956388c0469f428": {
        "message": "Hello World Openwhisk",
        "version": 1,
        "raw": "{'activationId': '22f956388c0449f4b956388c0469f428', 'annotations': [{'key': 'limits', 'value': {'concurrency': 1, 'logs': 10, 'memory': 128, 'timeout': 60000}}, {'key': 'path', 'value': 'guest/helloworld'}, {'key': 'kind', 'value': 'blackbox'}, {'key': 'waitTime', 'value': 28305}], 'duration': 20037, 'end': 1651511060322, 'logs': [], 'name': 'helloworld', 'namespace': 'guest', 'publish': False, 'response': {'result': {'message': 'Hello World Openwhisk', 'version': 1}, 'status': 'success', 'success': True}, 'start': 1651511040285, 'subject': 'guest', 'version': '0.0.5'}",
        "activationId": "22f956388c0449f4b956388c0469f428",
        "client_info": {
            "elapsed_time": 49.66004180908203,
            "blocking": true
        }
    },
    "4ac1b5eaf7a0410981b5eaf7a0b10937": {
        "message": "Hello World Openwhisk",
        "version": 1,
        "raw": "{'activationId': '4ac1b5eaf7a0410981b5eaf7a0b10937', 'annotations': [{'key': 'limits', 'value': {'concurrency': 1, 'logs': 10, 'memory': 128, 'timeout': 60000}}, {'key': 'path', 'value': 'guest/helloworld'}, {'key': 'kind', 'value': 'blackbox'}, {'key': 'waitTime', 'value': 28121}], 'duration': 20033, 'end': 1651511060135, 'logs': [], 'name': 'helloworld', 'namespace': 'guest', 'publish': False, 'response': {'result': {'message': 'Hello World Openwhisk', 'version': 1}, 'status': 'success', 'success': True}, 'start': 1651511040102, 'subject': 'guest', 'version': '0.0.5'}",
        "activationId": "4ac1b5eaf7a0410981b5eaf7a0b10937",
        "client_info": {
            "elapsed_time": 49.65730094909668,
            "blocking": true
        }
    },
    "4d8b39262e6348188b39262e63b81863": {
        "message": "Hello World Openwhisk",
        "version": 1,
        "raw": "{'activationId': '4d8b39262e6348188b39262e63b81863', 'annotations': [{'key': 'limits', 'value': {'concurrency': 1, 'logs': 10, 'memory': 128, 'timeout': 60000}}, {'key': 'path', 'value': 'guest/helloworld'}, {'key': 'kind', 'value': 'blackbox'}, {'key': 'waitTime', 'value': 28323}], 'duration': 20032, 'end': 1651511060340, 'logs': [], 'name': 'helloworld', 'namespace': 'guest', 'publish': False, 'response': {'result': {'message': 'Hello World Openwhisk', 'version': 1}, 'status': 'success', 'success': True}, 'start': 1651511040308, 'subject': 'guest', 'version': '0.0.5'}",
        "activationId": "4d8b39262e6348188b39262e63b81863",
        "client_info": {
            "elapsed_time": 49.65417814254761,
            "blocking": true
        }
    },
    "4ebf46760e1b4670bf46760e1ba670c8": {
        "message": "Hello World Openwhisk",
        "version": 1,
        "raw": "{'activationId': '4ebf46760e1b4670bf46760e1ba670c8', 'annotations': [{'key': 'limits', 'value': {'concurrency': 1, 'logs': 10, 'memory': 128, 'timeout': 60000}}, {'key': 'path', 'value': 'guest/helloworld'}, {'key': 'kind', 'value': 'blackbox'}, {'key': 'waitTime', 'value': 28304}], 'duration': 20026, 'end': 1651511060382, 'logs': [], 'name': 'helloworld', 'namespace': 'guest', 'publish': False, 'response': {'result': {'message': 'Hello World Openwhisk', 'version': 1}, 'status': 'success', 'success': True}, 'start': 1651511040356, 'subject': 'guest', 'version': '0.0.5'}",
        "activationId": "4ebf46760e1b4670bf46760e1ba670c8",
        "client_info": {
            "elapsed_time": 49.65416598320007,
            "blocking": true
        }
    },
    "a1812c22ede4462c812c22ede4762ce2": {
        "message": "Hello World Openwhisk",
        "version": 1,
        "raw": "{'activationId': 'a1812c22ede4462c812c22ede4762ce2', 'annotations': [{'key': 'limits', 'value': {'concurrency': 1, 'logs': 10, 'memory': 128, 'timeout': 60000}}, {'key': 'path', 'value': 'guest/helloworld'}, {'key': 'kind', 'value': 'blackbox'}, {'key': 'waitTime', 'value': 28059}], 'duration': 20028, 'end': 1651511060072, 'logs': [], 'name': 'helloworld', 'namespace': 'guest', 'publish': False, 'response': {'result': {'message': 'Hello World Openwhisk', 'version': 1}, 'status': 'success', 'success': True}, 'start': 1651511040044, 'subject': 'guest', 'version': '0.0.5'}",
        "activationId": "a1812c22ede4462c812c22ede4762ce2",
        "client_info": {
            "elapsed_time": 48.78245186805725,
            "blocking": true
        }
    },
    "client_info": {
        "start_time": "1651511011.275105",
        "end_time": "1651511060.957868",
        "total_elapsed_time": "49.68276309967041"
    }
}