{
    "1": {
        "activationId": "11f8ed16-cf84-11ec-99e7-e45f01827912",
        "message": "Hello World from Nanos",
        "version": "1",
        "client_info": {
            "elapsed_time": 21.622700929641724,
            "blocking": true
        }
    },
    "2": {
        "activationId": "11fb2aea-cf84-11ec-92ca-e45f01827912",
        "message": "Hello World from Nanos",
        "version": "1",
        "client_info": {
            "elapsed_time": 21.622335195541382,
            "blocking": true
        }
    },
    "3": {
        "activationId": "11f84dca-cf84-11ec-9fe6-e45f01827912",
        "message": "Hello World from Nanos",
        "version": "1",
        "client_info": {
            "elapsed_time": 21.62215495109558,
            "blocking": true
        }
    },
    "client_info": {
        "start_time": "1652092668.3614998",
        "end_time": "1652092689.984595",
        "total_elapsed_time": "21.623095273971558"
    }
}