{
    "1": {
        "message": "Hello World Openwhisk",
        "version": 1,
        "raw": "{'activationId': '1fd4f3d7a5b74aea94f3d7a5b7faeaca', 'annotations': [{'key': 'limits', 'value': {'concurrency': 1, 'logs': 10, 'memory': 128, 'timeout': 60000}}, {'key': 'path', 'value': 'guest/helloworld'}, {'key': 'kind', 'value': 'blackbox'}, {'key': 'waitTime', 'value': 9374}], 'duration': 2010, 'end': 1652102227416, 'logs': [], 'name': 'helloworld', 'namespace': 'guest', 'publish': False, 'response': {'result': {'message': 'Hello World Openwhisk', 'version': 1}, 'status': 'success', 'success': True}, 'start': 1652102225406, 'subject': 'guest', 'version': '0.0.18'}",
        "activationId": "1fd4f3d7a5b74aea94f3d7a5b7faeaca",
        "client_info": {
            "elapsed_time": 11.828306913375854,
            "blocking": true
        }
    },
    "2": {
        "message": "Hello World Openwhisk",
        "version": 1,
        "raw": "{'activationId': '4c200ca1e9454976a00ca1e945f97679', 'annotations': [{'key': 'path', 'value': 'guest/helloworld'}, {'key': 'waitTime', 'value': 7747}, {'key': 'kind', 'value': 'blackbox'}, {'key': 'limits', 'value': {'concurrency': 1, 'logs': 10, 'memory': 128, 'timeout': 60000}}, {'key': 'initTime', 'value': 367}], 'duration': 2385, 'end': 1652102226174, 'logs': [], 'name': 'helloworld', 'namespace': 'guest', 'publish': False, 'response': {'result': {'message': 'Hello World Openwhisk', 'version': 1}, 'status': 'success', 'success': True}, 'start': 1652102223789, 'subject': 'guest', 'version': '0.0.18'}",
        "activationId": "4c200ca1e9454976a00ca1e945f97679",
        "client_info": {
            "elapsed_time": 10.5887291431427,
            "blocking": true
        }
    },
    "3": {
        "message": "Hello World Openwhisk",
        "version": 1,
        "raw": "{'activationId': '5b1637279dc0472f9637279dc0d72f44', 'annotations': [{'key': 'path', 'value': 'guest/helloworld'}, {'key': 'waitTime', 'value': 7366}, {'key': 'kind', 'value': 'blackbox'}, {'key': 'limits', 'value': {'concurrency': 1, 'logs': 10, 'memory': 128, 'timeout': 60000}}, {'key': 'initTime', 'value': 536}], 'duration': 2573, 'end': 1652102226005, 'logs': [], 'name': 'helloworld', 'namespace': 'guest', 'publish': False, 'response': {'result': {'message': 'Hello World Openwhisk', 'version': 1}, 'status': 'success', 'success': True}, 'start': 1652102223432, 'subject': 'guest', 'version': '0.0.18'}",
        "activationId": "5b1637279dc0472f9637279dc0d72f44",
        "client_info": {
            "elapsed_time": 10.415546894073486,
            "blocking": true
        }
    },
    "4": {
        "message": "Hello World Openwhisk",
        "version": 1,
        "raw": "{'activationId': '6b93be6698164ee793be6698162ee7c8', 'annotations': [{'key': 'path', 'value': 'guest/helloworld'}, {'key': 'waitTime', 'value': 6392}, {'key': 'kind', 'value': 'blackbox'}, {'key': 'limits', 'value': {'concurrency': 1, 'logs': 10, 'memory': 128, 'timeout': 60000}}, {'key': 'initTime', 'value': 927}], 'duration': 2946, 'end': 1652102225381, 'logs': [], 'name': 'helloworld', 'namespace': 'guest', 'publish': False, 'response': {'result': {'message': 'Hello World Openwhisk', 'version': 1}, 'status': 'success', 'success': True}, 'start': 1652102222435, 'subject': 'guest', 'version': '0.0.18'}",
        "activationId": "6b93be6698164ee793be6698162ee7c8",
        "client_info": {
            "elapsed_time": 9.853188276290894,
            "blocking": true
        }
    },
    "5": {
        "message": "Hello World Openwhisk",
        "version": 1,
        "raw": "{'activationId': '1fc6dbc0bb9b412786dbc0bb9b81273d', 'annotations': [{'key': 'path', 'value': 'guest/helloworld'}, {'key': 'waitTime', 'value': 7597}, {'key': 'kind', 'value': 'blackbox'}, {'key': 'limits', 'value': {'concurrency': 1, 'logs': 10, 'memory': 128, 'timeout': 60000}}, {'key': 'initTime', 'value': 463}], 'duration': 2474, 'end': 1652102226210, 'logs': [], 'name': 'helloworld', 'namespace': 'guest', 'publish': False, 'response': {'result': {'message': 'Hello World Openwhisk', 'version': 1}, 'status': 'success', 'success': True}, 'start': 1652102223736, 'subject': 'guest', 'version': '0.0.18'}",
        "activationId": "1fc6dbc0bb9b412786dbc0bb9b81273d",
        "client_info": {
            "elapsed_time": 10.62009882926941,
            "blocking": true
        }
    },
    "6": {
        "message": "Hello World Openwhisk",
        "version": 1,
        "raw": "{'activationId': 'a6b54b8d0b864d3db54b8d0b86fd3dcc', 'annotations': [{'key': 'path', 'value': 'guest/helloworld'}, {'key': 'waitTime', 'value': 7147}, {'key': 'kind', 'value': 'blackbox'}, {'key': 'limits', 'value': {'concurrency': 1, 'logs': 10, 'memory': 128, 'timeout': 60000}}, {'key': 'initTime', 'value': 471}], 'duration': 2520, 'end': 1652102225735, 'logs': [], 'name': 'helloworld', 'namespace': 'guest', 'publish': False, 'response': {'result': {'message': 'Hello World Openwhisk', 'version': 1}, 'status': 'success', 'success': True}, 'start': 1652102223215, 'subject': 'guest', 'version': '0.0.18'}",
        "activationId": "a6b54b8d0b864d3db54b8d0b86fd3dcc",
        "client_info": {
            "elapsed_time": 10.158752202987671,
            "blocking": true
        }
    },
    "7": {
        "message": "Hello World Openwhisk",
        "version": 1,
        "raw": "{'activationId': '66f3d605e0c2435eb3d605e0c2935efe', 'annotations': [{'key': 'path', 'value': 'guest/helloworld'}, {'key': 'waitTime', 'value': 7437}, {'key': 'kind', 'value': 'blackbox'}, {'key': 'limits', 'value': {'concurrency': 1, 'logs': 10, 'memory': 128, 'timeout': 60000}}, {'key': 'initTime', 'value': 495}], 'duration': 2512, 'end': 1652102226030, 'logs': [], 'name': 'helloworld', 'namespace': 'guest', 'publish': False, 'response': {'result': {'message': 'Hello World Openwhisk', 'version': 1}, 'status': 'success', 'success': True}, 'start': 1652102223518, 'subject': 'guest', 'version': '0.0.18'}",
        "activationId": "66f3d605e0c2435eb3d605e0c2935efe",
        "client_info": {
            "elapsed_time": 10.43473196029663,
            "blocking": true
        }
    },
    "8": {
        "message": "Hello World Openwhisk",
        "version": 1,
        "raw": "{'activationId': '10adfa69bb87437dadfa69bb87037dd8', 'annotations': [{'key': 'path', 'value': 'guest/helloworld'}, {'key': 'waitTime', 'value': 7815}, {'key': 'kind', 'value': 'blackbox'}, {'key': 'limits', 'value': {'concurrency': 1, 'logs': 10, 'memory': 128, 'timeout': 60000}}, {'key': 'initTime', 'value': 368}], 'duration': 2380, 'end': 1652102226258, 'logs': [], 'name': 'helloworld', 'namespace': 'guest', 'publish': False, 'response': {'result': {'message': 'Hello World Openwhisk', 'version': 1}, 'status': 'success', 'success': True}, 'start': 1652102223878, 'subject': 'guest', 'version': '0.0.18'}",
        "activationId": "10adfa69bb87437dadfa69bb87037dd8",
        "client_info": {
            "elapsed_time": 10.661421775817871,
            "blocking": true
        }
    },
    "9": {
        "message": "Hello World Openwhisk",
        "version": 1,
        "raw": "{'activationId': '0b2e20d88bea43e3ae20d88bea93e3b3', 'annotations': [{'key': 'limits', 'value': {'concurrency': 1, 'logs': 10, 'memory': 128, 'timeout': 60000}}, {'key': 'path', 'value': 'guest/helloworld'}, {'key': 'kind', 'value': 'blackbox'}, {'key': 'waitTime', 'value': 9274}], 'duration': 2019, 'end': 1652102227370, 'logs': [], 'name': 'helloworld', 'namespace': 'guest', 'publish': False, 'response': {'result': {'message': 'Hello World Openwhisk', 'version': 1}, 'status': 'success', 'success': True}, 'start': 1652102225351, 'subject': 'guest', 'version': '0.0.18'}",
        "activationId": "0b2e20d88bea43e3ae20d88bea93e3b3",
        "client_info": {
            "elapsed_time": 11.766967058181763,
            "blocking": true
        }
    },
    "10": {
        "message": "Hello World Openwhisk",
        "version": 1,
        "raw": "{'activationId': '6c459b1ee2534f79859b1ee253bf7990', 'annotations': [{'key': 'limits', 'value': {'concurrency': 1, 'logs': 10, 'memory': 128, 'timeout': 60000}}, {'key': 'path', 'value': 'guest/helloworld'}, {'key': 'kind', 'value': 'blackbox'}, {'key': 'waitTime', 'value': 9941}], 'duration': 2009, 'end': 1652102228027, 'logs': [], 'name': 'helloworld', 'namespace': 'guest', 'publish': False, 'response': {'result': {'message': 'Hello World Openwhisk', 'version': 1}, 'status': 'success', 'success': True}, 'start': 1652102226018, 'subject': 'guest', 'version': '0.0.18'}",
        "activationId": "6c459b1ee2534f79859b1ee253bf7990",
        "client_info": {
            "elapsed_time": 12.421250820159912,
            "blocking": true
        }
    },
    "11": {
        "message": "Hello World Openwhisk",
        "version": 1,
        "raw": "{'activationId': 'f76214dc68e64170a214dc68e6717063', 'annotations': [{'key': 'limits', 'value': {'concurrency': 1, 'logs': 10, 'memory': 128, 'timeout': 60000}}, {'key': 'path', 'value': 'guest/helloworld'}, {'key': 'kind', 'value': 'blackbox'}, {'key': 'waitTime', 'value': 10086}], 'duration': 2014, 'end': 1652102228201, 'logs': [], 'name': 'helloworld', 'namespace': 'guest', 'publish': False, 'response': {'result': {'message': 'Hello World Openwhisk', 'version': 1}, 'status': 'success', 'success': True}, 'start': 1652102226187, 'subject': 'guest', 'version': '0.0.18'}",
        "activationId": "f76214dc68e64170a214dc68e6717063",
        "client_info": {
            "elapsed_time": 12.59833812713623,
            "blocking": true
        }
    },
    "12": {
        "message": "Hello World Openwhisk",
        "version": 1,
        "raw": "{'activationId': '7b03b299cc17468a83b299cc17068adf', 'annotations': [{'key': 'limits', 'value': {'concurrency': 1, 'logs': 10, 'memory': 128, 'timeout': 60000}}, {'key': 'path', 'value': 'guest/helloworld'}, {'key': 'kind', 'value': 'blackbox'}, {'key': 'waitTime', 'value': 10105}], 'duration': 2013, 'end': 1652102228247, 'logs': [], 'name': 'helloworld', 'namespace': 'guest', 'publish': False, 'response': {'result': {'message': 'Hello World Openwhisk', 'version': 1}, 'status': 'success', 'success': True}, 'start': 1652102226234, 'subject': 'guest', 'version': '0.0.18'}",
        "activationId": "7b03b299cc17468a83b299cc17068adf",
        "client_info": {
            "elapsed_time": 12.641722202301025,
            "blocking": true
        }
    },
    "13": {
        "message": "Hello World Openwhisk",
        "version": 1,
        "raw": "{'activationId': '5ebae43aea9b46b5bae43aea9b46b501', 'annotations': [{'key': 'limits', 'value': {'concurrency': 1, 'logs': 10, 'memory': 128, 'timeout': 60000}}, {'key': 'path', 'value': 'guest/helloworld'}, {'key': 'kind', 'value': 'blackbox'}, {'key': 'waitTime', 'value': 10174}], 'duration': 2017, 'end': 1652102228292, 'logs': [], 'name': 'helloworld', 'namespace': 'guest', 'publish': False, 'response': {'result': {'message': 'Hello World Openwhisk', 'version': 1}, 'status': 'success', 'success': True}, 'start': 1652102226275, 'subject': 'guest', 'version': '0.0.18'}",
        "activationId": "5ebae43aea9b46b5bae43aea9b46b501",
        "client_info": {
            "elapsed_time": 12.682886362075806,
            "blocking": true
        }
    },
    "14": {
        "message": "Hello World Openwhisk",
        "version": 1,
        "raw": "{'activationId': 'a4688699aa9743fca88699aa97b3fc79', 'annotations': [{'key': 'limits', 'value': {'concurrency': 1, 'logs': 10, 'memory': 128, 'timeout': 60000}}, {'key': 'path', 'value': 'guest/helloworld'}, {'key': 'kind', 'value': 'blackbox'}, {'key': 'waitTime', 'value': 9892}], 'duration': 2016, 'end': 1652102228063, 'logs': [], 'name': 'helloworld', 'namespace': 'guest', 'publish': False, 'response': {'result': {'message': 'Hello World Openwhisk', 'version': 1}, 'status': 'success', 'success': True}, 'start': 1652102226047, 'subject': 'guest', 'version': '0.0.18'}",
        "activationId": "a4688699aa9743fca88699aa97b3fc79",
        "client_info": {
            "elapsed_time": 12.448101043701172,
            "blocking": true
        }
    },
    "15": {
        "message": "Hello World Openwhisk",
        "version": 1,
        "raw": "{'activationId': '997079e1c62440c8b079e1c62430c8a6', 'annotations': [{'key': 'path', 'value': 'guest/helloworld'}, {'key': 'waitTime', 'value': 6626}, {'key': 'kind', 'value': 'blackbox'}, {'key': 'limits', 'value': {'concurrency': 1, 'logs': 10, 'memory': 128, 'timeout': 60000}}, {'key': 'initTime', 'value': 532}], 'duration': 2560, 'end': 1652102225338, 'logs': [], 'name': 'helloworld', 'namespace': 'guest', 'publish': False, 'response': {'result': {'message': 'Hello World Openwhisk', 'version': 1}, 'status': 'success', 'success': True}, 'start': 1652102222778, 'subject': 'guest', 'version': '0.0.18'}",
        "activationId": "997079e1c62440c8b079e1c62430c8a6",
        "client_info": {
            "elapsed_time": 9.823533058166504,
            "blocking": true
        }
    },
    "16": {
        "message": "Hello World Openwhisk",
        "version": 1,
        "raw": "{'activationId': 'd42e3d36cb5b48d5ae3d36cb5b58d54e', 'annotations': [{'key': 'limits', 'value': {'concurrency': 1, 'logs': 10, 'memory': 128, 'timeout': 60000}}, {'key': 'path', 'value': 'guest/helloworld'}, {'key': 'kind', 'value': 'blackbox'}, {'key': 'waitTime', 'value': 9601}], 'duration': 2101, 'end': 1652102227850, 'logs': [], 'name': 'helloworld', 'namespace': 'guest', 'publish': False, 'response': {'result': {'message': 'Hello World Openwhisk', 'version': 1}, 'status': 'success', 'success': True}, 'start': 1652102225749, 'subject': 'guest', 'version': '0.0.18'}",
        "activationId": "d42e3d36cb5b48d5ae3d36cb5b58d54e",
        "client_info": {
            "elapsed_time": 12.281189203262329,
            "blocking": true
        }
    },
    "client_info": {
        "start_time": "1652102215.5114188",
        "end_time": "1652102228.217102",
        "total_elapsed_time": "12.70568323135376"
    }
}