{
    "2fd3295d68654e4393295d6865fe43ff": {
        "message": "Hello World Openwhisk",
        "version": 1,
        "raw": "{'activationId': '2fd3295d68654e4393295d6865fe43ff', 'annotations': [{'key': 'path', 'value': 'guest/helloworld'}, {'key': 'waitTime', 'value': 3936}, {'key': 'kind', 'value': 'blackbox'}, {'key': 'limits', 'value': {'concurrency': 1, 'logs': 10, 'memory': 128, 'timeout': 60000}}, {'key': 'initTime', 'value': 307}], 'duration': 20329, 'end': 1651510460741, 'logs': [], 'name': 'helloworld', 'namespace': 'guest', 'publish': False, 'response': {'result': {'message': 'Hello World Openwhisk', 'version': 1}, 'status': 'success', 'success': True}, 'start': 1651510440412, 'subject': 'guest', 'version': '0.0.5'}",
        "activationId": "2fd3295d68654e4393295d6865fe43ff",
        "client_info": {
            "elapsed_time": 24.59805393218994,
            "blocking": true
        }
    },
    "c0738c74a8994d50b38c74a8990d5089": {
        "message": "Hello World Openwhisk",
        "version": 1,
        "raw": "{'activationId': 'c0738c74a8994d50b38c74a8990d5089', 'annotations': [{'key': 'path', 'value': 'guest/helloworld'}, {'key': 'waitTime', 'value': 4408}, {'key': 'kind', 'value': 'blackbox'}, {'key': 'limits', 'value': {'concurrency': 1, 'logs': 10, 'memory': 128, 'timeout': 60000}}, {'key': 'initTime', 'value': 245}], 'duration': 20275, 'end': 1651510461130, 'logs': [], 'name': 'helloworld', 'namespace': 'guest', 'publish': False, 'response': {'result': {'message': 'Hello World Openwhisk', 'version': 1}, 'status': 'success', 'success': True}, 'start': 1651510440855, 'subject': 'guest', 'version': '0.0.5'}",
        "activationId": "c0738c74a8994d50b38c74a8990d5089",
        "client_info": {
            "elapsed_time": 25.03103995323181,
            "blocking": true
        }
    },
    "0c4f2f7e77d843a68f2f7e77d873a660": {
        "message": "Hello World Openwhisk",
        "version": 1,
        "raw": "{'activationId': '0c4f2f7e77d843a68f2f7e77d873a660', 'annotations': [{'key': 'path', 'value': 'guest/helloworld'}, {'key': 'waitTime', 'value': 4132}, {'key': 'kind', 'value': 'blackbox'}, {'key': 'limits', 'value': {'concurrency': 1, 'logs': 10, 'memory': 128, 'timeout': 60000}}, {'key': 'initTime', 'value': 371}], 'duration': 20410, 'end': 1651510460984, 'logs': [], 'name': 'helloworld', 'namespace': 'guest', 'publish': False, 'response': {'result': {'message': 'Hello World Openwhisk', 'version': 1}, 'status': 'success', 'success': True}, 'start': 1651510440574, 'subject': 'guest', 'version': '0.0.5'}",
        "activationId": "0c4f2f7e77d843a68f2f7e77d873a660",
        "client_info": {
            "elapsed_time": 24.823845148086548,
            "blocking": true
        }
    },
    "68b048ddc6a14c84b048ddc6a18c84a0": {
        "message": "Hello World Openwhisk",
        "version": 1,
        "raw": "{'activationId': '68b048ddc6a14c84b048ddc6a18c84a0', 'annotations': [{'key': 'path', 'value': 'guest/helloworld'}, {'key': 'waitTime', 'value': 4329}, {'key': 'kind', 'value': 'blackbox'}, {'key': 'limits', 'value': {'concurrency': 1, 'logs': 10, 'memory': 128, 'timeout': 60000}}, {'key': 'initTime', 'value': 245}], 'duration': 20276, 'end': 1651510461105, 'logs': [], 'name': 'helloworld', 'namespace': 'guest', 'publish': False, 'response': {'result': {'message': 'Hello World Openwhisk', 'version': 1}, 'status': 'success', 'success': True}, 'start': 1651510440829, 'subject': 'guest', 'version': '0.0.5'}",
        "activationId": "68b048ddc6a14c84b048ddc6a18c84a0",
        "client_info": {
            "elapsed_time": 24.935932159423828,
            "blocking": true
        }
    },
    "5349f18ecbb44ebe89f18ecbb45ebe7c": {
        "message": "Hello World Openwhisk",
        "version": 1,
        "raw": "{'activationId': '5349f18ecbb44ebe89f18ecbb45ebe7c', 'annotations': [{'key': 'path', 'value': 'guest/helloworld'}, {'key': 'waitTime', 'value': 4214}, {'key': 'kind', 'value': 'blackbox'}, {'key': 'limits', 'value': {'concurrency': 1, 'logs': 10, 'memory': 128, 'timeout': 60000}}, {'key': 'initTime', 'value': 371}], 'duration': 20400, 'end': 1651510461064, 'logs': [], 'name': 'helloworld', 'namespace': 'guest', 'publish': False, 'response': {'result': {'message': 'Hello World Openwhisk', 'version': 1}, 'status': 'success', 'success': True}, 'start': 1651510440664, 'subject': 'guest', 'version': '0.0.5'}",
        "activationId": "5349f18ecbb44ebe89f18ecbb45ebe7c",
        "client_info": {
            "elapsed_time": 24.89902639389038,
            "blocking": true
        }
    },
    "client_info": {
        "start_time": "1651510436.1333919",
        "end_time": "1651510461.1653178",
        "total_elapsed_time": "25.031925916671753"
    }
}