{
    "1": {
        "message": "Hello World Openwhisk",
        "version": 1,
        "raw": "{'activationId': '029bb4987f8941ca9bb4987f89b1ca55', 'annotations': [{'key': 'limits', 'value': {'concurrency': 1, 'logs': 10, 'memory': 128, 'timeout': 60000}}, {'key': 'path', 'value': 'guest/helloworld'}, {'key': 'kind', 'value': 'blackbox'}, {'key': 'waitTime', 'value': 9822}], 'duration': 2041, 'end': 1652102200588, 'logs': [], 'name': 'helloworld', 'namespace': 'guest', 'publish': False, 'response': {'result': {'message': 'Hello World Openwhisk', 'version': 1}, 'status': 'success', 'success': True}, 'start': 1652102198547, 'subject': 'guest', 'version': '0.0.18'}",
        "activationId": "029bb4987f8941ca9bb4987f89b1ca55",
        "client_info": {
            "elapsed_time": 12.462563753128052,
            "blocking": true
        }
    },
    "2": {
        "message": "Hello World Openwhisk",
        "version": 1,
        "raw": "{'activationId': 'a5f86dc2ede747cbb86dc2ede747cb5e', 'annotations': [{'key': 'limits', 'value': {'concurrency': 1, 'logs': 10, 'memory': 128, 'timeout': 60000}}, {'key': 'path', 'value': 'guest/helloworld'}, {'key': 'kind', 'value': 'blackbox'}, {'key': 'waitTime', 'value': 9832}], 'duration': 2016, 'end': 1652102200455, 'logs': [], 'name': 'helloworld', 'namespace': 'guest', 'publish': False, 'response': {'result': {'message': 'Hello World Openwhisk', 'version': 1}, 'status': 'success', 'success': True}, 'start': 1652102198439, 'subject': 'guest', 'version': '0.0.18'}",
        "activationId": "a5f86dc2ede747cbb86dc2ede747cb5e",
        "client_info": {
            "elapsed_time": 12.418595790863037,
            "blocking": true
        }
    },
    "3": {
        "message": "Hello World Openwhisk",
        "version": 1,
        "raw": "{'activationId': 'e0a3d83722f84311a3d83722f80311d1', 'annotations': [{'key': 'path', 'value': 'guest/helloworld'}, {'key': 'waitTime', 'value': 6689}, {'key': 'kind', 'value': 'blackbox'}, {'key': 'limits', 'value': {'concurrency': 1, 'logs': 10, 'memory': 128, 'timeout': 60000}}, {'key': 'initTime', 'value': 655}], 'duration': 2674, 'end': 1652102198025, 'logs': [], 'name': 'helloworld', 'namespace': 'guest', 'publish': False, 'response': {'result': {'message': 'Hello World Openwhisk', 'version': 1}, 'status': 'success', 'success': True}, 'start': 1652102195351, 'subject': 'guest', 'version': '0.0.18'}",
        "activationId": "e0a3d83722f84311a3d83722f80311d1",
        "client_info": {
            "elapsed_time": 13.36730694770813,
            "blocking": true
        }
    },
    "4": {
        "message": "Hello World Openwhisk",
        "version": 1,
        "raw": "{'activationId': '8be0b51e10774c10a0b51e10775c10c9', 'annotations': [{'key': 'limits', 'value': {'concurrency': 1, 'logs': 10, 'memory': 128, 'timeout': 60000}}, {'key': 'path', 'value': 'guest/helloworld'}, {'key': 'kind', 'value': 'blackbox'}, {'key': 'waitTime', 'value': 9811}], 'duration': 2057, 'end': 1652102200627, 'logs': [], 'name': 'helloworld', 'namespace': 'guest', 'publish': False, 'response': {'result': {'message': 'Hello World Openwhisk', 'version': 1}, 'status': 'success', 'success': True}, 'start': 1652102198570, 'subject': 'guest', 'version': '0.0.18'}",
        "activationId": "8be0b51e10774c10a0b51e10775c10c9",
        "client_info": {
            "elapsed_time": 12.506196975708008,
            "blocking": true
        }
    },
    "5": {
        "message": "Hello World Openwhisk",
        "version": 1,
        "raw": "{'activationId': '7dcd69d3340941d68d69d3340951d6e2', 'annotations': [{'key': 'path', 'value': 'guest/helloworld'}, {'key': 'waitTime', 'value': 6453}, {'key': 'kind', 'value': 'blackbox'}, {'key': 'limits', 'value': {'concurrency': 1, 'logs': 10, 'memory': 128, 'timeout': 60000}}, {'key': 'initTime', 'value': 801}], 'duration': 2822, 'end': 1652102197962, 'logs': [], 'name': 'helloworld', 'namespace': 'guest', 'publish': False, 'response': {'result': {'message': 'Hello World Openwhisk', 'version': 1}, 'status': 'success', 'success': True}, 'start': 1652102195140, 'subject': 'guest', 'version': '0.0.18'}",
        "activationId": "7dcd69d3340941d68d69d3340951d6e2",
        "client_info": {
            "elapsed_time": 13.234935998916626,
            "blocking": true
        }
    },
    "6": {
        "message": "Hello World Openwhisk",
        "version": 1,
        "raw": "{'activationId': '8570cf1df4064e8fb0cf1df4065e8fd8', 'annotations': [{'key': 'path', 'value': 'guest/helloworld'}, {'key': 'waitTime', 'value': 6829}, {'key': 'kind', 'value': 'blackbox'}, {'key': 'limits', 'value': {'concurrency': 1, 'logs': 10, 'memory': 128, 'timeout': 60000}}, {'key': 'initTime', 'value': 953}], 'duration': 2970, 'end': 1652102198524, 'logs': [], 'name': 'helloworld', 'namespace': 'guest', 'publish': False, 'response': {'result': {'message': 'Hello World Openwhisk', 'version': 1}, 'status': 'success', 'success': True}, 'start': 1652102195554, 'subject': 'guest', 'version': '0.0.18'}",
        "activationId": "8570cf1df4064e8fb0cf1df4065e8fd8",
        "client_info": {
            "elapsed_time": 13.809786081314087,
            "blocking": true
        }
    },
    "7": {
        "message": "Hello World Openwhisk",
        "version": 1,
        "raw": "{'activationId': '453e088dd5924e82be088dd592be82b0', 'annotations': [{'key': 'path', 'value': 'guest/helloworld'}, {'key': 'waitTime', 'value': 7474}, {'key': 'kind', 'value': 'blackbox'}, {'key': 'limits', 'value': {'concurrency': 1, 'logs': 10, 'memory': 128, 'timeout': 60000}}, {'key': 'initTime', 'value': 318}], 'duration': 2337, 'end': 1652102198471, 'logs': [], 'name': 'helloworld', 'namespace': 'guest', 'publish': False, 'response': {'result': {'message': 'Hello World Openwhisk', 'version': 1}, 'status': 'success', 'success': True}, 'start': 1652102196134, 'subject': 'guest', 'version': '0.0.18'}",
        "activationId": "453e088dd5924e82be088dd592be82b0",
        "client_info": {
            "elapsed_time": 13.754181861877441,
            "blocking": true
        }
    },
    "8": {
        "message": "Hello World Openwhisk",
        "version": 1,
        "raw": "{'activationId': 'c1d7afdb791c45b897afdb791ca5b83a', 'annotations': [{'key': 'path', 'value': 'guest/helloworld'}, {'key': 'waitTime', 'value': 7164}, {'key': 'kind', 'value': 'blackbox'}, {'key': 'limits', 'value': {'concurrency': 1, 'logs': 10, 'memory': 128, 'timeout': 60000}}, {'key': 'initTime', 'value': 724}], 'duration': 2753, 'end': 1652102198511, 'logs': [], 'name': 'helloworld', 'namespace': 'guest', 'publish': False, 'response': {'result': {'message': 'Hello World Openwhisk', 'version': 1}, 'status': 'success', 'success': True}, 'start': 1652102195758, 'subject': 'guest', 'version': '0.0.18'}",
        "activationId": "c1d7afdb791c45b897afdb791ca5b83a",
        "client_info": {
            "elapsed_time": 13.773722887039185,
            "blocking": true
        }
    },
    "9": {
        "message": "Hello World Openwhisk",
        "version": 1,
        "raw": "{'activationId': 'b951e8814fae480b91e8814fae180b69', 'annotations': [{'key': 'path', 'value': 'guest/helloworld'}, {'key': 'waitTime', 'value': 7046}, {'key': 'kind', 'value': 'blackbox'}, {'key': 'limits', 'value': {'concurrency': 1, 'logs': 10, 'memory': 128, 'timeout': 60000}}, {'key': 'initTime', 'value': 688}], 'duration': 2702, 'end': 1652102198419, 'logs': [], 'name': 'helloworld', 'namespace': 'guest', 'publish': False, 'response': {'result': {'message': 'Hello World Openwhisk', 'version': 1}, 'status': 'success', 'success': True}, 'start': 1652102195717, 'subject': 'guest', 'version': '0.0.18'}",
        "activationId": "b951e8814fae480b91e8814fae180b69",
        "client_info": {
            "elapsed_time": 13.749336242675781,
            "blocking": true
        }
    },
    "10": {
        "message": "Hello World Openwhisk",
        "version": 1,
        "raw": "{'activationId': 'ee920cce22ec41b9920cce22ec11b939', 'annotations': [{'key': 'limits', 'value': {'concurrency': 1, 'logs': 10, 'memory': 128, 'timeout': 60000}}, {'key': 'path', 'value': 'guest/helloworld'}, {'key': 'kind', 'value': 'blackbox'}, {'key': 'waitTime', 'value': 9386}], 'duration': 2012, 'end': 1652102199990, 'logs': [], 'name': 'helloworld', 'namespace': 'guest', 'publish': False, 'response': {'result': {'message': 'Hello World Openwhisk', 'version': 1}, 'status': 'success', 'success': True}, 'start': 1652102197978, 'subject': 'guest', 'version': '0.0.18'}",
        "activationId": "ee920cce22ec41b9920cce22ec11b939",
        "client_info": {
            "elapsed_time": 12.316378116607666,
            "blocking": true
        }
    },
    "11": {
        "message": "Hello World Openwhisk",
        "version": 1,
        "raw": "{'activationId': 'ba24f795b30c45aca4f795b30cb5ac1a', 'annotations': [{'key': 'path', 'value': 'guest/helloworld'}, {'key': 'waitTime', 'value': 6719}, {'key': 'kind', 'value': 'blackbox'}, {'key': 'limits', 'value': {'concurrency': 1, 'logs': 10, 'memory': 128, 'timeout': 60000}}, {'key': 'initTime', 'value': 846}], 'duration': 2861, 'end': 1652102198331, 'logs': [], 'name': 'helloworld', 'namespace': 'guest', 'publish': False, 'response': {'result': {'message': 'Hello World Openwhisk', 'version': 1}, 'status': 'success', 'success': True}, 'start': 1652102195470, 'subject': 'guest', 'version': '0.0.18'}",
        "activationId": "ba24f795b30c45aca4f795b30cb5ac1a",
        "client_info": {
            "elapsed_time": 13.74745774269104,
            "blocking": true
        }
    },
    "12": {
        "message": "Hello World Openwhisk",
        "version": 1,
        "raw": "{'activationId': '1285f05065dc478785f05065dc97870a', 'annotations': [{'key': 'limits', 'value': {'concurrency': 1, 'logs': 10, 'memory': 128, 'timeout': 60000}}, {'key': 'path', 'value': 'guest/helloworld'}, {'key': 'kind', 'value': 'blackbox'}, {'key': 'waitTime', 'value': 9826}], 'duration': 2032, 'end': 1652102200609, 'logs': [], 'name': 'helloworld', 'namespace': 'guest', 'publish': False, 'response': {'result': {'message': 'Hello World Openwhisk', 'version': 1}, 'status': 'success', 'success': True}, 'start': 1652102198577, 'subject': 'guest', 'version': '0.0.18'}",
        "activationId": "1285f05065dc478785f05065dc97870a",
        "client_info": {
            "elapsed_time": 12.489186763763428,
            "blocking": true
        }
    },
    "13": {
        "message": "Hello World Openwhisk",
        "version": 1,
        "raw": "{'activationId': '0480e460b6a4435d80e460b6a4c35dde', 'annotations': [{'key': 'limits', 'value': {'concurrency': 1, 'logs': 10, 'memory': 128, 'timeout': 60000}}, {'key': 'path', 'value': 'guest/helloworld'}, {'key': 'kind', 'value': 'blackbox'}, {'key': 'waitTime', 'value': 9441}], 'duration': 2027, 'end': 1652102200087, 'logs': [], 'name': 'helloworld', 'namespace': 'guest', 'publish': False, 'response': {'result': {'message': 'Hello World Openwhisk', 'version': 1}, 'status': 'success', 'success': True}, 'start': 1652102198060, 'subject': 'guest', 'version': '0.0.18'}",
        "activationId": "0480e460b6a4435d80e460b6a4c35dde",
        "client_info": {
            "elapsed_time": 12.31322693824768,
            "blocking": true
        }
    },
    "14": {
        "message": "Hello World Openwhisk",
        "version": 1,
        "raw": "{'activationId': 'bc03d9425250462483d9425250d624c4', 'annotations': [{'key': 'limits', 'value': {'concurrency': 1, 'logs': 10, 'memory': 128, 'timeout': 60000}}, {'key': 'path', 'value': 'guest/helloworld'}, {'key': 'kind', 'value': 'blackbox'}, {'key': 'waitTime', 'value': 9650}], 'duration': 2018, 'end': 1652102200374, 'logs': [], 'name': 'helloworld', 'namespace': 'guest', 'publish': False, 'response': {'result': {'message': 'Hello World Openwhisk', 'version': 1}, 'status': 'success', 'success': True}, 'start': 1652102198356, 'subject': 'guest', 'version': '0.0.18'}",
        "activationId": "bc03d9425250462483d9425250d624c4",
        "client_info": {
            "elapsed_time": 12.31008791923523,
            "blocking": true
        }
    },
    "15": {
        "message": "Hello World Openwhisk",
        "version": 1,
        "raw": "{'activationId': '4a8594a271f2418d8594a271f2418d76', 'annotations': [{'key': 'limits', 'value': {'concurrency': 1, 'logs': 10, 'memory': 128, 'timeout': 60000}}, {'key': 'path', 'value': 'guest/helloworld'}, {'key': 'kind', 'value': 'blackbox'}, {'key': 'waitTime', 'value': 9810}], 'duration': 2058, 'end': 1652102200549, 'logs': [], 'name': 'helloworld', 'namespace': 'guest', 'publish': False, 'response': {'result': {'message': 'Hello World Openwhisk', 'version': 1}, 'status': 'success', 'success': True}, 'start': 1652102198491, 'subject': 'guest', 'version': '0.0.18'}",
        "activationId": "4a8594a271f2418d8594a271f2418d76",
        "client_info": {
            "elapsed_time": 12.410706281661987,
            "blocking": true
        }
    },
    "16": {
        "message": "Hello World Openwhisk",
        "version": 1,
        "raw": "{'activationId': '497d3955dc8841b0bd3955dc8811b0c0', 'annotations': [{'key': 'path', 'value': 'guest/helloworld'}, {'key': 'waitTime', 'value': 7407}, {'key': 'kind', 'value': 'blackbox'}, {'key': 'limits', 'value': {'concurrency': 1, 'logs': 10, 'memory': 128, 'timeout': 60000}}, {'key': 'initTime', 'value': 501}], 'duration': 2523, 'end': 1652102198550, 'logs': [], 'name': 'helloworld', 'namespace': 'guest', 'publish': False, 'response': {'result': {'message': 'Hello World Openwhisk', 'version': 1}, 'status': 'success', 'success': True}, 'start': 1652102196027, 'subject': 'guest', 'version': '0.0.18'}",
        "activationId": "497d3955dc8841b0bd3955dc8811b0c0",
        "client_info": {
            "elapsed_time": 12.30659794807434,
            "blocking": true
        }
    },
    "client_info": {
        "start_time": "1652102187.951745",
        "end_time": "1652102201.769032",
        "total_elapsed_time": "13.817286968231201"
    }
}