{
    "443105ee-caa1-11ec-a604-e45f01827912": {
        "activationId": "443105ee-caa1-11ec-a604-e45f01827912",
        "message": "Hello World from Nanos",
        "version": "1",
        "client_info": {
            "elapsed_time": 22.412849187850952,
            "blocking": true
        }
    },
    "4431ba84-caa1-11ec-ae95-e45f01827912": {
        "activationId": "4431ba84-caa1-11ec-ae95-e45f01827912",
        "message": "Hello World from Nanos",
        "version": "1",
        "client_info": {
            "elapsed_time": 22.802165985107422,
            "blocking": true
        }
    },
    "4439717a-caa1-11ec-b443-e45f01827912": {
        "activationId": "4439717a-caa1-11ec-b443-e45f01827912",
        "message": "Hello World from Nanos",
        "version": "1",
        "client_info": {
            "elapsed_time": 22.634500741958618,
            "blocking": true
        }
    },
    "4436a404-caa1-11ec-886c-e45f01827912": {
        "activationId": "4436a404-caa1-11ec-886c-e45f01827912",
        "message": "Hello World from Nanos",
        "version": "1",
        "client_info": {
            "elapsed_time": 22.738423109054565,
            "blocking": true
        }
    },
    "4435f86a-caa1-11ec-b66d-e45f01827912": {
        "activationId": "4435f86a-caa1-11ec-b66d-e45f01827912",
        "message": "Hello World from Nanos",
        "version": "1",
        "client_info": {
            "elapsed_time": 22.694584131240845,
            "blocking": true
        }
    },
    "443d39a4-caa1-11ec-802f-e45f01827912": {
        "activationId": "443d39a4-caa1-11ec-802f-e45f01827912",
        "message": "Hello World from Nanos",
        "version": "1",
        "client_info": {
            "elapsed_time": 22.433194160461426,
            "blocking": true
        }
    },
    "44439fc4-caa1-11ec-9399-e45f01827912": {
        "activationId": "44439fc4-caa1-11ec-9399-e45f01827912",
        "message": "Hello World from Nanos",
        "version": "1",
        "client_info": {
            "elapsed_time": 23.00714111328125,
            "blocking": true
        }
    },
    "client_info": {
        "start_time": "1651555452.022699",
        "end_time": "1651555475.0309708",
        "total_elapsed_time": "23.00827169418335"
    }
}