{
    "1": {
        "activationId": "9e769574-cf9b-11ec-b729-e45f01827912",
        "message": "Hello World from Nanos",
        "version": "2",
        "client_info": {
            "elapsed_time": 8.704277038574219,
            "blocking": true
        }
    },
    "2": {
        "activationId": "9e6e5e7c-cf9b-11ec-8294-e45f01827912",
        "message": "Hello World from Nanos",
        "version": "2",
        "client_info": {
            "elapsed_time": 8.739902973175049,
            "blocking": true
        }
    },
    "3": {
        "activationId": "9e7c8254-cf9b-11ec-a5c0-e45f01827912",
        "message": "Hello World from Nanos",
        "version": "2",
        "client_info": {
            "elapsed_time": 7.793888807296753,
            "blocking": true
        }
    },
    "4": {
        "activationId": "9e6d2570-cf9b-11ec-9a8e-e45f01827912",
        "message": "Hello World from Nanos",
        "version": "2",
        "client_info": {
            "elapsed_time": 8.025174140930176,
            "blocking": true
        }
    },
    "5": {
        "activationId": "9e74bf92-cf9b-11ec-b944-e45f01827912",
        "message": "Hello World from Nanos",
        "version": "2",
        "client_info": {
            "elapsed_time": 7.550634860992432,
            "blocking": true
        }
    },
    "6": {
        "activationId": "9e6ed5dc-cf9b-11ec-a894-e45f01827912",
        "message": "Hello World from Nanos",
        "version": "2",
        "client_info": {
            "elapsed_time": 7.352694988250732,
            "blocking": true
        }
    },
    "7": {
        "activationId": "9e711518-cf9b-11ec-a178-e45f01827912",
        "message": "Hello World from Nanos",
        "version": "2",
        "client_info": {
            "elapsed_time": 7.880901098251343,
            "blocking": true
        }
    },
    "8": {
        "activationId": "9e820daa-cf9b-11ec-aee0-e45f01827912",
        "message": "Hello World from Nanos",
        "version": "2",
        "client_info": {
            "elapsed_time": 8.94159483909607,
            "blocking": true
        }
    },
    "9": {
        "activationId": "9e72b544-cf9b-11ec-9e70-e45f01827912",
        "message": "Hello World from Nanos",
        "version": "2",
        "client_info": {
            "elapsed_time": 7.263861894607544,
            "blocking": true
        }
    },
    "10": {
        "activationId": "9e92512e-cf9b-11ec-b941-e45f01827912",
        "message": "Hello World from Nanos",
        "version": "2",
        "client_info": {
            "elapsed_time": 8.390497922897339,
            "blocking": true
        }
    },
    "11": {
        "activationId": "9e866f12-cf9b-11ec-8254-e45f01827912",
        "message": "Hello World from Nanos",
        "version": "2",
        "client_info": {
            "elapsed_time": 7.714580059051514,
            "blocking": true
        }
    },
    "12": {
        "activationId": "9e8debfc-cf9b-11ec-b988-e45f01827912",
        "message": "Hello World from Nanos",
        "version": "2",
        "client_info": {
            "elapsed_time": 8.984837770462036,
            "blocking": true
        }
    },
    "13": {
        "activationId": "9e7a4ad4-cf9b-11ec-8015-e45f01827912",
        "message": "Hello World from Nanos",
        "version": "2",
        "client_info": {
            "elapsed_time": 8.03707504272461,
            "blocking": true
        }
    },
    "14": {
        "activationId": "9e93fd12-cf9b-11ec-85fc-e45f01827912",
        "message": "Hello World from Nanos",
        "version": "2",
        "client_info": {
            "elapsed_time": 8.716344118118286,
            "blocking": true
        }
    },
    "15": {
        "activationId": "9e80157c-cf9b-11ec-8463-e45f01827912",
        "message": "Hello World from Nanos",
        "version": "2",
        "client_info": {
            "elapsed_time": 8.86896300315857,
            "blocking": true
        }
    },
    "16": {
        "activationId": "9ea0814a-cf9b-11ec-a9fe-e45f01827912",
        "message": "Hello World from Nanos",
        "version": "2",
        "client_info": {
            "elapsed_time": 8.640820980072021,
            "blocking": true
        }
    },
    "client_info": {
        "start_time": "1652102782.503693",
        "end_time": "1652102791.490855",
        "total_elapsed_time": "8.987161874771118"
    }
}