{
    "e93bd0be-caa1-11ec-a8cc-e45f01827912": {
        "activationId": "e93bd0be-caa1-11ec-a8cc-e45f01827912",
        "message": "Hello World from Nanos",
        "version": "1",
        "client_info": {
            "elapsed_time": 25.629783153533936,
            "blocking": true
        }
    },
    "e94c3cd8-caa1-11ec-a53a-e45f01827912": {
        "activationId": "e94c3cd8-caa1-11ec-a53a-e45f01827912",
        "message": "Hello World from Nanos",
        "version": "1",
        "client_info": {
            "elapsed_time": 25.974820852279663,
            "blocking": true
        }
    },
    "e94512f0-caa1-11ec-b3d7-e45f01827912": {
        "activationId": "e94512f0-caa1-11ec-b3d7-e45f01827912",
        "message": "Hello World from Nanos",
        "version": "1",
        "client_info": {
            "elapsed_time": 23.470874786376953,
            "blocking": true
        }
    },
    "e947c144-caa1-11ec-989e-e45f01827912": {
        "activationId": "e947c144-caa1-11ec-989e-e45f01827912",
        "message": "Hello World from Nanos",
        "version": "1",
        "client_info": {
            "elapsed_time": 25.257505893707275,
            "blocking": true
        }
    },
    "e9402812-caa1-11ec-acbb-e45f01827912": {
        "activationId": "e9402812-caa1-11ec-acbb-e45f01827912",
        "message": "Hello World from Nanos",
        "version": "1",
        "client_info": {
            "elapsed_time": 25.268669843673706,
            "blocking": true
        }
    },
    "e9487d96-caa1-11ec-a864-e45f01827912": {
        "activationId": "e9487d96-caa1-11ec-a864-e45f01827912",
        "message": "Hello World from Nanos",
        "version": "1",
        "client_info": {
            "elapsed_time": 26.691083908081055,
            "blocking": true
        }
    },
    "e93c7352-caa1-11ec-ab13-e45f01827912": {
        "activationId": "e93c7352-caa1-11ec-ab13-e45f01827912",
        "message": "Hello World from Nanos",
        "version": "1",
        "client_info": {
            "elapsed_time": 25.25704598426819,
            "blocking": true
        }
    },
    "e9410b7e-caa1-11ec-9d80-e45f01827912": {
        "activationId": "e9410b7e-caa1-11ec-9d80-e45f01827912",
        "message": "Hello World from Nanos",
        "version": "1",
        "client_info": {
            "elapsed_time": 25.320664882659912,
            "blocking": true
        }
    },
    "e95ed654-caa1-11ec-be1f-e45f01827912": {
        "activationId": "e95ed654-caa1-11ec-be1f-e45f01827912",
        "message": "Hello World from Nanos",
        "version": "1",
        "client_info": {
            "elapsed_time": 24.18359613418579,
            "blocking": true
        }
    },
    "e953f4fa-caa1-11ec-84e1-e45f01827912": {
        "activationId": "e953f4fa-caa1-11ec-84e1-e45f01827912",
        "message": "Hello World from Nanos",
        "version": "1",
        "client_info": {
            "elapsed_time": 24.86753797531128,
            "blocking": true
        }
    },
    "e94c8530-caa1-11ec-882a-e45f01827912": {
        "activationId": "e94c8530-caa1-11ec-882a-e45f01827912",
        "message": "Hello World from Nanos",
        "version": "1",
        "client_info": {
            "elapsed_time": 25.68892812728882,
            "blocking": true
        }
    },
    "e9521a0e-caa1-11ec-b217-e45f01827912": {
        "activationId": "e9521a0e-caa1-11ec-b217-e45f01827912",
        "message": "Hello World from Nanos",
        "version": "1",
        "client_info": {
            "elapsed_time": 25.973870992660522,
            "blocking": true
        }
    },
    "e95e9dce-caa1-11ec-9cc1-e45f01827912": {
        "activationId": "e95e9dce-caa1-11ec-9cc1-e45f01827912",
        "message": "Hello World from Nanos",
        "version": "1",
        "client_info": {
            "elapsed_time": 25.709333896636963,
            "blocking": true
        }
    },
    "e959deba-caa1-11ec-85af-e45f01827912": {
        "activationId": "e959deba-caa1-11ec-85af-e45f01827912",
        "message": "Hello World from Nanos",
        "version": "1",
        "client_info": {
            "elapsed_time": 24.56025981903076,
            "blocking": true
        }
    },
    "e95f7352-caa1-11ec-8c2b-e45f01827912": {
        "activationId": "e95f7352-caa1-11ec-8c2b-e45f01827912",
        "message": "Hello World from Nanos",
        "version": "1",
        "client_info": {
            "elapsed_time": 24.84634017944336,
            "blocking": true
        }
    },
    "client_info": {
        "start_time": "1651555728.914855",
        "end_time": "1651555755.6070158",
        "total_elapsed_time": "26.692160844802856"
    }
}