{
    "30bde8c4-caa1-11ec-8c01-e45f01827912": {
        "activationId": "30bde8c4-caa1-11ec-8c01-e45f01827912",
        "message": "Hello World from Nanos",
        "version": "1",
        "client_info": {
            "elapsed_time": 22.469310998916626,
            "blocking": true
        }
    },
    "30c3a8b8-caa1-11ec-9f6c-e45f01827912": {
        "activationId": "30c3a8b8-caa1-11ec-9f6c-e45f01827912",
        "message": "Hello World from Nanos",
        "version": "1",
        "client_info": {
            "elapsed_time": 22.470990896224976,
            "blocking": true
        }
    },
    "30b975e6-caa1-11ec-8792-e45f01827912": {
        "activationId": "30b975e6-caa1-11ec-8792-e45f01827912",
        "message": "Hello World from Nanos",
        "version": "1",
        "client_info": {
            "elapsed_time": 22.269171953201294,
            "blocking": true
        }
    },
    "30b8d1e0-caa1-11ec-a2f0-e45f01827912": {
        "activationId": "30b8d1e0-caa1-11ec-a2f0-e45f01827912",
        "message": "Hello World from Nanos",
        "version": "1",
        "client_info": {
            "elapsed_time": 22.384979963302612,
            "blocking": true
        }
    },
    "30bee904-caa1-11ec-8f7c-e45f01827912": {
        "activationId": "30bee904-caa1-11ec-8f7c-e45f01827912",
        "message": "Hello World from Nanos",
        "version": "1",
        "client_info": {
            "elapsed_time": 22.15448498725891,
            "blocking": true
        }
    },
    "30c3ffb6-caa1-11ec-af1b-e45f01827912": {
        "activationId": "30c3ffb6-caa1-11ec-af1b-e45f01827912",
        "message": "Hello World from Nanos",
        "version": "1",
        "client_info": {
            "elapsed_time": 22.039064168930054,
            "blocking": true
        }
    },
    "client_info": {
        "start_time": "1651555419.397202",
        "end_time": "1651555441.868892",
        "total_elapsed_time": "22.4716899394989"
    }
}