{
    "1": {
        "message": "Hello World Openwhisk",
        "version": 1,
        "raw": "{'activationId': '58e40f151abc452fa40f151abc552f8d', 'annotations': [{'key': 'path', 'value': 'guest/helloworld'}, {'key': 'waitTime', 'value': 7663}, {'key': 'kind', 'value': 'blackbox'}, {'key': 'limits', 'value': {'concurrency': 1, 'logs': 10, 'memory': 128, 'timeout': 60000}}, {'key': 'initTime', 'value': 775}], 'duration': 2792, 'end': 1652102239058, 'logs': [], 'name': 'helloworld', 'namespace': 'guest', 'publish': False, 'response': {'result': {'message': 'Hello World Openwhisk', 'version': 1}, 'status': 'success', 'success': True}, 'start': 1652102236266, 'subject': 'guest', 'version': '0.0.18'}",
        "activationId": "58e40f151abc452fa40f151abc552f8d",
        "client_info": {
            "elapsed_time": 10.69597601890564,
            "blocking": true
        }
    },
    "2": {
        "message": "Hello World Openwhisk",
        "version": 1,
        "raw": "{'activationId': '5251c6fc102f41b091c6fc102f11b02e', 'annotations': [{'key': 'path', 'value': 'guest/helloworld'}, {'key': 'waitTime', 'value': 7992}, {'key': 'kind', 'value': 'blackbox'}, {'key': 'limits', 'value': {'concurrency': 1, 'logs': 10, 'memory': 128, 'timeout': 60000}}, {'key': 'initTime', 'value': 463}], 'duration': 2484, 'end': 1652102239068, 'logs': [], 'name': 'helloworld', 'namespace': 'guest', 'publish': False, 'response': {'result': {'message': 'Hello World Openwhisk', 'version': 1}, 'status': 'success', 'success': True}, 'start': 1652102236584, 'subject': 'guest', 'version': '0.0.18'}",
        "activationId": "5251c6fc102f41b091c6fc102f11b02e",
        "client_info": {
            "elapsed_time": 10.698978900909424,
            "blocking": true
        }
    },
    "3": {
        "message": "Hello World Openwhisk",
        "version": 1,
        "raw": "{'activationId': 'd64be3c5462f4a678be3c5462f3a67bc', 'annotations': [{'key': 'path', 'value': 'guest/helloworld'}, {'key': 'waitTime', 'value': 7635}, {'key': 'kind', 'value': 'blackbox'}, {'key': 'limits', 'value': {'concurrency': 1, 'logs': 10, 'memory': 128, 'timeout': 60000}}, {'key': 'initTime', 'value': 678}], 'duration': 2691, 'end': 1652102238920, 'logs': [], 'name': 'helloworld', 'namespace': 'guest', 'publish': False, 'response': {'result': {'message': 'Hello World Openwhisk', 'version': 1}, 'status': 'success', 'success': True}, 'start': 1652102236229, 'subject': 'guest', 'version': '0.0.18'}",
        "activationId": "d64be3c5462f4a678be3c5462f3a67bc",
        "client_info": {
            "elapsed_time": 10.695658206939697,
            "blocking": true
        }
    },
    "4": {
        "message": "Hello World Openwhisk",
        "version": 1,
        "raw": "{'activationId': '1d6fb548220e4db4afb548220e9db484', 'annotations': [{'key': 'path', 'value': 'guest/helloworld'}, {'key': 'waitTime', 'value': 7999}, {'key': 'kind', 'value': 'blackbox'}, {'key': 'limits', 'value': {'concurrency': 1, 'logs': 10, 'memory': 128, 'timeout': 60000}}, {'key': 'initTime', 'value': 501}], 'duration': 2524, 'end': 1652102239157, 'logs': [], 'name': 'helloworld', 'namespace': 'guest', 'publish': False, 'response': {'result': {'message': 'Hello World Openwhisk', 'version': 1}, 'status': 'success', 'success': True}, 'start': 1652102236633, 'subject': 'guest', 'version': '0.0.18'}",
        "activationId": "1d6fb548220e4db4afb548220e9db484",
        "client_info": {
            "elapsed_time": 10.798364162445068,
            "blocking": true
        }
    },
    "5": {
        "message": "Hello World Openwhisk",
        "version": 1,
        "raw": "{'activationId': '8ef898497f964bbbb898497f965bbb19', 'annotations': [{'key': 'path', 'value': 'guest/helloworld'}, {'key': 'waitTime', 'value': 7883}, {'key': 'kind', 'value': 'blackbox'}, {'key': 'limits', 'value': {'concurrency': 1, 'logs': 10, 'memory': 128, 'timeout': 60000}}, {'key': 'initTime', 'value': 576}], 'duration': 2604, 'end': 1652102239140, 'logs': [], 'name': 'helloworld', 'namespace': 'guest', 'publish': False, 'response': {'result': {'message': 'Hello World Openwhisk', 'version': 1}, 'status': 'success', 'success': True}, 'start': 1652102236536, 'subject': 'guest', 'version': '0.0.18'}",
        "activationId": "8ef898497f964bbbb898497f965bbb19",
        "client_info": {
            "elapsed_time": 10.787167072296143,
            "blocking": true
        }
    },
    "6": {
        "message": "Hello World Openwhisk",
        "version": 1,
        "raw": "{'activationId': '37ef507cf3a5462baf507cf3a5d62b4e', 'annotations': [{'key': 'limits', 'value': {'concurrency': 1, 'logs': 10, 'memory': 128, 'timeout': 60000}}, {'key': 'path', 'value': 'guest/helloworld'}, {'key': 'kind', 'value': 'blackbox'}, {'key': 'waitTime', 'value': 9675}], 'duration': 2012, 'end': 1652102240353, 'logs': [], 'name': 'helloworld', 'namespace': 'guest', 'publish': False, 'response': {'result': {'message': 'Hello World Openwhisk', 'version': 1}, 'status': 'success', 'success': True}, 'start': 1652102238341, 'subject': 'guest', 'version': '0.0.18'}",
        "activationId": "37ef507cf3a5462baf507cf3a5d62b4e",
        "client_info": {
            "elapsed_time": 11.982438087463379,
            "blocking": true
        }
    },
    "7": {
        "message": "Hello World Openwhisk",
        "version": 1,
        "raw": "{'activationId': 'f9bf8ddae0554859bf8ddae05598596c', 'annotations': [{'key': 'path', 'value': 'guest/helloworld'}, {'key': 'waitTime', 'value': 6897}, {'key': 'kind', 'value': 'blackbox'}, {'key': 'limits', 'value': {'concurrency': 1, 'logs': 10, 'memory': 128, 'timeout': 60000}}, {'key': 'initTime', 'value': 751}], 'duration': 2799, 'end': 1652102238325, 'logs': [], 'name': 'helloworld', 'namespace': 'guest', 'publish': False, 'response': {'result': {'message': 'Hello World Openwhisk', 'version': 1}, 'status': 'success', 'success': True}, 'start': 1652102235526, 'subject': 'guest', 'version': '0.0.18'}",
        "activationId": "f9bf8ddae0554859bf8ddae05598596c",
        "client_info": {
            "elapsed_time": 9.968100786209106,
            "blocking": true
        }
    },
    "8": {
        "message": "Hello World Openwhisk",
        "version": 1,
        "raw": "{'activationId': '78028a880bc44b5e828a880bc4fb5eea', 'annotations': [{'key': 'path', 'value': 'guest/helloworld'}, {'key': 'waitTime', 'value': 7908}, {'key': 'kind', 'value': 'blackbox'}, {'key': 'limits', 'value': {'concurrency': 1, 'logs': 10, 'memory': 128, 'timeout': 60000}}, {'key': 'initTime', 'value': 554}], 'duration': 2576, 'end': 1652102239113, 'logs': [], 'name': 'helloworld', 'namespace': 'guest', 'publish': False, 'response': {'result': {'message': 'Hello World Openwhisk', 'version': 1}, 'status': 'success', 'success': True}, 'start': 1652102236537, 'subject': 'guest', 'version': '0.0.18'}",
        "activationId": "78028a880bc44b5e828a880bc4fb5eea",
        "client_info": {
            "elapsed_time": 10.760356187820435,
            "blocking": true
        }
    },
    "9": {
        "message": "Hello World Openwhisk",
        "version": 1,
        "raw": "{'activationId': '2f837e36141e4457837e36141ef457a6', 'annotations': [{'key': 'limits', 'value': {'concurrency': 1, 'logs': 10, 'memory': 128, 'timeout': 60000}}, {'key': 'path', 'value': 'guest/helloworld'}, {'key': 'kind', 'value': 'blackbox'}, {'key': 'waitTime', 'value': 10379}], 'duration': 2011, 'end': 1652102241079, 'logs': [], 'name': 'helloworld', 'namespace': 'guest', 'publish': False, 'response': {'result': {'message': 'Hello World Openwhisk', 'version': 1}, 'status': 'success', 'success': True}, 'start': 1652102239068, 'subject': 'guest', 'version': '0.0.18'}",
        "activationId": "2f837e36141e4457837e36141ef457a6",
        "client_info": {
            "elapsed_time": 12.698096990585327,
            "blocking": true
        }
    },
    "10": {
        "message": "Hello World Openwhisk",
        "version": 1,
        "raw": "{'activationId': '36d53722a77d4f99953722a77d8f9914', 'annotations': [{'key': 'path', 'value': 'guest/helloworld'}, {'key': 'waitTime', 'value': 7428}, {'key': 'kind', 'value': 'blackbox'}, {'key': 'limits', 'value': {'concurrency': 1, 'logs': 10, 'memory': 128, 'timeout': 60000}}, {'key': 'initTime', 'value': 818}], 'duration': 2861, 'end': 1652102238933, 'logs': [], 'name': 'helloworld', 'namespace': 'guest', 'publish': False, 'response': {'result': {'message': 'Hello World Openwhisk', 'version': 1}, 'status': 'success', 'success': True}, 'start': 1652102236072, 'subject': 'guest', 'version': '0.0.18'}",
        "activationId": "36d53722a77d4f99953722a77d8f9914",
        "client_info": {
            "elapsed_time": 10.685926914215088,
            "blocking": true
        }
    },
    "11": {
        "message": "Hello World Openwhisk",
        "version": 1,
        "raw": "{'activationId': 'bd4cbbea857544898cbbea8575c4895f', 'annotations': [{'key': 'limits', 'value': {'concurrency': 1, 'logs': 10, 'memory': 128, 'timeout': 60000}}, {'key': 'path', 'value': 'guest/helloworld'}, {'key': 'kind', 'value': 'blackbox'}, {'key': 'waitTime', 'value': 10481}], 'duration': 2013, 'end': 1652102241198, 'logs': [], 'name': 'helloworld', 'namespace': 'guest', 'publish': False, 'response': {'result': {'message': 'Hello World Openwhisk', 'version': 1}, 'status': 'success', 'success': True}, 'start': 1652102239185, 'subject': 'guest', 'version': '0.0.18'}",
        "activationId": "bd4cbbea857544898cbbea8575c4895f",
        "client_info": {
            "elapsed_time": 12.811636924743652,
            "blocking": true
        }
    },
    "12": {
        "message": "Hello World Openwhisk",
        "version": 1,
        "raw": "{'activationId': '81fae837cabe4768bae837cabe1768f5', 'annotations': [{'key': 'limits', 'value': {'concurrency': 1, 'logs': 10, 'memory': 128, 'timeout': 60000}}, {'key': 'path', 'value': 'guest/helloworld'}, {'key': 'kind', 'value': 'blackbox'}, {'key': 'waitTime', 'value': 10247}], 'duration': 2015, 'end': 1652102240953, 'logs': [], 'name': 'helloworld', 'namespace': 'guest', 'publish': False, 'response': {'result': {'message': 'Hello World Openwhisk', 'version': 1}, 'status': 'success', 'success': True}, 'start': 1652102238938, 'subject': 'guest', 'version': '0.0.18'}",
        "activationId": "81fae837cabe4768bae837cabe1768f5",
        "client_info": {
            "elapsed_time": 12.612524032592773,
            "blocking": true
        }
    },
    "13": {
        "message": "Hello World Openwhisk",
        "version": 1,
        "raw": "{'activationId': '6fa3b285f90343e4a3b285f90343e453', 'annotations': [{'key': 'limits', 'value': {'concurrency': 1, 'logs': 10, 'memory': 128, 'timeout': 60000}}, {'key': 'path', 'value': 'guest/helloworld'}, {'key': 'kind', 'value': 'blackbox'}, {'key': 'waitTime', 'value': 10454}], 'duration': 2018, 'end': 1652102241173, 'logs': [], 'name': 'helloworld', 'namespace': 'guest', 'publish': False, 'response': {'result': {'message': 'Hello World Openwhisk', 'version': 1}, 'status': 'success', 'success': True}, 'start': 1652102239155, 'subject': 'guest', 'version': '0.0.18'}",
        "activationId": "6fa3b285f90343e4a3b285f90343e453",
        "client_info": {
            "elapsed_time": 12.786997079849243,
            "blocking": true
        }
    },
    "14": {
        "message": "Hello World Openwhisk",
        "version": 1,
        "raw": "{'activationId': 'f6959e23f88049d8959e23f880a9d8e8', 'annotations': [{'key': 'limits', 'value': {'concurrency': 1, 'logs': 10, 'memory': 128, 'timeout': 60000}}, {'key': 'path', 'value': 'guest/helloworld'}, {'key': 'kind', 'value': 'blackbox'}, {'key': 'waitTime', 'value': 10249}], 'duration': 2018, 'end': 1652102240968, 'logs': [], 'name': 'helloworld', 'namespace': 'guest', 'publish': False, 'response': {'result': {'message': 'Hello World Openwhisk', 'version': 1}, 'status': 'success', 'success': True}, 'start': 1652102238950, 'subject': 'guest', 'version': '0.0.18'}",
        "activationId": "f6959e23f88049d8959e23f880a9d8e8",
        "client_info": {
            "elapsed_time": 12.606818675994873,
            "blocking": true
        }
    },
    "15": {
        "message": "Hello World Openwhisk",
        "version": 1,
        "raw": "{'activationId': '9435cd3ec80e4d7fb5cd3ec80eed7f65', 'annotations': [{'key': 'limits', 'value': {'concurrency': 1, 'logs': 10, 'memory': 128, 'timeout': 60000}}, {'key': 'path', 'value': 'guest/helloworld'}, {'key': 'kind', 'value': 'blackbox'}, {'key': 'waitTime', 'value': 10390}], 'duration': 2018, 'end': 1652102241110, 'logs': [], 'name': 'helloworld', 'namespace': 'guest', 'publish': False, 'response': {'result': {'message': 'Hello World Openwhisk', 'version': 1}, 'status': 'success', 'success': True}, 'start': 1652102239092, 'subject': 'guest', 'version': '0.0.18'}",
        "activationId": "9435cd3ec80e4d7fb5cd3ec80eed7f65",
        "client_info": {
            "elapsed_time": 12.716708898544312,
            "blocking": true
        }
    },
    "16": {
        "message": "Hello World Openwhisk",
        "version": 1,
        "raw": "{'activationId': '2f8f9bf6318742a78f9bf63187b2a7c1', 'annotations': [{'key': 'limits', 'value': {'concurrency': 1, 'logs': 10, 'memory': 128, 'timeout': 60000}}, {'key': 'path', 'value': 'guest/helloworld'}, {'key': 'kind', 'value': 'blackbox'}, {'key': 'waitTime', 'value': 10434}], 'duration': 2055, 'end': 1652102241199, 'logs': [], 'name': 'helloworld', 'namespace': 'guest', 'publish': False, 'response': {'result': {'message': 'Hello World Openwhisk', 'version': 1}, 'status': 'success', 'success': True}, 'start': 1652102239144, 'subject': 'guest', 'version': '0.0.18'}",
        "activationId": "2f8f9bf6318742a78f9bf63187b2a7c1",
        "client_info": {
            "elapsed_time": 12.80917477607727,
            "blocking": true
        }
    },
    "client_info": {
        "start_time": "1652102228.294733",
        "end_time": "1652102241.136992",
        "total_elapsed_time": "12.842258930206299"
    }
}