{
    "1": {
        "message": "Hello World Openwhisk",
        "version": 1,
        "raw": "{'activationId': '2b578bf48a634b4a978bf48a631b4a45', 'annotations': [{'key': 'path', 'value': 'guest/helloworld'}, {'key': 'waitTime', 'value': 7013}, {'key': 'kind', 'value': 'blackbox'}, {'key': 'limits', 'value': {'concurrency': 1, 'logs': 10, 'memory': 128, 'timeout': 60000}}, {'key': 'initTime', 'value': 399}], 'duration': 20434, 'end': 1652088124795, 'logs': [], 'name': 'helloworld', 'namespace': 'guest', 'publish': False, 'response': {'result': {'message': 'Hello World Openwhisk', 'version': 1}, 'status': 'success', 'success': True}, 'start': 1652088104361, 'subject': 'guest', 'version': '0.0.17'}",
        "activationId": "2b578bf48a634b4a978bf48a631b4a45",
        "client_info": {
            "elapsed_time": 27.728349924087524,
            "blocking": true
        }
    },
    "2": {
        "message": "Hello World Openwhisk",
        "version": 1,
        "raw": "{'activationId': 'bc33eb4a7a5848aab3eb4a7a5868aab8', 'annotations': [{'key': 'path', 'value': 'guest/helloworld'}, {'key': 'waitTime', 'value': 7761}, {'key': 'kind', 'value': 'blackbox'}, {'key': 'limits', 'value': {'concurrency': 1, 'logs': 10, 'memory': 128, 'timeout': 60000}}, {'key': 'initTime', 'value': 601}], 'duration': 20635, 'end': 1652088125729, 'logs': [], 'name': 'helloworld', 'namespace': 'guest', 'publish': False, 'response': {'result': {'message': 'Hello World Openwhisk', 'version': 1}, 'status': 'success', 'success': True}, 'start': 1652088105094, 'subject': 'guest', 'version': '0.0.17'}",
        "activationId": "bc33eb4a7a5848aab3eb4a7a5868aab8",
        "client_info": {
            "elapsed_time": 28.725579977035522,
            "blocking": true
        }
    },
    "3": {
        "message": "Hello World Openwhisk",
        "version": 1,
        "raw": "{'activationId': '87169e37c83b409a969e37c83b809a57', 'annotations': [{'key': 'limits', 'value': {'concurrency': 1, 'logs': 10, 'memory': 128, 'timeout': 60000}}, {'key': 'path', 'value': 'guest/helloworld'}, {'key': 'kind', 'value': 'blackbox'}, {'key': 'waitTime', 'value': 27440}], 'duration': 20042, 'end': 1652088144879, 'logs': [], 'name': 'helloworld', 'namespace': 'guest', 'publish': False, 'response': {'result': {'message': 'Hello World Openwhisk', 'version': 1}, 'status': 'success', 'success': True}, 'start': 1652088124837, 'subject': 'guest', 'version': '0.0.17'}",
        "activationId": "87169e37c83b409a969e37c83b809a57",
        "client_info": {
            "elapsed_time": 47.81774711608887,
            "blocking": true
        }
    },
    "4": {
        "message": "Hello World Openwhisk",
        "version": 1,
        "raw": "{'activationId': '244e7cf87a1e4af78e7cf87a1e0af7e0', 'annotations': [{'key': 'limits', 'value': {'concurrency': 1, 'logs': 10, 'memory': 128, 'timeout': 60000}}, {'key': 'path', 'value': 'guest/helloworld'}, {'key': 'kind', 'value': 'blackbox'}, {'key': 'waitTime', 'value': 27324}], 'duration': 20016, 'end': 1652088144685, 'logs': [], 'name': 'helloworld', 'namespace': 'guest', 'publish': False, 'response': {'result': {'message': 'Hello World Openwhisk', 'version': 1}, 'status': 'success', 'success': True}, 'start': 1652088124669, 'subject': 'guest', 'version': '0.0.17'}",
        "activationId": "244e7cf87a1e4af78e7cf87a1e0af7e0",
        "client_info": {
            "elapsed_time": 47.61518692970276,
            "blocking": true
        }
    },
    "5": {
        "message": "Hello World Openwhisk",
        "version": 1,
        "raw": "{'activationId': '3838f82c922c4c63b8f82c922c1c63cf', 'annotations': [{'key': 'path', 'value': 'guest/helloworld'}, {'key': 'waitTime', 'value': 7760}, {'key': 'kind', 'value': 'blackbox'}, {'key': 'limits', 'value': {'concurrency': 1, 'logs': 10, 'memory': 128, 'timeout': 60000}}, {'key': 'initTime', 'value': 591}], 'duration': 20621, 'end': 1652088125724, 'logs': [], 'name': 'helloworld', 'namespace': 'guest', 'publish': False, 'response': {'result': {'message': 'Hello World Openwhisk', 'version': 1}, 'status': 'success', 'success': True}, 'start': 1652088105103, 'subject': 'guest', 'version': '0.0.17'}",
        "activationId": "3838f82c922c4c63b8f82c922c1c63cf",
        "client_info": {
            "elapsed_time": 28.720664024353027,
            "blocking": true
        }
    },
    "6": {
        "message": "Hello World Openwhisk",
        "version": 1,
        "raw": "{'activationId': '903e581d7b40486dbe581d7b40086dd8', 'annotations': [{'key': 'path', 'value': 'guest/helloworld'}, {'key': 'waitTime', 'value': 8142}, {'key': 'kind', 'value': 'blackbox'}, {'key': 'limits', 'value': {'concurrency': 1, 'logs': 10, 'memory': 128, 'timeout': 60000}}, {'key': 'initTime', 'value': 490}], 'duration': 20518, 'end': 1652088126006, 'logs': [], 'name': 'helloworld', 'namespace': 'guest', 'publish': False, 'response': {'result': {'message': 'Hello World Openwhisk', 'version': 1}, 'status': 'success', 'success': True}, 'start': 1652088105488, 'subject': 'guest', 'version': '0.0.17'}",
        "activationId": "903e581d7b40486dbe581d7b40086dd8",
        "client_info": {
            "elapsed_time": 28.934638023376465,
            "blocking": true
        }
    },
    "7": {
        "message": "Hello World Openwhisk",
        "version": 1,
        "raw": "{'activationId': '35b3d08fc79d4048b3d08fc79d804862', 'annotations': [{'key': 'limits', 'value': {'concurrency': 1, 'logs': 10, 'memory': 128, 'timeout': 60000}}, {'key': 'path', 'value': 'guest/helloworld'}, {'key': 'kind', 'value': 'blackbox'}, {'key': 'waitTime', 'value': 27468}], 'duration': 20032, 'end': 1652088144841, 'logs': [], 'name': 'helloworld', 'namespace': 'guest', 'publish': False, 'response': {'result': {'message': 'Hello World Openwhisk', 'version': 1}, 'status': 'success', 'success': True}, 'start': 1652088124809, 'subject': 'guest', 'version': '0.0.17'}",
        "activationId": "35b3d08fc79d4048b3d08fc79d804862",
        "client_info": {
            "elapsed_time": 47.762266874313354,
            "blocking": true
        }
    },
    "8": {
        "message": "Hello World Openwhisk",
        "version": 1,
        "raw": "{'activationId': '7d314b7652da4b6fb14b7652da2b6fd4', 'annotations': [{'key': 'path', 'value': 'guest/helloworld'}, {'key': 'waitTime', 'value': 6459}, {'key': 'kind', 'value': 'blackbox'}, {'key': 'limits', 'value': {'concurrency': 1, 'logs': 10, 'memory': 128, 'timeout': 60000}}, {'key': 'initTime', 'value': 979}], 'duration': 21014, 'end': 1652088124815, 'logs': [], 'name': 'helloworld', 'namespace': 'guest', 'publish': False, 'response': {'result': {'message': 'Hello World Openwhisk', 'version': 1}, 'status': 'success', 'success': True}, 'start': 1652088103801, 'subject': 'guest', 'version': '0.0.17'}",
        "activationId": "7d314b7652da4b6fb14b7652da2b6fd4",
        "client_info": {
            "elapsed_time": 27.743011951446533,
            "blocking": true
        }
    },
    "9": {
        "message": "Hello World Openwhisk",
        "version": 1,
        "raw": "{'activationId': '6eccb665cabe4ade8cb665cabe7ade58', 'annotations': [{'key': 'path', 'value': 'guest/helloworld'}, {'key': 'waitTime', 'value': 6824}, {'key': 'kind', 'value': 'blackbox'}, {'key': 'limits', 'value': {'concurrency': 1, 'logs': 10, 'memory': 128, 'timeout': 60000}}, {'key': 'initTime', 'value': 469}], 'duration': 20488, 'end': 1652088124654, 'logs': [], 'name': 'helloworld', 'namespace': 'guest', 'publish': False, 'response': {'result': {'message': 'Hello World Openwhisk', 'version': 1}, 'status': 'success', 'success': True}, 'start': 1652088104166, 'subject': 'guest', 'version': '0.0.17'}",
        "activationId": "6eccb665cabe4ade8cb665cabe7ade58",
        "client_info": {
            "elapsed_time": 27.59291696548462,
            "blocking": true
        }
    },
    "10": {
        "message": "Hello World Openwhisk",
        "version": 1,
        "raw": "{'activationId': 'f0c6e9b6ff5d4d3c86e9b6ff5d1d3cbb', 'annotations': [{'key': 'path', 'value': 'guest/helloworld'}, {'key': 'waitTime', 'value': 8144}, {'key': 'kind', 'value': 'blackbox'}, {'key': 'limits', 'value': {'concurrency': 1, 'logs': 10, 'memory': 128, 'timeout': 60000}}, {'key': 'initTime', 'value': 524}], 'duration': 20558, 'end': 1652088126034, 'logs': [], 'name': 'helloworld', 'namespace': 'guest', 'publish': False, 'response': {'result': {'message': 'Hello World Openwhisk', 'version': 1}, 'status': 'success', 'success': True}, 'start': 1652088105476, 'subject': 'guest', 'version': '0.0.17'}",
        "activationId": "f0c6e9b6ff5d4d3c86e9b6ff5d1d3cbb",
        "client_info": {
            "elapsed_time": 28.958028078079224,
            "blocking": true
        }
    },
    "11": {
        "message": "Hello World Openwhisk",
        "version": 1,
        "raw": "{'activationId': 'ab7222dbbe184344b222dbbe18f34491', 'annotations': [{'key': 'path', 'value': 'guest/helloworld'}, {'key': 'waitTime', 'value': 8109}, {'key': 'kind', 'value': 'blackbox'}, {'key': 'limits', 'value': {'concurrency': 1, 'logs': 10, 'memory': 128, 'timeout': 60000}}, {'key': 'initTime', 'value': 445}], 'duration': 20521, 'end': 1652088125962, 'logs': [], 'name': 'helloworld', 'namespace': 'guest', 'publish': False, 'response': {'result': {'message': 'Hello World Openwhisk', 'version': 1}, 'status': 'success', 'success': True}, 'start': 1652088105441, 'subject': 'guest', 'version': '0.0.17'}",
        "activationId": "ab7222dbbe184344b222dbbe18f34491",
        "client_info": {
            "elapsed_time": 28.91694736480713,
            "blocking": true
        }
    },
    "client_info": {
        "start_time": "1652088096.886963",
        "end_time": "1652088144.70576",
        "total_elapsed_time": "47.81879711151123"
    }
}