{
    "1": {
        "activationId": "7f6a018e-cf9b-11ec-8ad5-e45f01827912",
        "message": "Hello World from Nanos",
        "version": "1",
        "client_info": {
            "elapsed_time": 8.491843700408936,
            "blocking": true
        }
    },
    "2": {
        "activationId": "7f65c11e-cf9b-11ec-8df6-e45f01827912",
        "message": "Hello World from Nanos",
        "version": "1",
        "client_info": {
            "elapsed_time": 7.136857986450195,
            "blocking": true
        }
    },
    "3": {
        "activationId": "7f6110ba-cf9b-11ec-8715-e45f01827912",
        "message": "Hello World from Nanos",
        "version": "1",
        "client_info": {
            "elapsed_time": 7.128194808959961,
            "blocking": true
        }
    },
    "4": {
        "activationId": "7f62ce8c-cf9b-11ec-a985-e45f01827912",
        "message": "Hello World from Nanos",
        "version": "1",
        "client_info": {
            "elapsed_time": 6.309602975845337,
            "blocking": true
        }
    },
    "5": {
        "activationId": "7f6536c2-cf9b-11ec-a46b-e45f01827912",
        "message": "Hello World from Nanos",
        "version": "1",
        "client_info": {
            "elapsed_time": 7.127894639968872,
            "blocking": true
        }
    },
    "6": {
        "activationId": "7f6fe054-cf9b-11ec-8cb0-e45f01827912",
        "message": "Hello World from Nanos",
        "version": "1",
        "client_info": {
            "elapsed_time": 8.66947603225708,
            "blocking": true
        }
    },
    "7": {
        "activationId": "7f62671c-cf9b-11ec-8310-e45f01827912",
        "message": "Hello World from Nanos",
        "version": "1",
        "client_info": {
            "elapsed_time": 7.1278979778289795,
            "blocking": true
        }
    },
    "8": {
        "activationId": "7f782980-cf9b-11ec-9205-e45f01827912",
        "message": "Hello World from Nanos",
        "version": "1",
        "client_info": {
            "elapsed_time": 8.406667947769165,
            "blocking": true
        }
    },
    "9": {
        "activationId": "7f88ac60-cf9b-11ec-b734-e45f01827912",
        "message": "Hello World from Nanos",
        "version": "1",
        "client_info": {
            "elapsed_time": 8.641319751739502,
            "blocking": true
        }
    },
    "10": {
        "activationId": "7f73f93c-cf9b-11ec-bc81-e45f01827912",
        "message": "Hello World from Nanos",
        "version": "1",
        "client_info": {
            "elapsed_time": 5.592409133911133,
            "blocking": true
        }
    },
    "11": {
        "activationId": "7f7b92dc-cf9b-11ec-90ac-e45f01827912",
        "message": "Hello World from Nanos",
        "version": "1",
        "client_info": {
            "elapsed_time": 8.352907180786133,
            "blocking": true
        }
    },
    "12": {
        "activationId": "7f69d2b8-cf9b-11ec-aa8f-e45f01827912",
        "message": "Hello World from Nanos",
        "version": "1",
        "client_info": {
            "elapsed_time": 7.127162218093872,
            "blocking": true
        }
    },
    "13": {
        "activationId": "7f8c5d7e-cf9b-11ec-bfba-e45f01827912",
        "message": "Hello World from Nanos",
        "version": "1",
        "client_info": {
            "elapsed_time": 8.663956880569458,
            "blocking": true
        }
    },
    "14": {
        "activationId": "7f94ffa6-cf9b-11ec-a2e1-e45f01827912",
        "message": "Hello World from Nanos",
        "version": "1",
        "client_info": {
            "elapsed_time": 8.250822067260742,
            "blocking": true
        }
    },
    "15": {
        "activationId": "7f96552c-cf9b-11ec-b51e-e45f01827912",
        "message": "Hello World from Nanos",
        "version": "1",
        "client_info": {
            "elapsed_time": 8.15096116065979,
            "blocking": true
        }
    },
    "16": {
        "activationId": "7f821972-cf9b-11ec-ae4c-e45f01827912",
        "message": "Hello World from Nanos",
        "version": "1",
        "client_info": {
            "elapsed_time": 7.536117076873779,
            "blocking": true
        }
    },
    "client_info": {
        "start_time": "1652102730.416638",
        "end_time": "1652102739.087629",
        "total_elapsed_time": "8.67099118232727"
    }
}