{
    "118a927d08bd4c138a927d08bd0c13ff": {
        "message": "Hello World Openwhisk",
        "version": 1,
        "raw": "{'activationId': '118a927d08bd4c138a927d08bd0c13ff', 'annotations': [{'key': 'path', 'value': 'guest/helloworld'}, {'key': 'waitTime', 'value': 13365}, {'key': 'kind', 'value': 'blackbox'}, {'key': 'limits', 'value': {'concurrency': 1, 'logs': 10, 'memory': 128, 'timeout': 60000}}, {'key': 'initTime', 'value': 378}], 'duration': 20403, 'end': 1651510622931, 'logs': [], 'name': 'helloworld', 'namespace': 'guest', 'publish': False, 'response': {'result': {'message': 'Hello World Openwhisk', 'version': 1}, 'status': 'success', 'success': True}, 'start': 1651510602528, 'subject': 'guest', 'version': '0.0.5'}",
        "activationId": "118a927d08bd4c138a927d08bd0c13ff",
        "client_info": {
            "elapsed_time": 34.297602891922,
            "blocking": true
        }
    },
    "9a830bd2affe44b0830bd2affeb4b0de": {
        "message": "Hello World Openwhisk",
        "version": 1,
        "raw": "{'activationId': '9a830bd2affe44b0830bd2affeb4b0de', 'annotations': [{'key': 'path', 'value': 'guest/helloworld'}, {'key': 'waitTime', 'value': 12407}, {'key': 'kind', 'value': 'blackbox'}, {'key': 'limits', 'value': {'concurrency': 1, 'logs': 10, 'memory': 128, 'timeout': 60000}}, {'key': 'initTime', 'value': 715}], 'duration': 20756, 'end': 1651510622302, 'logs': [], 'name': 'helloworld', 'namespace': 'guest', 'publish': False, 'response': {'result': {'message': 'Hello World Openwhisk', 'version': 1}, 'status': 'success', 'success': True}, 'start': 1651510601546, 'subject': 'guest', 'version': '0.0.5'}",
        "activationId": "9a830bd2affe44b0830bd2affeb4b0de",
        "client_info": {
            "elapsed_time": 33.45502328872681,
            "blocking": true
        }
    },
    "ed08f491cd5b4cad88f491cd5b1cadbe": {
        "message": "Hello World Openwhisk",
        "version": 1,
        "raw": "{'activationId': 'ed08f491cd5b4cad88f491cd5b1cadbe', 'annotations': [{'key': 'path', 'value': 'guest/helloworld'}, {'key': 'waitTime', 'value': 12542}, {'key': 'kind', 'value': 'blackbox'}, {'key': 'limits', 'value': {'concurrency': 1, 'logs': 10, 'memory': 128, 'timeout': 60000}}, {'key': 'initTime', 'value': 796}], 'duration': 20844, 'end': 1651510622520, 'logs': [], 'name': 'helloworld', 'namespace': 'guest', 'publish': False, 'response': {'result': {'message': 'Hello World Openwhisk', 'version': 1}, 'status': 'success', 'success': True}, 'start': 1651510601676, 'subject': 'guest', 'version': '0.0.5'}",
        "activationId": "ed08f491cd5b4cad88f491cd5b1cadbe",
        "client_info": {
            "elapsed_time": 33.675599098205566,
            "blocking": true
        }
    },
    "8278b582d6004463b8b582d600a46364": {
        "message": "Hello World Openwhisk",
        "version": 1,
        "raw": "{'activationId': '8278b582d6004463b8b582d600a46364', 'annotations': [{'key': 'path', 'value': 'guest/helloworld'}, {'key': 'waitTime', 'value': 13000}, {'key': 'kind', 'value': 'blackbox'}, {'key': 'limits', 'value': {'concurrency': 1, 'logs': 10, 'memory': 128, 'timeout': 60000}}, {'key': 'initTime', 'value': 683}], 'duration': 20719, 'end': 1651510622872, 'logs': [], 'name': 'helloworld', 'namespace': 'guest', 'publish': False, 'response': {'result': {'message': 'Hello World Openwhisk', 'version': 1}, 'status': 'success', 'success': True}, 'start': 1651510602153, 'subject': 'guest', 'version': '0.0.5'}",
        "activationId": "8278b582d6004463b8b582d600a46364",
        "client_info": {
            "elapsed_time": 34.02704381942749,
            "blocking": true
        }
    },
    "ca30346361774106b034636177110661": {
        "message": "Hello World Openwhisk",
        "version": 1,
        "raw": "{'activationId': 'ca30346361774106b034636177110661', 'annotations': [{'key': 'path', 'value': 'guest/helloworld'}, {'key': 'waitTime', 'value': 13235}, {'key': 'kind', 'value': 'blackbox'}, {'key': 'limits', 'value': {'concurrency': 1, 'logs': 10, 'memory': 128, 'timeout': 60000}}, {'key': 'initTime', 'value': 622}], 'duration': 20658, 'end': 1651510623066, 'logs': [], 'name': 'helloworld', 'namespace': 'guest', 'publish': False, 'response': {'result': {'message': 'Hello World Openwhisk', 'version': 1}, 'status': 'success', 'success': True}, 'start': 1651510602408, 'subject': 'guest', 'version': '0.0.5'}",
        "activationId": "ca30346361774106b034636177110661",
        "client_info": {
            "elapsed_time": 34.228463888168335,
            "blocking": true
        }
    },
    "7208a5052b7240d588a5052b7240d54e": {
        "message": "Hello World Openwhisk",
        "version": 1,
        "raw": "{'activationId': '7208a5052b7240d588a5052b7240d54e', 'annotations': [{'key': 'limits', 'value': {'concurrency': 1, 'logs': 10, 'memory': 128, 'timeout': 60000}}, {'key': 'path', 'value': 'guest/helloworld'}, {'key': 'kind', 'value': 'blackbox'}, {'key': 'waitTime', 'value': 33151}], 'duration': 20030, 'end': 1651510642351, 'logs': [], 'name': 'helloworld', 'namespace': 'guest', 'publish': False, 'response': {'result': {'message': 'Hello World Openwhisk', 'version': 1}, 'status': 'success', 'success': True}, 'start': 1651510622321, 'subject': 'guest', 'version': '0.0.5'}",
        "activationId": "7208a5052b7240d588a5052b7240d54e",
        "client_info": {
            "elapsed_time": 53.71848177909851,
            "blocking": true
        }
    },
    "fa36e5c5bb8c49bfb6e5c5bb8cc9bfd6": {
        "message": "Hello World Openwhisk",
        "version": 1,
        "raw": "{'activationId': 'fa36e5c5bb8c49bfb6e5c5bb8cc9bfd6', 'annotations': [{'key': 'path', 'value': 'guest/helloworld'}, {'key': 'waitTime', 'value': 13507}, {'key': 'kind', 'value': 'blackbox'}, {'key': 'limits', 'value': {'concurrency': 1, 'logs': 10, 'memory': 128, 'timeout': 60000}}, {'key': 'initTime', 'value': 381}], 'duration': 20417, 'end': 1651510623161, 'logs': [], 'name': 'helloworld', 'namespace': 'guest', 'publish': False, 'response': {'result': {'message': 'Hello World Openwhisk', 'version': 1}, 'status': 'success', 'success': True}, 'start': 1651510602744, 'subject': 'guest', 'version': '0.0.5'}",
        "activationId": "fa36e5c5bb8c49bfb6e5c5bb8cc9bfd6",
        "client_info": {
            "elapsed_time": 34.332499980926514,
            "blocking": true
        }
    },
    "5dcec22445234c008ec2244523ec005e": {
        "message": "Hello World Openwhisk",
        "version": 1,
        "raw": "{'activationId': '5dcec22445234c008ec2244523ec005e', 'annotations': [{'key': 'path', 'value': 'guest/helloworld'}, {'key': 'waitTime', 'value': 12846}, {'key': 'kind', 'value': 'blackbox'}, {'key': 'limits', 'value': {'concurrency': 1, 'logs': 10, 'memory': 128, 'timeout': 60000}}, {'key': 'initTime', 'value': 871}], 'duration': 20922, 'end': 1651510622948, 'logs': [], 'name': 'helloworld', 'namespace': 'guest', 'publish': False, 'response': {'result': {'message': 'Hello World Openwhisk', 'version': 1}, 'status': 'success', 'success': True}, 'start': 1651510602026, 'subject': 'guest', 'version': '0.0.5'}",
        "activationId": "5dcec22445234c008ec2244523ec005e",
        "client_info": {
            "elapsed_time": 34.30603098869324,
            "blocking": true
        }
    },
    "96ff0911903b4f72bf0911903b3f729d": {
        "message": "Hello World Openwhisk",
        "version": 1,
        "raw": "{'activationId': '96ff0911903b4f72bf0911903b3f729d', 'annotations': [{'key': 'path', 'value': 'guest/helloworld'}, {'key': 'waitTime', 'value': 13477}, {'key': 'kind', 'value': 'blackbox'}, {'key': 'limits', 'value': {'concurrency': 1, 'logs': 10, 'memory': 128, 'timeout': 60000}}, {'key': 'initTime', 'value': 495}], 'duration': 20537, 'end': 1651510623193, 'logs': [], 'name': 'helloworld', 'namespace': 'guest', 'publish': False, 'response': {'result': {'message': 'Hello World Openwhisk', 'version': 1}, 'status': 'success', 'success': True}, 'start': 1651510602656, 'subject': 'guest', 'version': '0.0.5'}",
        "activationId": "96ff0911903b4f72bf0911903b3f729d",
        "client_info": {
            "elapsed_time": 34.34592390060425,
            "blocking": true
        }
    },
    "client_info": {
        "start_time": "1651510588.803005",
        "end_time": "1651510642.5276642",
        "total_elapsed_time": "53.72465920448303"
    }
}