{
    "1": {
        "activationId": "ff2dc6de-cf83-11ec-8c6b-e45f01827912",
        "message": "Hello World from Nanos",
        "version": "1",
        "client_info": {
            "elapsed_time": 21.342844009399414,
            "blocking": true
        }
    },
    "2": {
        "activationId": "ff2b9cc4-cf83-11ec-bd71-e45f01827912",
        "message": "Hello World from Nanos",
        "version": "1",
        "client_info": {
            "elapsed_time": 21.36819887161255,
            "blocking": true
        }
    },
    "client_info": {
        "start_time": "1652092636.852271",
        "end_time": "1652092658.2211258",
        "total_elapsed_time": "21.368854761123657"
    }
}