{
    "2aa4b09ccb7548a1a4b09ccb75f8a1d6": {
        "message": "Hello World Openwhisk",
        "version": 1,
        "raw": "{'activationId': '2aa4b09ccb7548a1a4b09ccb75f8a1d6', 'annotations': [{'key': 'path', 'value': 'guest/helloworld'}, {'key': 'waitTime', 'value': 7063}, {'key': 'kind', 'value': 'blackbox'}, {'key': 'limits', 'value': {'concurrency': 1, 'logs': 10, 'memory': 128, 'timeout': 60000}}, {'key': 'initTime', 'value': 980}], 'duration': 21001, 'end': 1651510680950, 'logs': [], 'name': 'helloworld', 'namespace': 'guest', 'publish': False, 'response': {'result': {'message': 'Hello World Openwhisk', 'version': 1}, 'status': 'success', 'success': True}, 'start': 1651510659949, 'subject': 'guest', 'version': '0.0.5'}",
        "activationId": "2aa4b09ccb7548a1a4b09ccb75f8a1d6",
        "client_info": {
            "elapsed_time": 28.30798101425171,
            "blocking": true
        }
    },
    "584721104bc6437e8721104bc6e37eb2": {
        "message": "Hello World Openwhisk",
        "version": 1,
        "raw": "{'activationId': '584721104bc6437e8721104bc6e37eb2', 'annotations': [{'key': 'path', 'value': 'guest/helloworld'}, {'key': 'waitTime', 'value': 7006}, {'key': 'kind', 'value': 'blackbox'}, {'key': 'limits', 'value': {'concurrency': 1, 'logs': 10, 'memory': 128, 'timeout': 60000}}, {'key': 'initTime', 'value': 779}], 'duration': 20825, 'end': 1651510680715, 'logs': [], 'name': 'helloworld', 'namespace': 'guest', 'publish': False, 'response': {'result': {'message': 'Hello World Openwhisk', 'version': 1}, 'status': 'success', 'success': True}, 'start': 1651510659890, 'subject': 'guest', 'version': '0.0.5'}",
        "activationId": "584721104bc6437e8721104bc6e37eb2",
        "client_info": {
            "elapsed_time": 28.06385898590088,
            "blocking": true
        }
    },
    "e2672e419ce24ebaa72e419ce29eba00": {
        "message": "Hello World Openwhisk",
        "version": 1,
        "raw": "{'activationId': 'e2672e419ce24ebaa72e419ce29eba00', 'annotations': [{'key': 'path', 'value': 'guest/helloworld'}, {'key': 'waitTime', 'value': 7026}, {'key': 'kind', 'value': 'blackbox'}, {'key': 'limits', 'value': {'concurrency': 1, 'logs': 10, 'memory': 128, 'timeout': 60000}}, {'key': 'initTime', 'value': 775}], 'duration': 20802, 'end': 1651510680859, 'logs': [], 'name': 'helloworld', 'namespace': 'guest', 'publish': False, 'response': {'result': {'message': 'Hello World Openwhisk', 'version': 1}, 'status': 'success', 'success': True}, 'start': 1651510660057, 'subject': 'guest', 'version': '0.0.5'}",
        "activationId": "e2672e419ce24ebaa72e419ce29eba00",
        "client_info": {
            "elapsed_time": 28.210847854614258,
            "blocking": true
        }
    },
    "39111411534745fc911411534775fce4": {
        "message": "Hello World Openwhisk",
        "version": 1,
        "raw": "{'activationId': '39111411534745fc911411534775fce4', 'annotations': [{'key': 'path', 'value': 'guest/helloworld'}, {'key': 'waitTime', 'value': 7384}, {'key': 'kind', 'value': 'blackbox'}, {'key': 'limits', 'value': {'concurrency': 1, 'logs': 10, 'memory': 128, 'timeout': 60000}}, {'key': 'initTime', 'value': 548}], 'duration': 20576, 'end': 1651510680987, 'logs': [], 'name': 'helloworld', 'namespace': 'guest', 'publish': False, 'response': {'result': {'message': 'Hello World Openwhisk', 'version': 1}, 'status': 'success', 'success': True}, 'start': 1651510660411, 'subject': 'guest', 'version': '0.0.5'}",
        "activationId": "39111411534745fc911411534775fce4",
        "client_info": {
            "elapsed_time": 28.34137797355652,
            "blocking": true
        }
    },
    "9191dd57f6534dcc91dd57f653ddcc58": {
        "message": "Hello World Openwhisk",
        "version": 1,
        "raw": "{'activationId': '9191dd57f6534dcc91dd57f653ddcc58', 'annotations': [{'key': 'path', 'value': 'guest/helloworld'}, {'key': 'waitTime', 'value': 7427}, {'key': 'kind', 'value': 'blackbox'}, {'key': 'limits', 'value': {'concurrency': 1, 'logs': 10, 'memory': 128, 'timeout': 60000}}, {'key': 'initTime', 'value': 527}], 'duration': 20561, 'end': 1651510681024, 'logs': [], 'name': 'helloworld', 'namespace': 'guest', 'publish': False, 'response': {'result': {'message': 'Hello World Openwhisk', 'version': 1}, 'status': 'success', 'success': True}, 'start': 1651510660463, 'subject': 'guest', 'version': '0.0.5'}",
        "activationId": "9191dd57f6534dcc91dd57f653ddcc58",
        "client_info": {
            "elapsed_time": 28.387842178344727,
            "blocking": true
        }
    },
    "23df51632f9e42179f51632f9ef217cf": {
        "message": "Hello World Openwhisk",
        "version": 1,
        "raw": "{'activationId': '23df51632f9e42179f51632f9ef217cf', 'annotations': [{'key': 'path', 'value': 'guest/helloworld'}, {'key': 'waitTime', 'value': 6501}, {'key': 'kind', 'value': 'blackbox'}, {'key': 'limits', 'value': {'concurrency': 1, 'logs': 10, 'memory': 128, 'timeout': 60000}}, {'key': 'initTime', 'value': 655}], 'duration': 20695, 'end': 1651510680241, 'logs': [], 'name': 'helloworld', 'namespace': 'guest', 'publish': False, 'response': {'result': {'message': 'Hello World Openwhisk', 'version': 1}, 'status': 'success', 'success': True}, 'start': 1651510659546, 'subject': 'guest', 'version': '0.0.5'}",
        "activationId": "23df51632f9e42179f51632f9ef217cf",
        "client_info": {
            "elapsed_time": 27.584468841552734,
            "blocking": true
        }
    },
    "766ae746a4374901aae746a437f90172": {
        "message": "Hello World Openwhisk",
        "version": 1,
        "raw": "{'activationId': '766ae746a4374901aae746a437f90172', 'annotations': [{'key': 'limits', 'value': {'concurrency': 1, 'logs': 10, 'memory': 128, 'timeout': 60000}}, {'key': 'path', 'value': 'guest/helloworld'}, {'key': 'kind', 'value': 'blackbox'}, {'key': 'waitTime', 'value': 27230}], 'duration': 20032, 'end': 1651510700292, 'logs': [], 'name': 'helloworld', 'namespace': 'guest', 'publish': False, 'response': {'result': {'message': 'Hello World Openwhisk', 'version': 1}, 'status': 'success', 'success': True}, 'start': 1651510680260, 'subject': 'guest', 'version': '0.0.5'}",
        "activationId": "766ae746a4374901aae746a437f90172",
        "client_info": {
            "elapsed_time": 47.77322006225586,
            "blocking": true
        }
    },
    "bd1c098b1e17447b9c098b1e17f47ba4": {
        "message": "Hello World Openwhisk",
        "version": 1,
        "raw": "{'activationId': 'bd1c098b1e17447b9c098b1e17f47ba4', 'annotations': [{'key': 'path', 'value': 'guest/helloworld'}, {'key': 'waitTime', 'value': 7452}, {'key': 'kind', 'value': 'blackbox'}, {'key': 'limits', 'value': {'concurrency': 1, 'logs': 10, 'memory': 128, 'timeout': 60000}}, {'key': 'initTime', 'value': 515}], 'duration': 20550, 'end': 1651510681034, 'logs': [], 'name': 'helloworld', 'namespace': 'guest', 'publish': False, 'response': {'result': {'message': 'Hello World Openwhisk', 'version': 1}, 'status': 'success', 'success': True}, 'start': 1651510660484, 'subject': 'guest', 'version': '0.0.5'}",
        "activationId": "bd1c098b1e17447b9c098b1e17f47ba4",
        "client_info": {
            "elapsed_time": 28.376295804977417,
            "blocking": true
        }
    },
    "cfadcbb5585146c4adcbb5585156c4b1": {
        "message": "Hello World Openwhisk",
        "version": 1,
        "raw": "{'activationId': 'cfadcbb5585146c4adcbb5585156c4b1', 'annotations': [{'key': 'path', 'value': 'guest/helloworld'}, {'key': 'waitTime', 'value': 7429}, {'key': 'kind', 'value': 'blackbox'}, {'key': 'limits', 'value': {'concurrency': 1, 'logs': 10, 'memory': 128, 'timeout': 60000}}, {'key': 'initTime', 'value': 462}], 'duration': 20493, 'end': 1651510680954, 'logs': [], 'name': 'helloworld', 'namespace': 'guest', 'publish': False, 'response': {'result': {'message': 'Hello World Openwhisk', 'version': 1}, 'status': 'success', 'success': True}, 'start': 1651510660461, 'subject': 'guest', 'version': '0.0.5'}",
        "activationId": "cfadcbb5585146c4adcbb5585156c4b1",
        "client_info": {
            "elapsed_time": 28.29748797416687,
            "blocking": true
        }
    },
    "63a3961b89d144eea3961b89d1e4ee0f": {
        "message": "Hello World Openwhisk",
        "version": 1,
        "raw": "{'activationId': '63a3961b89d144eea3961b89d1e4ee0f', 'annotations': [{'key': 'limits', 'value': {'concurrency': 1, 'logs': 10, 'memory': 128, 'timeout': 60000}}, {'key': 'path', 'value': 'guest/helloworld'}, {'key': 'kind', 'value': 'blackbox'}, {'key': 'waitTime', 'value': 27627}], 'duration': 20034, 'end': 1651510700762, 'logs': [], 'name': 'helloworld', 'namespace': 'guest', 'publish': False, 'response': {'result': {'message': 'Hello World Openwhisk', 'version': 1}, 'status': 'success', 'success': True}, 'start': 1651510680728, 'subject': 'guest', 'version': '0.0.5'}",
        "activationId": "63a3961b89d144eea3961b89d1e4ee0f",
        "client_info": {
            "elapsed_time": 48.16099977493286,
            "blocking": true
        }
    },
    "client_info": {
        "start_time": "1651510652.6070669",
        "end_time": "1651510700.785065",
        "total_elapsed_time": "48.177998065948486"
    }
}