{
    "8004e158-caa1-11ec-af65-e45f01827912": {
        "activationId": "8004e158-caa1-11ec-af65-e45f01827912",
        "message": "Hello World from Nanos",
        "version": "1",
        "client_info": {
            "elapsed_time": 23.7292537689209,
            "blocking": true
        }
    },
    "801580da-caa1-11ec-b837-e45f01827912": {
        "activationId": "801580da-caa1-11ec-b837-e45f01827912",
        "message": "Hello World from Nanos",
        "version": "1",
        "client_info": {
            "elapsed_time": 23.327035903930664,
            "blocking": true
        }
    },
    "800f0e8a-caa1-11ec-89d7-e45f01827912": {
        "activationId": "800f0e8a-caa1-11ec-89d7-e45f01827912",
        "message": "Hello World from Nanos",
        "version": "1",
        "client_info": {
            "elapsed_time": 23.99051809310913,
            "blocking": true
        }
    },
    "80042f42-caa1-11ec-a94d-e45f01827912": {
        "activationId": "80042f42-caa1-11ec-a94d-e45f01827912",
        "message": "Hello World from Nanos",
        "version": "1",
        "client_info": {
            "elapsed_time": 23.79089903831482,
            "blocking": true
        }
    },
    "800a66d2-caa1-11ec-885d-e45f01827912": {
        "activationId": "800a66d2-caa1-11ec-885d-e45f01827912",
        "message": "Hello World from Nanos",
        "version": "1",
        "client_info": {
            "elapsed_time": 23.9214870929718,
            "blocking": true
        }
    },
    "802204fe-caa1-11ec-8337-e45f01827912": {
        "activationId": "802204fe-caa1-11ec-8337-e45f01827912",
        "message": "Hello World from Nanos",
        "version": "1",
        "client_info": {
            "elapsed_time": 24.047728776931763,
            "blocking": true
        }
    },
    "8016184c-caa1-11ec-a27f-e45f01827912": {
        "activationId": "8016184c-caa1-11ec-a27f-e45f01827912",
        "message": "Hello World from Nanos",
        "version": "1",
        "client_info": {
            "elapsed_time": 24.042260885238647,
            "blocking": true
        }
    },
    "80122c8c-caa1-11ec-a5f2-e45f01827912": {
        "activationId": "80122c8c-caa1-11ec-a5f2-e45f01827912",
        "message": "Hello World from Nanos",
        "version": "1",
        "client_info": {
            "elapsed_time": 24.072524070739746,
            "blocking": true
        }
    },
    "8001b942-caa1-11ec-83e7-e45f01827912": {
        "activationId": "8001b942-caa1-11ec-83e7-e45f01827912",
        "message": "Hello World from Nanos",
        "version": "1",
        "client_info": {
            "elapsed_time": 22.908509969711304,
            "blocking": true
        }
    },
    "800637ce-caa1-11ec-b032-e45f01827912": {
        "activationId": "800637ce-caa1-11ec-b032-e45f01827912",
        "message": "Hello World from Nanos",
        "version": "1",
        "client_info": {
            "elapsed_time": 24.07694983482361,
            "blocking": true
        }
    },
    "client_info": {
        "start_time": "1651555552.383101",
        "end_time": "1651555576.461689",
        "total_elapsed_time": "24.078588008880615"
    }
}