{
    "1": {
        "activationId": "7a559154-cf9b-11ec-bef2-e45f01827912",
        "message": "Hello World from Nanos",
        "version": "1",
        "client_info": {
            "elapsed_time": 8.327947854995728,
            "blocking": true
        }
    },
    "2": {
        "activationId": "7a46f40a-cf9b-11ec-abca-e45f01827912",
        "message": "Hello World from Nanos",
        "version": "1",
        "client_info": {
            "elapsed_time": 7.204753160476685,
            "blocking": true
        }
    },
    "3": {
        "activationId": "7a467764-cf9b-11ec-a147-e45f01827912",
        "message": "Hello World from Nanos",
        "version": "1",
        "client_info": {
            "elapsed_time": 7.203754901885986,
            "blocking": true
        }
    },
    "4": {
        "activationId": "7a4883c4-cf9b-11ec-8f61-e45f01827912",
        "message": "Hello World from Nanos",
        "version": "1",
        "client_info": {
            "elapsed_time": 5.765498876571655,
            "blocking": true
        }
    },
    "5": {
        "activationId": "7a4dda18-cf9b-11ec-9e6e-e45f01827912",
        "message": "Hello World from Nanos",
        "version": "1",
        "client_info": {
            "elapsed_time": 8.410702228546143,
            "blocking": true
        }
    },
    "6": {
        "activationId": "7a450c1c-cf9b-11ec-bb79-e45f01827912",
        "message": "Hello World from Nanos",
        "version": "1",
        "client_info": {
            "elapsed_time": 7.2031569480896,
            "blocking": true
        }
    },
    "7": {
        "activationId": "7a4a2a80-cf9b-11ec-80be-e45f01827912",
        "message": "Hello World from Nanos",
        "version": "1",
        "client_info": {
            "elapsed_time": 7.367003917694092,
            "blocking": true
        }
    },
    "8": {
        "activationId": "7a53c428-cf9b-11ec-b59b-e45f01827912",
        "message": "Hello World from Nanos",
        "version": "1",
        "client_info": {
            "elapsed_time": 7.203989028930664,
            "blocking": true
        }
    },
    "9": {
        "activationId": "7a5b0206-cf9b-11ec-af50-e45f01827912",
        "message": "Hello World from Nanos",
        "version": "1",
        "client_info": {
            "elapsed_time": 8.330052852630615,
            "blocking": true
        }
    },
    "10": {
        "activationId": "7a4e1bae-cf9b-11ec-af7f-e45f01827912",
        "message": "Hello World from Nanos",
        "version": "1",
        "client_info": {
            "elapsed_time": 7.341990232467651,
            "blocking": true
        }
    },
    "11": {
        "activationId": "7a5645d6-cf9b-11ec-ba3a-e45f01827912",
        "message": "Hello World from Nanos",
        "version": "1",
        "client_info": {
            "elapsed_time": 8.364795684814453,
            "blocking": true
        }
    },
    "12": {
        "activationId": "7a663dd8-cf9b-11ec-807d-e45f01827912",
        "message": "Hello World from Nanos",
        "version": "1",
        "client_info": {
            "elapsed_time": 8.423563003540039,
            "blocking": true
        }
    },
    "13": {
        "activationId": "7a5bea40-cf9b-11ec-aebe-e45f01827912",
        "message": "Hello World from Nanos",
        "version": "1",
        "client_info": {
            "elapsed_time": 7.843170881271362,
            "blocking": true
        }
    },
    "14": {
        "activationId": "7a72756c-cf9b-11ec-8ce5-e45f01827912",
        "message": "Hello World from Nanos",
        "version": "1",
        "client_info": {
            "elapsed_time": 7.483890056610107,
            "blocking": true
        }
    },
    "15": {
        "activationId": "7a5f9366-cf9b-11ec-9304-e45f01827912",
        "message": "Hello World from Nanos",
        "version": "1",
        "client_info": {
            "elapsed_time": 8.325085163116455,
            "blocking": true
        }
    },
    "16": {
        "activationId": "7a6fbb6a-cf9b-11ec-8b10-e45f01827912",
        "message": "Hello World from Nanos",
        "version": "1",
        "client_info": {
            "elapsed_time": 7.921627044677734,
            "blocking": true
        }
    },
    "client_info": {
        "start_time": "1652102721.844218",
        "end_time": "1652102730.270253",
        "total_elapsed_time": "8.426034927368164"
    }
}