{
    "1": {
        "activationId": "9945fa0e-cf9b-11ec-8c37-e45f01827912",
        "message": "Hello World from Nanos",
        "version": "2",
        "client_info": {
            "elapsed_time": 8.057785987854004,
            "blocking": true
        }
    },
    "2": {
        "activationId": "9947fd7c-cf9b-11ec-9066-e45f01827912",
        "message": "Hello World from Nanos",
        "version": "2",
        "client_info": {
            "elapsed_time": 8.314742088317871,
            "blocking": true
        }
    },
    "3": {
        "activationId": "99522612-cf9b-11ec-82b8-e45f01827912",
        "message": "Hello World from Nanos",
        "version": "2",
        "client_info": {
            "elapsed_time": 8.336201906204224,
            "blocking": true
        }
    },
    "4": {
        "activationId": "995ca29a-cf9b-11ec-8d49-e45f01827912",
        "message": "Hello World from Nanos",
        "version": "2",
        "client_info": {
            "elapsed_time": 7.561321973800659,
            "blocking": true
        }
    },
    "5": {
        "activationId": "9945b1a2-cf9b-11ec-9e18-e45f01827912",
        "message": "Hello World from Nanos",
        "version": "2",
        "client_info": {
            "elapsed_time": 8.100913047790527,
            "blocking": true
        }
    },
    "6": {
        "activationId": "99583962-cf9b-11ec-a78f-e45f01827912",
        "message": "Hello World from Nanos",
        "version": "2",
        "client_info": {
            "elapsed_time": 8.176950931549072,
            "blocking": true
        }
    },
    "7": {
        "activationId": "994ab5e4-cf9b-11ec-a07a-e45f01827912",
        "message": "Hello World from Nanos",
        "version": "2",
        "client_info": {
            "elapsed_time": 8.309489965438843,
            "blocking": true
        }
    },
    "8": {
        "activationId": "9955a63e-cf9b-11ec-b671-e45f01827912",
        "message": "Hello World from Nanos",
        "version": "2",
        "client_info": {
            "elapsed_time": 8.201696157455444,
            "blocking": true
        }
    },
    "9": {
        "activationId": "994a313c-cf9b-11ec-9106-e45f01827912",
        "message": "Hello World from Nanos",
        "version": "2",
        "client_info": {
            "elapsed_time": 7.00078010559082,
            "blocking": true
        }
    },
    "10": {
        "activationId": "99679704-cf9b-11ec-bab6-e45f01827912",
        "message": "Hello World from Nanos",
        "version": "2",
        "client_info": {
            "elapsed_time": 7.8207128047943115,
            "blocking": true
        }
    },
    "11": {
        "activationId": "99696a02-cf9b-11ec-9d04-e45f01827912",
        "message": "Hello World from Nanos",
        "version": "2",
        "client_info": {
            "elapsed_time": 8.4873788356781,
            "blocking": true
        }
    },
    "12": {
        "activationId": "9987b11a-cf9b-11ec-bb17-e45f01827912",
        "message": "Hello World from Nanos",
        "version": "2",
        "client_info": {
            "elapsed_time": 7.410800933837891,
            "blocking": true
        }
    },
    "13": {
        "activationId": "994e4470-cf9b-11ec-b849-e45f01827912",
        "message": "Hello World from Nanos",
        "version": "2",
        "client_info": {
            "elapsed_time": 6.692857980728149,
            "blocking": true
        }
    },
    "14": {
        "activationId": "996901a2-cf9b-11ec-acd7-e45f01827912",
        "message": "Hello World from Nanos",
        "version": "2",
        "client_info": {
            "elapsed_time": 8.483052730560303,
            "blocking": true
        }
    },
    "15": {
        "activationId": "997c2ba6-cf9b-11ec-a243-e45f01827912",
        "message": "Hello World from Nanos",
        "version": "2",
        "client_info": {
            "elapsed_time": 8.22241997718811,
            "blocking": true
        }
    },
    "16": {
        "activationId": "99801716-cf9b-11ec-87b1-e45f01827912",
        "message": "Hello World from Nanos",
        "version": "2",
        "client_info": {
            "elapsed_time": 8.389672040939331,
            "blocking": true
        }
    },
    "client_info": {
        "start_time": "1652102773.8557749",
        "end_time": "1652102782.345268",
        "total_elapsed_time": "8.489493131637573"
    }
}