{
    "daa00edd227a4166a00edd227a41666b": {
        "message": "Hello World Openwhisk",
        "version": 1,
        "raw": "{'activationId': 'daa00edd227a4166a00edd227a41666b', 'annotations': [{'key': 'path', 'value': 'guest/helloworld'}, {'key': 'waitTime', 'value': 8875}, {'key': 'kind', 'value': 'blackbox'}, {'key': 'limits', 'value': {'concurrency': 1, 'logs': 10, 'memory': 128, 'timeout': 60000}}, {'key': 'initTime', 'value': 758}], 'duration': 20791, 'end': 1651510981147, 'logs': [], 'name': 'helloworld', 'namespace': 'guest', 'publish': False, 'response': {'result': {'message': 'Hello World Openwhisk', 'version': 1}, 'status': 'success', 'success': True}, 'start': 1651510960356, 'subject': 'guest', 'version': '0.0.5'}",
        "activationId": "daa00edd227a4166a00edd227a41666b",
        "client_info": {
            "elapsed_time": 29.43122625350952,
            "blocking": true
        }
    },
    "eda588b15fd64081a588b15fd6e0819c": {
        "message": "Hello World Openwhisk",
        "version": 1,
        "raw": "{'activationId': 'eda588b15fd64081a588b15fd6e0819c', 'annotations': [{'key': 'path', 'value': 'guest/helloworld'}, {'key': 'waitTime', 'value': 9314}, {'key': 'kind', 'value': 'blackbox'}, {'key': 'limits', 'value': {'concurrency': 1, 'logs': 10, 'memory': 128, 'timeout': 60000}}, {'key': 'initTime', 'value': 416}], 'duration': 20445, 'end': 1651510981235, 'logs': [], 'name': 'helloworld', 'namespace': 'guest', 'publish': False, 'response': {'result': {'message': 'Hello World Openwhisk', 'version': 1}, 'status': 'success', 'success': True}, 'start': 1651510960790, 'subject': 'guest', 'version': '0.0.5'}",
        "activationId": "eda588b15fd64081a588b15fd6e0819c",
        "client_info": {
            "elapsed_time": 29.74164867401123,
            "blocking": true
        }
    },
    "1188c718571e446488c718571e646453": {
        "message": "Hello World Openwhisk",
        "version": 1,
        "raw": "{'activationId': '1188c718571e446488c718571e646453', 'annotations': [{'key': 'limits', 'value': {'concurrency': 1, 'logs': 10, 'memory': 128, 'timeout': 60000}}, {'key': 'path', 'value': 'guest/helloworld'}, {'key': 'kind', 'value': 'blackbox'}, {'key': 'waitTime', 'value': 29409}], 'duration': 20037, 'end': 1651511001051, 'logs': [], 'name': 'helloworld', 'namespace': 'guest', 'publish': False, 'response': {'result': {'message': 'Hello World Openwhisk', 'version': 1}, 'status': 'success', 'success': True}, 'start': 1651510981014, 'subject': 'guest', 'version': '0.0.5'}",
        "activationId": "1188c718571e446488c718571e646453",
        "client_info": {
            "elapsed_time": 49.35503172874451,
            "blocking": true
        }
    },
    "2a5567ea1e7c43779567ea1e7c33779b": {
        "message": "Hello World Openwhisk",
        "version": 1,
        "raw": "{'activationId': '2a5567ea1e7c43779567ea1e7c33779b', 'annotations': [{'key': 'path', 'value': 'guest/helloworld'}, {'key': 'waitTime', 'value': 8625}, {'key': 'kind', 'value': 'blackbox'}, {'key': 'limits', 'value': {'concurrency': 1, 'logs': 10, 'memory': 128, 'timeout': 60000}}, {'key': 'initTime', 'value': 758}], 'duration': 20802, 'end': 1651510980915, 'logs': [], 'name': 'helloworld', 'namespace': 'guest', 'publish': False, 'response': {'result': {'message': 'Hello World Openwhisk', 'version': 1}, 'status': 'success', 'success': True}, 'start': 1651510960113, 'subject': 'guest', 'version': '0.0.5'}",
        "activationId": "2a5567ea1e7c43779567ea1e7c33779b",
        "client_info": {
            "elapsed_time": 29.198851823806763,
            "blocking": true
        }
    },
    "161ad96af7394fe99ad96af7395fe9bb": {
        "message": "Hello World Openwhisk",
        "version": 1,
        "raw": "{'activationId': '161ad96af7394fe99ad96af7395fe9bb', 'annotations': [{'key': 'path', 'value': 'guest/helloworld'}, {'key': 'waitTime', 'value': 8625}, {'key': 'kind', 'value': 'blackbox'}, {'key': 'limits', 'value': {'concurrency': 1, 'logs': 10, 'memory': 128, 'timeout': 60000}}, {'key': 'initTime', 'value': 739}], 'duration': 20757, 'end': 1651510980860, 'logs': [], 'name': 'helloworld', 'namespace': 'guest', 'publish': False, 'response': {'result': {'message': 'Hello World Openwhisk', 'version': 1}, 'status': 'success', 'success': True}, 'start': 1651510960103, 'subject': 'guest', 'version': '0.0.5'}",
        "activationId": "161ad96af7394fe99ad96af7395fe9bb",
        "client_info": {
            "elapsed_time": 29.359364986419678,
            "blocking": true
        }
    },
    "45d8abcf0df4457098abcf0df4857080": {
        "message": "Hello World Openwhisk",
        "version": 1,
        "raw": "{'activationId': '45d8abcf0df4457098abcf0df4857080', 'annotations': [{'key': 'limits', 'value': {'concurrency': 1, 'logs': 10, 'memory': 128, 'timeout': 60000}}, {'key': 'path', 'value': 'guest/helloworld'}, {'key': 'kind', 'value': 'blackbox'}, {'key': 'waitTime', 'value': 29164}], 'duration': 20013, 'end': 1651511000656, 'logs': [], 'name': 'helloworld', 'namespace': 'guest', 'publish': False, 'response': {'result': {'message': 'Hello World Openwhisk', 'version': 1}, 'status': 'success', 'success': True}, 'start': 1651510980643, 'subject': 'guest', 'version': '0.0.5'}",
        "activationId": "45d8abcf0df4457098abcf0df4857080",
        "client_info": {
            "elapsed_time": 48.94286489486694,
            "blocking": true
        }
    },
    "0e1020451f85495e9020451f85695ed5": {
        "message": "Hello World Openwhisk",
        "version": 1,
        "raw": "{'activationId': '0e1020451f85495e9020451f85695ed5', 'annotations': [{'key': 'path', 'value': 'guest/helloworld'}, {'key': 'waitTime', 'value': 9057}, {'key': 'kind', 'value': 'blackbox'}, {'key': 'limits', 'value': {'concurrency': 1, 'logs': 10, 'memory': 128, 'timeout': 60000}}, {'key': 'initTime', 'value': 601}], 'duration': 20638, 'end': 1651510981175, 'logs': [], 'name': 'helloworld', 'namespace': 'guest', 'publish': False, 'response': {'result': {'message': 'Hello World Openwhisk', 'version': 1}, 'status': 'success', 'success': True}, 'start': 1651510960537, 'subject': 'guest', 'version': '0.0.5'}",
        "activationId": "0e1020451f85495e9020451f85695ed5",
        "client_info": {
            "elapsed_time": 29.70451021194458,
            "blocking": true
        }
    },
    "b7ff76d19fa5490abf76d19fa5190a5b": {
        "message": "Hello World Openwhisk",
        "version": 1,
        "raw": "{'activationId': 'b7ff76d19fa5490abf76d19fa5190a5b', 'annotations': [{'key': 'path', 'value': 'guest/helloworld'}, {'key': 'waitTime', 'value': 8216}, {'key': 'kind', 'value': 'blackbox'}, {'key': 'limits', 'value': {'concurrency': 1, 'logs': 10, 'memory': 128, 'timeout': 60000}}, {'key': 'initTime', 'value': 782}], 'duration': 20919, 'end': 1651510980626, 'logs': [], 'name': 'helloworld', 'namespace': 'guest', 'publish': False, 'response': {'result': {'message': 'Hello World Openwhisk', 'version': 1}, 'status': 'success', 'success': True}, 'start': 1651510959707, 'subject': 'guest', 'version': '0.0.5'}",
        "activationId": "b7ff76d19fa5490abf76d19fa5190a5b",
        "client_info": {
            "elapsed_time": 28.985592126846313,
            "blocking": true
        }
    },
    "7fe7e0b354e44b41a7e0b354e46b414a": {
        "message": "Hello World Openwhisk",
        "version": 1,
        "raw": "{'activationId': '7fe7e0b354e44b41a7e0b354e46b414a', 'annotations': [{'key': 'limits', 'value': {'concurrency': 1, 'logs': 10, 'memory': 128, 'timeout': 60000}}, {'key': 'path', 'value': 'guest/helloworld'}, {'key': 'kind', 'value': 'blackbox'}, {'key': 'waitTime', 'value': 29400}], 'duration': 20034, 'end': 1651511000911, 'logs': [], 'name': 'helloworld', 'namespace': 'guest', 'publish': False, 'response': {'result': {'message': 'Hello World Openwhisk', 'version': 1}, 'status': 'success', 'success': True}, 'start': 1651510980877, 'subject': 'guest', 'version': '0.0.5'}",
        "activationId": "7fe7e0b354e44b41a7e0b354e46b414a",
        "client_info": {
            "elapsed_time": 49.18419885635376,
            "blocking": true
        }
    },
    "b997f0824609465e97f0824609f65e69": {
        "message": "Hello World Openwhisk",
        "version": 1,
        "raw": "{'activationId': 'b997f0824609465e97f0824609f65e69', 'annotations': [{'key': 'path', 'value': 'guest/helloworld'}, {'key': 'waitTime', 'value': 8797}, {'key': 'kind', 'value': 'blackbox'}, {'key': 'limits', 'value': {'concurrency': 1, 'logs': 10, 'memory': 128, 'timeout': 60000}}, {'key': 'initTime', 'value': 670}], 'duration': 20708, 'end': 1651510980991, 'logs': [], 'name': 'helloworld', 'namespace': 'guest', 'publish': False, 'response': {'result': {'message': 'Hello World Openwhisk', 'version': 1}, 'status': 'success', 'success': True}, 'start': 1651510960283, 'subject': 'guest', 'version': '0.0.5'}",
        "activationId": "b997f0824609465e97f0824609f65e69",
        "client_info": {
            "elapsed_time": 29.273807287216187,
            "blocking": true
        }
    },
    "620a4a8d88124a048a4a8d8812aa040f": {
        "message": "Hello World Openwhisk",
        "version": 1,
        "raw": "{'activationId': '620a4a8d88124a048a4a8d8812aa040f', 'annotations': [{'key': 'path', 'value': 'guest/helloworld'}, {'key': 'waitTime', 'value': 9045}, {'key': 'kind', 'value': 'blackbox'}, {'key': 'limits', 'value': {'concurrency': 1, 'logs': 10, 'memory': 128, 'timeout': 60000}}, {'key': 'initTime', 'value': 486}], 'duration': 20520, 'end': 1651510981054, 'logs': [], 'name': 'helloworld', 'namespace': 'guest', 'publish': False, 'response': {'result': {'message': 'Hello World Openwhisk', 'version': 1}, 'status': 'success', 'success': True}, 'start': 1651510960534, 'subject': 'guest', 'version': '0.0.5'}",
        "activationId": "620a4a8d88124a048a4a8d8812aa040f",
        "client_info": {
            "elapsed_time": 29.328539848327637,
            "blocking": true
        }
    },
    "f1836e5988044ad7836e598804dad75f": {
        "message": "Hello World Openwhisk",
        "version": 1,
        "raw": "{'activationId': 'f1836e5988044ad7836e598804dad75f', 'annotations': [{'key': 'limits', 'value': {'concurrency': 1, 'logs': 10, 'memory': 128, 'timeout': 60000}}, {'key': 'path', 'value': 'guest/helloworld'}, {'key': 'kind', 'value': 'blackbox'}, {'key': 'waitTime', 'value': 29474}], 'duration': 20041, 'end': 1651511001119, 'logs': [], 'name': 'helloworld', 'namespace': 'guest', 'publish': False, 'response': {'result': {'message': 'Hello World Openwhisk', 'version': 1}, 'status': 'success', 'success': True}, 'start': 1651510981078, 'subject': 'guest', 'version': '0.0.5'}",
        "activationId": "f1836e5988044ad7836e598804dad75f",
        "client_info": {
            "elapsed_time": 49.41519594192505,
            "blocking": true
        }
    },
    "d54f9acbe56246328f9acbe5626632df": {
        "message": "Hello World Openwhisk",
        "version": 1,
        "raw": "{'activationId': 'd54f9acbe56246328f9acbe5626632df', 'annotations': [{'key': 'limits', 'value': {'concurrency': 1, 'logs': 10, 'memory': 128, 'timeout': 60000}}, {'key': 'path', 'value': 'guest/helloworld'}, {'key': 'kind', 'value': 'blackbox'}, {'key': 'waitTime', 'value': 29550}], 'duration': 20042, 'end': 1651511001206, 'logs': [], 'name': 'helloworld', 'namespace': 'guest', 'publish': False, 'response': {'result': {'message': 'Hello World Openwhisk', 'version': 1}, 'status': 'success', 'success': True}, 'start': 1651510981164, 'subject': 'guest', 'version': '0.0.5'}",
        "activationId": "d54f9acbe56246328f9acbe5626632df",
        "client_info": {
            "elapsed_time": 49.47516894340515,
            "blocking": true
        }
    },
    "309f333a057342449f333a0573e244dc": {
        "message": "Hello World Openwhisk",
        "version": 1,
        "raw": "{'activationId': '309f333a057342449f333a0573e244dc', 'annotations': [{'key': 'limits', 'value': {'concurrency': 1, 'logs': 10, 'memory': 128, 'timeout': 60000}}, {'key': 'path', 'value': 'guest/helloworld'}, {'key': 'kind', 'value': 'blackbox'}, {'key': 'waitTime', 'value': 29329}], 'duration': 20040, 'end': 1651511000978, 'logs': [], 'name': 'helloworld', 'namespace': 'guest', 'publish': False, 'response': {'result': {'message': 'Hello World Openwhisk', 'version': 1}, 'status': 'success', 'success': True}, 'start': 1651510980938, 'subject': 'guest', 'version': '0.0.5'}",
        "activationId": "309f333a057342449f333a0573e244dc",
        "client_info": {
            "elapsed_time": 49.27315616607666,
            "blocking": true
        }
    },
    "24098d70b27440ce898d70b27450ce5a": {
        "message": "Hello World Openwhisk",
        "version": 1,
        "raw": "{'activationId': '24098d70b27440ce898d70b27450ce5a', 'annotations': [{'key': 'limits', 'value': {'concurrency': 1, 'logs': 10, 'memory': 128, 'timeout': 60000}}, {'key': 'path', 'value': 'guest/helloworld'}, {'key': 'kind', 'value': 'blackbox'}, {'key': 'waitTime', 'value': 29532}], 'duration': 20043, 'end': 1651511001238, 'logs': [], 'name': 'helloworld', 'namespace': 'guest', 'publish': False, 'response': {'result': {'message': 'Hello World Openwhisk', 'version': 1}, 'status': 'success', 'success': True}, 'start': 1651510981195, 'subject': 'guest', 'version': '0.0.5'}",
        "activationId": "24098d70b27440ce898d70b27450ce5a",
        "client_info": {
            "elapsed_time": 49.503584146499634,
            "blocking": true
        }
    },
    "client_info": {
        "start_time": "1651510951.654921",
        "end_time": "1651511001.1901991",
        "total_elapsed_time": "49.53527808189392"
    }
}