{
    "1": {
        "message": "Hello World Openwhisk",
        "version": 2,
        "raw": "{'activationId': '8b6f6807f1a04503af6807f1a0f50326', 'annotations': [{'key': 'limits', 'value': {'concurrency': 1, 'logs': 10, 'memory': 128, 'timeout': 60000}}, {'key': 'path', 'value': 'guest/helloworld'}, {'key': 'kind', 'value': 'blackbox'}, {'key': 'waitTime', 'value': 10853}], 'duration': 2037, 'end': 1652102254427, 'logs': [], 'name': 'helloworld', 'namespace': 'guest', 'publish': False, 'response': {'result': {'message': 'Hello World Openwhisk', 'version': 2}, 'status': 'success', 'success': True}, 'start': 1652102252390, 'subject': 'guest', 'version': '0.0.19'}",
        "activationId": "8b6f6807f1a04503af6807f1a0f50326",
        "client_info": {
            "elapsed_time": 14.055459976196289,
            "blocking": true
        }
    },
    "2": {
        "message": "Hello World Openwhisk",
        "version": 2,
        "raw": "{'activationId': '594863c79aff46bd8863c79affb6bda4', 'annotations': [{'key': 'path', 'value': 'guest/helloworld'}, {'key': 'waitTime', 'value': 8156}, {'key': 'kind', 'value': 'blackbox'}, {'key': 'limits', 'value': {'concurrency': 1, 'logs': 10, 'memory': 128, 'timeout': 60000}}, {'key': 'initTime', 'value': 570}], 'duration': 2645, 'end': 1652102252338, 'logs': [], 'name': 'helloworld', 'namespace': 'guest', 'publish': False, 'response': {'result': {'message': 'Hello World Openwhisk', 'version': 2}, 'status': 'success', 'success': True}, 'start': 1652102249693, 'subject': 'guest', 'version': '0.0.19'}",
        "activationId": "594863c79aff46bd8863c79affb6bda4",
        "client_info": {
            "elapsed_time": 14.4834623336792,
            "blocking": true
        }
    },
    "3": {
        "message": "Hello World Openwhisk",
        "version": 2,
        "raw": "{'activationId': 'ce062ffdc5034653862ffdc50396531b', 'annotations': [{'key': 'path', 'value': 'guest/helloworld'}, {'key': 'waitTime', 'value': 8154}, {'key': 'kind', 'value': 'blackbox'}, {'key': 'limits', 'value': {'concurrency': 1, 'logs': 10, 'memory': 128, 'timeout': 60000}}, {'key': 'initTime', 'value': 602}], 'duration': 2635, 'end': 1652102252322, 'logs': [], 'name': 'helloworld', 'namespace': 'guest', 'publish': False, 'response': {'result': {'message': 'Hello World Openwhisk', 'version': 2}, 'status': 'success', 'success': True}, 'start': 1652102249687, 'subject': 'guest', 'version': '0.0.19'}",
        "activationId": "ce062ffdc5034653862ffdc50396531b",
        "client_info": {
            "elapsed_time": 14.516167879104614,
            "blocking": true
        }
    },
    "4": {
        "message": "Hello World Openwhisk",
        "version": 2,
        "raw": "{'activationId': '197f5d04dc204f48bf5d04dc20ef488d', 'annotations': [{'key': 'path', 'value': 'guest/helloworld'}, {'key': 'waitTime', 'value': 8105}, {'key': 'kind', 'value': 'blackbox'}, {'key': 'limits', 'value': {'concurrency': 1, 'logs': 10, 'memory': 128, 'timeout': 60000}}, {'key': 'initTime', 'value': 458}], 'duration': 2477, 'end': 1652102252187, 'logs': [], 'name': 'helloworld', 'namespace': 'guest', 'publish': False, 'response': {'result': {'message': 'Hello World Openwhisk', 'version': 2}, 'status': 'success', 'success': True}, 'start': 1652102249710, 'subject': 'guest', 'version': '0.0.19'}",
        "activationId": "197f5d04dc204f48bf5d04dc20ef488d",
        "client_info": {
            "elapsed_time": 14.323230028152466,
            "blocking": true
        }
    },
    "5": {
        "message": "Hello World Openwhisk",
        "version": 2,
        "raw": "{'activationId': '5bf67b378d534aa8b67b378d53baa898', 'annotations': [{'key': 'limits', 'value': {'concurrency': 1, 'logs': 10, 'memory': 128, 'timeout': 60000}}, {'key': 'path', 'value': 'guest/helloworld'}, {'key': 'kind', 'value': 'blackbox'}, {'key': 'waitTime', 'value': 10820}], 'duration': 2021, 'end': 1652102254429, 'logs': [], 'name': 'helloworld', 'namespace': 'guest', 'publish': False, 'response': {'result': {'message': 'Hello World Openwhisk', 'version': 2}, 'status': 'success', 'success': True}, 'start': 1652102252408, 'subject': 'guest', 'version': '0.0.19'}",
        "activationId": "5bf67b378d534aa8b67b378d53baa898",
        "client_info": {
            "elapsed_time": 14.054802894592285,
            "blocking": true
        }
    },
    "6": {
        "message": "Hello World Openwhisk",
        "version": 2,
        "raw": "{'activationId': 'c7ce8178620642208e817862060220fb', 'annotations': [{'key': 'limits', 'value': {'concurrency': 1, 'logs': 10, 'memory': 128, 'timeout': 60000}}, {'key': 'path', 'value': 'guest/helloworld'}, {'key': 'kind', 'value': 'blackbox'}, {'key': 'waitTime', 'value': 10665}], 'duration': 2014, 'end': 1652102254216, 'logs': [], 'name': 'helloworld', 'namespace': 'guest', 'publish': False, 'response': {'result': {'message': 'Hello World Openwhisk', 'version': 2}, 'status': 'success', 'success': True}, 'start': 1652102252202, 'subject': 'guest', 'version': '0.0.19'}",
        "activationId": "c7ce8178620642208e817862060220fb",
        "client_info": {
            "elapsed_time": 14.643651962280273,
            "blocking": true
        }
    },
    "7": {
        "message": "Hello World Openwhisk",
        "version": 2,
        "raw": "{'activationId': '5eed5667a624423dad5667a624a23de7', 'annotations': [{'key': 'limits', 'value': {'concurrency': 1, 'logs': 10, 'memory': 128, 'timeout': 60000}}, {'key': 'path', 'value': 'guest/helloworld'}, {'key': 'kind', 'value': 'blackbox'}, {'key': 'waitTime', 'value': 10654}], 'duration': 2028, 'end': 1652102254268, 'logs': [], 'name': 'helloworld', 'namespace': 'guest', 'publish': False, 'response': {'result': {'message': 'Hello World Openwhisk', 'version': 2}, 'status': 'success', 'success': True}, 'start': 1652102252240, 'subject': 'guest', 'version': '0.0.19'}",
        "activationId": "5eed5667a624423dad5667a624a23de7",
        "client_info": {
            "elapsed_time": 14.706151962280273,
            "blocking": true
        }
    },
    "8": {
        "message": "Hello World Openwhisk",
        "version": 2,
        "raw": "{'activationId': '92c16329263f4e68816329263f0e6865', 'annotations': [{'key': 'path', 'value': 'guest/helloworld'}, {'key': 'waitTime', 'value': 7286}, {'key': 'kind', 'value': 'blackbox'}, {'key': 'limits', 'value': {'concurrency': 1, 'logs': 10, 'memory': 128, 'timeout': 60000}}, {'key': 'initTime', 'value': 1369}], 'duration': 3379, 'end': 1652102252226, 'logs': [], 'name': 'helloworld', 'namespace': 'guest', 'publish': False, 'response': {'result': {'message': 'Hello World Openwhisk', 'version': 2}, 'status': 'success', 'success': True}, 'start': 1652102248847, 'subject': 'guest', 'version': '0.0.19'}",
        "activationId": "92c16329263f4e68816329263f0e6865",
        "client_info": {
            "elapsed_time": 14.354960918426514,
            "blocking": true
        }
    },
    "9": {
        "message": "Hello World Openwhisk",
        "version": 2,
        "raw": "{'activationId': '830eaadd4e4e44ae8eaadd4e4ea4ae52', 'annotations': [{'key': 'path', 'value': 'guest/helloworld'}, {'key': 'waitTime', 'value': 7090}, {'key': 'kind', 'value': 'blackbox'}, {'key': 'limits', 'value': {'concurrency': 1, 'logs': 10, 'memory': 128, 'timeout': 60000}}, {'key': 'initTime', 'value': 1055}], 'duration': 3080, 'end': 1652102251717, 'logs': [], 'name': 'helloworld', 'namespace': 'guest', 'publish': False, 'response': {'result': {'message': 'Hello World Openwhisk', 'version': 2}, 'status': 'success', 'success': True}, 'start': 1652102248637, 'subject': 'guest', 'version': '0.0.19'}",
        "activationId": "830eaadd4e4e44ae8eaadd4e4ea4ae52",
        "client_info": {
            "elapsed_time": 16.17656421661377,
            "blocking": true
        }
    },
    "10": {
        "message": "Hello World Openwhisk",
        "version": 2,
        "raw": "{'activationId': 'ab3e325a932a4047be325a932ab047e1', 'annotations': [{'key': 'limits', 'value': {'concurrency': 1, 'logs': 10, 'memory': 128, 'timeout': 60000}}, {'key': 'path', 'value': 'guest/helloworld'}, {'key': 'kind', 'value': 'blackbox'}, {'key': 'waitTime', 'value': 10687}], 'duration': 2014, 'end': 1652102254266, 'logs': [], 'name': 'helloworld', 'namespace': 'guest', 'publish': False, 'response': {'result': {'message': 'Hello World Openwhisk', 'version': 2}, 'status': 'success', 'success': True}, 'start': 1652102252252, 'subject': 'guest', 'version': '0.0.19'}",
        "activationId": "ab3e325a932a4047be325a932ab047e1",
        "client_info": {
            "elapsed_time": 14.701186895370483,
            "blocking": true
        }
    },
    "11": {
        "message": "Hello World Openwhisk",
        "version": 2,
        "raw": "{'activationId': 'fe90068f57e442ff90068f57e4b2ff8c', 'annotations': [{'key': 'path', 'value': 'guest/helloworld'}, {'key': 'waitTime', 'value': 8112}, {'key': 'kind', 'value': 'blackbox'}, {'key': 'limits', 'value': {'concurrency': 1, 'logs': 10, 'memory': 128, 'timeout': 60000}}, {'key': 'initTime', 'value': 569}], 'duration': 2589, 'end': 1652102252277, 'logs': [], 'name': 'helloworld', 'namespace': 'guest', 'publish': False, 'response': {'result': {'message': 'Hello World Openwhisk', 'version': 2}, 'status': 'success', 'success': True}, 'start': 1652102249688, 'subject': 'guest', 'version': '0.0.19'}",
        "activationId": "fe90068f57e442ff90068f57e4b2ff8c",
        "client_info": {
            "elapsed_time": 14.437324047088623,
            "blocking": true
        }
    },
    "12": {
        "message": "Hello World Openwhisk",
        "version": 2,
        "raw": "{'activationId': '2b7c35f49a1748fcbc35f49a17e8fc45', 'annotations': [{'key': 'path', 'value': 'guest/helloworld'}, {'key': 'waitTime', 'value': 8079}, {'key': 'kind', 'value': 'blackbox'}, {'key': 'limits', 'value': {'concurrency': 1, 'logs': 10, 'memory': 128, 'timeout': 60000}}, {'key': 'initTime', 'value': 532}], 'duration': 2555, 'end': 1652102252240, 'logs': [], 'name': 'helloworld', 'namespace': 'guest', 'publish': False, 'response': {'result': {'message': 'Hello World Openwhisk', 'version': 2}, 'status': 'success', 'success': True}, 'start': 1652102249685, 'subject': 'guest', 'version': '0.0.19'}",
        "activationId": "2b7c35f49a1748fcbc35f49a17e8fc45",
        "client_info": {
            "elapsed_time": 14.335345029830933,
            "blocking": true
        }
    },
    "13": {
        "message": "Hello World Openwhisk",
        "version": 2,
        "raw": "{'activationId': '21766d8df23e4319b66d8df23e8319ec', 'annotations': [{'key': 'limits', 'value': {'concurrency': 1, 'logs': 10, 'memory': 128, 'timeout': 60000}}, {'key': 'path', 'value': 'guest/helloworld'}, {'key': 'kind', 'value': 'blackbox'}, {'key': 'waitTime', 'value': 10761}], 'duration': 2011, 'end': 1652102254384, 'logs': [], 'name': 'helloworld', 'namespace': 'guest', 'publish': False, 'response': {'result': {'message': 'Hello World Openwhisk', 'version': 2}, 'status': 'success', 'success': True}, 'start': 1652102252373, 'subject': 'guest', 'version': '0.0.19'}",
        "activationId": "21766d8df23e4319b66d8df23e8319ec",
        "client_info": {
            "elapsed_time": 14.031339883804321,
            "blocking": true
        }
    },
    "14": {
        "message": "Hello World Openwhisk",
        "version": 2,
        "raw": "{'activationId': 'da619ceb83474629a19ceb834736299c', 'annotations': [{'key': 'path', 'value': 'guest/helloworld'}, {'key': 'waitTime', 'value': 8077}, {'key': 'kind', 'value': 'blackbox'}, {'key': 'limits', 'value': {'concurrency': 1, 'logs': 10, 'memory': 128, 'timeout': 60000}}, {'key': 'initTime', 'value': 562}], 'duration': 2587, 'end': 1652102252270, 'logs': [], 'name': 'helloworld', 'namespace': 'guest', 'publish': False, 'response': {'result': {'message': 'Hello World Openwhisk', 'version': 2}, 'status': 'success', 'success': True}, 'start': 1652102249683, 'subject': 'guest', 'version': '0.0.19'}",
        "activationId": "da619ceb83474629a19ceb834736299c",
        "client_info": {
            "elapsed_time": 14.423913955688477,
            "blocking": true
        }
    },
    "15": {
        "message": "Hello World Openwhisk",
        "version": 2,
        "raw": "{'activationId': '6012815377ce48eb92815377ce38ebdd', 'annotations': [{'key': 'limits', 'value': {'concurrency': 1, 'logs': 10, 'memory': 128, 'timeout': 60000}}, {'key': 'path', 'value': 'guest/helloworld'}, {'key': 'kind', 'value': 'blackbox'}, {'key': 'waitTime', 'value': 10764}], 'duration': 2014, 'end': 1652102254396, 'logs': [], 'name': 'helloworld', 'namespace': 'guest', 'publish': False, 'response': {'result': {'message': 'Hello World Openwhisk', 'version': 2}, 'status': 'success', 'success': True}, 'start': 1652102252382, 'subject': 'guest', 'version': '0.0.19'}",
        "activationId": "6012815377ce48eb92815377ce38ebdd",
        "client_info": {
            "elapsed_time": 14.025238037109375,
            "blocking": true
        }
    },
    "16": {
        "message": "Hello World Openwhisk",
        "version": 2,
        "raw": "{'activationId': '35792ade59964111b92ade599651119b', 'annotations': [{'key': 'limits', 'value': {'concurrency': 1, 'logs': 10, 'memory': 128, 'timeout': 60000}}, {'key': 'path', 'value': 'guest/helloworld'}, {'key': 'kind', 'value': 'blackbox'}, {'key': 'waitTime', 'value': 10120}], 'duration': 2015, 'end': 1652102253747, 'logs': [], 'name': 'helloworld', 'namespace': 'guest', 'publish': False, 'response': {'result': {'message': 'Hello World Openwhisk', 'version': 2}, 'status': 'success', 'success': True}, 'start': 1652102251732, 'subject': 'guest', 'version': '0.0.19'}",
        "activationId": "35792ade59964111b92ade599651119b",
        "client_info": {
            "elapsed_time": 14.167325973510742,
            "blocking": true
        }
    },
    "client_info": {
        "start_time": "1652102241.215153",
        "end_time": "1652102257.3955011",
        "total_elapsed_time": "16.18034815788269"
    }
}