{
    "947d22bc-caa1-11ec-a710-e45f01827912": {
        "activationId": "947d22bc-caa1-11ec-a710-e45f01827912",
        "message": "Hello World from Nanos",
        "version": "1",
        "client_info": {
            "elapsed_time": 25.251556158065796,
            "blocking": true
        }
    },
    "94866192-caa1-11ec-b489-e45f01827912": {
        "activationId": "94866192-caa1-11ec-b489-e45f01827912",
        "message": "Hello World from Nanos",
        "version": "1",
        "client_info": {
            "elapsed_time": 25.00037693977356,
            "blocking": true
        }
    },
    "9481437e-caa1-11ec-95eb-e45f01827912": {
        "activationId": "9481437e-caa1-11ec-95eb-e45f01827912",
        "message": "Hello World from Nanos",
        "version": "1",
        "client_info": {
            "elapsed_time": 23.060545921325684,
            "blocking": true
        }
    },
    "94771c28-caa1-11ec-872a-e45f01827912": {
        "activationId": "94771c28-caa1-11ec-872a-e45f01827912",
        "message": "Hello World from Nanos",
        "version": "1",
        "client_info": {
            "elapsed_time": 25.080167293548584,
            "blocking": true
        }
    },
    "94723bea-caa1-11ec-b060-e45f01827912": {
        "activationId": "94723bea-caa1-11ec-b060-e45f01827912",
        "message": "Hello World from Nanos",
        "version": "1",
        "client_info": {
            "elapsed_time": 24.928061962127686,
            "blocking": true
        }
    },
    "9477f206-caa1-11ec-881e-e45f01827912": {
        "activationId": "9477f206-caa1-11ec-881e-e45f01827912",
        "message": "Hello World from Nanos",
        "version": "1",
        "client_info": {
            "elapsed_time": 24.728871822357178,
            "blocking": true
        }
    },
    "9476b616-caa1-11ec-a177-e45f01827912": {
        "activationId": "9476b616-caa1-11ec-a177-e45f01827912",
        "message": "Hello World from Nanos",
        "version": "1",
        "client_info": {
            "elapsed_time": 25.205892086029053,
            "blocking": true
        }
    },
    "947aa6e0-caa1-11ec-91ef-e45f01827912": {
        "activationId": "947aa6e0-caa1-11ec-91ef-e45f01827912",
        "message": "Hello World from Nanos",
        "version": "1",
        "client_info": {
            "elapsed_time": 25.466957092285156,
            "blocking": true
        }
    },
    "94789b16-caa1-11ec-bd6f-e45f01827912": {
        "activationId": "94789b16-caa1-11ec-bd6f-e45f01827912",
        "message": "Hello World from Nanos",
        "version": "1",
        "client_info": {
            "elapsed_time": 24.68090796470642,
            "blocking": true
        }
    },
    "9472de1a-caa1-11ec-b3f2-e45f01827912": {
        "activationId": "9472de1a-caa1-11ec-b3f2-e45f01827912",
        "message": "Hello World from Nanos",
        "version": "1",
        "client_info": {
            "elapsed_time": 23.073453903198242,
            "blocking": true
        }
    },
    "94874e2c-caa1-11ec-8348-e45f01827912": {
        "activationId": "94874e2c-caa1-11ec-8348-e45f01827912",
        "message": "Hello World from Nanos",
        "version": "1",
        "client_info": {
            "elapsed_time": 22.89835810661316,
            "blocking": true
        }
    },
    "client_info": {
        "start_time": "1651555586.592733",
        "end_time": "1651555612.06113",
        "total_elapsed_time": "25.46839714050293"
    }
}