{
    "1": {
        "message": "Hello World Openwhisk",
        "version": 1,
        "raw": "{'activationId': '56b55e5066384291b55e506638029161', 'annotations': [{'key': 'path', 'value': 'guest/helloworld'}, {'key': 'waitTime', 'value': 19443}, {'key': 'kind', 'value': 'blackbox'}, {'key': 'limits', 'value': {'concurrency': 1, 'logs': 10, 'memory': 128, 'timeout': 60000}}, {'key': 'initTime', 'value': 304}], 'duration': 20341, 'end': 1652087943488, 'logs': [], 'name': 'helloworld', 'namespace': 'guest', 'publish': False, 'response': {'result': {'message': 'Hello World Openwhisk', 'version': 1}, 'status': 'success', 'success': True}, 'start': 1652087923147, 'subject': 'guest', 'version': '0.0.17'}",
        "activationId": "56b55e5066384291b55e506638029161",
        "client_info": {
            "elapsed_time": 67.35434699058533,
            "blocking": true
        }
    },
    "2": {
        "message": "Hello World Openwhisk",
        "version": 1,
        "raw": "{'activationId': '38b82a3da1564ef4b82a3da156cef4d2', 'annotations': [{'key': 'path', 'value': 'guest/helloworld'}, {'key': 'waitTime', 'value': 19288}, {'key': 'kind', 'value': 'blackbox'}, {'key': 'limits', 'value': {'concurrency': 1, 'logs': 10, 'memory': 128, 'timeout': 60000}}, {'key': 'initTime', 'value': 387}], 'duration': 20449, 'end': 1652087943463, 'logs': [], 'name': 'helloworld', 'namespace': 'guest', 'publish': False, 'response': {'result': {'message': 'Hello World Openwhisk', 'version': 1}, 'status': 'success', 'success': True}, 'start': 1652087923014, 'subject': 'guest', 'version': '0.0.17'}",
        "activationId": "38b82a3da1564ef4b82a3da156cef4d2",
        "client_info": {
            "elapsed_time": 39.92202591896057,
            "blocking": true
        }
    },
    "3": {
        "message": "Hello World Openwhisk",
        "version": 1,
        "raw": "{'activationId': '96fc09d98ca9428abc09d98ca9b28a47', 'annotations': [{'key': 'path', 'value': 'guest/helloworld'}, {'key': 'waitTime', 'value': 18974}, {'key': 'kind', 'value': 'blackbox'}, {'key': 'limits', 'value': {'concurrency': 1, 'logs': 10, 'memory': 128, 'timeout': 60000}}, {'key': 'initTime', 'value': 516}], 'duration': 20565, 'end': 1652087943273, 'logs': [], 'name': 'helloworld', 'namespace': 'guest', 'publish': False, 'response': {'result': {'message': 'Hello World Openwhisk', 'version': 1}, 'status': 'success', 'success': True}, 'start': 1652087922708, 'subject': 'guest', 'version': '0.0.17'}",
        "activationId": "96fc09d98ca9428abc09d98ca9b28a47",
        "client_info": {
            "elapsed_time": 39.72156095504761,
            "blocking": true
        }
    },
    "4": {
        "message": "Hello World Openwhisk",
        "version": 1,
        "raw": "{'activationId': '8dd05bbdb9734b83905bbdb9739b83b1', 'annotations': [{'key': 'path', 'value': 'guest/helloworld'}, {'key': 'waitTime', 'value': 19137}, {'key': 'kind', 'value': 'blackbox'}, {'key': 'limits', 'value': {'concurrency': 1, 'logs': 10, 'memory': 128, 'timeout': 60000}}, {'key': 'initTime', 'value': 410}], 'duration': 20474, 'end': 1652087943392, 'logs': [], 'name': 'helloworld', 'namespace': 'guest', 'publish': False, 'response': {'result': {'message': 'Hello World Openwhisk', 'version': 1}, 'status': 'success', 'success': True}, 'start': 1652087922918, 'subject': 'guest', 'version': '0.0.17'}",
        "activationId": "8dd05bbdb9734b83905bbdb9739b83b1",
        "client_info": {
            "elapsed_time": 39.83920407295227,
            "blocking": true
        }
    },
    "5": {
        "message": "Hello World Openwhisk",
        "version": 1,
        "raw": "{'activationId': '42aa4f7ee34b4175aa4f7ee34b71753d', 'annotations': [{'key': 'path', 'value': 'guest/helloworld'}, {'key': 'waitTime', 'value': 19457}, {'key': 'kind', 'value': 'blackbox'}, {'key': 'limits', 'value': {'concurrency': 1, 'logs': 10, 'memory': 128, 'timeout': 60000}}, {'key': 'initTime', 'value': 266}], 'duration': 20309, 'end': 1652087943527, 'logs': [], 'name': 'helloworld', 'namespace': 'guest', 'publish': False, 'response': {'result': {'message': 'Hello World Openwhisk', 'version': 1}, 'status': 'success', 'success': True}, 'start': 1652087923218, 'subject': 'guest', 'version': '0.0.17'}",
        "activationId": "42aa4f7ee34b4175aa4f7ee34b71753d",
        "client_info": {
            "elapsed_time": 40.479024171829224,
            "blocking": true
        }
    },
    "6": {
        "message": "Hello World Openwhisk",
        "version": 1,
        "raw": "{'activationId': '80216c48614e42c8a16c48614e12c834', 'annotations': [{'key': 'path', 'value': 'guest/helloworld'}, {'key': 'waitTime', 'value': 18778}, {'key': 'kind', 'value': 'blackbox'}, {'key': 'limits', 'value': {'concurrency': 1, 'logs': 10, 'memory': 128, 'timeout': 60000}}, {'key': 'initTime', 'value': 743}], 'duration': 20773, 'end': 1652087943297, 'logs': [], 'name': 'helloworld', 'namespace': 'guest', 'publish': False, 'response': {'result': {'message': 'Hello World Openwhisk', 'version': 1}, 'status': 'success', 'success': True}, 'start': 1652087922524, 'subject': 'guest', 'version': '0.0.17'}",
        "activationId": "80216c48614e42c8a16c48614e12c834",
        "client_info": {
            "elapsed_time": 39.7395761013031,
            "blocking": true
        }
    },
    "7": {
        "message": "Hello World Openwhisk",
        "version": 1,
        "raw": "{'activationId': 'bcd87d4a8e134702987d4a8e1307029f', 'annotations': [{'key': 'path', 'value': 'guest/helloworld'}, {'key': 'waitTime', 'value': 18220}, {'key': 'kind', 'value': 'blackbox'}, {'key': 'limits', 'value': {'concurrency': 1, 'logs': 10, 'memory': 128, 'timeout': 60000}}, {'key': 'initTime', 'value': 525}], 'duration': 20571, 'end': 1652087942518, 'logs': [], 'name': 'helloworld', 'namespace': 'guest', 'publish': False, 'response': {'result': {'message': 'Hello World Openwhisk', 'version': 1}, 'status': 'success', 'success': True}, 'start': 1652087921947, 'subject': 'guest', 'version': '0.0.17'}",
        "activationId": "bcd87d4a8e134702987d4a8e1307029f",
        "client_info": {
            "elapsed_time": 38.973185777664185,
            "blocking": true
        }
    },
    "8": {
        "message": "Hello World Openwhisk",
        "version": 1,
        "raw": "{'activationId': '02db7d3d9c0445a89b7d3d9c04d5a8bd', 'annotations': [{'key': 'path', 'value': 'guest/helloworld'}, {'key': 'waitTime', 'value': 19152}, {'key': 'kind', 'value': 'blackbox'}, {'key': 'limits', 'value': {'concurrency': 1, 'logs': 10, 'memory': 128, 'timeout': 60000}}, {'key': 'initTime', 'value': 532}], 'duration': 20566, 'end': 1652087943462, 'logs': [], 'name': 'helloworld', 'namespace': 'guest', 'publish': False, 'response': {'result': {'message': 'Hello World Openwhisk', 'version': 1}, 'status': 'success', 'success': True}, 'start': 1652087922896, 'subject': 'guest', 'version': '0.0.17'}",
        "activationId": "02db7d3d9c0445a89b7d3d9c04d5a8bd",
        "client_info": {
            "elapsed_time": 46.929198265075684,
            "blocking": true
        }
    },
    "client_info": {
        "start_time": "1652087903.38733",
        "end_time": "1652087970.742668",
        "total_elapsed_time": "67.35533785820007"
    }
}