{
    "ff52094a-caa1-11ec-92f8-e45f01827912": {
        "activationId": "ff52094a-caa1-11ec-92f8-e45f01827912",
        "message": "Hello World from Nanos",
        "version": "1",
        "client_info": {
            "elapsed_time": 26.572362184524536,
            "blocking": true
        }
    },
    "ff491d9e-caa1-11ec-8684-e45f01827912": {
        "activationId": "ff491d9e-caa1-11ec-8684-e45f01827912",
        "message": "Hello World from Nanos",
        "version": "1",
        "client_info": {
            "elapsed_time": 26.64539384841919,
            "blocking": true
        }
    },
    "ff4e638a-caa1-11ec-a15b-e45f01827912": {
        "activationId": "ff4e638a-caa1-11ec-a15b-e45f01827912",
        "message": "Hello World from Nanos",
        "version": "1",
        "client_info": {
            "elapsed_time": 25.43095302581787,
            "blocking": true
        }
    },
    "ff46dbec-caa1-11ec-9a21-e45f01827912": {
        "activationId": "ff46dbec-caa1-11ec-9a21-e45f01827912",
        "message": "Hello World from Nanos",
        "version": "1",
        "client_info": {
            "elapsed_time": 23.992452144622803,
            "blocking": true
        }
    },
    "ff3bd4ea-caa1-11ec-b89a-e45f01827912": {
        "activationId": "ff3bd4ea-caa1-11ec-b89a-e45f01827912",
        "message": "Hello World from Nanos",
        "version": "1",
        "client_info": {
            "elapsed_time": 26.428234100341797,
            "blocking": true
        }
    },
    "ff4f2086-caa1-11ec-a2f6-e45f01827912": {
        "activationId": "ff4f2086-caa1-11ec-a2f6-e45f01827912",
        "message": "Hello World from Nanos",
        "version": "1",
        "client_info": {
            "elapsed_time": 23.41944694519043,
            "blocking": true
        }
    },
    "ff4ac0fe-caa1-11ec-94a1-e45f01827912": {
        "activationId": "ff4ac0fe-caa1-11ec-94a1-e45f01827912",
        "message": "Hello World from Nanos",
        "version": "1",
        "client_info": {
            "elapsed_time": 26.616698026657104,
            "blocking": true
        }
    },
    "ff3e49e6-caa1-11ec-9620-e45f01827912": {
        "activationId": "ff3e49e6-caa1-11ec-9620-e45f01827912",
        "message": "Hello World from Nanos",
        "version": "1",
        "client_info": {
            "elapsed_time": 26.4665949344635,
            "blocking": true
        }
    },
    "ff433e38-caa1-11ec-a6e4-e45f01827912": {
        "activationId": "ff433e38-caa1-11ec-a6e4-e45f01827912",
        "message": "Hello World from Nanos",
        "version": "1",
        "client_info": {
            "elapsed_time": 26.513190269470215,
            "blocking": true
        }
    },
    "ff4b7d0a-caa1-11ec-ab1e-e45f01827912": {
        "activationId": "ff4b7d0a-caa1-11ec-ab1e-e45f01827912",
        "message": "Hello World from Nanos",
        "version": "1",
        "client_info": {
            "elapsed_time": 23.41939687728882,
            "blocking": true
        }
    },
    "ff4b2026-caa1-11ec-85c6-e45f01827912": {
        "activationId": "ff4b2026-caa1-11ec-85c6-e45f01827912",
        "message": "Hello World from Nanos",
        "version": "1",
        "client_info": {
            "elapsed_time": 24.782212018966675,
            "blocking": true
        }
    },
    "ff3aff48-caa1-11ec-8f5c-e45f01827912": {
        "activationId": "ff3aff48-caa1-11ec-8f5c-e45f01827912",
        "message": "Hello World from Nanos",
        "version": "1",
        "client_info": {
            "elapsed_time": 26.116945266723633,
            "blocking": true
        }
    },
    "ff53b844-caa1-11ec-9be3-e45f01827912": {
        "activationId": "ff53b844-caa1-11ec-9be3-e45f01827912",
        "message": "Hello World from Nanos",
        "version": "1",
        "client_info": {
            "elapsed_time": 25.421671867370605,
            "blocking": true
        }
    },
    "ff5d6baa-caa1-11ec-9ae3-e45f01827912": {
        "activationId": "ff5d6baa-caa1-11ec-9ae3-e45f01827912",
        "message": "Hello World from Nanos",
        "version": "1",
        "client_info": {
            "elapsed_time": 25.726117849349976,
            "blocking": true
        }
    },
    "ff6103f0-caa1-11ec-b9bb-e45f01827912": {
        "activationId": "ff6103f0-caa1-11ec-b9bb-e45f01827912",
        "message": "Hello World from Nanos",
        "version": "1",
        "client_info": {
            "elapsed_time": 25.44889807701111,
            "blocking": true
        }
    },
    "ff54a830-caa1-11ec-88f5-e45f01827912": {
        "activationId": "ff54a830-caa1-11ec-88f5-e45f01827912",
        "message": "Hello World from Nanos",
        "version": "1",
        "client_info": {
            "elapsed_time": 26.082249879837036,
            "blocking": true
        }
    },
    "client_info": {
        "start_time": "1651555765.737313",
        "end_time": "1651555792.383311",
        "total_elapsed_time": "26.645998001098633"
    }
}