{
    "1": {
        "message": "Hello World Openwhisk",
        "version": 2,
        "raw": "{'activationId': 'cfc5b12c77c849d185b12c77c8b9d1c4', 'annotations': [{'key': 'path', 'value': 'guest/helloworld'}, {'key': 'waitTime', 'value': 6164}, {'key': 'kind', 'value': 'blackbox'}, {'key': 'limits', 'value': {'concurrency': 1, 'logs': 10, 'memory': 128, 'timeout': 60000}}, {'key': 'initTime', 'value': 456}], 'duration': 2467, 'end': 1652102266460, 'logs': [], 'name': 'helloworld', 'namespace': 'guest', 'publish': False, 'response': {'result': {'message': 'Hello World Openwhisk', 'version': 2}, 'status': 'success', 'success': True}, 'start': 1652102263993, 'subject': 'guest', 'version': '0.0.19'}",
        "activationId": "cfc5b12c77c849d185b12c77c8b9d1c4",
        "client_info": {
            "elapsed_time": 8.907883167266846,
            "blocking": true
        }
    },
    "2": {
        "message": "Hello World Openwhisk",
        "version": 2,
        "raw": "{'activationId': '5923057d6b954aaba3057d6b957aaba3', 'annotations': [{'key': 'path', 'value': 'guest/helloworld'}, {'key': 'waitTime', 'value': 6899}, {'key': 'kind', 'value': 'blackbox'}, {'key': 'limits', 'value': {'concurrency': 1, 'logs': 10, 'memory': 128, 'timeout': 60000}}, {'key': 'initTime', 'value': 476}], 'duration': 2495, 'end': 1652102267216, 'logs': [], 'name': 'helloworld', 'namespace': 'guest', 'publish': False, 'response': {'result': {'message': 'Hello World Openwhisk', 'version': 2}, 'status': 'success', 'success': True}, 'start': 1652102264721, 'subject': 'guest', 'version': '0.0.19'}",
        "activationId": "5923057d6b954aaba3057d6b957aaba3",
        "client_info": {
            "elapsed_time": 9.660869836807251,
            "blocking": true
        }
    },
    "3": {
        "message": "Hello World Openwhisk",
        "version": 2,
        "raw": "{'activationId': 'e800a56a4f594b3c80a56a4f59cb3c2f', 'annotations': [{'key': 'path', 'value': 'guest/helloworld'}, {'key': 'waitTime', 'value': 7192}, {'key': 'kind', 'value': 'blackbox'}, {'key': 'limits', 'value': {'concurrency': 1, 'logs': 10, 'memory': 128, 'timeout': 60000}}, {'key': 'initTime', 'value': 417}], 'duration': 2426, 'end': 1652102267403, 'logs': [], 'name': 'helloworld', 'namespace': 'guest', 'publish': False, 'response': {'result': {'message': 'Hello World Openwhisk', 'version': 2}, 'status': 'success', 'success': True}, 'start': 1652102264977, 'subject': 'guest', 'version': '0.0.19'}",
        "activationId": "e800a56a4f594b3c80a56a4f59cb3c2f",
        "client_info": {
            "elapsed_time": 9.844310760498047,
            "blocking": true
        }
    },
    "4": {
        "message": "Hello World Openwhisk",
        "version": 2,
        "raw": "{'activationId': '599109afbbf545429109afbbf5a542ff', 'annotations': [{'key': 'path', 'value': 'guest/helloworld'}, {'key': 'waitTime', 'value': 6961}, {'key': 'kind', 'value': 'blackbox'}, {'key': 'limits', 'value': {'concurrency': 1, 'logs': 10, 'memory': 128, 'timeout': 60000}}, {'key': 'initTime', 'value': 363}], 'duration': 2376, 'end': 1652102267190, 'logs': [], 'name': 'helloworld', 'namespace': 'guest', 'publish': False, 'response': {'result': {'message': 'Hello World Openwhisk', 'version': 2}, 'status': 'success', 'success': True}, 'start': 1652102264814, 'subject': 'guest', 'version': '0.0.19'}",
        "activationId": "599109afbbf545429109afbbf5a542ff",
        "client_info": {
            "elapsed_time": 9.636835813522339,
            "blocking": true
        }
    },
    "5": {
        "message": "Hello World Openwhisk",
        "version": 2,
        "raw": "{'activationId': '8858d5adca854eaf98d5adca858eafa5', 'annotations': [{'key': 'path', 'value': 'guest/helloworld'}, {'key': 'waitTime', 'value': 7157}, {'key': 'kind', 'value': 'blackbox'}, {'key': 'limits', 'value': {'concurrency': 1, 'logs': 10, 'memory': 128, 'timeout': 60000}}, {'key': 'initTime', 'value': 407}], 'duration': 2416, 'end': 1652102267366, 'logs': [], 'name': 'helloworld', 'namespace': 'guest', 'publish': False, 'response': {'result': {'message': 'Hello World Openwhisk', 'version': 2}, 'status': 'success', 'success': True}, 'start': 1652102264950, 'subject': 'guest', 'version': '0.0.19'}",
        "activationId": "8858d5adca854eaf98d5adca858eafa5",
        "client_info": {
            "elapsed_time": 9.803793907165527,
            "blocking": true
        }
    },
    "6": {
        "message": "Hello World Openwhisk",
        "version": 2,
        "raw": "{'activationId': '86516d911e1c4faf916d911e1c9faffa', 'annotations': [{'key': 'path', 'value': 'guest/helloworld'}, {'key': 'waitTime', 'value': 6396}, {'key': 'kind', 'value': 'blackbox'}, {'key': 'limits', 'value': {'concurrency': 1, 'logs': 10, 'memory': 128, 'timeout': 60000}}, {'key': 'initTime', 'value': 541}], 'duration': 2598, 'end': 1652102266834, 'logs': [], 'name': 'helloworld', 'namespace': 'guest', 'publish': False, 'response': {'result': {'message': 'Hello World Openwhisk', 'version': 2}, 'status': 'success', 'success': True}, 'start': 1652102264236, 'subject': 'guest', 'version': '0.0.19'}",
        "activationId": "86516d911e1c4faf916d911e1c9faffa",
        "client_info": {
            "elapsed_time": 9.35887098312378,
            "blocking": true
        }
    },
    "7": {
        "message": "Hello World Openwhisk",
        "version": 2,
        "raw": "{'activationId': '14117a5d6cc74da4917a5d6cc70da443', 'annotations': [{'key': 'limits', 'value': {'concurrency': 1, 'logs': 10, 'memory': 128, 'timeout': 60000}}, {'key': 'path', 'value': 'guest/helloworld'}, {'key': 'kind', 'value': 'blackbox'}, {'key': 'waitTime', 'value': 8616}], 'duration': 2028, 'end': 1652102268504, 'logs': [], 'name': 'helloworld', 'namespace': 'guest', 'publish': False, 'response': {'result': {'message': 'Hello World Openwhisk', 'version': 2}, 'status': 'success', 'success': True}, 'start': 1652102266476, 'subject': 'guest', 'version': '0.0.19'}",
        "activationId": "14117a5d6cc74da4917a5d6cc70da443",
        "client_info": {
            "elapsed_time": 10.941072225570679,
            "blocking": true
        }
    },
    "8": {
        "message": "Hello World Openwhisk",
        "version": 2,
        "raw": "{'activationId': '8be39c3edc104e84a39c3edc107e8480', 'annotations': [{'key': 'path', 'value': 'guest/helloworld'}, {'key': 'waitTime', 'value': 6086}, {'key': 'kind', 'value': 'blackbox'}, {'key': 'limits', 'value': {'concurrency': 1, 'logs': 10, 'memory': 128, 'timeout': 60000}}, {'key': 'initTime', 'value': 671}], 'duration': 2686, 'end': 1652102266577, 'logs': [], 'name': 'helloworld', 'namespace': 'guest', 'publish': False, 'response': {'result': {'message': 'Hello World Openwhisk', 'version': 2}, 'status': 'success', 'success': True}, 'start': 1652102263891, 'subject': 'guest', 'version': '0.0.19'}",
        "activationId": "8be39c3edc104e84a39c3edc107e8480",
        "client_info": {
            "elapsed_time": 9.013829231262207,
            "blocking": true
        }
    },
    "9": {
        "message": "Hello World Openwhisk",
        "version": 2,
        "raw": "{'activationId': '36e55dadf6664f18a55dadf666af189f', 'annotations': [{'key': 'limits', 'value': {'concurrency': 1, 'logs': 10, 'memory': 128, 'timeout': 60000}}, {'key': 'path', 'value': 'guest/helloworld'}, {'key': 'kind', 'value': 'blackbox'}, {'key': 'waitTime', 'value': 9537}], 'duration': 2018, 'end': 1652102269429, 'logs': [], 'name': 'helloworld', 'namespace': 'guest', 'publish': False, 'response': {'result': {'message': 'Hello World Openwhisk', 'version': 2}, 'status': 'success', 'success': True}, 'start': 1652102267411, 'subject': 'guest', 'version': '0.0.19'}",
        "activationId": "36e55dadf6664f18a55dadf666af189f",
        "client_info": {
            "elapsed_time": 11.859910011291504,
            "blocking": true
        }
    },
    "10": {
        "message": "Hello World Openwhisk",
        "version": 2,
        "raw": "{'activationId': 'bdb40bc46a7b423ab40bc46a7bb23a62', 'annotations': [{'key': 'limits', 'value': {'concurrency': 1, 'logs': 10, 'memory': 128, 'timeout': 60000}}, {'key': 'path', 'value': 'guest/helloworld'}, {'key': 'kind', 'value': 'blackbox'}, {'key': 'waitTime', 'value': 9298}], 'duration': 2016, 'end': 1652102269278, 'logs': [], 'name': 'helloworld', 'namespace': 'guest', 'publish': False, 'response': {'result': {'message': 'Hello World Openwhisk', 'version': 2}, 'status': 'success', 'success': True}, 'start': 1652102267262, 'subject': 'guest', 'version': '0.0.19'}",
        "activationId": "bdb40bc46a7b423ab40bc46a7bb23a62",
        "client_info": {
            "elapsed_time": 11.711276769638062,
            "blocking": true
        }
    },
    "11": {
        "message": "Hello World Openwhisk",
        "version": 2,
        "raw": "{'activationId': 'f3927cdebe6c4dff927cdebe6c3dffd9', 'annotations': [{'key': 'path', 'value': 'guest/helloworld'}, {'key': 'waitTime', 'value': 6702}, {'key': 'kind', 'value': 'blackbox'}, {'key': 'limits', 'value': {'concurrency': 1, 'logs': 10, 'memory': 128, 'timeout': 60000}}, {'key': 'initTime', 'value': 605}], 'duration': 2622, 'end': 1652102267231, 'logs': [], 'name': 'helloworld', 'namespace': 'guest', 'publish': False, 'response': {'result': {'message': 'Hello World Openwhisk', 'version': 2}, 'status': 'success', 'success': True}, 'start': 1652102264609, 'subject': 'guest', 'version': '0.0.19'}",
        "activationId": "f3927cdebe6c4dff927cdebe6c3dffd9",
        "client_info": {
            "elapsed_time": 9.666900157928467,
            "blocking": true
        }
    },
    "12": {
        "message": "Hello World Openwhisk",
        "version": 2,
        "raw": "{'activationId': 'bb6ba42161d44609aba42161d4b60952', 'annotations': [{'key': 'limits', 'value': {'concurrency': 1, 'logs': 10, 'memory': 128, 'timeout': 60000}}, {'key': 'path', 'value': 'guest/helloworld'}, {'key': 'kind', 'value': 'blackbox'}, {'key': 'waitTime', 'value': 9276}], 'duration': 2016, 'end': 1652102269216, 'logs': [], 'name': 'helloworld', 'namespace': 'guest', 'publish': False, 'response': {'result': {'message': 'Hello World Openwhisk', 'version': 2}, 'status': 'success', 'success': True}, 'start': 1652102267200, 'subject': 'guest', 'version': '0.0.19'}",
        "activationId": "bb6ba42161d44609aba42161d4b60952",
        "client_info": {
            "elapsed_time": 11.698160886764526,
            "blocking": true
        }
    },
    "13": {
        "message": "Hello World Openwhisk",
        "version": 2,
        "raw": "{'activationId': 'f8308e72b1d7495ab08e72b1d7895a2f', 'annotations': [{'key': 'limits', 'value': {'concurrency': 1, 'logs': 10, 'memory': 128, 'timeout': 60000}}, {'key': 'path', 'value': 'guest/helloworld'}, {'key': 'kind', 'value': 'blackbox'}, {'key': 'waitTime', 'value': 9276}], 'duration': 2013, 'end': 1652102269251, 'logs': [], 'name': 'helloworld', 'namespace': 'guest', 'publish': False, 'response': {'result': {'message': 'Hello World Openwhisk', 'version': 2}, 'status': 'success', 'success': True}, 'start': 1652102267238, 'subject': 'guest', 'version': '0.0.19'}",
        "activationId": "f8308e72b1d7495ab08e72b1d7895a2f",
        "client_info": {
            "elapsed_time": 11.695886135101318,
            "blocking": true
        }
    },
    "14": {
        "message": "Hello World Openwhisk",
        "version": 2,
        "raw": "{'activationId': '4fbef1ce3f1f4d65bef1ce3f1fad653c', 'annotations': [{'key': 'limits', 'value': {'concurrency': 1, 'logs': 10, 'memory': 128, 'timeout': 60000}}, {'key': 'path', 'value': 'guest/helloworld'}, {'key': 'kind', 'value': 'blackbox'}, {'key': 'waitTime', 'value': 8657}], 'duration': 2012, 'end': 1652102268602, 'logs': [], 'name': 'helloworld', 'namespace': 'guest', 'publish': False, 'response': {'result': {'message': 'Hello World Openwhisk', 'version': 2}, 'status': 'success', 'success': True}, 'start': 1652102266590, 'subject': 'guest', 'version': '0.0.19'}",
        "activationId": "4fbef1ce3f1f4d65bef1ce3f1fad653c",
        "client_info": {
            "elapsed_time": 11.020745992660522,
            "blocking": true
        }
    },
    "15": {
        "message": "Hello World Openwhisk",
        "version": 2,
        "raw": "{'activationId': '6a24c789d0214924a4c789d021c924ba', 'annotations': [{'key': 'limits', 'value': {'concurrency': 1, 'logs': 10, 'memory': 128, 'timeout': 60000}}, {'key': 'path', 'value': 'guest/helloworld'}, {'key': 'kind', 'value': 'blackbox'}, {'key': 'waitTime', 'value': 8901}], 'duration': 2017, 'end': 1652102268864, 'logs': [], 'name': 'helloworld', 'namespace': 'guest', 'publish': False, 'response': {'result': {'message': 'Hello World Openwhisk', 'version': 2}, 'status': 'success', 'success': True}, 'start': 1652102266847, 'subject': 'guest', 'version': '0.0.19'}",
        "activationId": "6a24c789d0214924a4c789d021c924ba",
        "client_info": {
            "elapsed_time": 11.283804893493652,
            "blocking": true
        }
    },
    "16": {
        "message": "Hello World Openwhisk",
        "version": 2,
        "raw": "{'activationId': '9091f2bea317440091f2bea31734009d', 'annotations': [{'key': 'limits', 'value': {'concurrency': 1, 'logs': 10, 'memory': 128, 'timeout': 60000}}, {'key': 'path', 'value': 'guest/helloworld'}, {'key': 'kind', 'value': 'blackbox'}, {'key': 'waitTime', 'value': 9415}], 'duration': 2022, 'end': 1652102269399, 'logs': [], 'name': 'helloworld', 'namespace': 'guest', 'publish': False, 'response': {'result': {'message': 'Hello World Openwhisk', 'version': 2}, 'status': 'success', 'success': True}, 'start': 1652102267377, 'subject': 'guest', 'version': '0.0.19'}",
        "activationId": "9091f2bea317440091f2bea31734009d",
        "client_info": {
            "elapsed_time": 11.817686080932617,
            "blocking": true
        }
    },
    "client_info": {
        "start_time": "1652102257.475303",
        "end_time": "1652102269.349398",
        "total_elapsed_time": "11.87409496307373"
    }
}