{
    "1": {
        "activationId": "74aa4d1c-cf9b-11ec-8c20-e45f01827912",
        "message": "Hello World from Nanos",
        "version": "1",
        "client_info": {
            "elapsed_time": 8.70746397972107,
            "blocking": true
        }
    },
    "2": {
        "activationId": "74bc53c2-cf9b-11ec-b8b5-e45f01827912",
        "message": "Hello World from Nanos",
        "version": "1",
        "client_info": {
            "elapsed_time": 8.295398950576782,
            "blocking": true
        }
    },
    "3": {
        "activationId": "74acc6e6-cf9b-11ec-8d8b-e45f01827912",
        "message": "Hello World from Nanos",
        "version": "1",
        "client_info": {
            "elapsed_time": 8.793207168579102,
            "blocking": true
        }
    },
    "4": {
        "activationId": "74ad9b8e-cf9b-11ec-9d81-e45f01827912",
        "message": "Hello World from Nanos",
        "version": "1",
        "client_info": {
            "elapsed_time": 7.581629037857056,
            "blocking": true
        }
    },
    "5": {
        "activationId": "74c68388-cf9b-11ec-af16-e45f01827912",
        "message": "Hello World from Nanos",
        "version": "1",
        "client_info": {
            "elapsed_time": 9.195987939834595,
            "blocking": true
        }
    },
    "6": {
        "activationId": "74b471d4-cf9b-11ec-891c-e45f01827912",
        "message": "Hello World from Nanos",
        "version": "1",
        "client_info": {
            "elapsed_time": 9.029130935668945,
            "blocking": true
        }
    },
    "7": {
        "activationId": "74c58334-cf9b-11ec-964b-e45f01827912",
        "message": "Hello World from Nanos",
        "version": "1",
        "client_info": {
            "elapsed_time": 8.294831037521362,
            "blocking": true
        }
    },
    "8": {
        "activationId": "74bf8a42-cf9b-11ec-9a9d-e45f01827912",
        "message": "Hello World from Nanos",
        "version": "1",
        "client_info": {
            "elapsed_time": 9.324249744415283,
            "blocking": true
        }
    },
    "9": {
        "activationId": "74ae65e6-cf9b-11ec-9744-e45f01827912",
        "message": "Hello World from Nanos",
        "version": "1",
        "client_info": {
            "elapsed_time": 7.385769844055176,
            "blocking": true
        }
    },
    "10": {
        "activationId": "74b944d4-cf9b-11ec-9706-e45f01827912",
        "message": "Hello World from Nanos",
        "version": "1",
        "client_info": {
            "elapsed_time": 7.5256288051605225,
            "blocking": true
        }
    },
    "11": {
        "activationId": "74b89e12-cf9b-11ec-84c0-e45f01827912",
        "message": "Hello World from Nanos",
        "version": "1",
        "client_info": {
            "elapsed_time": 9.207417726516724,
            "blocking": true
        }
    },
    "12": {
        "activationId": "74cd104a-cf9b-11ec-8e3d-e45f01827912",
        "message": "Hello World from Nanos",
        "version": "1",
        "client_info": {
            "elapsed_time": 9.018024921417236,
            "blocking": true
        }
    },
    "13": {
        "activationId": "74d4aee0-cf9b-11ec-9aa8-e45f01827912",
        "message": "Hello World from Nanos",
        "version": "1",
        "client_info": {
            "elapsed_time": 8.989826202392578,
            "blocking": true
        }
    },
    "14": {
        "activationId": "74cab08e-cf9b-11ec-bfdb-e45f01827912",
        "message": "Hello World from Nanos",
        "version": "1",
        "client_info": {
            "elapsed_time": 9.05176591873169,
            "blocking": true
        }
    },
    "15": {
        "activationId": "74dd44ce-cf9b-11ec-bef2-e45f01827912",
        "message": "Hello World from Nanos",
        "version": "1",
        "client_info": {
            "elapsed_time": 9.302001953125,
            "blocking": true
        }
    },
    "16": {
        "activationId": "74d4ea0e-cf9b-11ec-afb9-e45f01827912",
        "message": "Hello World from Nanos",
        "version": "1",
        "client_info": {
            "elapsed_time": 7.439954042434692,
            "blocking": true
        }
    },
    "client_info": {
        "start_time": "1652102712.353125",
        "end_time": "1652102721.6791081",
        "total_elapsed_time": "9.325983047485352"
    }
}