{
    "1": {
        "message": "Hello World Openwhisk",
        "version": 2,
        "raw": "{'activationId': '716010c801394fcaa010c801394fca5a', 'annotations': [{'key': 'limits', 'value': {'concurrency': 1, 'logs': 10, 'memory': 128, 'timeout': 60000}}, {'key': 'path', 'value': 'guest/helloworld'}, {'key': 'kind', 'value': 'blackbox'}, {'key': 'waitTime', 'value': 10372}], 'duration': 2012, 'end': 1652102321665, 'logs': [], 'name': 'helloworld', 'namespace': 'guest', 'publish': False, 'response': {'result': {'message': 'Hello World Openwhisk', 'version': 2}, 'status': 'success', 'success': True}, 'start': 1652102319653, 'subject': 'guest', 'version': '0.0.19'}",
        "activationId": "716010c801394fcaa010c801394fca5a",
        "client_info": {
            "elapsed_time": 12.899053812026978,
            "blocking": true
        }
    },
    "2": {
        "message": "Hello World Openwhisk",
        "version": 2,
        "raw": "{'activationId': 'c0fa07ee4354400eba07ee4354400e03', 'annotations': [{'key': 'path', 'value': 'guest/helloworld'}, {'key': 'waitTime', 'value': 7410}, {'key': 'kind', 'value': 'blackbox'}, {'key': 'limits', 'value': {'concurrency': 1, 'logs': 10, 'memory': 128, 'timeout': 60000}}, {'key': 'initTime', 'value': 691}], 'duration': 2710, 'end': 1652102319403, 'logs': [], 'name': 'helloworld', 'namespace': 'guest', 'publish': False, 'response': {'result': {'message': 'Hello World Openwhisk', 'version': 2}, 'status': 'success', 'success': True}, 'start': 1652102316693, 'subject': 'guest', 'version': '0.0.19'}",
        "activationId": "c0fa07ee4354400eba07ee4354400e03",
        "client_info": {
            "elapsed_time": 10.460171937942505,
            "blocking": true
        }
    },
    "3": {
        "message": "Hello World Openwhisk",
        "version": 2,
        "raw": "{'activationId': '48983354b4cd42ab983354b4cdb2abc5', 'annotations': [{'key': 'limits', 'value': {'concurrency': 1, 'logs': 10, 'memory': 128, 'timeout': 60000}}, {'key': 'path', 'value': 'guest/helloworld'}, {'key': 'kind', 'value': 'blackbox'}, {'key': 'waitTime', 'value': 9197}], 'duration': 2011, 'end': 1652102320510, 'logs': [], 'name': 'helloworld', 'namespace': 'guest', 'publish': False, 'response': {'result': {'message': 'Hello World Openwhisk', 'version': 2}, 'status': 'success', 'success': True}, 'start': 1652102318499, 'subject': 'guest', 'version': '0.0.19'}",
        "activationId": "48983354b4cd42ab983354b4cdb2abc5",
        "client_info": {
            "elapsed_time": 11.63283395767212,
            "blocking": true
        }
    },
    "4": {
        "message": "Hello World Openwhisk",
        "version": 2,
        "raw": "{'activationId': '5436be64ba244f5bb6be64ba24af5b41', 'annotations': [{'key': 'path', 'value': 'guest/helloworld'}, {'key': 'waitTime', 'value': 7421}, {'key': 'kind', 'value': 'blackbox'}, {'key': 'limits', 'value': {'concurrency': 1, 'logs': 10, 'memory': 128, 'timeout': 60000}}, {'key': 'initTime', 'value': 517}], 'duration': 2553, 'end': 1652102319254, 'logs': [], 'name': 'helloworld', 'namespace': 'guest', 'publish': False, 'response': {'result': {'message': 'Hello World Openwhisk', 'version': 2}, 'status': 'success', 'success': True}, 'start': 1652102316701, 'subject': 'guest', 'version': '0.0.19'}",
        "activationId": "5436be64ba244f5bb6be64ba24af5b41",
        "client_info": {
            "elapsed_time": 10.327049016952515,
            "blocking": true
        }
    },
    "5": {
        "message": "Hello World Openwhisk",
        "version": 2,
        "raw": "{'activationId': '349733109c954c709733109c95fc70d7', 'annotations': [{'key': 'path', 'value': 'guest/helloworld'}, {'key': 'waitTime', 'value': 7651}, {'key': 'kind', 'value': 'blackbox'}, {'key': 'limits', 'value': {'concurrency': 1, 'logs': 10, 'memory': 128, 'timeout': 60000}}, {'key': 'initTime', 'value': 611}], 'duration': 2619, 'end': 1652102319548, 'logs': [], 'name': 'helloworld', 'namespace': 'guest', 'publish': False, 'response': {'result': {'message': 'Hello World Openwhisk', 'version': 2}, 'status': 'success', 'success': True}, 'start': 1652102316929, 'subject': 'guest', 'version': '0.0.19'}",
        "activationId": "349733109c954c709733109c95fc70d7",
        "client_info": {
            "elapsed_time": 10.59830117225647,
            "blocking": true
        }
    },
    "6": {
        "message": "Hello World Openwhisk",
        "version": 2,
        "raw": "{'activationId': 'a730357db1f7483eb0357db1f7783e2d', 'annotations': [{'key': 'limits', 'value': {'concurrency': 1, 'logs': 10, 'memory': 128, 'timeout': 60000}}, {'key': 'path', 'value': 'guest/helloworld'}, {'key': 'kind', 'value': 'blackbox'}, {'key': 'waitTime', 'value': 10066}], 'duration': 2016, 'end': 1652102321438, 'logs': [], 'name': 'helloworld', 'namespace': 'guest', 'publish': False, 'response': {'result': {'message': 'Hello World Openwhisk', 'version': 2}, 'status': 'success', 'success': True}, 'start': 1652102319422, 'subject': 'guest', 'version': '0.0.19'}",
        "activationId": "a730357db1f7483eb0357db1f7783e2d",
        "client_info": {
            "elapsed_time": 12.483886003494263,
            "blocking": true
        }
    },
    "7": {
        "message": "Hello World Openwhisk",
        "version": 2,
        "raw": "{'activationId': '3d45360fde32459485360fde32e594e4', 'annotations': [{'key': 'limits', 'value': {'concurrency': 1, 'logs': 10, 'memory': 128, 'timeout': 60000}}, {'key': 'path', 'value': 'guest/helloworld'}, {'key': 'kind', 'value': 'blackbox'}, {'key': 'waitTime', 'value': 10260}], 'duration': 2012, 'end': 1652102321604, 'logs': [], 'name': 'helloworld', 'namespace': 'guest', 'publish': False, 'response': {'result': {'message': 'Hello World Openwhisk', 'version': 2}, 'status': 'success', 'success': True}, 'start': 1652102319592, 'subject': 'guest', 'version': '0.0.19'}",
        "activationId": "3d45360fde32459485360fde32e594e4",
        "client_info": {
            "elapsed_time": 12.888113260269165,
            "blocking": true
        }
    },
    "8": {
        "message": "Hello World Openwhisk",
        "version": 2,
        "raw": "{'activationId': '52038be6ef844011838be6ef84801190', 'annotations': [{'key': 'path', 'value': 'guest/helloworld'}, {'key': 'waitTime', 'value': 7585}, {'key': 'kind', 'value': 'blackbox'}, {'key': 'limits', 'value': {'concurrency': 1, 'logs': 10, 'memory': 128, 'timeout': 60000}}, {'key': 'initTime', 'value': 668}], 'duration': 2685, 'end': 1652102319602, 'logs': [], 'name': 'helloworld', 'namespace': 'guest', 'publish': False, 'response': {'result': {'message': 'Hello World Openwhisk', 'version': 2}, 'status': 'success', 'success': True}, 'start': 1652102316917, 'subject': 'guest', 'version': '0.0.19'}",
        "activationId": "52038be6ef844011838be6ef84801190",
        "client_info": {
            "elapsed_time": 10.651494979858398,
            "blocking": true
        }
    },
    "9": {
        "message": "Hello World Openwhisk",
        "version": 2,
        "raw": "{'activationId': 'd2a30c69741743e6a30c69741723e66a', 'annotations': [{'key': 'path', 'value': 'guest/helloworld'}, {'key': 'waitTime', 'value': 6234}, {'key': 'kind', 'value': 'blackbox'}, {'key': 'limits', 'value': {'concurrency': 1, 'logs': 10, 'memory': 128, 'timeout': 60000}}, {'key': 'initTime', 'value': 887}], 'duration': 2901, 'end': 1652102318486, 'logs': [], 'name': 'helloworld', 'namespace': 'guest', 'publish': False, 'response': {'result': {'message': 'Hello World Openwhisk', 'version': 2}, 'status': 'success', 'success': True}, 'start': 1652102315585, 'subject': 'guest', 'version': '0.0.19'}",
        "activationId": "d2a30c69741743e6a30c69741723e66a",
        "client_info": {
            "elapsed_time": 9.568959951400757,
            "blocking": true
        }
    },
    "10": {
        "message": "Hello World Openwhisk",
        "version": 2,
        "raw": "{'activationId': '16ce8ed75c5d43488e8ed75c5d9348e3', 'annotations': [{'key': 'limits', 'value': {'concurrency': 1, 'logs': 10, 'memory': 128, 'timeout': 60000}}, {'key': 'path', 'value': 'guest/helloworld'}, {'key': 'kind', 'value': 'blackbox'}, {'key': 'waitTime', 'value': 9917}], 'duration': 2011, 'end': 1652102321278, 'logs': [], 'name': 'helloworld', 'namespace': 'guest', 'publish': False, 'response': {'result': {'message': 'Hello World Openwhisk', 'version': 2}, 'status': 'success', 'success': True}, 'start': 1652102319267, 'subject': 'guest', 'version': '0.0.19'}",
        "activationId": "16ce8ed75c5d43488e8ed75c5d9348e3",
        "client_info": {
            "elapsed_time": 12.333923816680908,
            "blocking": true
        }
    },
    "11": {
        "message": "Hello World Openwhisk",
        "version": 2,
        "raw": "{'activationId': '65009bd0bf654345809bd0bf6543456b', 'annotations': [{'key': 'path', 'value': 'guest/helloworld'}, {'key': 'waitTime', 'value': 7294}, {'key': 'kind', 'value': 'blackbox'}, {'key': 'limits', 'value': {'concurrency': 1, 'logs': 10, 'memory': 128, 'timeout': 60000}}, {'key': 'initTime', 'value': 569}], 'duration': 2597, 'end': 1652102319263, 'logs': [], 'name': 'helloworld', 'namespace': 'guest', 'publish': False, 'response': {'result': {'message': 'Hello World Openwhisk', 'version': 2}, 'status': 'success', 'success': True}, 'start': 1652102316666, 'subject': 'guest', 'version': '0.0.19'}",
        "activationId": "65009bd0bf654345809bd0bf6543456b",
        "client_info": {
            "elapsed_time": 10.307817935943604,
            "blocking": true
        }
    },
    "12": {
        "message": "Hello World Openwhisk",
        "version": 2,
        "raw": "{'activationId': '0922bd4b9f31451ba2bd4b9f31351bdf', 'annotations': [{'key': 'path', 'value': 'guest/helloworld'}, {'key': 'waitTime', 'value': 7704}, {'key': 'kind', 'value': 'blackbox'}, {'key': 'limits', 'value': {'concurrency': 1, 'logs': 10, 'memory': 128, 'timeout': 60000}}, {'key': 'initTime', 'value': 495}], 'duration': 2518, 'end': 1652102319612, 'logs': [], 'name': 'helloworld', 'namespace': 'guest', 'publish': False, 'response': {'result': {'message': 'Hello World Openwhisk', 'version': 2}, 'status': 'success', 'success': True}, 'start': 1652102317094, 'subject': 'guest', 'version': '0.0.19'}",
        "activationId": "0922bd4b9f31451ba2bd4b9f31351bdf",
        "client_info": {
            "elapsed_time": 10.647708892822266,
            "blocking": true
        }
    },
    "13": {
        "message": "Hello World Openwhisk",
        "version": 2,
        "raw": "{'activationId': 'f9c226ea0ecb422a8226ea0ecbb22a4e', 'annotations': [{'key': 'path', 'value': 'guest/helloworld'}, {'key': 'waitTime', 'value': 7703}, {'key': 'kind', 'value': 'blackbox'}, {'key': 'limits', 'value': {'concurrency': 1, 'logs': 10, 'memory': 128, 'timeout': 60000}}, {'key': 'initTime', 'value': 465}], 'duration': 2481, 'end': 1652102319574, 'logs': [], 'name': 'helloworld', 'namespace': 'guest', 'publish': False, 'response': {'result': {'message': 'Hello World Openwhisk', 'version': 2}, 'status': 'success', 'success': True}, 'start': 1652102317093, 'subject': 'guest', 'version': '0.0.19'}",
        "activationId": "f9c226ea0ecb422a8226ea0ecbb22a4e",
        "client_info": {
            "elapsed_time": 10.609532117843628,
            "blocking": true
        }
    },
    "14": {
        "message": "Hello World Openwhisk",
        "version": 2,
        "raw": "{'activationId': 'b94e7d58b3194af18e7d58b3194af140', 'annotations': [{'key': 'limits', 'value': {'concurrency': 1, 'logs': 10, 'memory': 128, 'timeout': 60000}}, {'key': 'path', 'value': 'guest/helloworld'}, {'key': 'kind', 'value': 'blackbox'}, {'key': 'waitTime', 'value': 9780}], 'duration': 2012, 'end': 1652102321294, 'logs': [], 'name': 'helloworld', 'namespace': 'guest', 'publish': False, 'response': {'result': {'message': 'Hello World Openwhisk', 'version': 2}, 'status': 'success', 'success': True}, 'start': 1652102319282, 'subject': 'guest', 'version': '0.0.19'}",
        "activationId": "b94e7d58b3194af18e7d58b3194af140",
        "client_info": {
            "elapsed_time": 12.322492122650146,
            "blocking": true
        }
    },
    "15": {
        "message": "Hello World Openwhisk",
        "version": 2,
        "raw": "{'activationId': 'cd07884ca43d4bc687884ca43dabc6d3', 'annotations': [{'key': 'limits', 'value': {'concurrency': 1, 'logs': 10, 'memory': 128, 'timeout': 60000}}, {'key': 'path', 'value': 'guest/helloworld'}, {'key': 'kind', 'value': 'blackbox'}, {'key': 'waitTime', 'value': 10120}], 'duration': 2018, 'end': 1652102321647, 'logs': [], 'name': 'helloworld', 'namespace': 'guest', 'publish': False, 'response': {'result': {'message': 'Hello World Openwhisk', 'version': 2}, 'status': 'success', 'success': True}, 'start': 1652102319629, 'subject': 'guest', 'version': '0.0.19'}",
        "activationId": "cd07884ca43d4bc687884ca43dabc6d3",
        "client_info": {
            "elapsed_time": 12.866206884384155,
            "blocking": true
        }
    },
    "16": {
        "message": "Hello World Openwhisk",
        "version": 2,
        "raw": "{'activationId': '9bdc0380e0094c789c0380e0093c7826', 'annotations': [{'key': 'limits', 'value': {'concurrency': 1, 'logs': 10, 'memory': 128, 'timeout': 60000}}, {'key': 'path', 'value': 'guest/helloworld'}, {'key': 'kind', 'value': 'blackbox'}, {'key': 'waitTime', 'value': 10054}], 'duration': 2026, 'end': 1652102321589, 'logs': [], 'name': 'helloworld', 'namespace': 'guest', 'publish': False, 'response': {'result': {'message': 'Hello World Openwhisk', 'version': 2}, 'status': 'success', 'success': True}, 'start': 1652102319563, 'subject': 'guest', 'version': '0.0.19'}",
        "activationId": "9bdc0380e0094c789c0380e0093c7826",
        "client_info": {
            "elapsed_time": 12.864290952682495,
            "blocking": true
        }
    },
    "client_info": {
        "start_time": "1652102308.856629",
        "end_time": "1652102321.756949",
        "total_elapsed_time": "12.900320053100586"
    }
}