{
    "9406c917f3a046fd86c917f3a086fd76": {
        "message": "Hello World Openwhisk",
        "version": 1,
        "raw": "{'activationId': '9406c917f3a046fd86c917f3a086fd76', 'annotations': [{'key': 'path', 'value': 'guest/helloworld'}, {'key': 'waitTime', 'value': 5261}, {'key': 'kind', 'value': 'blackbox'}, {'key': 'limits', 'value': {'concurrency': 1, 'logs': 10, 'memory': 128, 'timeout': 60000}}, {'key': 'initTime', 'value': 399}], 'duration': 20434, 'end': 1651510497347, 'logs': [], 'name': 'helloworld', 'namespace': 'guest', 'publish': False, 'response': {'result': {'message': 'Hello World Openwhisk', 'version': 1}, 'status': 'success', 'success': True}, 'start': 1651510476913, 'subject': 'guest', 'version': '0.0.5'}",
        "activationId": "9406c917f3a046fd86c917f3a086fd76",
        "client_info": {
            "elapsed_time": 26.27337908744812,
            "blocking": true
        }
    },
    "ba7d0abf9fc24110bd0abf9fc2711009": {
        "message": "Hello World Openwhisk",
        "version": 1,
        "raw": "{'activationId': 'ba7d0abf9fc24110bd0abf9fc2711009', 'annotations': [{'key': 'path', 'value': 'guest/helloworld'}, {'key': 'waitTime', 'value': 5620}, {'key': 'kind', 'value': 'blackbox'}, {'key': 'limits', 'value': {'concurrency': 1, 'logs': 10, 'memory': 128, 'timeout': 60000}}, {'key': 'initTime', 'value': 250}], 'duration': 20315, 'end': 1651510497583, 'logs': [], 'name': 'helloworld', 'namespace': 'guest', 'publish': False, 'response': {'result': {'message': 'Hello World Openwhisk', 'version': 1}, 'status': 'success', 'success': True}, 'start': 1651510477268, 'subject': 'guest', 'version': '0.0.5'}",
        "activationId": "ba7d0abf9fc24110bd0abf9fc2711009",
        "client_info": {
            "elapsed_time": 26.316038846969604,
            "blocking": true
        }
    },
    "fbaa6630019e4f5daa6630019e8f5d81": {
        "message": "Hello World Openwhisk",
        "version": 1,
        "raw": "{'activationId': 'fbaa6630019e4f5daa6630019e8f5d81', 'annotations': [{'key': 'path', 'value': 'guest/helloworld'}, {'key': 'waitTime', 'value': 4895}, {'key': 'kind', 'value': 'blackbox'}, {'key': 'limits', 'value': {'concurrency': 1, 'logs': 10, 'memory': 128, 'timeout': 60000}}, {'key': 'initTime', 'value': 475}], 'duration': 20514, 'end': 1651510497061, 'logs': [], 'name': 'helloworld', 'namespace': 'guest', 'publish': False, 'response': {'result': {'message': 'Hello World Openwhisk', 'version': 1}, 'status': 'success', 'success': True}, 'start': 1651510476547, 'subject': 'guest', 'version': '0.0.5'}",
        "activationId": "fbaa6630019e4f5daa6630019e8f5d81",
        "client_info": {
            "elapsed_time": 25.852285146713257,
            "blocking": true
        }
    },
    "298477824d444fc68477824d44dfc67f": {
        "message": "Hello World Openwhisk",
        "version": 1,
        "raw": "{'activationId': '298477824d444fc68477824d44dfc67f', 'annotations': [{'key': 'path', 'value': 'guest/helloworld'}, {'key': 'waitTime', 'value': 5209}, {'key': 'kind', 'value': 'blackbox'}, {'key': 'limits', 'value': {'concurrency': 1, 'logs': 10, 'memory': 128, 'timeout': 60000}}, {'key': 'initTime', 'value': 306}], 'duration': 20344, 'end': 1651510497196, 'logs': [], 'name': 'helloworld', 'namespace': 'guest', 'publish': False, 'response': {'result': {'message': 'Hello World Openwhisk', 'version': 1}, 'status': 'success', 'success': True}, 'start': 1651510476852, 'subject': 'guest', 'version': '0.0.5'}",
        "activationId": "298477824d444fc68477824d44dfc67f",
        "client_info": {
            "elapsed_time": 25.897160053253174,
            "blocking": true
        }
    },
    "98d9ab7721c44c3199ab7721c4bc3188": {
        "message": "Hello World Openwhisk",
        "version": 1,
        "raw": "{'activationId': '98d9ab7721c44c3199ab7721c4bc3188', 'annotations': [{'key': 'path', 'value': 'guest/helloworld'}, {'key': 'waitTime', 'value': 5688}, {'key': 'kind', 'value': 'blackbox'}, {'key': 'limits', 'value': {'concurrency': 1, 'logs': 10, 'memory': 128, 'timeout': 60000}}, {'key': 'initTime', 'value': 223}], 'duration': 20252, 'end': 1651510497584, 'logs': [], 'name': 'helloworld', 'namespace': 'guest', 'publish': False, 'response': {'result': {'message': 'Hello World Openwhisk', 'version': 1}, 'status': 'success', 'success': True}, 'start': 1651510477332, 'subject': 'guest', 'version': '0.0.5'}",
        "activationId": "98d9ab7721c44c3199ab7721c4bc3188",
        "client_info": {
            "elapsed_time": 26.409950971603394,
            "blocking": true
        }
    },
    "da8057da33aa46e48057da33aae6e416": {
        "message": "Hello World Openwhisk",
        "version": 1,
        "raw": "{'activationId': 'da8057da33aa46e48057da33aae6e416', 'annotations': [{'key': 'path', 'value': 'guest/helloworld'}, {'key': 'waitTime', 'value': 5495}, {'key': 'kind', 'value': 'blackbox'}, {'key': 'limits', 'value': {'concurrency': 1, 'logs': 10, 'memory': 128, 'timeout': 60000}}, {'key': 'initTime', 'value': 266}], 'duration': 20304, 'end': 1651510497495, 'logs': [], 'name': 'helloworld', 'namespace': 'guest', 'publish': False, 'response': {'result': {'message': 'Hello World Openwhisk', 'version': 1}, 'status': 'success', 'success': True}, 'start': 1651510477191, 'subject': 'guest', 'version': '0.0.5'}",
        "activationId": "da8057da33aa46e48057da33aae6e416",
        "client_info": {
            "elapsed_time": 26.207106828689575,
            "blocking": true
        }
    },
    "client_info": {
        "start_time": "1651510471.259279",
        "end_time": "1651510497.674293",
        "total_elapsed_time": "26.415014028549194"
    }
}