{
    "1": {
        "activationId": "94124b6e-cf9b-11ec-81ba-e45f01827912",
        "message": "Hello World from Nanos",
        "version": "2",
        "client_info": {
            "elapsed_time": 8.060482740402222,
            "blocking": true
        }
    },
    "2": {
        "activationId": "94172882-cf9b-11ec-bb12-e45f01827912",
        "message": "Hello World from Nanos",
        "version": "2",
        "client_info": {
            "elapsed_time": 8.520678043365479,
            "blocking": true
        }
    },
    "3": {
        "activationId": "94129542-cf9b-11ec-8752-e45f01827912",
        "message": "Hello World from Nanos",
        "version": "2",
        "client_info": {
            "elapsed_time": 7.184781074523926,
            "blocking": true
        }
    },
    "4": {
        "activationId": "94239798-cf9b-11ec-ad86-e45f01827912",
        "message": "Hello World from Nanos",
        "version": "2",
        "client_info": {
            "elapsed_time": 8.053207874298096,
            "blocking": true
        }
    },
    "5": {
        "activationId": "941e740c-cf9b-11ec-826e-e45f01827912",
        "message": "Hello World from Nanos",
        "version": "2",
        "client_info": {
            "elapsed_time": 8.45023488998413,
            "blocking": true
        }
    },
    "6": {
        "activationId": "9413e352-cf9b-11ec-9d71-e45f01827912",
        "message": "Hello World from Nanos",
        "version": "2",
        "client_info": {
            "elapsed_time": 7.195187091827393,
            "blocking": true
        }
    },
    "7": {
        "activationId": "941ae620-cf9b-11ec-93f0-e45f01827912",
        "message": "Hello World from Nanos",
        "version": "2",
        "client_info": {
            "elapsed_time": 6.056679964065552,
            "blocking": true
        }
    },
    "8": {
        "activationId": "94213db8-cf9b-11ec-b633-e45f01827912",
        "message": "Hello World from Nanos",
        "version": "2",
        "client_info": {
            "elapsed_time": 8.374165058135986,
            "blocking": true
        }
    },
    "9": {
        "activationId": "94197c7c-cf9b-11ec-9cc0-e45f01827912",
        "message": "Hello World from Nanos",
        "version": "2",
        "client_info": {
            "elapsed_time": 7.178495168685913,
            "blocking": true
        }
    },
    "10": {
        "activationId": "94245796-cf9b-11ec-9968-e45f01827912",
        "message": "Hello World from Nanos",
        "version": "2",
        "client_info": {
            "elapsed_time": 8.052056074142456,
            "blocking": true
        }
    },
    "11": {
        "activationId": "94328dfc-cf9b-11ec-89d5-e45f01827912",
        "message": "Hello World from Nanos",
        "version": "2",
        "client_info": {
            "elapsed_time": 8.354456186294556,
            "blocking": true
        }
    },
    "12": {
        "activationId": "94260776-cf9b-11ec-9a32-e45f01827912",
        "message": "Hello World from Nanos",
        "version": "2",
        "client_info": {
            "elapsed_time": 8.582119941711426,
            "blocking": true
        }
    },
    "13": {
        "activationId": "9430d278-cf9b-11ec-bd37-e45f01827912",
        "message": "Hello World from Nanos",
        "version": "2",
        "client_info": {
            "elapsed_time": 8.525678157806396,
            "blocking": true
        }
    },
    "14": {
        "activationId": "941559bc-cf9b-11ec-818f-e45f01827912",
        "message": "Hello World from Nanos",
        "version": "2",
        "client_info": {
            "elapsed_time": 5.703572034835815,
            "blocking": true
        }
    },
    "15": {
        "activationId": "943ef3b2-cf9b-11ec-973d-e45f01827912",
        "message": "Hello World from Nanos",
        "version": "2",
        "client_info": {
            "elapsed_time": 7.525889873504639,
            "blocking": true
        }
    },
    "16": {
        "activationId": "94337c8a-cf9b-11ec-9fe5-e45f01827912",
        "message": "Hello World from Nanos",
        "version": "2",
        "client_info": {
            "elapsed_time": 8.515601873397827,
            "blocking": true
        }
    },
    "client_info": {
        "start_time": "1652102765.1269991",
        "end_time": "1652102773.710894",
        "total_elapsed_time": "8.583894968032837"
    }
}