{
    "fbdbe0d47be147f19be0d47be1d7f1a8": {
        "message": "Hello World Openwhisk",
        "version": 1,
        "raw": "{'activationId': 'fbdbe0d47be147f19be0d47be1d7f1a8', 'annotations': [{'key': 'path', 'value': 'guest/helloworld'}, {'key': 'waitTime', 'value': 7255}, {'key': 'kind', 'value': 'blackbox'}, {'key': 'limits', 'value': {'concurrency': 1, 'logs': 10, 'memory': 128, 'timeout': 60000}}, {'key': 'initTime', 'value': 1128}], 'duration': 21169, 'end': 1651510798457, 'logs': [], 'name': 'helloworld', 'namespace': 'guest', 'publish': False, 'response': {'result': {'message': 'Hello World Openwhisk', 'version': 1}, 'status': 'success', 'success': True}, 'start': 1651510777288, 'subject': 'guest', 'version': '0.0.5'}",
        "activationId": "fbdbe0d47be147f19be0d47be1d7f1a8",
        "client_info": {
            "elapsed_time": 28.897523880004883,
            "blocking": true
        }
    },
    "13feff0022a94391beff0022a9c39198": {
        "message": "Hello World Openwhisk",
        "version": 1,
        "raw": "{'activationId': '13feff0022a94391beff0022a9c39198', 'annotations': [{'key': 'path', 'value': 'guest/helloworld'}, {'key': 'waitTime', 'value': 8329}, {'key': 'kind', 'value': 'blackbox'}, {'key': 'limits', 'value': {'concurrency': 1, 'logs': 10, 'memory': 128, 'timeout': 60000}}, {'key': 'initTime', 'value': 408}], 'duration': 20425, 'end': 1651510798628, 'logs': [], 'name': 'helloworld', 'namespace': 'guest', 'publish': False, 'response': {'result': {'message': 'Hello World Openwhisk', 'version': 1}, 'status': 'success', 'success': True}, 'start': 1651510778203, 'subject': 'guest', 'version': '0.0.5'}",
        "activationId": "13feff0022a94391beff0022a9c39198",
        "client_info": {
            "elapsed_time": 28.977627754211426,
            "blocking": true
        }
    },
    "ee3ab22d48fa4e4abab22d48fa5e4ac9": {
        "message": "Hello World Openwhisk",
        "version": 1,
        "raw": "{'activationId': 'ee3ab22d48fa4e4abab22d48fa5e4ac9', 'annotations': [{'key': 'path', 'value': 'guest/helloworld'}, {'key': 'waitTime', 'value': 7773}, {'key': 'kind', 'value': 'blackbox'}, {'key': 'limits', 'value': {'concurrency': 1, 'logs': 10, 'memory': 128, 'timeout': 60000}}, {'key': 'initTime', 'value': 620}], 'duration': 20694, 'end': 1651510798501, 'logs': [], 'name': 'helloworld', 'namespace': 'guest', 'publish': False, 'response': {'result': {'message': 'Hello World Openwhisk', 'version': 1}, 'status': 'success', 'success': True}, 'start': 1651510777807, 'subject': 'guest', 'version': '0.0.5'}",
        "activationId": "ee3ab22d48fa4e4abab22d48fa5e4ac9",
        "client_info": {
            "elapsed_time": 28.897913932800293,
            "blocking": true
        }
    },
    "129efb410ad64b9c9efb410ad65b9cab": {
        "message": "Hello World Openwhisk",
        "version": 1,
        "raw": "{'activationId': '129efb410ad64b9c9efb410ad65b9cab', 'annotations': [{'key': 'limits', 'value': {'concurrency': 1, 'logs': 10, 'memory': 128, 'timeout': 60000}}, {'key': 'path', 'value': 'guest/helloworld'}, {'key': 'kind', 'value': 'blackbox'}, {'key': 'waitTime', 'value': 28204}], 'duration': 20045, 'end': 1651510818513, 'logs': [], 'name': 'helloworld', 'namespace': 'guest', 'publish': False, 'response': {'result': {'message': 'Hello World Openwhisk', 'version': 1}, 'status': 'success', 'success': True}, 'start': 1651510798468, 'subject': 'guest', 'version': '0.0.5'}",
        "activationId": "129efb410ad64b9c9efb410ad65b9cab",
        "client_info": {
            "elapsed_time": 48.96103310585022,
            "blocking": true
        }
    },
    "92bb3deb17d04cfebb3deb17d00cfe72": {
        "message": "Hello World Openwhisk",
        "version": 1,
        "raw": "{'activationId': '92bb3deb17d04cfebb3deb17d00cfe72', 'annotations': [{'key': 'path', 'value': 'guest/helloworld'}, {'key': 'waitTime', 'value': 8479}, {'key': 'kind', 'value': 'blackbox'}, {'key': 'limits', 'value': {'concurrency': 1, 'logs': 10, 'memory': 128, 'timeout': 60000}}, {'key': 'initTime', 'value': 260}], 'duration': 20309, 'end': 1651510798854, 'logs': [], 'name': 'helloworld', 'namespace': 'guest', 'publish': False, 'response': {'result': {'message': 'Hello World Openwhisk', 'version': 1}, 'status': 'success', 'success': True}, 'start': 1651510778545, 'subject': 'guest', 'version': '0.0.5'}",
        "activationId": "92bb3deb17d04cfebb3deb17d00cfe72",
        "client_info": {
            "elapsed_time": 29.21465492248535,
            "blocking": true
        }
    },
    "cbc897327ae94b188897327ae9cb18ce": {
        "message": "Hello World Openwhisk",
        "version": 1,
        "raw": "{'activationId': 'cbc897327ae94b188897327ae9cb18ce', 'annotations': [{'key': 'limits', 'value': {'concurrency': 1, 'logs': 10, 'memory': 128, 'timeout': 60000}}, {'key': 'path', 'value': 'guest/helloworld'}, {'key': 'kind', 'value': 'blackbox'}, {'key': 'waitTime', 'value': 27619}], 'duration': 20033, 'end': 1651510818628, 'logs': [], 'name': 'helloworld', 'namespace': 'guest', 'publish': False, 'response': {'result': {'message': 'Hello World Openwhisk', 'version': 1}, 'status': 'success', 'success': True}, 'start': 1651510798595, 'subject': 'guest', 'version': '0.0.5'}",
        "activationId": "cbc897327ae94b188897327ae9cb18ce",
        "client_info": {
            "elapsed_time": 48.98461079597473,
            "blocking": true
        }
    },
    "e7f62dac12454e02b62dac1245fe0256": {
        "message": "Hello World Openwhisk",
        "version": 1,
        "raw": "{'activationId': 'e7f62dac12454e02b62dac1245fe0256', 'annotations': [{'key': 'limits', 'value': {'concurrency': 1, 'logs': 10, 'memory': 128, 'timeout': 60000}}, {'key': 'path', 'value': 'guest/helloworld'}, {'key': 'kind', 'value': 'blackbox'}, {'key': 'waitTime', 'value': 28231}], 'duration': 20035, 'end': 1651510818561, 'logs': [], 'name': 'helloworld', 'namespace': 'guest', 'publish': False, 'response': {'result': {'message': 'Hello World Openwhisk', 'version': 1}, 'status': 'success', 'success': True}, 'start': 1651510798526, 'subject': 'guest', 'version': '0.0.5'}",
        "activationId": "e7f62dac12454e02b62dac1245fe0256",
        "client_info": {
            "elapsed_time": 48.95855093002319,
            "blocking": true
        }
    },
    "ed7a6d07cd7b4d85ba6d07cd7bbd85c9": {
        "message": "Hello World Openwhisk",
        "version": 1,
        "raw": "{'activationId': 'ed7a6d07cd7b4d85ba6d07cd7bbd85c9', 'annotations': [{'key': 'path', 'value': 'guest/helloworld'}, {'key': 'waitTime', 'value': 8120}, {'key': 'kind', 'value': 'blackbox'}, {'key': 'limits', 'value': {'concurrency': 1, 'logs': 10, 'memory': 128, 'timeout': 60000}}, {'key': 'initTime', 'value': 505}], 'duration': 20539, 'end': 1651510798692, 'logs': [], 'name': 'helloworld', 'namespace': 'guest', 'publish': False, 'response': {'result': {'message': 'Hello World Openwhisk', 'version': 1}, 'status': 'success', 'success': True}, 'start': 1651510778153, 'subject': 'guest', 'version': '0.0.5'}",
        "activationId": "ed7a6d07cd7b4d85ba6d07cd7bbd85c9",
        "client_info": {
            "elapsed_time": 29.03945231437683,
            "blocking": true
        }
    },
    "68ab639cd3874d73ab639cd3876d73b0": {
        "message": "Hello World Openwhisk",
        "version": 1,
        "raw": "{'activationId': '68ab639cd3874d73ab639cd3876d73b0', 'annotations': [{'key': 'limits', 'value': {'concurrency': 1, 'logs': 10, 'memory': 128, 'timeout': 60000}}, {'key': 'path', 'value': 'guest/helloworld'}, {'key': 'kind', 'value': 'blackbox'}, {'key': 'waitTime', 'value': 27700}], 'duration': 20028, 'end': 1651510818563, 'logs': [], 'name': 'helloworld', 'namespace': 'guest', 'publish': False, 'response': {'result': {'message': 'Hello World Openwhisk', 'version': 1}, 'status': 'success', 'success': True}, 'start': 1651510798535, 'subject': 'guest', 'version': '0.0.5'}",
        "activationId": "68ab639cd3874d73ab639cd3876d73b0",
        "client_info": {
            "elapsed_time": 48.957255840301514,
            "blocking": true
        }
    },
    "afd34e66fd11425b934e66fd11625b67": {
        "message": "Hello World Openwhisk",
        "version": 1,
        "raw": "{'activationId': 'afd34e66fd11425b934e66fd11625b67', 'annotations': [{'key': 'path', 'value': 'guest/helloworld'}, {'key': 'waitTime', 'value': 7943}, {'key': 'kind', 'value': 'blackbox'}, {'key': 'limits', 'value': {'concurrency': 1, 'logs': 10, 'memory': 128, 'timeout': 60000}}, {'key': 'initTime', 'value': 642}], 'duration': 20670, 'end': 1651510798679, 'logs': [], 'name': 'helloworld', 'namespace': 'guest', 'publish': False, 'response': {'result': {'message': 'Hello World Openwhisk', 'version': 1}, 'status': 'success', 'success': True}, 'start': 1651510778009, 'subject': 'guest', 'version': '0.0.5'}",
        "activationId": "afd34e66fd11425b934e66fd11625b67",
        "client_info": {
            "elapsed_time": 29.01702904701233,
            "blocking": true
        }
    },
    "2fac092b53974aeaac092b53976aea33": {
        "message": "Hello World Openwhisk",
        "version": 1,
        "raw": "{'activationId': '2fac092b53974aeaac092b53976aea33', 'annotations': [{'key': 'path', 'value': 'guest/helloworld'}, {'key': 'waitTime', 'value': 7783}, {'key': 'kind', 'value': 'blackbox'}, {'key': 'limits', 'value': {'concurrency': 1, 'logs': 10, 'memory': 128, 'timeout': 60000}}, {'key': 'initTime', 'value': 601}], 'duration': 20637, 'end': 1651510798486, 'logs': [], 'name': 'helloworld', 'namespace': 'guest', 'publish': False, 'response': {'result': {'message': 'Hello World Openwhisk', 'version': 1}, 'status': 'success', 'success': True}, 'start': 1651510777849, 'subject': 'guest', 'version': '0.0.5'}",
        "activationId": "2fac092b53974aeaac092b53976aea33",
        "client_info": {
            "elapsed_time": 28.88821005821228,
            "blocking": true
        }
    },
    "bd4396c6d65347a38396c6d65347a349": {
        "message": "Hello World Openwhisk",
        "version": 1,
        "raw": "{'activationId': 'bd4396c6d65347a38396c6d65347a349', 'annotations': [{'key': 'path', 'value': 'guest/helloworld'}, {'key': 'waitTime', 'value': 7250}, {'key': 'kind', 'value': 'blackbox'}, {'key': 'limits', 'value': {'concurrency': 1, 'logs': 10, 'memory': 128, 'timeout': 60000}}, {'key': 'initTime', 'value': 1012}], 'duration': 21041, 'end': 1651510798563, 'logs': [], 'name': 'helloworld', 'namespace': 'guest', 'publish': False, 'response': {'result': {'message': 'Hello World Openwhisk', 'version': 1}, 'status': 'success', 'success': True}, 'start': 1651510777522, 'subject': 'guest', 'version': '0.0.5'}",
        "activationId": "bd4396c6d65347a38396c6d65347a349",
        "client_info": {
            "elapsed_time": 28.900825023651123,
            "blocking": true
        }
    },
    "client_info": {
        "start_time": "1651510769.5879219",
        "end_time": "1651510818.577085",
        "total_elapsed_time": "48.9891631603241"
    }
}