{
    "1": {
        "message": "Hello World Openwhisk",
        "version": 2,
        "raw": "{'activationId': 'e999379a0108403a99379a0108503a2f', 'annotations': [{'key': 'path', 'value': 'guest/helloworld'}, {'key': 'waitTime', 'value': 7128}, {'key': 'kind', 'value': 'blackbox'}, {'key': 'limits', 'value': {'concurrency': 1, 'logs': 10, 'memory': 128, 'timeout': 60000}}, {'key': 'initTime', 'value': 340}], 'duration': 2354, 'end': 1652102291557, 'logs': [], 'name': 'helloworld', 'namespace': 'guest', 'publish': False, 'response': {'result': {'message': 'Hello World Openwhisk', 'version': 2}, 'status': 'success', 'success': True}, 'start': 1652102289203, 'subject': 'guest', 'version': '0.0.19'}",
        "activationId": "e999379a0108403a99379a0108503a2f",
        "client_info": {
            "elapsed_time": 13.873335123062134,
            "blocking": true
        }
    },
    "2": {
        "message": "Hello World Openwhisk",
        "version": 2,
        "raw": "{'activationId': '3847b5f62cb841f687b5f62cb8c1f6d9', 'annotations': [{'key': 'path', 'value': 'guest/helloworld'}, {'key': 'waitTime', 'value': 7116}, {'key': 'kind', 'value': 'blackbox'}, {'key': 'limits', 'value': {'concurrency': 1, 'logs': 10, 'memory': 128, 'timeout': 60000}}, {'key': 'initTime', 'value': 234}], 'duration': 2252, 'end': 1652102291450, 'logs': [], 'name': 'helloworld', 'namespace': 'guest', 'publish': False, 'response': {'result': {'message': 'Hello World Openwhisk', 'version': 2}, 'status': 'success', 'success': True}, 'start': 1652102289198, 'subject': 'guest', 'version': '0.0.19'}",
        "activationId": "3847b5f62cb841f687b5f62cb8c1f6d9",
        "client_info": {
            "elapsed_time": 13.874070167541504,
            "blocking": true
        }
    },
    "3": {
        "message": "Hello World Openwhisk",
        "version": 2,
        "raw": "{'activationId': 'abb0f22e114646ebb0f22e114626eb39', 'annotations': [{'key': 'path', 'value': 'guest/helloworld'}, {'key': 'waitTime', 'value': 6265}, {'key': 'kind', 'value': 'blackbox'}, {'key': 'limits', 'value': {'concurrency': 1, 'logs': 10, 'memory': 128, 'timeout': 60000}}, {'key': 'initTime', 'value': 887}], 'duration': 2931, 'end': 1652102291226, 'logs': [], 'name': 'helloworld', 'namespace': 'guest', 'publish': False, 'response': {'result': {'message': 'Hello World Openwhisk', 'version': 2}, 'status': 'success', 'success': True}, 'start': 1652102288295, 'subject': 'guest', 'version': '0.0.19'}",
        "activationId": "abb0f22e114646ebb0f22e114626eb39",
        "client_info": {
            "elapsed_time": 13.868823051452637,
            "blocking": true
        }
    },
    "4": {
        "message": "Hello World Openwhisk",
        "version": 2,
        "raw": "{'activationId': '83c8c66f14d849eb88c66f14d8b9ebca', 'annotations': [{'key': 'path', 'value': 'guest/helloworld'}, {'key': 'waitTime', 'value': 6792}, {'key': 'kind', 'value': 'blackbox'}, {'key': 'limits', 'value': {'concurrency': 1, 'logs': 10, 'memory': 128, 'timeout': 60000}}, {'key': 'initTime', 'value': 536}], 'duration': 2565, 'end': 1652102291434, 'logs': [], 'name': 'helloworld', 'namespace': 'guest', 'publish': False, 'response': {'result': {'message': 'Hello World Openwhisk', 'version': 2}, 'status': 'success', 'success': True}, 'start': 1652102288869, 'subject': 'guest', 'version': '0.0.19'}",
        "activationId": "83c8c66f14d849eb88c66f14d8b9ebca",
        "client_info": {
            "elapsed_time": 13.87302303314209,
            "blocking": true
        }
    },
    "5": {
        "message": "Hello World Openwhisk",
        "version": 2,
        "raw": "{'activationId': '646b9734d885485dab9734d885985d46', 'annotations': [{'key': 'path', 'value': 'guest/helloworld'}, {'key': 'waitTime', 'value': 6083}, {'key': 'kind', 'value': 'blackbox'}, {'key': 'limits', 'value': {'concurrency': 1, 'logs': 10, 'memory': 128, 'timeout': 60000}}, {'key': 'initTime', 'value': 622}], 'duration': 2640, 'end': 1652102290775, 'logs': [], 'name': 'helloworld', 'namespace': 'guest', 'publish': False, 'response': {'result': {'message': 'Hello World Openwhisk', 'version': 2}, 'status': 'success', 'success': True}, 'start': 1652102288135, 'subject': 'guest', 'version': '0.0.19'}",
        "activationId": "646b9734d885485dab9734d885985d46",
        "client_info": {
            "elapsed_time": 15.046578884124756,
            "blocking": true
        }
    },
    "6": {
        "message": "Hello World Openwhisk",
        "version": 2,
        "raw": "{'activationId': 'a61d544a9ff5463c9d544a9ff5963c0e', 'annotations': [{'key': 'limits', 'value': {'concurrency': 1, 'logs': 10, 'memory': 128, 'timeout': 60000}}, {'key': 'path', 'value': 'guest/helloworld'}, {'key': 'kind', 'value': 'blackbox'}, {'key': 'waitTime', 'value': 8968}], 'duration': 2011, 'end': 1652102293077, 'logs': [], 'name': 'helloworld', 'namespace': 'guest', 'publish': False, 'response': {'result': {'message': 'Hello World Openwhisk', 'version': 2}, 'status': 'success', 'success': True}, 'start': 1652102291066, 'subject': 'guest', 'version': '0.0.19'}",
        "activationId": "a61d544a9ff5463c9d544a9ff5963c0e",
        "client_info": {
            "elapsed_time": 13.87031102180481,
            "blocking": true
        }
    },
    "7": {
        "message": "Hello World Openwhisk",
        "version": 2,
        "raw": "{'activationId': 'edf79a9b385745a8b79a9b385725a85a', 'annotations': [{'key': 'limits', 'value': {'concurrency': 1, 'logs': 10, 'memory': 128, 'timeout': 60000}}, {'key': 'path', 'value': 'guest/helloworld'}, {'key': 'kind', 'value': 'blackbox'}, {'key': 'waitTime', 'value': 9477}], 'duration': 2025, 'end': 1652102293600, 'logs': [], 'name': 'helloworld', 'namespace': 'guest', 'publish': False, 'response': {'result': {'message': 'Hello World Openwhisk', 'version': 2}, 'status': 'success', 'success': True}, 'start': 1652102291575, 'subject': 'guest', 'version': '0.0.19'}",
        "activationId": "edf79a9b385745a8b79a9b385725a85a",
        "client_info": {
            "elapsed_time": 13.865018129348755,
            "blocking": true
        }
    },
    "8": {
        "message": "Hello World Openwhisk",
        "version": 2,
        "raw": "{'activationId': '8af0e25daa3b4979b0e25daa3b2979a3', 'annotations': [{'key': 'limits', 'value': {'concurrency': 1, 'logs': 10, 'memory': 128, 'timeout': 60000}}, {'key': 'path', 'value': 'guest/helloworld'}, {'key': 'kind', 'value': 'blackbox'}, {'key': 'waitTime', 'value': 9474}], 'duration': 2018, 'end': 1652102293612, 'logs': [], 'name': 'helloworld', 'namespace': 'guest', 'publish': False, 'response': {'result': {'message': 'Hello World Openwhisk', 'version': 2}, 'status': 'success', 'success': True}, 'start': 1652102291594, 'subject': 'guest', 'version': '0.0.19'}",
        "activationId": "8af0e25daa3b4979b0e25daa3b2979a3",
        "client_info": {
            "elapsed_time": 13.862525939941406,
            "blocking": true
        }
    },
    "9": {
        "message": "Hello World Openwhisk",
        "version": 2,
        "raw": "{'activationId': '22c3f057731c47cd83f057731cc7cd8d', 'annotations': [{'key': 'limits', 'value': {'concurrency': 1, 'logs': 10, 'memory': 128, 'timeout': 60000}}, {'key': 'path', 'value': 'guest/helloworld'}, {'key': 'kind', 'value': 'blackbox'}, {'key': 'waitTime', 'value': 9128}], 'duration': 2052, 'end': 1652102293288, 'logs': [], 'name': 'helloworld', 'namespace': 'guest', 'publish': False, 'response': {'result': {'message': 'Hello World Openwhisk', 'version': 2}, 'status': 'success', 'success': True}, 'start': 1652102291236, 'subject': 'guest', 'version': '0.0.19'}",
        "activationId": "22c3f057731c47cd83f057731cc7cd8d",
        "client_info": {
            "elapsed_time": 13.859278917312622,
            "blocking": true
        }
    },
    "10": {
        "message": "Hello World Openwhisk",
        "version": 2,
        "raw": "{'activationId': 'acf9510c19304478b9510c1930c47895', 'annotations': [{'key': 'path', 'value': 'guest/helloworld'}, {'key': 'waitTime', 'value': 6485}, {'key': 'kind', 'value': 'blackbox'}, {'key': 'limits', 'value': {'concurrency': 1, 'logs': 10, 'memory': 128, 'timeout': 60000}}, {'key': 'initTime', 'value': 545}], 'duration': 2558, 'end': 1652102291056, 'logs': [], 'name': 'helloworld', 'namespace': 'guest', 'publish': False, 'response': {'result': {'message': 'Hello World Openwhisk', 'version': 2}, 'status': 'success', 'success': True}, 'start': 1652102288498, 'subject': 'guest', 'version': '0.0.19'}",
        "activationId": "acf9510c19304478b9510c1930c47895",
        "client_info": {
            "elapsed_time": 13.851821184158325,
            "blocking": true
        }
    },
    "11": {
        "message": "Hello World Openwhisk",
        "version": 2,
        "raw": "{'activationId': 'e4b5e88e4c9e4b13b5e88e4c9e0b13e8', 'annotations': [{'key': 'limits', 'value': {'concurrency': 1, 'logs': 10, 'memory': 128, 'timeout': 60000}}, {'key': 'path', 'value': 'guest/helloworld'}, {'key': 'kind', 'value': 'blackbox'}, {'key': 'waitTime', 'value': 9464}], 'duration': 2024, 'end': 1652102293509, 'logs': [], 'name': 'helloworld', 'namespace': 'guest', 'publish': False, 'response': {'result': {'message': 'Hello World Openwhisk', 'version': 2}, 'status': 'success', 'success': True}, 'start': 1652102291485, 'subject': 'guest', 'version': '0.0.19'}",
        "activationId": "e4b5e88e4c9e4b13b5e88e4c9e0b13e8",
        "client_info": {
            "elapsed_time": 13.853983879089355,
            "blocking": true
        }
    },
    "12": {
        "message": "Hello World Openwhisk",
        "version": 2,
        "raw": "{'activationId': 'b08d7f208bf646108d7f208bf63610a1', 'annotations': [{'key': 'path', 'value': 'guest/helloworld'}, {'key': 'waitTime', 'value': 7082}, {'key': 'kind', 'value': 'blackbox'}, {'key': 'limits', 'value': {'concurrency': 1, 'logs': 10, 'memory': 128, 'timeout': 60000}}, {'key': 'initTime', 'value': 426}], 'duration': 2442, 'end': 1652102291547, 'logs': [], 'name': 'helloworld', 'namespace': 'guest', 'publish': False, 'response': {'result': {'message': 'Hello World Openwhisk', 'version': 2}, 'status': 'success', 'success': True}, 'start': 1652102289105, 'subject': 'guest', 'version': '0.0.19'}",
        "activationId": "b08d7f208bf646108d7f208bf63610a1",
        "client_info": {
            "elapsed_time": 13.851479053497314,
            "blocking": true
        }
    },
    "13": {
        "message": "Hello World Openwhisk",
        "version": 2,
        "raw": "{'activationId': 'afed84e86b5d4afdad84e86b5ddafd86', 'annotations': [{'key': 'limits', 'value': {'concurrency': 1, 'logs': 10, 'memory': 128, 'timeout': 60000}}, {'key': 'path', 'value': 'guest/helloworld'}, {'key': 'kind', 'value': 'blackbox'}, {'key': 'waitTime', 'value': 9461}], 'duration': 2009, 'end': 1652102293463, 'logs': [], 'name': 'helloworld', 'namespace': 'guest', 'publish': False, 'response': {'result': {'message': 'Hello World Openwhisk', 'version': 2}, 'status': 'success', 'success': True}, 'start': 1652102291454, 'subject': 'guest', 'version': '0.0.19'}",
        "activationId": "afed84e86b5d4afdad84e86b5ddafd86",
        "client_info": {
            "elapsed_time": 13.84867787361145,
            "blocking": true
        }
    },
    "14": {
        "message": "Hello World Openwhisk",
        "version": 2,
        "raw": "{'activationId': '2490944949f54fdf90944949f56fdf16', 'annotations': [{'key': 'limits', 'value': {'concurrency': 1, 'logs': 10, 'memory': 128, 'timeout': 60000}}, {'key': 'path', 'value': 'guest/helloworld'}, {'key': 'kind', 'value': 'blackbox'}, {'key': 'waitTime', 'value': 8764}], 'duration': 2010, 'end': 1652102292795, 'logs': [], 'name': 'helloworld', 'namespace': 'guest', 'publish': False, 'response': {'result': {'message': 'Hello World Openwhisk', 'version': 2}, 'status': 'success', 'success': True}, 'start': 1652102290785, 'subject': 'guest', 'version': '0.0.19'}",
        "activationId": "2490944949f54fdf90944949f56fdf16",
        "client_info": {
            "elapsed_time": 13.841875076293945,
            "blocking": true
        }
    },
    "15": {
        "message": "Hello World Openwhisk",
        "version": 2,
        "raw": "{'activationId': '404d11c10b6548db8d11c10b6538db36', 'annotations': [{'key': 'limits', 'value': {'concurrency': 1, 'logs': 10, 'memory': 128, 'timeout': 60000}}, {'key': 'path', 'value': 'guest/helloworld'}, {'key': 'kind', 'value': 'blackbox'}, {'key': 'waitTime', 'value': 9446}], 'duration': 2017, 'end': 1652102293487, 'logs': [], 'name': 'helloworld', 'namespace': 'guest', 'publish': False, 'response': {'result': {'message': 'Hello World Openwhisk', 'version': 2}, 'status': 'success', 'success': True}, 'start': 1652102291470, 'subject': 'guest', 'version': '0.0.19'}",
        "activationId": "404d11c10b6548db8d11c10b6538db36",
        "client_info": {
            "elapsed_time": 13.84439492225647,
            "blocking": true
        }
    },
    "16": {
        "message": "Hello World Openwhisk",
        "version": 2,
        "raw": "{'activationId': '6734d6c63ba74558b4d6c63ba7f55883', 'annotations': [{'key': 'path', 'value': 'guest/helloworld'}, {'key': 'waitTime', 'value': 6843}, {'key': 'kind', 'value': 'blackbox'}, {'key': 'limits', 'value': {'concurrency': 1, 'logs': 10, 'memory': 128, 'timeout': 60000}}, {'key': 'initTime', 'value': 586}], 'duration': 2602, 'end': 1652102291468, 'logs': [], 'name': 'helloworld', 'namespace': 'guest', 'publish': False, 'response': {'result': {'message': 'Hello World Openwhisk', 'version': 2}, 'status': 'success', 'success': True}, 'start': 1652102288866, 'subject': 'guest', 'version': '0.0.19'}",
        "activationId": "6734d6c63ba74558b4d6c63ba7f55883",
        "client_info": {
            "elapsed_time": 13.84536075592041,
            "blocking": true
        }
    },
    "client_info": {
        "start_time": "1652102281.6399202",
        "end_time": "1652102296.6888509",
        "total_elapsed_time": "15.048930644989014"
    }
}