{
    "1": {
        "message": "Hello World Openwhisk",
        "version": 2,
        "raw": "{'activationId': 'd7c1618eca684a6b81618eca688a6bf1', 'annotations': [{'key': 'limits', 'value': {'concurrency': 1, 'logs': 10, 'memory': 128, 'timeout': 60000}}, {'key': 'path', 'value': 'guest/helloworld'}, {'key': 'kind', 'value': 'blackbox'}, {'key': 'waitTime', 'value': 9726}], 'duration': 2012, 'end': 1652102281547, 'logs': [], 'name': 'helloworld', 'namespace': 'guest', 'publish': False, 'response': {'result': {'message': 'Hello World Openwhisk', 'version': 2}, 'status': 'success', 'success': True}, 'start': 1652102279535, 'subject': 'guest', 'version': '0.0.19'}",
        "activationId": "d7c1618eca684a6b81618eca688a6bf1",
        "client_info": {
            "elapsed_time": 12.086732864379883,
            "blocking": true
        }
    },
    "2": {
        "message": "Hello World Openwhisk",
        "version": 2,
        "raw": "{'activationId': 'e9d8cc0cf1c8453598cc0cf1c895352e', 'annotations': [{'key': 'path', 'value': 'guest/helloworld'}, {'key': 'waitTime', 'value': 7274}, {'key': 'kind', 'value': 'blackbox'}, {'key': 'limits', 'value': {'concurrency': 1, 'logs': 10, 'memory': 128, 'timeout': 60000}}, {'key': 'initTime', 'value': 439}], 'duration': 2460, 'end': 1652102279556, 'logs': [], 'name': 'helloworld', 'namespace': 'guest', 'publish': False, 'response': {'result': {'message': 'Hello World Openwhisk', 'version': 2}, 'status': 'success', 'success': True}, 'start': 1652102277096, 'subject': 'guest', 'version': '0.0.19'}",
        "activationId": "e9d8cc0cf1c8453598cc0cf1c895352e",
        "client_info": {
            "elapsed_time": 10.042007684707642,
            "blocking": true
        }
    },
    "3": {
        "message": "Hello World Openwhisk",
        "version": 2,
        "raw": "{'activationId': 'dfba0429cf6444b5ba0429cf6454b5e4', 'annotations': [{'key': 'path', 'value': 'guest/helloworld'}, {'key': 'waitTime', 'value': 6862}, {'key': 'kind', 'value': 'blackbox'}, {'key': 'limits', 'value': {'concurrency': 1, 'logs': 10, 'memory': 128, 'timeout': 60000}}, {'key': 'initTime', 'value': 753}], 'duration': 2779, 'end': 1652102279451, 'logs': [], 'name': 'helloworld', 'namespace': 'guest', 'publish': False, 'response': {'result': {'message': 'Hello World Openwhisk', 'version': 2}, 'status': 'success', 'success': True}, 'start': 1652102276672, 'subject': 'guest', 'version': '0.0.19'}",
        "activationId": "dfba0429cf6444b5ba0429cf6454b5e4",
        "client_info": {
            "elapsed_time": 9.935240268707275,
            "blocking": true
        }
    },
    "4": {
        "message": "Hello World Openwhisk",
        "version": 2,
        "raw": "{'activationId': 'ba841a7f8b864777841a7f8b8617778e', 'annotations': [{'key': 'limits', 'value': {'concurrency': 1, 'logs': 10, 'memory': 128, 'timeout': 60000}}, {'key': 'path', 'value': 'guest/helloworld'}, {'key': 'kind', 'value': 'blackbox'}, {'key': 'waitTime', 'value': 9710}], 'duration': 2013, 'end': 1652102281534, 'logs': [], 'name': 'helloworld', 'namespace': 'guest', 'publish': False, 'response': {'result': {'message': 'Hello World Openwhisk', 'version': 2}, 'status': 'success', 'success': True}, 'start': 1652102279521, 'subject': 'guest', 'version': '0.0.19'}",
        "activationId": "ba841a7f8b864777841a7f8b8617778e",
        "client_info": {
            "elapsed_time": 12.083555221557617,
            "blocking": true
        }
    },
    "5": {
        "message": null,
        "version": 0,
        "client_info": {
            "elapsed_time": 0,
            "blocking": true
        }
    },
    "6": {
        "message": "Hello World Openwhisk",
        "version": 2,
        "raw": "{'activationId': '689abd1ac55642299abd1ac5565229b1', 'annotations': [{'key': 'path', 'value': 'guest/helloworld'}, {'key': 'waitTime', 'value': 7012}, {'key': 'kind', 'value': 'blackbox'}, {'key': 'limits', 'value': {'concurrency': 1, 'logs': 10, 'memory': 128, 'timeout': 60000}}, {'key': 'initTime', 'value': 661}], 'duration': 2674, 'end': 1652102279499, 'logs': [], 'name': 'helloworld', 'namespace': 'guest', 'publish': False, 'response': {'result': {'message': 'Hello World Openwhisk', 'version': 2}, 'status': 'success', 'success': True}, 'start': 1652102276825, 'subject': 'guest', 'version': '0.0.19'}",
        "activationId": "689abd1ac55642299abd1ac5565229b1",
        "client_info": {
            "elapsed_time": 9.980393171310425,
            "blocking": true
        }
    },
    "7": {
        "message": "Hello World Openwhisk",
        "version": 2,
        "raw": "{'activationId': '5ece98d10231410d8e98d10231410de2', 'annotations': [{'key': 'path', 'value': 'guest/helloworld'}, {'key': 'waitTime', 'value': 6644}, {'key': 'kind', 'value': 'blackbox'}, {'key': 'limits', 'value': {'concurrency': 1, 'logs': 10, 'memory': 128, 'timeout': 60000}}, {'key': 'initTime', 'value': 864}], 'duration': 2882, 'end': 1652102279340, 'logs': [], 'name': 'helloworld', 'namespace': 'guest', 'publish': False, 'response': {'result': {'message': 'Hello World Openwhisk', 'version': 2}, 'status': 'success', 'success': True}, 'start': 1652102276458, 'subject': 'guest', 'version': '0.0.19'}",
        "activationId": "5ece98d10231410d8e98d10231410de2",
        "client_info": {
            "elapsed_time": 9.893597841262817,
            "blocking": true
        }
    },
    "8": {
        "message": "Hello World Openwhisk",
        "version": 2,
        "raw": "{'activationId': '750b8725163d4c488b8725163d9c4874', 'annotations': [{'key': 'limits', 'value': {'concurrency': 1, 'logs': 10, 'memory': 128, 'timeout': 60000}}, {'key': 'path', 'value': 'guest/helloworld'}, {'key': 'kind', 'value': 'blackbox'}, {'key': 'waitTime', 'value': 9647}], 'duration': 2016, 'end': 1652102281483, 'logs': [], 'name': 'helloworld', 'namespace': 'guest', 'publish': False, 'response': {'result': {'message': 'Hello World Openwhisk', 'version': 2}, 'status': 'success', 'success': True}, 'start': 1652102279467, 'subject': 'guest', 'version': '0.0.19'}",
        "activationId": "750b8725163d4c488b8725163d9c4874",
        "client_info": {
            "elapsed_time": 11.958805799484253,
            "blocking": true
        }
    },
    "9": {
        "message": "Hello World Openwhisk",
        "version": 2,
        "raw": "{'activationId': '8d4d0b5b1a71466a8d0b5b1a71e66a91', 'annotations': [{'key': 'path', 'value': 'guest/helloworld'}, {'key': 'waitTime', 'value': 7190}, {'key': 'kind', 'value': 'blackbox'}, {'key': 'limits', 'value': {'concurrency': 1, 'logs': 10, 'memory': 128, 'timeout': 60000}}, {'key': 'initTime', 'value': 567}], 'duration': 2581, 'end': 1652102279598, 'logs': [], 'name': 'helloworld', 'namespace': 'guest', 'publish': False, 'response': {'result': {'message': 'Hello World Openwhisk', 'version': 2}, 'status': 'success', 'success': True}, 'start': 1652102277017, 'subject': 'guest', 'version': '0.0.19'}",
        "activationId": "8d4d0b5b1a71466a8d0b5b1a71e66a91",
        "client_info": {
            "elapsed_time": 10.078529834747314,
            "blocking": true
        }
    },
    "10": {
        "message": "Hello World Openwhisk",
        "version": 2,
        "raw": "{'activationId': 'a3f1452bb1cc4064b1452bb1cce064e2', 'annotations': [{'key': 'path', 'value': 'guest/helloworld'}, {'key': 'waitTime', 'value': 7352}, {'key': 'kind', 'value': 'blackbox'}, {'key': 'limits', 'value': {'concurrency': 1, 'logs': 10, 'memory': 128, 'timeout': 60000}}, {'key': 'initTime', 'value': 470}], 'duration': 2479, 'end': 1652102279663, 'logs': [], 'name': 'helloworld', 'namespace': 'guest', 'publish': False, 'response': {'result': {'message': 'Hello World Openwhisk', 'version': 2}, 'status': 'success', 'success': True}, 'start': 1652102277184, 'subject': 'guest', 'version': '0.0.19'}",
        "activationId": "a3f1452bb1cc4064b1452bb1cce064e2",
        "client_info": {
            "elapsed_time": 10.1389479637146,
            "blocking": true
        }
    },
    "11": {
        "message": null,
        "version": 0,
        "client_info": {
            "elapsed_time": 0,
            "blocking": true
        }
    },
    "12": {
        "message": null,
        "version": 0,
        "client_info": {
            "elapsed_time": 0,
            "blocking": true
        }
    },
    "13": {
        "message": "Hello World Openwhisk",
        "version": 2,
        "raw": "{'activationId': '257e03ab2781408abe03ab2781008a85', 'annotations': [{'key': 'limits', 'value': {'concurrency': 1, 'logs': 10, 'memory': 128, 'timeout': 60000}}, {'key': 'path', 'value': 'guest/helloworld'}, {'key': 'kind', 'value': 'blackbox'}, {'key': 'waitTime', 'value': 9529}], 'duration': 2013, 'end': 1652102281369, 'logs': [], 'name': 'helloworld', 'namespace': 'guest', 'publish': False, 'response': {'result': {'message': 'Hello World Openwhisk', 'version': 2}, 'status': 'success', 'success': True}, 'start': 1652102279356, 'subject': 'guest', 'version': '0.0.19'}",
        "activationId": "257e03ab2781408abe03ab2781008a85",
        "client_info": {
            "elapsed_time": 11.832290887832642,
            "blocking": true
        }
    },
    "14": {
        "message": "Hello World Openwhisk",
        "version": 2,
        "raw": "{'activationId': '57a1959f87c04edca1959f87c0aedc4d', 'annotations': [{'key': 'path', 'value': 'guest/helloworld'}, {'key': 'waitTime', 'value': 7311}, {'key': 'kind', 'value': 'blackbox'}, {'key': 'limits', 'value': {'concurrency': 1, 'logs': 10, 'memory': 128, 'timeout': 60000}}, {'key': 'initTime', 'value': 520}], 'duration': 2532, 'end': 1652102279675, 'logs': [], 'name': 'helloworld', 'namespace': 'guest', 'publish': False, 'response': {'result': {'message': 'Hello World Openwhisk', 'version': 2}, 'status': 'success', 'success': True}, 'start': 1652102277143, 'subject': 'guest', 'version': '0.0.19'}",
        "activationId": "57a1959f87c04edca1959f87c0aedc4d",
        "client_info": {
            "elapsed_time": 10.140809059143066,
            "blocking": true
        }
    },
    "15": {
        "message": null,
        "version": 0,
        "client_info": {
            "elapsed_time": 0,
            "blocking": true
        }
    },
    "16": {
        "message": "Hello World Openwhisk",
        "version": 2,
        "raw": "{'activationId': '7a920147c7a44a9a920147c7a40a9a9e', 'annotations': [{'key': 'path', 'value': 'guest/helloworld'}, {'key': 'waitTime', 'value': 6706}, {'key': 'kind', 'value': 'blackbox'}, {'key': 'limits', 'value': {'concurrency': 1, 'logs': 10, 'memory': 128, 'timeout': 60000}}, {'key': 'initTime', 'value': 899}], 'duration': 2957, 'end': 1652102279498, 'logs': [], 'name': 'helloworld', 'namespace': 'guest', 'publish': False, 'response': {'result': {'message': 'Hello World Openwhisk', 'version': 2}, 'status': 'success', 'success': True}, 'start': 1652102276541, 'subject': 'guest', 'version': '0.0.19'}",
        "activationId": "7a920147c7a44a9a920147c7a40a9a9e",
        "client_info": {
            "elapsed_time": 9.96239161491394,
            "blocking": true
        }
    },
    "client_info": {
        "start_time": "1652102269.4297972",
        "end_time": "1652102281.517893",
        "total_elapsed_time": "12.088095903396606"
    }
}