{
    "1": {
        "activationId": "f00235b8-cf84-11ec-b104-e45f01827912",
        "message": "Hello World from Nanos",
        "version": "1",
        "client_info": {
            "elapsed_time": 25.519433975219727,
            "blocking": true
        }
    },
    "2": {
        "activationId": "eff610c6-cf84-11ec-a8ed-e45f01827912",
        "message": "Hello World from Nanos",
        "version": "1",
        "client_info": {
            "elapsed_time": 24.89632821083069,
            "blocking": true
        }
    },
    "3": {
        "activationId": "efff1c02-cf84-11ec-88a3-e45f01827912",
        "message": "Hello World from Nanos",
        "version": "1",
        "client_info": {
            "elapsed_time": 25.433849096298218,
            "blocking": true
        }
    },
    "4": {
        "activationId": "eff6a644-cf84-11ec-afd0-e45f01827912",
        "message": "Hello World from Nanos",
        "version": "1",
        "client_info": {
            "elapsed_time": 24.960899829864502,
            "blocking": true
        }
    },
    "5": {
        "activationId": "effa5fb4-cf84-11ec-a7ea-e45f01827912",
        "message": "Hello World from Nanos",
        "version": "1",
        "client_info": {
            "elapsed_time": 23.558593034744263,
            "blocking": true
        }
    },
    "6": {
        "activationId": "f007bace-cf84-11ec-ad96-e45f01827912",
        "message": "Hello World from Nanos",
        "version": "1",
        "client_info": {
            "elapsed_time": 24.866273880004883,
            "blocking": true
        }
    },
    "7": {
        "activationId": "f0090bcc-cf84-11ec-a689-e45f01827912",
        "message": "Hello World from Nanos",
        "version": "1",
        "client_info": {
            "elapsed_time": 25.148972034454346,
            "blocking": true
        }
    },
    "8": {
        "activationId": "f01613ee-cf84-11ec-86f2-e45f01827912",
        "message": "Hello World from Nanos",
        "version": "1",
        "client_info": {
            "elapsed_time": 25.040618896484375,
            "blocking": true
        }
    },
    "9": {
        "activationId": "f0103384-cf84-11ec-b558-e45f01827912",
        "message": "Hello World from Nanos",
        "version": "1",
        "client_info": {
            "elapsed_time": 24.38658595085144,
            "blocking": true
        }
    },
    "10": {
        "activationId": "f01e7bc4-cf84-11ec-9ae8-e45f01827912",
        "message": "Hello World from Nanos",
        "version": "1",
        "client_info": {
            "elapsed_time": 25.629114151000977,
            "blocking": true
        }
    },
    "11": {
        "activationId": "effb0a18-cf84-11ec-bb05-e45f01827912",
        "message": "Hello World from Nanos",
        "version": "1",
        "client_info": {
            "elapsed_time": 25.481191158294678,
            "blocking": true
        }
    },
    "12": {
        "activationId": "f027b1d0-cf84-11ec-9006-e45f01827912",
        "message": "Hello World from Nanos",
        "version": "1",
        "client_info": {
            "elapsed_time": 25.543389797210693,
            "blocking": true
        }
    },
    "13": {
        "activationId": "f026c9e6-cf84-11ec-a211-e45f01827912",
        "message": "Hello World from Nanos",
        "version": "1",
        "client_info": {
            "elapsed_time": 25.635181188583374,
            "blocking": true
        }
    },
    "14": {
        "activationId": "f011ec9c-cf84-11ec-b2a4-e45f01827912",
        "message": "Hello World from Nanos",
        "version": "1",
        "client_info": {
            "elapsed_time": 24.75647473335266,
            "blocking": true
        }
    },
    "client_info": {
        "start_time": "1652093040.865366",
        "end_time": "1652093066.503253",
        "total_elapsed_time": "25.637887001037598"
    }
}