{
    "5801176c-caa1-11ec-a22a-e45f01827912": {
        "activationId": "5801176c-caa1-11ec-a22a-e45f01827912",
        "message": "Hello World from Nanos",
        "version": "1",
        "client_info": {
            "elapsed_time": 22.730769157409668,
            "blocking": true
        }
    },
    "57fc577c-caa1-11ec-a360-e45f01827912": {
        "activationId": "57fc577c-caa1-11ec-a360-e45f01827912",
        "message": "Hello World from Nanos",
        "version": "1",
        "client_info": {
            "elapsed_time": 22.560092210769653,
            "blocking": true
        }
    },
    "57f82d8c-caa1-11ec-a04d-e45f01827912": {
        "activationId": "57f82d8c-caa1-11ec-a04d-e45f01827912",
        "message": "Hello World from Nanos",
        "version": "1",
        "client_info": {
            "elapsed_time": 22.98756718635559,
            "blocking": true
        }
    },
    "5808fd88-caa1-11ec-8936-e45f01827912": {
        "activationId": "5808fd88-caa1-11ec-8936-e45f01827912",
        "message": "Hello World from Nanos",
        "version": "1",
        "client_info": {
            "elapsed_time": 23.217188119888306,
            "blocking": true
        }
    },
    "5808095a-caa1-11ec-9237-e45f01827912": {
        "activationId": "5808095a-caa1-11ec-9237-e45f01827912",
        "message": "Hello World from Nanos",
        "version": "1",
        "client_info": {
            "elapsed_time": 23.298286199569702,
            "blocking": true
        }
    },
    "57f79570-caa1-11ec-ab3c-e45f01827912": {
        "activationId": "57f79570-caa1-11ec-ab3c-e45f01827912",
        "message": "Hello World from Nanos",
        "version": "1",
        "client_info": {
            "elapsed_time": 23.054764986038208,
            "blocking": true
        }
    },
    "57fcb276-caa1-11ec-995c-e45f01827912": {
        "activationId": "57fcb276-caa1-11ec-995c-e45f01827912",
        "message": "Hello World from Nanos",
        "version": "1",
        "client_info": {
            "elapsed_time": 23.08668303489685,
            "blocking": true
        }
    },
    "58023430-caa1-11ec-aa94-e45f01827912": {
        "activationId": "58023430-caa1-11ec-aa94-e45f01827912",
        "message": "Hello World from Nanos",
        "version": "1",
        "client_info": {
            "elapsed_time": 22.89735698699951,
            "blocking": true
        }
    },
    "client_info": {
        "start_time": "1651555485.1989949",
        "end_time": "1651555508.498612",
        "total_elapsed_time": "23.299617052078247"
    }
}