{
    "1": {
        "activationId": "24e42e86-cf84-11ec-93f5-e45f01827912",
        "message": "Hello World from Nanos",
        "version": "1",
        "client_info": {
            "elapsed_time": 21.76825213432312,
            "blocking": true
        }
    },
    "2": {
        "activationId": "24e7dfd6-cf84-11ec-b408-e45f01827912",
        "message": "Hello World from Nanos",
        "version": "1",
        "client_info": {
            "elapsed_time": 21.7676100730896,
            "blocking": true
        }
    },
    "3": {
        "activationId": "24e4c8aa-cf84-11ec-8f9d-e45f01827912",
        "message": "Hello World from Nanos",
        "version": "1",
        "client_info": {
            "elapsed_time": 21.7668399810791,
            "blocking": true
        }
    },
    "4": {
        "activationId": "24e909f6-cf84-11ec-9003-e45f01827912",
        "message": "Hello World from Nanos",
        "version": "1",
        "client_info": {
            "elapsed_time": 21.766311168670654,
            "blocking": true
        }
    },
    "client_info": {
        "start_time": "1652092700.161076",
        "end_time": "1652092721.929587",
        "total_elapsed_time": "21.768510818481445"
    }
}