{
    "1": {
        "activationId": "37ee6564-cf84-11ec-af7f-e45f01827912",
        "message": "Hello World from Nanos",
        "version": "1",
        "client_info": {
            "elapsed_time": 22.15621590614319,
            "blocking": true
        }
    },
    "2": {
        "activationId": "37e53322-cf84-11ec-a58c-e45f01827912",
        "message": "Hello World from Nanos",
        "version": "1",
        "client_info": {
            "elapsed_time": 22.227386951446533,
            "blocking": true
        }
    },
    "3": {
        "activationId": "37e93e72-cf84-11ec-b05a-e45f01827912",
        "message": "Hello World from Nanos",
        "version": "1",
        "client_info": {
            "elapsed_time": 22.005430936813354,
            "blocking": true
        }
    },
    "4": {
        "activationId": "37e4c55e-cf84-11ec-a9f1-e45f01827912",
        "message": "Hello World from Nanos",
        "version": "1",
        "client_info": {
            "elapsed_time": 22.344309091567993,
            "blocking": true
        }
    },
    "5": {
        "activationId": "37e451f0-cf84-11ec-936a-e45f01827912",
        "message": "Hello World from Nanos",
        "version": "1",
        "client_info": {
            "elapsed_time": 22.005346059799194,
            "blocking": true
        }
    },
    "client_info": {
        "start_time": "1652092732.078061",
        "end_time": "1652092754.423216",
        "total_elapsed_time": "22.345155000686646"
    }
}