{
    "1": {
        "message": "Hello World Openwhisk",
        "version": 1,
        "raw": "{'activationId': '9e1e3766d650496b9e3766d650696bc7', 'annotations': [{'key': 'path', 'value': 'guest/helloworld'}, {'key': 'waitTime', 'value': 6943}, {'key': 'kind', 'value': 'blackbox'}, {'key': 'limits', 'value': {'concurrency': 1, 'logs': 10, 'memory': 128, 'timeout': 60000}}, {'key': 'initTime', 'value': 711}], 'duration': 2728, 'end': 1652102212166, 'logs': [], 'name': 'helloworld', 'namespace': 'guest', 'publish': False, 'response': {'result': {'message': 'Hello World Openwhisk', 'version': 1}, 'status': 'success', 'success': True}, 'start': 1652102209438, 'subject': 'guest', 'version': '0.0.18'}",
        "activationId": "9e1e3766d650496b9e3766d650696bc7",
        "client_info": {
            "elapsed_time": 10.132750749588013,
            "blocking": true
        }
    },
    "2": {
        "message": "Hello World Openwhisk",
        "version": 1,
        "raw": "{'activationId': 'd505128c4fd3462785128c4fd3662708', 'annotations': [{'key': 'path', 'value': 'guest/helloworld'}, {'key': 'waitTime', 'value': 7812}, {'key': 'kind', 'value': 'blackbox'}, {'key': 'limits', 'value': {'concurrency': 1, 'logs': 10, 'memory': 128, 'timeout': 60000}}, {'key': 'initTime', 'value': 646}], 'duration': 2662, 'end': 1652102212934, 'logs': [], 'name': 'helloworld', 'namespace': 'guest', 'publish': False, 'response': {'result': {'message': 'Hello World Openwhisk', 'version': 1}, 'status': 'success', 'success': True}, 'start': 1652102210272, 'subject': 'guest', 'version': '0.0.18'}",
        "activationId": "d505128c4fd3462785128c4fd3662708",
        "client_info": {
            "elapsed_time": 11.35524606704712,
            "blocking": true
        }
    },
    "3": {
        "message": "Hello World Openwhisk",
        "version": 1,
        "raw": "{'activationId': '3e2f0204f82e42b9af0204f82ec2b953', 'annotations': [{'key': 'limits', 'value': {'concurrency': 1, 'logs': 10, 'memory': 128, 'timeout': 60000}}, {'key': 'path', 'value': 'guest/helloworld'}, {'key': 'kind', 'value': 'blackbox'}, {'key': 'waitTime', 'value': 10460}], 'duration': 2012, 'end': 1652102214964, 'logs': [], 'name': 'helloworld', 'namespace': 'guest', 'publish': False, 'response': {'result': {'message': 'Hello World Openwhisk', 'version': 1}, 'status': 'success', 'success': True}, 'start': 1652102212952, 'subject': 'guest', 'version': '0.0.18'}",
        "activationId": "3e2f0204f82e42b9af0204f82ec2b953",
        "client_info": {
            "elapsed_time": 12.931713104248047,
            "blocking": true
        }
    },
    "4": {
        "message": "Hello World Openwhisk",
        "version": 1,
        "raw": "{'activationId': 'da095087050246d8895087050296d879', 'annotations': [{'key': 'path', 'value': 'guest/helloworld'}, {'key': 'waitTime', 'value': 8098}, {'key': 'kind', 'value': 'blackbox'}, {'key': 'limits', 'value': {'concurrency': 1, 'logs': 10, 'memory': 128, 'timeout': 60000}}, {'key': 'initTime', 'value': 487}], 'duration': 2508, 'end': 1652102213067, 'logs': [], 'name': 'helloworld', 'namespace': 'guest', 'publish': False, 'response': {'result': {'message': 'Hello World Openwhisk', 'version': 1}, 'status': 'success', 'success': True}, 'start': 1652102210559, 'subject': 'guest', 'version': '0.0.18'}",
        "activationId": "da095087050246d8895087050296d879",
        "client_info": {
            "elapsed_time": 11.333699226379395,
            "blocking": true
        }
    },
    "5": {
        "message": "Hello World Openwhisk",
        "version": 1,
        "raw": "{'activationId': 'a7813b5a867048f3813b5a867068f300', 'annotations': [{'key': 'limits', 'value': {'concurrency': 1, 'logs': 10, 'memory': 128, 'timeout': 60000}}, {'key': 'path', 'value': 'guest/helloworld'}, {'key': 'kind', 'value': 'blackbox'}, {'key': 'waitTime', 'value': 9691}], 'duration': 2009, 'end': 1652102214189, 'logs': [], 'name': 'helloworld', 'namespace': 'guest', 'publish': False, 'response': {'result': {'message': 'Hello World Openwhisk', 'version': 1}, 'status': 'success', 'success': True}, 'start': 1652102212180, 'subject': 'guest', 'version': '0.0.18'}",
        "activationId": "a7813b5a867048f3813b5a867068f300",
        "client_info": {
            "elapsed_time": 12.156880140304565,
            "blocking": true
        }
    },
    "6": {
        "message": "Hello World Openwhisk",
        "version": 1,
        "raw": "{'activationId': '1d9244856d7948119244856d7928115c', 'annotations': [{'key': 'limits', 'value': {'concurrency': 1, 'logs': 10, 'memory': 128, 'timeout': 60000}}, {'key': 'path', 'value': 'guest/helloworld'}, {'key': 'kind', 'value': 'blackbox'}, {'key': 'waitTime', 'value': 10552}], 'duration': 2047, 'end': 1652102215088, 'logs': [], 'name': 'helloworld', 'namespace': 'guest', 'publish': False, 'response': {'result': {'message': 'Hello World Openwhisk', 'version': 1}, 'status': 'success', 'success': True}, 'start': 1652102213041, 'subject': 'guest', 'version': '0.0.18'}",
        "activationId": "1d9244856d7948119244856d7928115c",
        "client_info": {
            "elapsed_time": 13.573837995529175,
            "blocking": true
        }
    },
    "7": {
        "message": "Hello World Openwhisk",
        "version": 1,
        "raw": "{'activationId': '5b006a1df778465a806a1df778265ad5', 'annotations': [{'key': 'path', 'value': 'guest/helloworld'}, {'key': 'waitTime', 'value': 7975}, {'key': 'kind', 'value': 'blackbox'}, {'key': 'limits', 'value': {'concurrency': 1, 'logs': 10, 'memory': 128, 'timeout': 60000}}, {'key': 'initTime', 'value': 525}], 'duration': 2543, 'end': 1652102213013, 'logs': [], 'name': 'helloworld', 'namespace': 'guest', 'publish': False, 'response': {'result': {'message': 'Hello World Openwhisk', 'version': 1}, 'status': 'success', 'success': True}, 'start': 1652102210470, 'subject': 'guest', 'version': '0.0.18'}",
        "activationId": "5b006a1df778465a806a1df778265ad5",
        "client_info": {
            "elapsed_time": 11.015968084335327,
            "blocking": true
        }
    },
    "8": {
        "message": "Hello World Openwhisk",
        "version": 1,
        "raw": "{'activationId': '8cc7ee5128a1489787ee5128a1b89789', 'annotations': [{'key': 'limits', 'value': {'concurrency': 1, 'logs': 10, 'memory': 128, 'timeout': 60000}}, {'key': 'path', 'value': 'guest/helloworld'}, {'key': 'kind', 'value': 'blackbox'}, {'key': 'waitTime', 'value': 10602}], 'duration': 2016, 'end': 1652102215111, 'logs': [], 'name': 'helloworld', 'namespace': 'guest', 'publish': False, 'response': {'result': {'message': 'Hello World Openwhisk', 'version': 1}, 'status': 'success', 'success': True}, 'start': 1652102213095, 'subject': 'guest', 'version': '0.0.18'}",
        "activationId": "8cc7ee5128a1489787ee5128a1b89789",
        "client_info": {
            "elapsed_time": 13.56934905052185,
            "blocking": true
        }
    },
    "9": {
        "message": "Hello World Openwhisk",
        "version": 1,
        "raw": "{'activationId': '5cd7e5cf20374e2d97e5cf20370e2d3d', 'annotations': [{'key': 'path', 'value': 'guest/helloworld'}, {'key': 'waitTime', 'value': 7964}, {'key': 'kind', 'value': 'blackbox'}, {'key': 'limits', 'value': {'concurrency': 1, 'logs': 10, 'memory': 128, 'timeout': 60000}}, {'key': 'initTime', 'value': 481}], 'duration': 2506, 'end': 1652102212967, 'logs': [], 'name': 'helloworld', 'namespace': 'guest', 'publish': False, 'response': {'result': {'message': 'Hello World Openwhisk', 'version': 1}, 'status': 'success', 'success': True}, 'start': 1652102210461, 'subject': 'guest', 'version': '0.0.18'}",
        "activationId": "5cd7e5cf20374e2d97e5cf20370e2d3d",
        "client_info": {
            "elapsed_time": 11.008487224578857,
            "blocking": true
        }
    },
    "10": {
        "message": "Hello World Openwhisk",
        "version": 1,
        "raw": "{'activationId': '18ae71a54d2e4ee5ae71a54d2e0ee5e7', 'annotations': [{'key': 'path', 'value': 'guest/helloworld'}, {'key': 'waitTime', 'value': 7194}, {'key': 'kind', 'value': 'blackbox'}, {'key': 'limits', 'value': {'concurrency': 1, 'logs': 10, 'memory': 128, 'timeout': 60000}}, {'key': 'initTime', 'value': 736}], 'duration': 2765, 'end': 1652102212494, 'logs': [], 'name': 'helloworld', 'namespace': 'guest', 'publish': False, 'response': {'result': {'message': 'Hello World Openwhisk', 'version': 1}, 'status': 'success', 'success': True}, 'start': 1652102209729, 'subject': 'guest', 'version': '0.0.18'}",
        "activationId": "18ae71a54d2e4ee5ae71a54d2e0ee5e7",
        "client_info": {
            "elapsed_time": 10.494233846664429,
            "blocking": true
        }
    },
    "11": {
        "message": "Hello World Openwhisk",
        "version": 1,
        "raw": "{'activationId': 'd23a839851f14fb0ba839851f13fb019', 'annotations': [{'key': 'path', 'value': 'guest/helloworld'}, {'key': 'waitTime', 'value': 7726}, {'key': 'kind', 'value': 'blackbox'}, {'key': 'limits', 'value': {'concurrency': 1, 'logs': 10, 'memory': 128, 'timeout': 60000}}, {'key': 'initTime', 'value': 799}], 'duration': 2816, 'end': 1652102213033, 'logs': [], 'name': 'helloworld', 'namespace': 'guest', 'publish': False, 'response': {'result': {'message': 'Hello World Openwhisk', 'version': 1}, 'status': 'success', 'success': True}, 'start': 1652102210217, 'subject': 'guest', 'version': '0.0.18'}",
        "activationId": "d23a839851f14fb0ba839851f13fb019",
        "client_info": {
            "elapsed_time": 11.317486763000488,
            "blocking": true
        }
    },
    "12": {
        "message": "Hello World Openwhisk",
        "version": 1,
        "raw": "{'activationId': '5a8a62fab0604c0d8a62fab0608c0d1e', 'annotations': [{'key': 'path', 'value': 'guest/helloworld'}, {'key': 'waitTime', 'value': 7360}, {'key': 'kind', 'value': 'blackbox'}, {'key': 'limits', 'value': {'concurrency': 1, 'logs': 10, 'memory': 128, 'timeout': 60000}}, {'key': 'initTime', 'value': 970}], 'duration': 2996, 'end': 1652102212901, 'logs': [], 'name': 'helloworld', 'namespace': 'guest', 'publish': False, 'response': {'result': {'message': 'Hello World Openwhisk', 'version': 1}, 'status': 'success', 'success': True}, 'start': 1652102209905, 'subject': 'guest', 'version': '0.0.18'}",
        "activationId": "5a8a62fab0604c0d8a62fab0608c0d1e",
        "client_info": {
            "elapsed_time": 11.315431833267212,
            "blocking": true
        }
    },
    "13": {
        "message": "Hello World Openwhisk",
        "version": 1,
        "raw": "{'activationId': '047f3ea3b4914b7bbf3ea3b491fb7b78', 'annotations': [{'key': 'limits', 'value': {'concurrency': 1, 'logs': 10, 'memory': 128, 'timeout': 60000}}, {'key': 'path', 'value': 'guest/helloworld'}, {'key': 'kind', 'value': 'blackbox'}, {'key': 'waitTime', 'value': 10477}], 'duration': 2019, 'end': 1652102215006, 'logs': [], 'name': 'helloworld', 'namespace': 'guest', 'publish': False, 'response': {'result': {'message': 'Hello World Openwhisk', 'version': 1}, 'status': 'success', 'success': True}, 'start': 1652102212987, 'subject': 'guest', 'version': '0.0.18'}",
        "activationId": "047f3ea3b4914b7bbf3ea3b491fb7b78",
        "client_info": {
            "elapsed_time": 13.554038047790527,
            "blocking": true
        }
    },
    "14": {
        "message": "Hello World Openwhisk",
        "version": 1,
        "raw": "{'activationId': 'c3994e4331de4fd6994e4331de7fd63c', 'annotations': [{'key': 'limits', 'value': {'concurrency': 1, 'logs': 10, 'memory': 128, 'timeout': 60000}}, {'key': 'path', 'value': 'guest/helloworld'}, {'key': 'kind', 'value': 'blackbox'}, {'key': 'waitTime', 'value': 9977}], 'duration': 2013, 'end': 1652102214524, 'logs': [], 'name': 'helloworld', 'namespace': 'guest', 'publish': False, 'response': {'result': {'message': 'Hello World Openwhisk', 'version': 1}, 'status': 'success', 'success': True}, 'start': 1652102212511, 'subject': 'guest', 'version': '0.0.18'}",
        "activationId": "c3994e4331de4fd6994e4331de7fd63c",
        "client_info": {
            "elapsed_time": 12.47174620628357,
            "blocking": true
        }
    },
    "15": {
        "message": "Hello World Openwhisk",
        "version": 1,
        "raw": "{'activationId': 'f3642abeb3db45fba42abeb3db75fb8f', 'annotations': [{'key': 'limits', 'value': {'concurrency': 1, 'logs': 10, 'memory': 128, 'timeout': 60000}}, {'key': 'path', 'value': 'guest/helloworld'}, {'key': 'kind', 'value': 'blackbox'}, {'key': 'waitTime', 'value': 10543}], 'duration': 2031, 'end': 1652102215116, 'logs': [], 'name': 'helloworld', 'namespace': 'guest', 'publish': False, 'response': {'result': {'message': 'Hello World Openwhisk', 'version': 1}, 'status': 'success', 'success': True}, 'start': 1652102213085, 'subject': 'guest', 'version': '0.0.18'}",
        "activationId": "f3642abeb3db45fba42abeb3db75fb8f",
        "client_info": {
            "elapsed_time": 13.548513889312744,
            "blocking": true
        }
    },
    "16": {
        "message": "Hello World Openwhisk",
        "version": 1,
        "raw": "{'activationId': 'ba0696e9054944d98696e90549e4d9ea', 'annotations': [{'key': 'limits', 'value': {'concurrency': 1, 'logs': 10, 'memory': 128, 'timeout': 60000}}, {'key': 'path', 'value': 'guest/helloworld'}, {'key': 'kind', 'value': 'blackbox'}, {'key': 'waitTime', 'value': 10327}], 'duration': 2022, 'end': 1652102214937, 'logs': [], 'name': 'helloworld', 'namespace': 'guest', 'publish': False, 'response': {'result': {'message': 'Hello World Openwhisk', 'version': 1}, 'status': 'success', 'success': True}, 'start': 1652102212915, 'subject': 'guest', 'version': '0.0.18'}",
        "activationId": "ba0696e9054944d98696e90549e4d9ea",
        "client_info": {
            "elapsed_time": 12.87303900718689,
            "blocking": true
        }
    },
    "client_info": {
        "start_time": "1652102201.852121",
        "end_time": "1652102215.431211",
        "total_elapsed_time": "13.579089879989624"
    }
}