{
    "1": {
        "activationId": "84bdcb48-cf9b-11ec-9812-e45f01827912",
        "message": "Hello World from Nanos",
        "version": "2",
        "client_info": {
            "elapsed_time": 8.421329259872437,
            "blocking": true
        }
    },
    "2": {
        "activationId": "84a33490-cf9b-11ec-b640-e45f01827912",
        "client_info": {
            "elapsed_time": 4.77179217338562,
            "blocking": true
        }
    },
    "3": {
        "activationId": "84aaf5f4-cf9b-11ec-8df5-e45f01827912",
        "message": "Hello World from Nanos",
        "version": "2",
        "client_info": {
            "elapsed_time": 8.288227081298828,
            "blocking": true
        }
    },
    "4": {
        "activationId": "84a7c6ae-cf9b-11ec-988e-e45f01827912",
        "message": "Hello World from Nanos",
        "version": "2",
        "client_info": {
            "elapsed_time": 8.239131212234497,
            "blocking": true
        }
    },
    "5": {
        "activationId": "84a2ccc6-cf9b-11ec-b9c8-e45f01827912",
        "message": "Hello World from Nanos",
        "version": "1",
        "client_info": {
            "elapsed_time": 8.015823125839233,
            "blocking": true
        }
    },
    "6": {
        "activationId": "84a576a6-cf9b-11ec-8330-e45f01827912",
        "message": "Hello World from Nanos",
        "version": "1",
        "client_info": {
            "elapsed_time": 7.921427965164185,
            "blocking": true
        }
    },
    "7": {
        "activationId": "84af4b72-cf9b-11ec-864e-e45f01827912",
        "message": "Hello World from Nanos",
        "version": "1",
        "client_info": {
            "elapsed_time": 6.919584035873413,
            "blocking": true
        }
    },
    "8": {
        "activationId": "84a14e00-cf9b-11ec-bf4b-e45f01827912",
        "message": "Hello World from Nanos",
        "version": "1",
        "client_info": {
            "elapsed_time": 8.091408014297485,
            "blocking": true
        }
    },
    "9": {
        "activationId": "84b127a8-cf9b-11ec-ba74-e45f01827912",
        "message": "Hello World from Nanos",
        "version": "2",
        "client_info": {
            "elapsed_time": 8.353251218795776,
            "blocking": true
        }
    },
    "10": {
        "activationId": "84aa1b20-cf9b-11ec-8b9e-e45f01827912",
        "message": "Hello World from Nanos",
        "version": "2",
        "client_info": {
            "elapsed_time": 5.998679161071777,
            "blocking": true
        }
    },
    "11": {
        "activationId": "84b512be-cf9b-11ec-973e-e45f01827912",
        "message": "Hello World from Nanos",
        "version": "2",
        "client_info": {
            "elapsed_time": 7.642119884490967,
            "blocking": true
        }
    },
    "12": {
        "activationId": "84be7354-cf9b-11ec-a15f-e45f01827912",
        "message": "Hello World from Nanos",
        "version": "2",
        "client_info": {
            "elapsed_time": 8.439188003540039,
            "blocking": true
        }
    },
    "13": {
        "activationId": "84be8358-cf9b-11ec-83d4-e45f01827912",
        "client_info": {
            "elapsed_time": 4.7699902057647705,
            "blocking": true
        }
    },
    "14": {
        "activationId": "84d36cf0-cf9b-11ec-8a9b-e45f01827912",
        "message": "Hello World from Nanos",
        "version": "2",
        "client_info": {
            "elapsed_time": 8.266504049301147,
            "blocking": true
        }
    },
    "15": {
        "activationId": "84c9ee1e-cf9b-11ec-b0f2-e45f01827912",
        "message": "Hello World from Nanos",
        "version": "2",
        "client_info": {
            "elapsed_time": 8.385682106018066,
            "blocking": true
        }
    },
    "16": {
        "activationId": "84c791e6-cf9b-11ec-a526-e45f01827912",
        "message": "Hello World from Nanos",
        "version": "2",
        "client_info": {
            "elapsed_time": 7.667451858520508,
            "blocking": true
        }
    },
    "client_info": {
        "start_time": "1652102739.226282",
        "end_time": "1652102747.667445",
        "total_elapsed_time": "8.441163063049316"
    }
}