{
    "dba69ab0b015454ba69ab0b015154bd3": {
        "message": "Hello World Openwhisk",
        "version": 1,
        "raw": "{'activationId': 'dba69ab0b015454ba69ab0b015154bd3', 'annotations': [{'key': 'path', 'value': 'guest/helloworld'}, {'key': 'waitTime', 'value': 12960}, {'key': 'kind', 'value': 'blackbox'}, {'key': 'limits', 'value': {'concurrency': 1, 'logs': 10, 'memory': 128, 'timeout': 60000}}, {'key': 'initTime', 'value': 367}], 'duration': 20397, 'end': 1651510862358, 'logs': [], 'name': 'helloworld', 'namespace': 'guest', 'publish': False, 'response': {'result': {'message': 'Hello World Openwhisk', 'version': 1}, 'status': 'success', 'success': True}, 'start': 1651510841961, 'subject': 'guest', 'version': '0.0.5'}",
        "activationId": "dba69ab0b015454ba69ab0b015154bd3",
        "client_info": {
            "elapsed_time": 33.63110136985779,
            "blocking": true
        }
    },
    "646dafbff2ed4569adafbff2ed8569aa": {
        "message": "Hello World Openwhisk",
        "version": 1,
        "raw": "{'activationId': '646dafbff2ed4569adafbff2ed8569aa', 'annotations': [{'key': 'path', 'value': 'guest/helloworld'}, {'key': 'waitTime', 'value': 11974}, {'key': 'kind', 'value': 'blackbox'}, {'key': 'limits', 'value': {'concurrency': 1, 'logs': 10, 'memory': 128, 'timeout': 60000}}, {'key': 'initTime', 'value': 682}], 'duration': 20715, 'end': 1651510861682, 'logs': [], 'name': 'helloworld', 'namespace': 'guest', 'publish': False, 'response': {'result': {'message': 'Hello World Openwhisk', 'version': 1}, 'status': 'success', 'success': True}, 'start': 1651510840967, 'subject': 'guest', 'version': '0.0.5'}",
        "activationId": "646dafbff2ed4569adafbff2ed8569aa",
        "client_info": {
            "elapsed_time": 32.95157194137573,
            "blocking": true
        }
    },
    "96888f60d7d645aa888f60d7d615aad1": {
        "message": "Hello World Openwhisk",
        "version": 1,
        "raw": "{'activationId': '96888f60d7d645aa888f60d7d615aad1', 'annotations': [{'key': 'limits', 'value': {'concurrency': 1, 'logs': 10, 'memory': 128, 'timeout': 60000}}, {'key': 'path', 'value': 'guest/helloworld'}, {'key': 'kind', 'value': 'blackbox'}, {'key': 'waitTime', 'value': 31765}], 'duration': 20036, 'end': 1651510881743, 'logs': [], 'name': 'helloworld', 'namespace': 'guest', 'publish': False, 'response': {'result': {'message': 'Hello World Openwhisk', 'version': 1}, 'status': 'success', 'success': True}, 'start': 1651510861707, 'subject': 'guest', 'version': '0.0.5'}",
        "activationId": "96888f60d7d645aa888f60d7d615aad1",
        "client_info": {
            "elapsed_time": 53.03879380226135,
            "blocking": true
        }
    },
    "67fab37a58184422bab37a5818142230": {
        "message": "Hello World Openwhisk",
        "version": 1,
        "raw": "{'activationId': '67fab37a58184422bab37a5818142230', 'annotations': [{'key': 'path', 'value': 'guest/helloworld'}, {'key': 'waitTime', 'value': 12113}, {'key': 'kind', 'value': 'blackbox'}, {'key': 'limits', 'value': {'concurrency': 1, 'logs': 10, 'memory': 128, 'timeout': 60000}}, {'key': 'initTime', 'value': 586}], 'duration': 20617, 'end': 1651510861724, 'logs': [], 'name': 'helloworld', 'namespace': 'guest', 'publish': False, 'response': {'result': {'message': 'Hello World Openwhisk', 'version': 1}, 'status': 'success', 'success': True}, 'start': 1651510841107, 'subject': 'guest', 'version': '0.0.5'}",
        "activationId": "67fab37a58184422bab37a5818142230",
        "client_info": {
            "elapsed_time": 32.99758291244507,
            "blocking": true
        }
    },
    "cb35240504d140c7b5240504d1a0c788": {
        "message": "Hello World Openwhisk",
        "version": 1,
        "raw": "{'activationId': 'cb35240504d140c7b5240504d1a0c788', 'annotations': [{'key': 'path', 'value': 'guest/helloworld'}, {'key': 'waitTime', 'value': 13101}, {'key': 'kind', 'value': 'blackbox'}, {'key': 'limits', 'value': {'concurrency': 1, 'logs': 10, 'memory': 128, 'timeout': 60000}}, {'key': 'initTime', 'value': 326}], 'duration': 20356, 'end': 1651510862453, 'logs': [], 'name': 'helloworld', 'namespace': 'guest', 'publish': False, 'response': {'result': {'message': 'Hello World Openwhisk', 'version': 1}, 'status': 'success', 'success': True}, 'start': 1651510842097, 'subject': 'guest', 'version': '0.0.5'}",
        "activationId": "cb35240504d140c7b5240504d1a0c788",
        "client_info": {
            "elapsed_time": 33.71995306015015,
            "blocking": true
        }
    },
    "a0ce3be6f02943048e3be6f02973045c": {
        "message": "Hello World Openwhisk",
        "version": 1,
        "raw": "{'activationId': 'a0ce3be6f02943048e3be6f02973045c', 'annotations': [{'key': 'path', 'value': 'guest/helloworld'}, {'key': 'waitTime', 'value': 13039}, {'key': 'kind', 'value': 'blackbox'}, {'key': 'limits', 'value': {'concurrency': 1, 'logs': 10, 'memory': 128, 'timeout': 60000}}, {'key': 'initTime', 'value': 399}], 'duration': 20435, 'end': 1651510862482, 'logs': [], 'name': 'helloworld', 'namespace': 'guest', 'publish': False, 'response': {'result': {'message': 'Hello World Openwhisk', 'version': 1}, 'status': 'success', 'success': True}, 'start': 1651510842047, 'subject': 'guest', 'version': '0.0.5'}",
        "activationId": "a0ce3be6f02943048e3be6f02973045c",
        "client_info": {
            "elapsed_time": 33.747966051101685,
            "blocking": true
        }
    },
    "df9077cf1a3c4c579077cf1a3c3c5795": {
        "message": "Hello World Openwhisk",
        "version": 1,
        "raw": "{'activationId': 'df9077cf1a3c4c579077cf1a3c3c5795', 'annotations': [{'key': 'limits', 'value': {'concurrency': 1, 'logs': 10, 'memory': 128, 'timeout': 60000}}, {'key': 'path', 'value': 'guest/helloworld'}, {'key': 'kind', 'value': 'blackbox'}, {'key': 'waitTime', 'value': 30958}], 'duration': 20024, 'end': 1651510882371, 'logs': [], 'name': 'helloworld', 'namespace': 'guest', 'publish': False, 'response': {'result': {'message': 'Hello World Openwhisk', 'version': 1}, 'status': 'success', 'success': True}, 'start': 1651510862347, 'subject': 'guest', 'version': '0.0.5'}",
        "activationId": "df9077cf1a3c4c579077cf1a3c3c5795",
        "client_info": {
            "elapsed_time": 54.17717695236206,
            "blocking": true
        }
    },
    "8ea31b7cf75f4d42a31b7cf75fdd425a": {
        "message": "Hello World Openwhisk",
        "version": 1,
        "raw": "{'activationId': '8ea31b7cf75f4d42a31b7cf75fdd425a', 'annotations': [{'key': 'path', 'value': 'guest/helloworld'}, {'key': 'waitTime', 'value': 12826}, {'key': 'kind', 'value': 'blackbox'}, {'key': 'limits', 'value': {'concurrency': 1, 'logs': 10, 'memory': 128, 'timeout': 60000}}, {'key': 'initTime', 'value': 490}], 'duration': 20501, 'end': 1651510862321, 'logs': [], 'name': 'helloworld', 'namespace': 'guest', 'publish': False, 'response': {'result': {'message': 'Hello World Openwhisk', 'version': 1}, 'status': 'success', 'success': True}, 'start': 1651510841820, 'subject': 'guest', 'version': '0.0.5'}",
        "activationId": "8ea31b7cf75f4d42a31b7cf75fdd425a",
        "client_info": {
            "elapsed_time": 33.60727000236511,
            "blocking": true
        }
    },
    "eb8d44c565554c0d8d44c565555c0df5": {
        "message": "Hello World Openwhisk",
        "version": 1,
        "raw": "{'activationId': 'eb8d44c565554c0d8d44c565555c0df5', 'annotations': [{'key': 'limits', 'value': {'concurrency': 1, 'logs': 10, 'memory': 128, 'timeout': 60000}}, {'key': 'path', 'value': 'guest/helloworld'}, {'key': 'kind', 'value': 'blackbox'}, {'key': 'waitTime', 'value': 30830}], 'duration': 20040, 'end': 1651510881949, 'logs': [], 'name': 'helloworld', 'namespace': 'guest', 'publish': False, 'response': {'result': {'message': 'Hello World Openwhisk', 'version': 1}, 'status': 'success', 'success': True}, 'start': 1651510861909, 'subject': 'guest', 'version': '0.0.5'}",
        "activationId": "eb8d44c565554c0d8d44c565555c0df5",
        "client_info": {
            "elapsed_time": 53.21909189224243,
            "blocking": true
        }
    },
    "b36cf649046b4adbacf649046bdadb9c": {
        "message": "Hello World Openwhisk",
        "version": 1,
        "raw": "{'activationId': 'b36cf649046b4adbacf649046bdadb9c', 'annotations': [{'key': 'path', 'value': 'guest/helloworld'}, {'key': 'waitTime', 'value': 12536}, {'key': 'kind', 'value': 'blackbox'}, {'key': 'limits', 'value': {'concurrency': 1, 'logs': 10, 'memory': 128, 'timeout': 60000}}, {'key': 'initTime', 'value': 305}], 'duration': 20360, 'end': 1651510861891, 'logs': [], 'name': 'helloworld', 'namespace': 'guest', 'publish': False, 'response': {'result': {'message': 'Hello World Openwhisk', 'version': 1}, 'status': 'success', 'success': True}, 'start': 1651510841531, 'subject': 'guest', 'version': '0.0.5'}",
        "activationId": "b36cf649046b4adbacf649046bdadb9c",
        "client_info": {
            "elapsed_time": 33.145527839660645,
            "blocking": true
        }
    },
    "6c1c6ddc27da4de39c6ddc27daede3f1": {
        "message": "Hello World Openwhisk",
        "version": 1,
        "raw": "{'activationId': '6c1c6ddc27da4de39c6ddc27daede3f1', 'annotations': [{'key': 'limits', 'value': {'concurrency': 1, 'logs': 10, 'memory': 128, 'timeout': 60000}}, {'key': 'path', 'value': 'guest/helloworld'}, {'key': 'kind', 'value': 'blackbox'}, {'key': 'waitTime', 'value': 31802}], 'duration': 20041, 'end': 1651510881788, 'logs': [], 'name': 'helloworld', 'namespace': 'guest', 'publish': False, 'response': {'result': {'message': 'Hello World Openwhisk', 'version': 1}, 'status': 'success', 'success': True}, 'start': 1651510861747, 'subject': 'guest', 'version': '0.0.5'}",
        "activationId": "6c1c6ddc27da4de39c6ddc27daede3f1",
        "client_info": {
            "elapsed_time": 53.070459842681885,
            "blocking": true
        }
    },
    "8a705aa1ef584ae7b05aa1ef580ae7a1": {
        "message": "Hello World Openwhisk",
        "version": 1,
        "raw": "{'activationId': '8a705aa1ef584ae7b05aa1ef580ae7a1', 'annotations': [{'key': 'limits', 'value': {'concurrency': 1, 'logs': 10, 'memory': 128, 'timeout': 60000}}, {'key': 'path', 'value': 'guest/helloworld'}, {'key': 'kind', 'value': 'blackbox'}, {'key': 'waitTime', 'value': 31878}], 'duration': 20013, 'end': 1651510881350, 'logs': [], 'name': 'helloworld', 'namespace': 'guest', 'publish': False, 'response': {'result': {'message': 'Hello World Openwhisk', 'version': 1}, 'status': 'success', 'success': True}, 'start': 1651510861337, 'subject': 'guest', 'version': '0.0.5'}",
        "activationId": "8a705aa1ef584ae7b05aa1ef580ae7a1",
        "client_info": {
            "elapsed_time": 52.61040210723877,
            "blocking": true
        }
    },
    "d5a54397ee0f4399a54397ee0ff39946": {
        "message": "Hello World Openwhisk",
        "version": 1,
        "raw": "{'activationId': 'd5a54397ee0f4399a54397ee0ff39946', 'annotations': [{'key': 'path', 'value': 'guest/helloworld'}, {'key': 'waitTime', 'value': 11522}, {'key': 'kind', 'value': 'blackbox'}, {'key': 'limits', 'value': {'concurrency': 1, 'logs': 10, 'memory': 128, 'timeout': 60000}}, {'key': 'initTime', 'value': 723}], 'duration': 20755, 'end': 1651510861311, 'logs': [], 'name': 'helloworld', 'namespace': 'guest', 'publish': False, 'response': {'result': {'message': 'Hello World Openwhisk', 'version': 1}, 'status': 'success', 'success': True}, 'start': 1651510840556, 'subject': 'guest', 'version': '0.0.5'}",
        "activationId": "d5a54397ee0f4399a54397ee0ff39946",
        "client_info": {
            "elapsed_time": 32.557785987854004,
            "blocking": true
        }
    },
    "client_info": {
        "start_time": "1651510828.6564028",
        "end_time": "1651510882.841057",
        "total_elapsed_time": "54.184654235839844"
    }
}