{
    "a9a6931c-caa1-11ec-917e-e45f01827912": {
        "activationId": "a9a6931c-caa1-11ec-917e-e45f01827912",
        "message": "Hello World from Nanos",
        "version": "1",
        "client_info": {
            "elapsed_time": 24.77401900291443,
            "blocking": true
        }
    },
    "a9a9852c-caa1-11ec-be2e-e45f01827912": {
        "activationId": "a9a9852c-caa1-11ec-be2e-e45f01827912",
        "message": "Hello World from Nanos",
        "version": "1",
        "client_info": {
            "elapsed_time": 24.893141984939575,
            "blocking": true
        }
    },
    "a9b767dc-caa1-11ec-875c-e45f01827912": {
        "activationId": "a9b767dc-caa1-11ec-875c-e45f01827912",
        "message": "Hello World from Nanos",
        "version": "1",
        "client_info": {
            "elapsed_time": 24.892868041992188,
            "blocking": true
        }
    },
    "a9a29406-caa1-11ec-b5b3-e45f01827912": {
        "activationId": "a9a29406-caa1-11ec-b5b3-e45f01827912",
        "message": "Hello World from Nanos",
        "version": "1",
        "client_info": {
            "elapsed_time": 23.707435846328735,
            "blocking": true
        }
    },
    "a9adec8e-caa1-11ec-9d59-e45f01827912": {
        "activationId": "a9adec8e-caa1-11ec-9d59-e45f01827912",
        "message": "Hello World from Nanos",
        "version": "1",
        "client_info": {
            "elapsed_time": 25.081784963607788,
            "blocking": true
        }
    },
    "a9a33762-caa1-11ec-a38f-e45f01827912": {
        "activationId": "a9a33762-caa1-11ec-a38f-e45f01827912",
        "message": "Hello World from Nanos",
        "version": "1",
        "client_info": {
            "elapsed_time": 24.21211004257202,
            "blocking": true
        }
    },
    "a9ab1f68-caa1-11ec-9c5a-e45f01827912": {
        "activationId": "a9ab1f68-caa1-11ec-9c5a-e45f01827912",
        "message": "Hello World from Nanos",
        "version": "1",
        "client_info": {
            "elapsed_time": 24.892252922058105,
            "blocking": true
        }
    },
    "a9b5eac4-caa1-11ec-b86b-e45f01827912": {
        "activationId": "a9b5eac4-caa1-11ec-b86b-e45f01827912",
        "message": "Hello World from Nanos",
        "version": "1",
        "client_info": {
            "elapsed_time": 24.569900035858154,
            "blocking": true
        }
    },
    "a9aa7522-caa1-11ec-9ef0-e45f01827912": {
        "activationId": "a9aa7522-caa1-11ec-9ef0-e45f01827912",
        "message": "Hello World from Nanos",
        "version": "1",
        "client_info": {
            "elapsed_time": 24.8925199508667,
            "blocking": true
        }
    },
    "a9c1edba-caa1-11ec-9dd1-e45f01827912": {
        "activationId": "a9c1edba-caa1-11ec-9dd1-e45f01827912",
        "message": "Hello World from Nanos",
        "version": "1",
        "client_info": {
            "elapsed_time": 24.160170316696167,
            "blocking": true
        }
    },
    "a9b85566-caa1-11ec-bbaa-e45f01827912": {
        "activationId": "a9b85566-caa1-11ec-bbaa-e45f01827912",
        "message": "Hello World from Nanos",
        "version": "1",
        "client_info": {
            "elapsed_time": 24.772745847702026,
            "blocking": true
        }
    },
    "a9bb928a-caa1-11ec-a23a-e45f01827912": {
        "activationId": "a9bb928a-caa1-11ec-a23a-e45f01827912",
        "message": "Hello World from Nanos",
        "version": "1",
        "client_info": {
            "elapsed_time": 23.70640206336975,
            "blocking": true
        }
    },
    "client_info": {
        "start_time": "1651555622.192534",
        "end_time": "1651555647.275388",
        "total_elapsed_time": "25.08285403251648"
    }
}