{
    "1": {
        "message": "Hello World Openwhisk",
        "version": 1,
        "raw": "{'activationId': 'fbef7884502a47c3af7884502a87c3b7', 'annotations': [{'key': 'path', 'value': 'guest/helloworld'}, {'key': 'waitTime', 'value': 16499}, {'key': 'kind', 'value': 'blackbox'}, {'key': 'limits', 'value': {'concurrency': 1, 'logs': 10, 'memory': 128, 'timeout': 60000}}, {'key': 'initTime', 'value': 289}], 'duration': 20320, 'end': 1652087693600, 'logs': [], 'name': 'helloworld', 'namespace': 'guest', 'publish': False, 'response': {'result': {'message': 'Hello World Openwhisk', 'version': 1}, 'status': 'success', 'success': True}, 'start': 1652087673280, 'subject': 'guest', 'version': '0.0.17'}",
        "activationId": "fbef7884502a47c3af7884502a87c3b7",
        "client_info": {
            "elapsed_time": 37.11813497543335,
            "blocking": true
        }
    },
    "2": {
        "message": "Hello World Openwhisk",
        "version": 1,
        "raw": "{'activationId': '2dd3e7721c974e5493e7721c976e54bf', 'annotations': [{'key': 'path', 'value': 'guest/helloworld'}, {'key': 'waitTime', 'value': 16629}, {'key': 'kind', 'value': 'blackbox'}, {'key': 'limits', 'value': {'concurrency': 1, 'logs': 10, 'memory': 128, 'timeout': 60000}}, {'key': 'initTime', 'value': 246}], 'duration': 20276, 'end': 1652087693686, 'logs': [], 'name': 'helloworld', 'namespace': 'guest', 'publish': False, 'response': {'result': {'message': 'Hello World Openwhisk', 'version': 1}, 'status': 'success', 'success': True}, 'start': 1652087673410, 'subject': 'guest', 'version': '0.0.17'}",
        "activationId": "2dd3e7721c974e5493e7721c976e54bf",
        "client_info": {
            "elapsed_time": 37.168272972106934,
            "blocking": true
        }
    },
    "3": {
        "message": "Hello World Openwhisk",
        "version": 1,
        "raw": "{'activationId': 'adbf78ba586a4ee8bf78ba586a7ee811', 'annotations': [{'key': 'path', 'value': 'guest/helloworld'}, {'key': 'waitTime', 'value': 16682}, {'key': 'kind', 'value': 'blackbox'}, {'key': 'limits', 'value': {'concurrency': 1, 'logs': 10, 'memory': 128, 'timeout': 60000}}, {'key': 'initTime', 'value': 203}], 'duration': 20231, 'end': 1652087693740, 'logs': [], 'name': 'helloworld', 'namespace': 'guest', 'publish': False, 'response': {'result': {'message': 'Hello World Openwhisk', 'version': 1}, 'status': 'success', 'success': True}, 'start': 1652087673509, 'subject': 'guest', 'version': '0.0.17'}",
        "activationId": "adbf78ba586a4ee8bf78ba586a7ee811",
        "client_info": {
            "elapsed_time": 37.20165991783142,
            "blocking": true
        }
    },
    "client_info": {
        "start_time": "1652087656.4001741",
        "end_time": "1652087693.6023822",
        "total_elapsed_time": "37.202208042144775"
    }
}